[ 2014-12-04T12:03:30+08:00 ] 127.0.0.1 /My_Child/index.php/Login/login.html
INFO: [ route_check ] --START--
INFO: CheckRoute Behavior ::run [ RunTime:0.004361s ]
INFO: [ route_check ] --END-- [ RunTime:0.004588s ]
INFO: [ app_begin ] --START--
INFO: ReadHtmlCache Behavior ::run [ RunTime:0.003036s ]
INFO: [ app_begin ] --END-- [ RunTime:0.003241s ]
INFO: [ view_parse ] --START--
INFO: ParseTemplate Behavior ::run [ RunTime:0.042831s ]
INFO: [ view_parse ] --END-- [ RunTime:0.043053s ]
INFO: [ view_filter ] --START--
INFO: ContentReplace Behavior ::run [ RunTime:0.002760s ]
INFO: TokenBuild Behavior ::run [ RunTime:0.003814s ]
INFO: WriteHtmlCache Behavior ::run [ RunTime:0.002247s ]
INFO: ShowRuntime Behavior ::run [ RunTime:0.002601s ]
INFO: [ view_filter ] --END-- [ RunTime:0.011943s ]
INFO: [ view_end ] --START--
INFO: ShowPageTrace Behavior ::run [ RunTime:0.002956s ]
INFO: [ view_end ] --END-- [ RunTime:0.003136s ]

[ 2014-12-04T12:03:30+08:00 ] 127.0.0.1 /My_Child/index.php/Public/code
INFO: [ route_check ] --START--
INFO: CheckRoute Behavior ::run [ RunTime:0.003401s ]
INFO: [ route_check ] --END-- [ RunTime:0.003619s ]
INFO: [ app_begin ] --START--
INFO: ReadHtmlCache Behavior ::run [ RunTime:0.002861s ]
INFO: [ app_begin ] --END-- [ RunTime:0.003048s ]
NOTIC: [8] Use of undefined constant code - assumed 'code' E:\AppServ\www\My_Child\Home\Lib\Action\PublicAction.class.php 第 5 行.

[ 2014-12-04T12:03:30+08:00 ] 127.0.0.1 /My_Child/index.php/Login/login.html
INFO: [ route_check ] --START--
INFO: CheckRoute Behavior ::run [ RunTime:0.002911s ]
INFO: [ route_check ] --END-- [ RunTime:0.003118s ]
INFO: [ app_begin ] --START--
INFO: ReadHtmlCache Behavior ::run [ RunTime:0.002269s ]
INFO: [ app_begin ] --END-- [ RunTime:0.002462s ]
INFO: [ view_parse ] --START--
INFO: ParseTemplate Behavior ::run [ RunTime:0.032455s ]
INFO: [ view_parse ] --END-- [ RunTime:0.032673s ]
INFO: [ view_filter ] --START--
INFO: ContentReplace Behavior ::run [ RunTime:0.001877s ]
INFO: TokenBuild Behavior ::run [ RunTime:0.001872s ]
INFO: WriteHtmlCache Behavior ::run [ RunTime:0.001638s ]
INFO: ShowRuntime Behavior ::run [ RunTime:0.002012s ]
INFO: [ view_filter ] --END-- [ RunTime:0.007838s ]
INFO: [ view_end ] --START--
INFO: ShowPageTrace Behavior ::run [ RunTime:0.002356s ]
INFO: [ view_end ] --END-- [ RunTime:0.002504s ]

[ 2014-12-04T12:03:37+08:00 ] 127.0.0.1 /My_Child/index.php/Login/doLogin
INFO: [ route_check ] --START--
INFO: CheckRoute Behavior ::run [ RunTime:0.002290s ]
INFO: [ route_check ] --END-- [ RunTime:0.002514s ]
INFO: [ app_begin ] --START--
INFO: ReadHtmlCache Behavior ::run [ RunTime:0.001224s ]
INFO: [ app_begin ] --END-- [ RunTime:0.001397s ]
SQL: SHOW COLUMNS FROM `tp_manager` [ RunTime:0.013239s ]
SQL: SELECT `adminid` FROM `tp_manager` WHERE ( `adminname` = '123' ) LIMIT 1   [ RunTime:0.003655s ]
NOTIC: [8] A session had already been started - ignoring session_start() E:\AppServ\www\My_Child\Home\Lib\Action\LoginAction.class.php 第 22 行.
NOTIC: [8] Undefined index:  id E:\AppServ\www\My_Child\Home\Lib\Action\LoginAction.class.php 第 24 行.
INFO: [ view_parse ] --START--
INFO: ParseTemplate Behavior ::run [ RunTime:0.018753s ]
INFO: [ view_parse ] --END-- [ RunTime:0.018969s ]
INFO: [ view_filter ] --START--
INFO: ContentReplace Behavior ::run [ RunTime:0.000813s ]
INFO: TokenBuild Behavior ::run [ RunTime:0.000796s ]
INFO: WriteHtmlCache Behavior ::run [ RunTime:0.000533s ]
INFO: ShowRuntime Behavior ::run [ RunTime:0.000940s ]
INFO: [ view_filter ] --END-- [ RunTime:0.003498s ]
INFO: [ view_end ] --START--
INFO: ShowPageTrace Behavior ::run [ RunTime:0.001245s ]
INFO: [ view_end ] --END-- [ RunTime:0.001392s ]

[ 2014-12-04T12:03:38+08:00 ] 127.0.0.1 /My_Child/index.php/Index/index.html
INFO: [ route_check ] --START--
INFO: CheckRoute Behavior ::run [ RunTime:0.001971s ]
INFO: [ route_check ] --END-- [ RunTime:0.002191s ]
INFO: [ app_begin ] --START--
INFO: ReadHtmlCache Behavior ::run [ RunTime:0.001230s ]
INFO: [ app_begin ] --END-- [ RunTime:0.001398s ]
INFO: [ view_parse ] --START--
NOTIC: [8] Undefined index:  type_link E:\AppServ\www\My_Child\Home\Runtime\Cache\7e4848229090366086cc7eeb3bfc0798.php 第 37 行.
INFO: ParseTemplate Behavior ::run [ RunTime:0.043269s ]
INFO: [ view_parse ] --END-- [ RunTime:0.043487s ]
INFO: [ view_filter ] --START--
INFO: ContentReplace Behavior ::run [ RunTime:0.000874s ]
INFO: TokenBuild Behavior ::run [ RunTime:0.000826s ]
INFO: WriteHtmlCache Behavior ::run [ RunTime:0.000545s ]
INFO: ShowRuntime Behavior ::run [ RunTime:0.001112s ]
INFO: [ view_filter ] --END-- [ RunTime:0.003797s ]
INFO: [ view_end ] --START--
INFO: ShowPageTrace Behavior ::run [ RunTime:0.001296s ]
INFO: [ view_end ] --END-- [ RunTime:0.001452s ]

[ 2014-12-04T12:03:44+08:00 ] 127.0.0.1 /My_Child/index.php/Question/look
INFO: [ route_check ] --START--
INFO: CheckRoute Behavior ::run [ RunTime:0.001919s ]
INFO: [ route_check ] --END-- [ RunTime:0.002292s ]
INFO: [ app_begin ] --START--
INFO: ReadHtmlCache Behavior ::run [ RunTime:0.001179s ]
INFO: [ app_begin ] --END-- [ RunTime:0.001339s ]
SQL: SHOW COLUMNS FROM `tp_liangbiao` [ RunTime:0.011074s ]
SQL: SELECT * FROM `tp_liangbiao` WHERE ( LB_LeiBie=0 )  [ RunTime:0.002615s ]
SQL: SELECT * FROM `tp_liangbiao` WHERE ( LB_LeiBie=1 )  [ RunTime:0.000691s ]
SQL: SELECT * FROM `tp_liangbiao` WHERE ( LB_LeiBie=2 )  [ RunTime:0.000619s ]
INFO: [ view_parse ] --START--
INFO: ParseTemplate Behavior ::run [ RunTime:0.028093s ]
INFO: [ view_parse ] --END-- [ RunTime:0.028305s ]
INFO: [ view_filter ] --START--
INFO: ContentReplace Behavior ::run [ RunTime:0.000849s ]
INFO: TokenBuild Behavior ::run [ RunTime:0.000784s ]
INFO: WriteHtmlCache Behavior ::run [ RunTime:0.000537s ]
INFO: ShowRuntime Behavior ::run [ RunTime:0.000962s ]
INFO: [ view_filter ] --END-- [ RunTime:0.003555s ]
INFO: [ view_end ] --START--
INFO: ShowPageTrace Behavior ::run [ RunTime:0.001332s ]
INFO: [ view_end ] --END-- [ RunTime:0.001496s ]

[ 2014-12-04T12:03:46+08:00 ] 127.0.0.1 /My_Child/index.php/Question/test
INFO: [ route_check ] --START--
INFO: CheckRoute Behavior ::run [ RunTime:0.001976s ]
INFO: [ route_check ] --END-- [ RunTime:0.002201s ]
INFO: [ app_begin ] --START--
INFO: ReadHtmlCache Behavior ::run [ RunTime:0.001187s ]
INFO: [ app_begin ] --END-- [ RunTime:0.001373s ]
SQL: SHOW COLUMNS FROM `tp_liangbiao` [ RunTime:0.004645s ]
SQL: SELECT * FROM `tp_liangbiao` WHERE ( LB_LeiBie=0 )  [ RunTime:0.003138s ]
SQL: SELECT * FROM `tp_liangbiao` WHERE ( LB_LeiBie=1 )  [ RunTime:0.001056s ]
SQL: SELECT * FROM `tp_liangbiao` WHERE ( LB_LeiBie=2 )  [ RunTime:0.000612s ]
INFO: [ view_parse ] --START--
INFO: ParseTemplate Behavior ::run [ RunTime:0.031375s ]
INFO: [ view_parse ] --END-- [ RunTime:0.031613s ]
INFO: [ view_filter ] --START--
INFO: ContentReplace Behavior ::run [ RunTime:0.000850s ]
INFO: TokenBuild Behavior ::run [ RunTime:0.000799s ]
INFO: WriteHtmlCache Behavior ::run [ RunTime:0.000623s ]
INFO: ShowRuntime Behavior ::run [ RunTime:0.001010s ]
INFO: [ view_filter ] --END-- [ RunTime:0.004028s ]
INFO: [ view_end ] --START--
INFO: ShowPageTrace Behavior ::run [ RunTime:0.001504s ]
INFO: [ view_end ] --END-- [ RunTime:0.001676s ]

[ 2014-12-04T12:03:48+08:00 ] 127.0.0.1 /My_Child/index.php/Index?type_link=2
INFO: [ route_check ] --START--
INFO: CheckRoute Behavior ::run [ RunTime:0.003120s ]
INFO: [ route_check ] --END-- [ RunTime:0.003332s ]
INFO: [ app_begin ] --START--
INFO: ReadHtmlCache Behavior ::run [ RunTime:0.001236s ]
INFO: [ app_begin ] --END-- [ RunTime:0.001426s ]
INFO: [ view_parse ] --START--
INFO: ParseTemplate Behavior ::run [ RunTime:0.033980s ]
INFO: [ view_parse ] --END-- [ RunTime:0.034201s ]
INFO: [ view_filter ] --START--
INFO: ContentReplace Behavior ::run [ RunTime:0.001117s ]
INFO: TokenBuild Behavior ::run [ RunTime:0.000857s ]
INFO: WriteHtmlCache Behavior ::run [ RunTime:0.000537s ]
INFO: ShowRuntime Behavior ::run [ RunTime:0.001599s ]
INFO: [ view_filter ] --END-- [ RunTime:0.004560s ]
INFO: [ view_end ] --START--
INFO: ShowPageTrace Behavior ::run [ RunTime:0.002253s ]
INFO: [ view_end ] --END-- [ RunTime:0.002435s ]

[ 2014-12-04T12:03:50+08:00 ] 127.0.0.1 /My_Child/index.php/User/look
INFO: [ route_check ] --START--
INFO: CheckRoute Behavior ::run [ RunTime:0.002561s ]
INFO: [ route_check ] --END-- [ RunTime:0.002796s ]
INFO: [ app_begin ] --START--
INFO: ReadHtmlCache Behavior ::run [ RunTime:0.001230s ]
INFO: [ app_begin ] --END-- [ RunTime:0.001412s ]
SQL: SHOW COLUMNS FROM `tp_user` [ RunTime:0.011085s ]
SQL: SELECT COUNT(*) AS tp_count FROM `tp_user` LIMIT 1   [ RunTime:0.001218s ]
SQL: SELECT * FROM `tp_user` LIMIT 0,2   [ RunTime:0.001233s ]
INFO: [ view_parse ] --START--
INFO: ParseTemplate Behavior ::run [ RunTime:0.025614s ]
INFO: [ view_parse ] --END-- [ RunTime:0.025830s ]
INFO: [ view_filter ] --START--
INFO: ContentReplace Behavior ::run [ RunTime:0.000794s ]
INFO: TokenBuild Behavior ::run [ RunTime:0.000810s ]
INFO: WriteHtmlCache Behavior ::run [ RunTime:0.000530s ]
INFO: ShowRuntime Behavior ::run [ RunTime:0.000935s ]
INFO: [ view_filter ] --END-- [ RunTime:0.003490s ]
INFO: [ view_end ] --START--
INFO: ShowPageTrace Behavior ::run [ RunTime:0.001244s ]
INFO: [ view_end ] --END-- [ RunTime:0.001392s ]

[ 2014-12-04T12:03:53+08:00 ] 127.0.0.1 /My_Child/index.php/Question/look
INFO: [ route_check ] --START--
INFO: CheckRoute Behavior ::run [ RunTime:0.001897s ]
INFO: [ route_check ] --END-- [ RunTime:0.002241s ]
INFO: [ app_begin ] --START--
INFO: ReadHtmlCache Behavior ::run [ RunTime:0.001165s ]
INFO: [ app_begin ] --END-- [ RunTime:0.001330s ]
SQL: SHOW COLUMNS FROM `tp_liangbiao` [ RunTime:0.008290s ]
SQL: SELECT * FROM `tp_liangbiao` WHERE ( LB_LeiBie=0 )  [ RunTime:0.001231s ]
SQL: SELECT * FROM `tp_liangbiao` WHERE ( LB_LeiBie=1 )  [ RunTime:0.001606s ]
SQL: SELECT * FROM `tp_liangbiao` WHERE ( LB_LeiBie=2 )  [ RunTime:0.000956s ]
INFO: [ view_parse ] --START--
INFO: ParseTemplate Behavior ::run [ RunTime:0.025391s ]
INFO: [ view_parse ] --END-- [ RunTime:0.025589s ]
INFO: [ view_filter ] --START--
INFO: ContentReplace Behavior ::run [ RunTime:0.000731s ]
INFO: TokenBuild Behavior ::run [ RunTime:0.000725s ]
INFO: WriteHtmlCache Behavior ::run [ RunTime:0.000625s ]
INFO: ShowRuntime Behavior ::run [ RunTime:0.000922s ]
INFO: [ view_filter ] --END-- [ RunTime:0.003433s ]
INFO: [ view_end ] --START--
INFO: ShowPageTrace Behavior ::run [ RunTime:0.001232s ]
INFO: [ view_end ] --END-- [ RunTime:0.001374s ]

[ 2014-12-04T12:03:55+08:00 ] 127.0.0.1 /My_Child/index.php/Question/test
INFO: [ route_check ] --START--
INFO: CheckRoute Behavior ::run [ RunTime:0.002453s ]
INFO: [ route_check ] --END-- [ RunTime:0.002677s ]
INFO: [ app_begin ] --START--
INFO: ReadHtmlCache Behavior ::run [ RunTime:0.001209s ]
INFO: [ app_begin ] --END-- [ RunTime:0.001372s ]
SQL: SHOW COLUMNS FROM `tp_liangbiao` [ RunTime:0.004945s ]
SQL: SELECT * FROM `tp_liangbiao` WHERE ( LB_LeiBie=0 )  [ RunTime:0.003139s ]
SQL: SELECT * FROM `tp_liangbiao` WHERE ( LB_LeiBie=1 )  [ RunTime:0.001720s ]
SQL: SELECT * FROM `tp_liangbiao` WHERE ( LB_LeiBie=2 )  [ RunTime:0.000525s ]
INFO: [ view_parse ] --START--
INFO: ParseTemplate Behavior ::run [ RunTime:0.030995s ]
INFO: [ view_parse ] --END-- [ RunTime:0.031230s ]
INFO: [ view_filter ] --START--
INFO: ContentReplace Behavior ::run [ RunTime:0.000800s ]
INFO: TokenBuild Behavior ::run [ RunTime:0.000780s ]
INFO: WriteHtmlCache Behavior ::run [ RunTime:0.000542s ]
INFO: ShowRuntime Behavior ::run [ RunTime:0.001046s ]
INFO: [ view_filter ] --END-- [ RunTime:0.003626s ]
INFO: [ view_end ] --START--
INFO: ShowPageTrace Behavior ::run [ RunTime:0.001332s ]
INFO: [ view_end ] --END-- [ RunTime:0.001492s ]

[ 2014-12-04T12:03:56+08:00 ] 127.0.0.1 /My_Child/index.php/Index?type_link=2
INFO: [ route_check ] --START--
INFO: CheckRoute Behavior ::run [ RunTime:0.002644s ]
INFO: [ route_check ] --END-- [ RunTime:0.002855s ]
INFO: [ app_begin ] --START--
INFO: ReadHtmlCache Behavior ::run [ RunTime:0.001144s ]
INFO: [ app_begin ] --END-- [ RunTime:0.001302s ]
INFO: [ view_parse ] --START--
INFO: ParseTemplate Behavior ::run [ RunTime:0.025004s ]
INFO: [ view_parse ] --END-- [ RunTime:0.025207s ]
INFO: [ view_filter ] --START--
INFO: ContentReplace Behavior ::run [ RunTime:0.000798s ]
INFO: TokenBuild Behavior ::run [ RunTime:0.000816s ]
INFO: WriteHtmlCache Behavior ::run [ RunTime:0.000719s ]
INFO: ShowRuntime Behavior ::run [ RunTime:0.001254s ]
INFO: [ view_filter ] --END-- [ RunTime:0.004003s ]
INFO: [ view_end ] --START--
INFO: ShowPageTrace Behavior ::run [ RunTime:0.001417s ]
INFO: [ view_end ] --END-- [ RunTime:0.001571s ]

[ 2014-12-04T12:04:31+08:00 ] 127.0.0.1 /My_Child/index.php/Index?type_link=2
INFO: [ route_check ] --START--
INFO: CheckRoute Behavior ::run [ RunTime:0.001804s ]
INFO: [ route_check ] --END-- [ RunTime:0.002005s ]
INFO: [ app_begin ] --START--
INFO: ReadHtmlCache Behavior ::run [ RunTime:0.001180s ]
INFO: [ app_begin ] --END-- [ RunTime:0.001389s ]
INFO: [ view_parse ] --START--
INFO: ParseTemplate Behavior ::run [ RunTime:0.025279s ]
INFO: [ view_parse ] --END-- [ RunTime:0.025481s ]
INFO: [ view_filter ] --START--
INFO: ContentReplace Behavior ::run [ RunTime:0.000756s ]
INFO: TokenBuild Behavior ::run [ RunTime:0.000780s ]
INFO: WriteHtmlCache Behavior ::run [ RunTime:0.000797s ]
INFO: ShowRuntime Behavior ::run [ RunTime:0.002722s ]
INFO: [ view_filter ] --END-- [ RunTime:0.005537s ]
INFO: [ view_end ] --START--
INFO: ShowPageTrace Behavior ::run [ RunTime:0.001295s ]
INFO: [ view_end ] --END-- [ RunTime:0.001465s ]

[ 2014-12-04T12:05:18+08:00 ] 127.0.0.1 /My_Child/index.php/Index?type_link=2
INFO: [ route_check ] --START--
INFO: CheckRoute Behavior ::run [ RunTime:0.005079s ]
INFO: [ route_check ] --END-- [ RunTime:0.005300s ]
INFO: [ app_begin ] --START--
INFO: ReadHtmlCache Behavior ::run [ RunTime:0.002298s ]
INFO: [ app_begin ] --END-- [ RunTime:0.002484s ]
INFO: [ view_parse ] --START--
INFO: ParseTemplate Behavior ::run [ RunTime:0.048816s ]
INFO: [ view_parse ] --END-- [ RunTime:0.049024s ]
INFO: [ view_filter ] --START--
INFO: ContentReplace Behavior ::run [ RunTime:0.001896s ]
INFO: TokenBuild Behavior ::run [ RunTime:0.001887s ]
INFO: WriteHtmlCache Behavior ::run [ RunTime:0.001636s ]
INFO: ShowRuntime Behavior ::run [ RunTime:0.002291s ]
INFO: [ view_filter ] --END-- [ RunTime:0.008128s ]
INFO: [ view_end ] --START--
INFO: ShowPageTrace Behavior ::run [ RunTime:0.002354s ]
INFO: [ view_end ] --END-- [ RunTime:0.002502s ]

[ 2014-12-04T12:05:22+08:00 ] 127.0.0.1 /My_Child/index.php/Question/look
INFO: [ route_check ] --START--
INFO: CheckRoute Behavior ::run [ RunTime:0.002406s ]
INFO: [ route_check ] --END-- [ RunTime:0.002627s ]
INFO: [ app_begin ] --START--
INFO: ReadHtmlCache Behavior ::run [ RunTime:0.001279s ]
INFO: [ app_begin ] --END-- [ RunTime:0.001461s ]
SQL: SHOW COLUMNS FROM `tp_liangbiao` [ RunTime:0.005116s ]
SQL: SELECT * FROM `tp_liangbiao` WHERE ( LB_LeiBie=0 )  [ RunTime:0.000794s ]
SQL: SELECT * FROM `tp_liangbiao` WHERE ( LB_LeiBie=1 )  [ RunTime:0.000682s ]
SQL: SELECT * FROM `tp_liangbiao` WHERE ( LB_LeiBie=2 )  [ RunTime:0.001018s ]
INFO: [ view_parse ] --START--
INFO: ParseTemplate Behavior ::run [ RunTime:0.026963s ]
INFO: [ view_parse ] --END-- [ RunTime:0.027225s ]
INFO: [ view_filter ] --START--
INFO: ContentReplace Behavior ::run [ RunTime:0.000785s ]
INFO: TokenBuild Behavior ::run [ RunTime:0.000764s ]
INFO: WriteHtmlCache Behavior ::run [ RunTime:0.000531s ]
INFO: ShowRuntime Behavior ::run [ RunTime:0.000922s ]
INFO: [ view_filter ] --END-- [ RunTime:0.003411s ]
INFO: [ view_end ] --START--
INFO: ShowPageTrace Behavior ::run [ RunTime:0.001278s ]
INFO: [ view_end ] --END-- [ RunTime:0.001426s ]

[ 2014-12-04T12:05:23+08:00 ] 127.0.0.1 /My_Child/index.php/Question/test
INFO: [ route_check ] --START--
INFO: CheckRoute Behavior ::run [ RunTime:0.003236s ]
INFO: [ route_check ] --END-- [ RunTime:0.003448s ]
INFO: [ app_begin ] --START--
INFO: ReadHtmlCache Behavior ::run [ RunTime:0.001137s ]
INFO: [ app_begin ] --END-- [ RunTime:0.001301s ]
SQL: SHOW COLUMNS FROM `tp_liangbiao` [ RunTime:0.004726s ]
SQL: SELECT * FROM `tp_liangbiao` WHERE ( LB_LeiBie=0 )  [ RunTime:0.002923s ]
SQL: SELECT * FROM `tp_liangbiao` WHERE ( LB_LeiBie=1 )  [ RunTime:0.000541s ]
SQL: SELECT * FROM `tp_liangbiao` WHERE ( LB_LeiBie=2 )  [ RunTime:0.000446s ]
INFO: [ view_parse ] --START--
INFO: ParseTemplate Behavior ::run [ RunTime:0.030897s ]
INFO: [ view_parse ] --END-- [ RunTime:0.031113s ]
INFO: [ view_filter ] --START--
INFO: ContentReplace Behavior ::run [ RunTime:0.000800s ]
INFO: TokenBuild Behavior ::run [ RunTime:0.000771s ]
INFO: WriteHtmlCache Behavior ::run [ RunTime:0.000524s ]
INFO: ShowRuntime Behavior ::run [ RunTime:0.000920s ]
INFO: [ view_filter ] --END-- [ RunTime:0.003428s ]
INFO: [ view_end ] --START--
INFO: ShowPageTrace Behavior ::run [ RunTime:0.001244s ]
INFO: [ view_end ] --END-- [ RunTime:0.001393s ]

[ 2014-12-04T12:05:24+08:00 ] 127.0.0.1 /My_Child/index.php/Index?type_link=2
INFO: [ route_check ] --START--
INFO: CheckRoute Behavior ::run [ RunTime:0.001881s ]
INFO: [ route_check ] --END-- [ RunTime:0.002122s ]
INFO: [ app_begin ] --START--
INFO: ReadHtmlCache Behavior ::run [ RunTime:0.001253s ]
INFO: [ app_begin ] --END-- [ RunTime:0.001420s ]
INFO: [ view_parse ] --START--
INFO: ParseTemplate Behavior ::run [ RunTime:0.025827s ]
INFO: [ view_parse ] --END-- [ RunTime:0.026045s ]
INFO: [ view_filter ] --START--
INFO: ContentReplace Behavior ::run [ RunTime:0.000795s ]
INFO: TokenBuild Behavior ::run [ RunTime:0.000862s ]
INFO: WriteHtmlCache Behavior ::run [ RunTime:0.000603s ]
INFO: ShowRuntime Behavior ::run [ RunTime:0.000944s ]
INFO: [ view_filter ] --END-- [ RunTime:0.003670s ]
INFO: [ view_end ] --START--
INFO: ShowPageTrace Behavior ::run [ RunTime:0.001294s ]
INFO: [ view_end ] --END-- [ RunTime:0.001441s ]

[ 2014-12-04T12:05:26+08:00 ] 127.0.0.1 /My_Child/index.php/User/look
INFO: [ route_check ] --START--
INFO: CheckRoute Behavior ::run [ RunTime:0.003660s ]
INFO: [ route_check ] --END-- [ RunTime:0.003988s ]
INFO: [ app_begin ] --START--
INFO: ReadHtmlCache Behavior ::run [ RunTime:0.001240s ]
INFO: [ app_begin ] --END-- [ RunTime:0.001405s ]
SQL: SHOW COLUMNS FROM `tp_user` [ RunTime:0.004875s ]
SQL: SELECT COUNT(*) AS tp_count FROM `tp_user` LIMIT 1   [ RunTime:0.000622s ]
SQL: SELECT * FROM `tp_user` LIMIT 0,2   [ RunTime:0.000579s ]
INFO: [ view_parse ] --START--
INFO: ParseTemplate Behavior ::run [ RunTime:0.023260s ]
INFO: [ view_parse ] --END-- [ RunTime:0.023479s ]
INFO: [ view_filter ] --START--
INFO: ContentReplace Behavior ::run [ RunTime:0.000800s ]
INFO: TokenBuild Behavior ::run [ RunTime:0.000770s ]
INFO: WriteHtmlCache Behavior ::run [ RunTime:0.000661s ]
INFO: ShowRuntime Behavior ::run [ RunTime:0.000960s ]
INFO: [ view_filter ] --END-- [ RunTime:0.003630s ]
INFO: [ view_end ] --START--
INFO: ShowPageTrace Behavior ::run [ RunTime:0.001595s ]
INFO: [ view_end ] --END-- [ RunTime:0.001751s ]

[ 2014-12-04T12:05:27+08:00 ] 127.0.0.1 /My_Child/index.php/User/look
INFO: [ route_check ] --START--
INFO: CheckRoute Behavior ::run [ RunTime:0.006215s ]
INFO: [ route_check ] --END-- [ RunTime:0.006449s ]
INFO: [ app_begin ] --START--
INFO: ReadHtmlCache Behavior ::run [ RunTime:0.001179s ]
INFO: [ app_begin ] --END-- [ RunTime:0.001376s ]
SQL: SHOW COLUMNS FROM `tp_user` [ RunTime:0.005453s ]
SQL: SELECT COUNT(*) AS tp_count FROM `tp_user` LIMIT 1   [ RunTime:0.000731s ]
SQL: SELECT * FROM `tp_user` LIMIT 0,2   [ RunTime:0.000630s ]
INFO: [ view_parse ] --START--
INFO: ParseTemplate Behavior ::run [ RunTime:0.022345s ]
INFO: [ view_parse ] --END-- [ RunTime:0.022552s ]
INFO: [ view_filter ] --START--
INFO: ContentReplace Behavior ::run [ RunTime:0.000763s ]
INFO: TokenBuild Behavior ::run [ RunTime:0.000757s ]
INFO: WriteHtmlCache Behavior ::run [ RunTime:0.000508s ]
INFO: ShowRuntime Behavior ::run [ RunTime:0.000918s ]
INFO: [ view_filter ] --END-- [ RunTime:0.003365s ]
INFO: [ view_end ] --START--
INFO: ShowPageTrace Behavior ::run [ RunTime:0.001230s ]
INFO: [ view_end ] --END-- [ RunTime:0.001380s ]

[ 2014-12-04T12:05:28+08:00 ] 127.0.0.1 /My_Child/index.php/User/look
INFO: [ route_check ] --START--
INFO: CheckRoute Behavior ::run [ RunTime:0.001909s ]
INFO: [ route_check ] --END-- [ RunTime:0.002128s ]
INFO: [ app_begin ] --START--
INFO: ReadHtmlCache Behavior ::run [ RunTime:0.001269s ]
INFO: [ app_begin ] --END-- [ RunTime:0.001439s ]
SQL: SHOW COLUMNS FROM `tp_user` [ RunTime:0.015203s ]
SQL: SELECT COUNT(*) AS tp_count FROM `tp_user` LIMIT 1   [ RunTime:0.000518s ]
SQL: SELECT * FROM `tp_user` LIMIT 0,2   [ RunTime:0.000894s ]
INFO: [ view_parse ] --START--
INFO: ParseTemplate Behavior ::run [ RunTime:0.022586s ]
INFO: [ view_parse ] --END-- [ RunTime:0.022906s ]
INFO: [ view_filter ] --START--
INFO: ContentReplace Behavior ::run [ RunTime:0.001537s ]
INFO: TokenBuild Behavior ::run [ RunTime:0.001229s ]
INFO: WriteHtmlCache Behavior ::run [ RunTime:0.000539s ]
INFO: ShowRuntime Behavior ::run [ RunTime:0.000934s ]
INFO: [ view_filter ] --END-- [ RunTime:0.004737s ]
INFO: [ view_end ] --START--
INFO: ShowPageTrace Behavior ::run [ RunTime:0.001317s ]
INFO: [ view_end ] --END-- [ RunTime:0.001466s ]

