[ 2014-11-17T18:39:57+08:00 ] 127.0.0.1 /My_Child/index.php/Login/login.html
INFO: [ route_check ] --START--
INFO: CheckRoute Behavior ::run [ RunTime:0.002267s ]
INFO: [ route_check ] --END-- [ RunTime:0.002383s ]
INFO: [ app_begin ] --START--
INFO: ReadHtmlCache Behavior ::run [ RunTime:0.001425s ]
INFO: [ app_begin ] --END-- [ RunTime:0.001502s ]
INFO: [ view_parse ] --START--
INFO: ParseTemplate Behavior ::run [ RunTime:0.037264s ]
INFO: [ view_parse ] --END-- [ RunTime:0.037394s ]
INFO: [ view_filter ] --START--
INFO: ContentReplace Behavior ::run [ RunTime:0.002167s ]
INFO: TokenBuild Behavior ::run [ RunTime:0.001433s ]
INFO: WriteHtmlCache Behavior ::run [ RunTime:0.001315s ]
INFO: ShowRuntime Behavior ::run [ RunTime:0.001492s ]
INFO: [ view_filter ] --END-- [ RunTime:0.006638s ]
INFO: [ view_end ] --START--
INFO: ShowPageTrace Behavior ::run [ RunTime:0.001966s ]
INFO: [ view_end ] --END-- [ RunTime:0.002052s ]

[ 2014-11-17T18:39:57+08:00 ] 127.0.0.1 /My_Child/index.php/Public/code
INFO: [ route_check ] --START--
INFO: CheckRoute Behavior ::run [ RunTime:0.002159s ]
INFO: [ route_check ] --END-- [ RunTime:0.002283s ]
INFO: [ app_begin ] --START--
INFO: ReadHtmlCache Behavior ::run [ RunTime:0.001601s ]
INFO: [ app_begin ] --END-- [ RunTime:0.001806s ]
NOTIC: [8] Use of undefined constant code - assumed 'code' E:\AppServ\www\My_Child\Home\Lib\Action\PublicAction.class.php 第 5 行.

[ 2014-11-17T18:40:09+08:00 ] 127.0.0.1 /My_Child/index.php/Login/doLogin
INFO: [ route_check ] --START--
INFO: CheckRoute Behavior ::run [ RunTime:0.001677s ]
INFO: [ route_check ] --END-- [ RunTime:0.001783s ]
INFO: [ app_begin ] --START--
INFO: ReadHtmlCache Behavior ::run [ RunTime:0.001379s ]
INFO: [ app_begin ] --END-- [ RunTime:0.001452s ]
NOTIC: [8] Undefined index:  adminpwd E:\AppServ\www\My_Child\Home\Lib\Action\LoginAction.class.php 第 9 行.
SQL: SHOW COLUMNS FROM `tp_manager` [ RunTime:0.005805s ]
SQL: SELECT `adminid` FROM `tp_manager` WHERE ( `adminname` = '唐文博' ) LIMIT 1   [ RunTime:0.001541s ]
NOTIC: [8] A session had already been started - ignoring session_start() E:\AppServ\www\My_Child\Home\Lib\Action\LoginAction.class.php 第 20 行.
NOTIC: [8] Undefined index:  id E:\AppServ\www\My_Child\Home\Lib\Action\LoginAction.class.php 第 22 行.
INFO: [ view_parse ] --START--
INFO: ParseTemplate Behavior ::run [ RunTime:0.026380s ]
INFO: [ view_parse ] --END-- [ RunTime:0.026614s ]
INFO: [ view_filter ] --START--
INFO: ContentReplace Behavior ::run [ RunTime:0.001763s ]
INFO: TokenBuild Behavior ::run [ RunTime:0.001577s ]
INFO: WriteHtmlCache Behavior ::run [ RunTime:0.001376s ]
INFO: ShowRuntime Behavior ::run [ RunTime:0.001580s ]
INFO: [ view_filter ] --END-- [ RunTime:0.006537s ]
INFO: [ view_end ] --START--
INFO: ShowPageTrace Behavior ::run [ RunTime:0.001791s ]
INFO: [ view_end ] --END-- [ RunTime:0.001901s ]

[ 2014-11-17T18:40:10+08:00 ] 127.0.0.1 /My_Child/index.php/Index/index.html
INFO: [ route_check ] --START--
INFO: CheckRoute Behavior ::run [ RunTime:0.001608s ]
INFO: [ route_check ] --END-- [ RunTime:0.001701s ]
INFO: [ app_begin ] --START--
INFO: ReadHtmlCache Behavior ::run [ RunTime:0.001407s ]
INFO: [ app_begin ] --END-- [ RunTime:0.001484s ]
INFO: [ view_parse ] --START--
NOTIC: [8] Undefined index:  type_link E:\AppServ\www\My_Child\Home\Runtime\Cache\7e4848229090366086cc7eeb3bfc0798.php 第 27 行.
INFO: ParseTemplate Behavior ::run [ RunTime:0.143774s ]
INFO: [ view_parse ] --END-- [ RunTime:0.143909s ]
INFO: [ view_filter ] --START--
INFO: ContentReplace Behavior ::run [ RunTime:0.002891s ]
INFO: TokenBuild Behavior ::run [ RunTime:0.002692s ]
INFO: WriteHtmlCache Behavior ::run [ RunTime:0.002501s ]
INFO: ShowRuntime Behavior ::run [ RunTime:0.002936s ]
INFO: [ view_filter ] --END-- [ RunTime:0.011469s ]
INFO: [ view_end ] --START--
INFO: ShowPageTrace Behavior ::run [ RunTime:0.003353s ]
INFO: [ view_end ] --END-- [ RunTime:0.003522s ]

[ 2014-11-17T18:40:12+08:00 ] 127.0.0.1 /My_Child/index.php/Question/look
INFO: [ route_check ] --START--
INFO: CheckRoute Behavior ::run [ RunTime:0.001655s ]
INFO: [ route_check ] --END-- [ RunTime:0.001753s ]
INFO: [ app_begin ] --START--
INFO: ReadHtmlCache Behavior ::run [ RunTime:0.001370s ]
INFO: [ app_begin ] --END-- [ RunTime:0.001440s ]
SQL: SHOW COLUMNS FROM `tp_liangbiao` [ RunTime:0.002157s ]
SQL: SELECT * FROM `tp_liangbiao` WHERE ( LB_LeiBie=0 )  [ RunTime:0.000562s ]
SQL: SELECT * FROM `tp_liangbiao` WHERE ( LB_LeiBie=1 )  [ RunTime:0.000234s ]
SQL: SELECT * FROM `tp_liangbiao` WHERE ( LB_LeiBie=2 )  [ RunTime:0.000190s ]
INFO: [ view_parse ] --START--
INFO: ParseTemplate Behavior ::run [ RunTime:0.154094s ]
INFO: [ view_parse ] --END-- [ RunTime:0.154265s ]
INFO: [ view_filter ] --START--
INFO: ContentReplace Behavior ::run [ RunTime:0.002470s ]
INFO: TokenBuild Behavior ::run [ RunTime:0.002050s ]
INFO: WriteHtmlCache Behavior ::run [ RunTime:0.001930s ]
INFO: ShowRuntime Behavior ::run [ RunTime:0.002197s ]
INFO: [ view_filter ] --END-- [ RunTime:0.009005s ]
INFO: [ view_end ] --START--
INFO: ShowPageTrace Behavior ::run [ RunTime:0.002381s ]
INFO: [ view_end ] --END-- [ RunTime:0.002493s ]

[ 2014-11-17T18:40:17+08:00 ] 127.0.0.1 /My_Child/index.php/Question/look_content?dates=7
INFO: [ route_check ] --START--
INFO: CheckRoute Behavior ::run [ RunTime:0.001771s ]
INFO: [ route_check ] --END-- [ RunTime:0.001906s ]
INFO: [ app_begin ] --START--
INFO: ReadHtmlCache Behavior ::run [ RunTime:0.001554s ]
INFO: [ app_begin ] --END-- [ RunTime:0.001667s ]
SQL: SHOW COLUMNS FROM `tp_liangbiao` [ RunTime:0.002166s ]
SQL: SHOW COLUMNS FROM `tp_liangcontent` [ RunTime:0.002588s ]
SQL: SHOW COLUMNS FROM `tp_answer` [ RunTime:0.002340s ]
SQL: SELECT * FROM `tp_liangbiao` WHERE ( `LB_id` = 7 )  [ RunTime:0.007004s ]
SQL: SELECT * FROM `tp_liangcontent` WHERE ( `LB_id` = 7 )  [ RunTime:0.001009s ]
SQL: SELECT * FROM `tp_answer` WHERE ( `LB_id` = 7 )  [ RunTime:0.000222s ]
INFO: [ view_parse ] --START--
NOTIC: [8] Use of undefined constant vo - assumed 'vo' E:\AppServ\www\My_Child\Home\Runtime\Cache\c42505d655666df46989d4c6db207272.php 第 23 行.
NOTIC: [8] Use of undefined constant LB_leibie - assumed 'LB_leibie' E:\AppServ\www\My_Child\Home\Runtime\Cache\c42505d655666df46989d4c6db207272.php 第 23 行.
NOTIC: [8] Use of undefined constant Question_ - assumed 'Question_' E:\AppServ\www\My_Child\Home\Runtime\Cache\c42505d655666df46989d4c6db207272.php 第 32 行.
NOTIC: [8] Use of undefined constant Question_ - assumed 'Question_' E:\AppServ\www\My_Child\Home\Runtime\Cache\c42505d655666df46989d4c6db207272.php 第 32 行.
NOTIC: [8] Use of undefined constant Question_ - assumed 'Question_' E:\AppServ\www\My_Child\Home\Runtime\Cache\c42505d655666df46989d4c6db207272.php 第 32 行.
NOTIC: [8] Use of undefined constant Question_ - assumed 'Question_' E:\AppServ\www\My_Child\Home\Runtime\Cache\c42505d655666df46989d4c6db207272.php 第 32 行.
NOTIC: [8] Use of undefined constant Question_ - assumed 'Question_' E:\AppServ\www\My_Child\Home\Runtime\Cache\c42505d655666df46989d4c6db207272.php 第 32 行.
NOTIC: [8] Use of undefined constant Question_ - assumed 'Question_' E:\AppServ\www\My_Child\Home\Runtime\Cache\c42505d655666df46989d4c6db207272.php 第 32 行.
NOTIC: [8] Use of undefined constant Question_ - assumed 'Question_' E:\AppServ\www\My_Child\Home\Runtime\Cache\c42505d655666df46989d4c6db207272.php 第 32 行.
NOTIC: [8] Use of undefined constant Question_ - assumed 'Question_' E:\AppServ\www\My_Child\Home\Runtime\Cache\c42505d655666df46989d4c6db207272.php 第 32 行.
NOTIC: [8] Use of undefined constant Question_ - assumed 'Question_' E:\AppServ\www\My_Child\Home\Runtime\Cache\c42505d655666df46989d4c6db207272.php 第 32 行.
NOTIC: [8] Use of undefined constant Question_ - assumed 'Question_' E:\AppServ\www\My_Child\Home\Runtime\Cache\c42505d655666df46989d4c6db207272.php 第 32 行.
NOTIC: [8] Use of undefined constant Score - assumed 'Score' E:\AppServ\www\My_Child\Home\Runtime\Cache\c42505d655666df46989d4c6db207272.php 第 37 行.
NOTIC: [8] Use of undefined constant Score - assumed 'Score' E:\AppServ\www\My_Child\Home\Runtime\Cache\c42505d655666df46989d4c6db207272.php 第 37 行.
NOTIC: [8] Use of undefined constant Score - assumed 'Score' E:\AppServ\www\My_Child\Home\Runtime\Cache\c42505d655666df46989d4c6db207272.php 第 37 行.
INFO: ParseTemplate Behavior ::run [ RunTime:0.150163s ]
INFO: [ view_parse ] --END-- [ RunTime:0.150298s ]
INFO: [ view_filter ] --START--
INFO: ContentReplace Behavior ::run [ RunTime:0.002546s ]
INFO: TokenBuild Behavior ::run [ RunTime:0.002323s ]
INFO: WriteHtmlCache Behavior ::run [ RunTime:0.002118s ]
INFO: ShowRuntime Behavior ::run [ RunTime:0.001385s ]
INFO: [ view_filter ] --END-- [ RunTime:0.008707s ]
INFO: [ view_end ] --START--
INFO: ShowPageTrace Behavior ::run [ RunTime:0.001330s ]
INFO: [ view_end ] --END-- [ RunTime:0.001393s ]

[ 2014-11-17T18:40:21+08:00 ] 127.0.0.1 /My_Child/index.php/Question/look_content?dates=10
INFO: [ route_check ] --START--
INFO: CheckRoute Behavior ::run [ RunTime:0.001604s ]
INFO: [ route_check ] --END-- [ RunTime:0.001696s ]
INFO: [ app_begin ] --START--
INFO: ReadHtmlCache Behavior ::run [ RunTime:0.001381s ]
INFO: [ app_begin ] --END-- [ RunTime:0.001455s ]
SQL: SHOW COLUMNS FROM `tp_liangbiao` [ RunTime:0.002108s ]
SQL: SHOW COLUMNS FROM `tp_liangcontent` [ RunTime:0.002877s ]
SQL: SHOW COLUMNS FROM `tp_answer` [ RunTime:0.002427s ]
SQL: SELECT * FROM `tp_liangbiao` WHERE ( `LB_id` = 10 )  [ RunTime:0.000440s ]
SQL: SELECT * FROM `tp_liangcontent` WHERE ( `LB_id` = 10 )  [ RunTime:0.000236s ]
SQL: SELECT * FROM `tp_answer` WHERE ( `LB_id` = 10 )  [ RunTime:0.000183s ]
INFO: [ view_parse ] --START--
NOTIC: [8] Use of undefined constant vo - assumed 'vo' E:\AppServ\www\My_Child\Home\Runtime\Cache\c42505d655666df46989d4c6db207272.php 第 23 行.
NOTIC: [8] Use of undefined constant LB_leibie - assumed 'LB_leibie' E:\AppServ\www\My_Child\Home\Runtime\Cache\c42505d655666df46989d4c6db207272.php 第 23 行.
INFO: ParseTemplate Behavior ::run [ RunTime:0.013423s ]
INFO: [ view_parse ] --END-- [ RunTime:0.013508s ]
INFO: [ view_filter ] --START--
INFO: ContentReplace Behavior ::run [ RunTime:0.001150s ]
INFO: TokenBuild Behavior ::run [ RunTime:0.001184s ]
INFO: WriteHtmlCache Behavior ::run [ RunTime:0.001062s ]
INFO: ShowRuntime Behavior ::run [ RunTime:0.001194s ]
INFO: [ view_filter ] --END-- [ RunTime:0.004767s ]
INFO: [ view_end ] --START--
INFO: ShowPageTrace Behavior ::run [ RunTime:0.001336s ]
INFO: [ view_end ] --END-- [ RunTime:0.001396s ]

[ 2014-11-17T18:40:27+08:00 ] 127.0.0.1 /My_Child/index.php/Question/look
INFO: [ route_check ] --START--
INFO: CheckRoute Behavior ::run [ RunTime:0.001615s ]
INFO: [ route_check ] --END-- [ RunTime:0.001706s ]
INFO: [ app_begin ] --START--
INFO: ReadHtmlCache Behavior ::run [ RunTime:0.001372s ]
INFO: [ app_begin ] --END-- [ RunTime:0.001443s ]
SQL: SHOW COLUMNS FROM `tp_liangbiao` [ RunTime:0.002067s ]
SQL: SELECT * FROM `tp_liangbiao` WHERE ( LB_LeiBie=0 )  [ RunTime:0.000833s ]
SQL: SELECT * FROM `tp_liangbiao` WHERE ( LB_LeiBie=1 )  [ RunTime:0.000184s ]
SQL: SELECT * FROM `tp_liangbiao` WHERE ( LB_LeiBie=2 )  [ RunTime:0.000185s ]
INFO: [ view_parse ] --START--
INFO: ParseTemplate Behavior ::run [ RunTime:0.014090s ]
INFO: [ view_parse ] --END-- [ RunTime:0.014187s ]
INFO: [ view_filter ] --START--
INFO: ContentReplace Behavior ::run [ RunTime:0.001222s ]
INFO: TokenBuild Behavior ::run [ RunTime:0.001191s ]
INFO: WriteHtmlCache Behavior ::run [ RunTime:0.001093s ]
INFO: ShowRuntime Behavior ::run [ RunTime:0.001256s ]
INFO: [ view_filter ] --END-- [ RunTime:0.004956s ]
INFO: [ view_end ] --START--
INFO: ShowPageTrace Behavior ::run [ RunTime:0.001344s ]
INFO: [ view_end ] --END-- [ RunTime:0.001408s ]

[ 2014-11-17T18:40:29+08:00 ] 127.0.0.1 /My_Child/index.php/Question/look_content?dates=8
INFO: [ route_check ] --START--
INFO: CheckRoute Behavior ::run [ RunTime:0.001701s ]
INFO: [ route_check ] --END-- [ RunTime:0.001814s ]
INFO: [ app_begin ] --START--
INFO: ReadHtmlCache Behavior ::run [ RunTime:0.001423s ]
INFO: [ app_begin ] --END-- [ RunTime:0.001510s ]
SQL: SHOW COLUMNS FROM `tp_liangbiao` [ RunTime:0.002079s ]
SQL: SHOW COLUMNS FROM `tp_liangcontent` [ RunTime:0.002760s ]
SQL: SHOW COLUMNS FROM `tp_answer` [ RunTime:0.003054s ]
SQL: SELECT * FROM `tp_liangbiao` WHERE ( `LB_id` = 8 )  [ RunTime:0.000423s ]
SQL: SELECT * FROM `tp_liangcontent` WHERE ( `LB_id` = 8 )  [ RunTime:0.000231s ]
SQL: SELECT * FROM `tp_answer` WHERE ( `LB_id` = 8 )  [ RunTime:0.000207s ]
INFO: [ view_parse ] --START--
NOTIC: [8] Use of undefined constant vo - assumed 'vo' E:\AppServ\www\My_Child\Home\Runtime\Cache\c42505d655666df46989d4c6db207272.php 第 23 行.
NOTIC: [8] Use of undefined constant LB_leibie - assumed 'LB_leibie' E:\AppServ\www\My_Child\Home\Runtime\Cache\c42505d655666df46989d4c6db207272.php 第 23 行.
NOTIC: [8] Use of undefined constant Question_ - assumed 'Question_' E:\AppServ\www\My_Child\Home\Runtime\Cache\c42505d655666df46989d4c6db207272.php 第 32 行.
NOTIC: [8] Use of undefined constant Question_ - assumed 'Question_' E:\AppServ\www\My_Child\Home\Runtime\Cache\c42505d655666df46989d4c6db207272.php 第 32 行.
NOTIC: [8] Use of undefined constant Question_ - assumed 'Question_' E:\AppServ\www\My_Child\Home\Runtime\Cache\c42505d655666df46989d4c6db207272.php 第 32 行.
NOTIC: [8] Use of undefined constant Question_ - assumed 'Question_' E:\AppServ\www\My_Child\Home\Runtime\Cache\c42505d655666df46989d4c6db207272.php 第 32 行.
NOTIC: [8] Use of undefined constant Question_ - assumed 'Question_' E:\AppServ\www\My_Child\Home\Runtime\Cache\c42505d655666df46989d4c6db207272.php 第 32 行.
NOTIC: [8] Use of undefined constant Score - assumed 'Score' E:\AppServ\www\My_Child\Home\Runtime\Cache\c42505d655666df46989d4c6db207272.php 第 37 行.
NOTIC: [8] Use of undefined constant Score - assumed 'Score' E:\AppServ\www\My_Child\Home\Runtime\Cache\c42505d655666df46989d4c6db207272.php 第 37 行.
NOTIC: [8] Use of undefined constant Score - assumed 'Score' E:\AppServ\www\My_Child\Home\Runtime\Cache\c42505d655666df46989d4c6db207272.php 第 37 行.
NOTIC: [8] Use of undefined constant Score - assumed 'Score' E:\AppServ\www\My_Child\Home\Runtime\Cache\c42505d655666df46989d4c6db207272.php 第 37 行.
NOTIC: [8] Undefined index:  E E:\AppServ\www\My_Child\Home\Runtime\Cache\c42505d655666df46989d4c6db207272.php 第 37 行.
NOTIC: [8] Use of undefined constant Score - assumed 'Score' E:\AppServ\www\My_Child\Home\Runtime\Cache\c42505d655666df46989d4c6db207272.php 第 37 行.
NOTIC: [8] Undefined offset:  6 E:\AppServ\www\My_Child\Home\Runtime\Cache\c42505d655666df46989d4c6db207272.php 第 37 行.
NOTIC: [8] Undefined index:   E:\AppServ\www\My_Child\Home\Runtime\Cache\c42505d655666df46989d4c6db207272.php 第 37 行.
NOTIC: [8] Use of undefined constant Score - assumed 'Score' E:\AppServ\www\My_Child\Home\Runtime\Cache\c42505d655666df46989d4c6db207272.php 第 37 行.
NOTIC: [8] Undefined offset:  6 E:\AppServ\www\My_Child\Home\Runtime\Cache\c42505d655666df46989d4c6db207272.php 第 37 行.
NOTIC: [8] Undefined index:  Score E:\AppServ\www\My_Child\Home\Runtime\Cache\c42505d655666df46989d4c6db207272.php 第 37 行.
INFO: ParseTemplate Behavior ::run [ RunTime:0.013800s ]
INFO: [ view_parse ] --END-- [ RunTime:0.013884s ]
INFO: [ view_filter ] --START--
INFO: ContentReplace Behavior ::run [ RunTime:0.001208s ]
INFO: TokenBuild Behavior ::run [ RunTime:0.001197s ]
INFO: WriteHtmlCache Behavior ::run [ RunTime:0.001104s ]
INFO: ShowRuntime Behavior ::run [ RunTime:0.001253s ]
INFO: [ view_filter ] --END-- [ RunTime:0.004940s ]
INFO: [ view_end ] --START--
INFO: ShowPageTrace Behavior ::run [ RunTime:0.001393s ]
INFO: [ view_end ] --END-- [ RunTime:0.001457s ]

[ 2014-11-17T18:40:43+08:00 ] 127.0.0.1 /My_Child/index.php/Question/look
INFO: [ route_check ] --START--
INFO: CheckRoute Behavior ::run [ RunTime:0.001640s ]
INFO: [ route_check ] --END-- [ RunTime:0.001739s ]
INFO: [ app_begin ] --START--
INFO: ReadHtmlCache Behavior ::run [ RunTime:0.001373s ]
INFO: [ app_begin ] --END-- [ RunTime:0.001444s ]
SQL: SHOW COLUMNS FROM `tp_liangbiao` [ RunTime:0.002106s ]
SQL: SELECT * FROM `tp_liangbiao` WHERE ( LB_LeiBie=0 )  [ RunTime:0.000848s ]
SQL: SELECT * FROM `tp_liangbiao` WHERE ( LB_LeiBie=1 )  [ RunTime:0.000198s ]
SQL: SELECT * FROM `tp_liangbiao` WHERE ( LB_LeiBie=2 )  [ RunTime:0.000184s ]
INFO: [ view_parse ] --START--
INFO: ParseTemplate Behavior ::run [ RunTime:0.015921s ]
INFO: [ view_parse ] --END-- [ RunTime:0.016042s ]
INFO: [ view_filter ] --START--
INFO: ContentReplace Behavior ::run [ RunTime:0.001225s ]
INFO: TokenBuild Behavior ::run [ RunTime:0.001205s ]
INFO: WriteHtmlCache Behavior ::run [ RunTime:0.001091s ]
INFO: ShowRuntime Behavior ::run [ RunTime:0.001261s ]
INFO: [ view_filter ] --END-- [ RunTime:0.004964s ]
INFO: [ view_end ] --START--
INFO: ShowPageTrace Behavior ::run [ RunTime:0.001393s ]
INFO: [ view_end ] --END-- [ RunTime:0.001458s ]

[ 2014-11-17T18:40:46+08:00 ] 127.0.0.1 /My_Child/index.php/Question/look_content?dates=10
INFO: [ route_check ] --START--
INFO: CheckRoute Behavior ::run [ RunTime:0.002195s ]
INFO: [ route_check ] --END-- [ RunTime:0.002324s ]
INFO: [ app_begin ] --START--
INFO: ReadHtmlCache Behavior ::run [ RunTime:0.002142s ]
INFO: [ app_begin ] --END-- [ RunTime:0.002263s ]
SQL: SHOW COLUMNS FROM `tp_liangbiao` [ RunTime:0.003055s ]
SQL: SHOW COLUMNS FROM `tp_liangcontent` [ RunTime:0.002498s ]
SQL: SHOW COLUMNS FROM `tp_answer` [ RunTime:0.002269s ]
SQL: SELECT * FROM `tp_liangbiao` WHERE ( `LB_id` = 10 )  [ RunTime:0.000416s ]
SQL: SELECT * FROM `tp_liangcontent` WHERE ( `LB_id` = 10 )  [ RunTime:0.000232s ]
SQL: SELECT * FROM `tp_answer` WHERE ( `LB_id` = 10 )  [ RunTime:0.000181s ]
INFO: [ view_parse ] --START--
NOTIC: [8] Use of undefined constant vo - assumed 'vo' E:\AppServ\www\My_Child\Home\Runtime\Cache\c42505d655666df46989d4c6db207272.php 第 23 行.
NOTIC: [8] Use of undefined constant LB_leibie - assumed 'LB_leibie' E:\AppServ\www\My_Child\Home\Runtime\Cache\c42505d655666df46989d4c6db207272.php 第 23 行.
INFO: ParseTemplate Behavior ::run [ RunTime:0.013462s ]
INFO: [ view_parse ] --END-- [ RunTime:0.013546s ]
INFO: [ view_filter ] --START--
INFO: ContentReplace Behavior ::run [ RunTime:0.001192s ]
INFO: TokenBuild Behavior ::run [ RunTime:0.001183s ]
INFO: WriteHtmlCache Behavior ::run [ RunTime:0.001089s ]
INFO: ShowRuntime Behavior ::run [ RunTime:0.001248s ]
INFO: [ view_filter ] --END-- [ RunTime:0.004897s ]
INFO: [ view_end ] --START--
INFO: ShowPageTrace Behavior ::run [ RunTime:0.001381s ]
INFO: [ view_end ] --END-- [ RunTime:0.001444s ]

[ 2014-11-17T18:40:51+08:00 ] 127.0.0.1 /My_Child/index.php/Question/look
INFO: [ route_check ] --START--
INFO: CheckRoute Behavior ::run [ RunTime:0.001613s ]
INFO: [ route_check ] --END-- [ RunTime:0.001706s ]
INFO: [ app_begin ] --START--
INFO: ReadHtmlCache Behavior ::run [ RunTime:0.001378s ]
INFO: [ app_begin ] --END-- [ RunTime:0.001452s ]
SQL: SHOW COLUMNS FROM `tp_liangbiao` [ RunTime:0.002223s ]
SQL: SELECT * FROM `tp_liangbiao` WHERE ( LB_LeiBie=0 )  [ RunTime:0.000795s ]
SQL: SELECT * FROM `tp_liangbiao` WHERE ( LB_LeiBie=1 )  [ RunTime:0.000222s ]
SQL: SELECT * FROM `tp_liangbiao` WHERE ( LB_LeiBie=2 )  [ RunTime:0.000195s ]
INFO: [ view_parse ] --START--
INFO: ParseTemplate Behavior ::run [ RunTime:0.014539s ]
INFO: [ view_parse ] --END-- [ RunTime:0.014638s ]
INFO: [ view_filter ] --START--
INFO: ContentReplace Behavior ::run [ RunTime:0.001209s ]
INFO: TokenBuild Behavior ::run [ RunTime:0.001191s ]
INFO: WriteHtmlCache Behavior ::run [ RunTime:0.001086s ]
INFO: ShowRuntime Behavior ::run [ RunTime:0.001251s ]
INFO: [ view_filter ] --END-- [ RunTime:0.004919s ]
INFO: [ view_end ] --START--
INFO: ShowPageTrace Behavior ::run [ RunTime:0.001398s ]
INFO: [ view_end ] --END-- [ RunTime:0.001464s ]

[ 2014-11-17T18:40:54+08:00 ] 127.0.0.1 /My_Child/index.php/Question/look
INFO: [ route_check ] --START--
INFO: CheckRoute Behavior ::run [ RunTime:0.001894s ]
INFO: [ route_check ] --END-- [ RunTime:0.002070s ]
INFO: [ app_begin ] --START--
INFO: ReadHtmlCache Behavior ::run [ RunTime:0.001477s ]
INFO: [ app_begin ] --END-- [ RunTime:0.001571s ]
SQL: SHOW COLUMNS FROM `tp_liangbiao` [ RunTime:0.002425s ]
SQL: SELECT * FROM `tp_liangbiao` WHERE ( LB_LeiBie=0 )  [ RunTime:0.001466s ]
SQL: SELECT * FROM `tp_liangbiao` WHERE ( LB_LeiBie=1 )  [ RunTime:0.000225s ]
SQL: SELECT * FROM `tp_liangbiao` WHERE ( LB_LeiBie=2 )  [ RunTime:0.000204s ]
INFO: [ view_parse ] --START--
INFO: ParseTemplate Behavior ::run [ RunTime:0.014069s ]
INFO: [ view_parse ] --END-- [ RunTime:0.014165s ]
INFO: [ view_filter ] --START--
INFO: ContentReplace Behavior ::run [ RunTime:0.001212s ]
INFO: TokenBuild Behavior ::run [ RunTime:0.001188s ]
INFO: WriteHtmlCache Behavior ::run [ RunTime:0.001087s ]
INFO: ShowRuntime Behavior ::run [ RunTime:0.001246s ]
INFO: [ view_filter ] --END-- [ RunTime:0.004917s ]
INFO: [ view_end ] --START--
INFO: ShowPageTrace Behavior ::run [ RunTime:0.001389s ]
INFO: [ view_end ] --END-- [ RunTime:0.001455s ]

[ 2014-11-17T18:40:54+08:00 ] 127.0.0.1 /My_Child/index.php/Question/look
INFO: [ route_check ] --START--
INFO: CheckRoute Behavior ::run [ RunTime:0.001674s ]
INFO: [ route_check ] --END-- [ RunTime:0.001771s ]
INFO: [ app_begin ] --START--
INFO: ReadHtmlCache Behavior ::run [ RunTime:0.001369s ]
INFO: [ app_begin ] --END-- [ RunTime:0.001437s ]
SQL: SHOW COLUMNS FROM `tp_liangbiao` [ RunTime:0.002032s ]
SQL: SELECT * FROM `tp_liangbiao` WHERE ( LB_LeiBie=0 )  [ RunTime:0.000882s ]
SQL: SELECT * FROM `tp_liangbiao` WHERE ( LB_LeiBie=1 )  [ RunTime:0.000186s ]
SQL: SELECT * FROM `tp_liangbiao` WHERE ( LB_LeiBie=2 )  [ RunTime:0.000182s ]
INFO: [ view_parse ] --START--
INFO: ParseTemplate Behavior ::run [ RunTime:0.013849s ]
INFO: [ view_parse ] --END-- [ RunTime:0.013945s ]
INFO: [ view_filter ] --START--
INFO: ContentReplace Behavior ::run [ RunTime:0.001223s ]
INFO: TokenBuild Behavior ::run [ RunTime:0.001185s ]
INFO: WriteHtmlCache Behavior ::run [ RunTime:0.001082s ]
INFO: ShowRuntime Behavior ::run [ RunTime:0.001253s ]
INFO: [ view_filter ] --END-- [ RunTime:0.004924s ]
INFO: [ view_end ] --START--
INFO: ShowPageTrace Behavior ::run [ RunTime:0.001390s ]
INFO: [ view_end ] --END-- [ RunTime:0.001454s ]

[ 2014-11-17T18:40:57+08:00 ] 127.0.0.1 /My_Child/index.php/Question/look
INFO: [ route_check ] --START--
INFO: CheckRoute Behavior ::run [ RunTime:0.001781s ]
INFO: [ route_check ] --END-- [ RunTime:0.001893s ]
INFO: [ app_begin ] --START--
INFO: ReadHtmlCache Behavior ::run [ RunTime:0.001700s ]
INFO: [ app_begin ] --END-- [ RunTime:0.001802s ]
SQL: SHOW COLUMNS FROM `tp_liangbiao` [ RunTime:0.002177s ]
SQL: SELECT * FROM `tp_liangbiao` WHERE ( LB_LeiBie=0 )  [ RunTime:0.000710s ]
SQL: SELECT * FROM `tp_liangbiao` WHERE ( LB_LeiBie=1 )  [ RunTime:0.000255s ]
SQL: SELECT * FROM `tp_liangbiao` WHERE ( LB_LeiBie=2 )  [ RunTime:0.000192s ]
INFO: [ view_parse ] --START--
INFO: ParseTemplate Behavior ::run [ RunTime:0.014157s ]
INFO: [ view_parse ] --END-- [ RunTime:0.014260s ]
INFO: [ view_filter ] --START--
INFO: ContentReplace Behavior ::run [ RunTime:0.001212s ]
INFO: TokenBuild Behavior ::run [ RunTime:0.001189s ]
INFO: WriteHtmlCache Behavior ::run [ RunTime:0.001079s ]
INFO: ShowRuntime Behavior ::run [ RunTime:0.001265s ]
INFO: [ view_filter ] --END-- [ RunTime:0.004924s ]
INFO: [ view_end ] --START--
INFO: ShowPageTrace Behavior ::run [ RunTime:0.001387s ]
INFO: [ view_end ] --END-- [ RunTime:0.001452s ]

[ 2014-11-17T18:41:06+08:00 ] 127.0.0.1 /My_Child/index.php/Question/look
INFO: [ route_check ] --START--
INFO: CheckRoute Behavior ::run [ RunTime:0.001616s ]
INFO: [ route_check ] --END-- [ RunTime:0.001705s ]
INFO: [ app_begin ] --START--
INFO: ReadHtmlCache Behavior ::run [ RunTime:0.001410s ]
INFO: [ app_begin ] --END-- [ RunTime:0.001479s ]
SQL: SHOW COLUMNS FROM `tp_liangbiao` [ RunTime:0.002542s ]
SQL: SELECT * FROM `tp_liangbiao` WHERE ( LB_LeiBie=0 )  [ RunTime:0.000407s ]
SQL: SELECT * FROM `tp_liangbiao` WHERE ( LB_LeiBie=1 )  [ RunTime:0.000270s ]
SQL: SELECT * FROM `tp_liangbiao` WHERE ( LB_LeiBie=2 )  [ RunTime:0.000227s ]
INFO: [ view_parse ] --START--
INFO: ParseTemplate Behavior ::run [ RunTime:0.014021s ]
INFO: [ view_parse ] --END-- [ RunTime:0.014115s ]
INFO: [ view_filter ] --START--
INFO: ContentReplace Behavior ::run [ RunTime:0.001148s ]
INFO: TokenBuild Behavior ::run [ RunTime:0.001511s ]
INFO: WriteHtmlCache Behavior ::run [ RunTime:0.001193s ]
INFO: ShowRuntime Behavior ::run [ RunTime:0.001367s ]
INFO: [ view_filter ] --END-- [ RunTime:0.005465s ]
INFO: [ view_end ] --START--
INFO: ShowPageTrace Behavior ::run [ RunTime:0.001573s ]
INFO: [ view_end ] --END-- [ RunTime:0.001644s ]

[ 2014-11-17T18:41:09+08:00 ] 127.0.0.1 /My_Child/index.php/Index?type_link=2
INFO: [ route_check ] --START--
INFO: CheckRoute Behavior ::run [ RunTime:0.002577s ]
INFO: [ route_check ] --END-- [ RunTime:0.002706s ]
INFO: [ app_begin ] --START--
INFO: ReadHtmlCache Behavior ::run [ RunTime:0.001563s ]
INFO: [ app_begin ] --END-- [ RunTime:0.001667s ]
INFO: [ view_parse ] --START--
INFO: ParseTemplate Behavior ::run [ RunTime:0.014861s ]
INFO: [ view_parse ] --END-- [ RunTime:0.014964s ]
INFO: [ view_filter ] --START--
INFO: ContentReplace Behavior ::run [ RunTime:0.001211s ]
INFO: TokenBuild Behavior ::run [ RunTime:0.001206s ]
INFO: WriteHtmlCache Behavior ::run [ RunTime:0.001084s ]
INFO: ShowRuntime Behavior ::run [ RunTime:0.001258s ]
INFO: [ view_filter ] --END-- [ RunTime:0.004941s ]
INFO: [ view_end ] --START--
INFO: ShowPageTrace Behavior ::run [ RunTime:0.001390s ]
INFO: [ view_end ] --END-- [ RunTime:0.001455s ]

[ 2014-11-17T18:41:20+08:00 ] 127.0.0.1 /My_Child/index.php/Index?type_link=2
INFO: [ route_check ] --START--
INFO: CheckRoute Behavior ::run [ RunTime:0.001817s ]
INFO: [ route_check ] --END-- [ RunTime:0.001918s ]
INFO: [ app_begin ] --START--
INFO: ReadHtmlCache Behavior ::run [ RunTime:0.001406s ]
INFO: [ app_begin ] --END-- [ RunTime:0.001483s ]
INFO: [ view_parse ] --START--
INFO: ParseTemplate Behavior ::run [ RunTime:0.022977s ]
INFO: [ view_parse ] --END-- [ RunTime:0.023087s ]
INFO: [ view_filter ] --START--
INFO: ContentReplace Behavior ::run [ RunTime:0.001301s ]
INFO: TokenBuild Behavior ::run [ RunTime:0.001227s ]
INFO: WriteHtmlCache Behavior ::run [ RunTime:0.001343s ]
INFO: ShowRuntime Behavior ::run [ RunTime:0.001347s ]
INFO: [ view_filter ] --END-- [ RunTime:0.005429s ]
INFO: [ view_end ] --START--
INFO: ShowPageTrace Behavior ::run [ RunTime:0.001411s ]
INFO: [ view_end ] --END-- [ RunTime:0.001476s ]

[ 2014-11-17T18:41:24+08:00 ] 127.0.0.1 /My_Child/index.php/Index?type_link=2
INFO: [ route_check ] --START--
INFO: CheckRoute Behavior ::run [ RunTime:0.001678s ]
INFO: [ route_check ] --END-- [ RunTime:0.001782s ]
INFO: [ app_begin ] --START--
INFO: ReadHtmlCache Behavior ::run [ RunTime:0.001421s ]
INFO: [ app_begin ] --END-- [ RunTime:0.001507s ]
INFO: [ view_parse ] --START--
INFO: ParseTemplate Behavior ::run [ RunTime:0.014818s ]
INFO: [ view_parse ] --END-- [ RunTime:0.014927s ]
INFO: [ view_filter ] --START--
INFO: ContentReplace Behavior ::run [ RunTime:0.001219s ]
INFO: TokenBuild Behavior ::run [ RunTime:0.001263s ]
INFO: WriteHtmlCache Behavior ::run [ RunTime:0.001084s ]
INFO: ShowRuntime Behavior ::run [ RunTime:0.001255s ]
INFO: [ view_filter ] --END-- [ RunTime:0.005004s ]
INFO: [ view_end ] --START--
INFO: ShowPageTrace Behavior ::run [ RunTime:0.001451s ]
INFO: [ view_end ] --END-- [ RunTime:0.001531s ]

[ 2014-11-17T18:41:33+08:00 ] 127.0.0.1 /My_Child/index.php/User/look
INFO: [ route_check ] --START--
INFO: CheckRoute Behavior ::run [ RunTime:0.001588s ]
INFO: [ route_check ] --END-- [ RunTime:0.001717s ]
INFO: [ app_begin ] --START--
INFO: ReadHtmlCache Behavior ::run [ RunTime:0.001330s ]
INFO: [ app_begin ] --END-- [ RunTime:0.001407s ]
SQL: SHOW COLUMNS FROM `tp_user` [ RunTime:0.002009s ]
SQL: SELECT COUNT(*) AS tp_count FROM `tp_user` LIMIT 1   [ RunTime:0.000743s ]
SQL: SELECT * FROM `tp_user` LIMIT 0,2   [ RunTime:0.000524s ]
INFO: [ view_parse ] --START--
INFO: ParseTemplate Behavior ::run [ RunTime:0.029341s ]
INFO: [ view_parse ] --END-- [ RunTime:0.029504s ]
INFO: [ view_filter ] --START--
INFO: ContentReplace Behavior ::run [ RunTime:0.001531s ]
INFO: TokenBuild Behavior ::run [ RunTime:0.002272s ]
INFO: WriteHtmlCache Behavior ::run [ RunTime:0.001759s ]
INFO: ShowRuntime Behavior ::run [ RunTime:0.001711s ]
INFO: [ view_filter ] --END-- [ RunTime:0.007552s ]
INFO: [ view_end ] --START--
INFO: ShowPageTrace Behavior ::run [ RunTime:0.001769s ]
INFO: [ view_end ] --END-- [ RunTime:0.001850s ]

[ 2014-11-17T18:41:48+08:00 ] 127.0.0.1 /My_Child/index.php/User/lookresult?userid=1
INFO: [ route_check ] --START--
INFO: CheckRoute Behavior ::run [ RunTime:0.001537s ]
INFO: [ route_check ] --END-- [ RunTime:0.001624s ]
INFO: [ app_begin ] --START--
INFO: ReadHtmlCache Behavior ::run [ RunTime:0.001370s ]
INFO: [ app_begin ] --END-- [ RunTime:0.001435s ]
SQL: SHOW COLUMNS FROM `tp_history` [ RunTime:0.002102s ]
SQL: SELECT * FROM `tp_history` WHERE ( `userid` = 1 )  [ RunTime:0.000657s ]
INFO: [ view_parse ] --START--
NOTIC: [8] Undefined variable: list E:\AppServ\www\My_Child\Home\Runtime\Cache\8f7200209e942683558b224b8320957a.php 第 35 行.
NOTIC: [8] Undefined variable: page E:\AppServ\www\My_Child\Home\Runtime\Cache\8f7200209e942683558b224b8320957a.php 第 44 行.
INFO: ParseTemplate Behavior ::run [ RunTime:0.013852s ]
INFO: [ view_parse ] --END-- [ RunTime:0.013943s ]
INFO: [ view_filter ] --START--
INFO: ContentReplace Behavior ::run [ RunTime:0.001226s ]
INFO: TokenBuild Behavior ::run [ RunTime:0.001294s ]
INFO: WriteHtmlCache Behavior ::run [ RunTime:0.001042s ]
INFO: ShowRuntime Behavior ::run [ RunTime:0.001239s ]
INFO: [ view_filter ] --END-- [ RunTime:0.004987s ]
INFO: [ view_end ] --START--
INFO: ShowPageTrace Behavior ::run [ RunTime:0.001429s ]
INFO: [ view_end ] --END-- [ RunTime:0.001499s ]

[ 2014-11-17T18:42:02+08:00 ] 127.0.0.1 /My_Child/index.php/User/look
INFO: [ route_check ] --START--
INFO: CheckRoute Behavior ::run [ RunTime:0.001985s ]
INFO: [ route_check ] --END-- [ RunTime:0.002099s ]
INFO: [ app_begin ] --START--
INFO: ReadHtmlCache Behavior ::run [ RunTime:0.001532s ]
INFO: [ app_begin ] --END-- [ RunTime:0.001636s ]
SQL: SHOW COLUMNS FROM `tp_user` [ RunTime:0.002293s ]
SQL: SELECT COUNT(*) AS tp_count FROM `tp_user` LIMIT 1   [ RunTime:0.000241s ]
SQL: SELECT * FROM `tp_user` LIMIT 0,2   [ RunTime:0.000173s ]
INFO: [ view_parse ] --START--
INFO: ParseTemplate Behavior ::run [ RunTime:0.013752s ]
INFO: [ view_parse ] --END-- [ RunTime:0.013855s ]
INFO: [ view_filter ] --START--
INFO: ContentReplace Behavior ::run [ RunTime:0.001218s ]
INFO: TokenBuild Behavior ::run [ RunTime:0.001205s ]
INFO: WriteHtmlCache Behavior ::run [ RunTime:0.001094s ]
INFO: ShowRuntime Behavior ::run [ RunTime:0.001254s ]
INFO: [ view_filter ] --END-- [ RunTime:0.004957s ]
INFO: [ view_end ] --START--
INFO: ShowPageTrace Behavior ::run [ RunTime:0.001383s ]
INFO: [ view_end ] --END-- [ RunTime:0.001448s ]

[ 2014-11-17T18:42:04+08:00 ] 127.0.0.1 /My_Child/index.php/User/look
INFO: [ route_check ] --START--
INFO: CheckRoute Behavior ::run [ RunTime:0.002290s ]
INFO: [ route_check ] --END-- [ RunTime:0.002420s ]
INFO: [ app_begin ] --START--
INFO: ReadHtmlCache Behavior ::run [ RunTime:0.001401s ]
INFO: [ app_begin ] --END-- [ RunTime:0.001469s ]
SQL: SHOW COLUMNS FROM `tp_user` [ RunTime:0.002005s ]
SQL: SELECT COUNT(*) AS tp_count FROM `tp_user` LIMIT 1   [ RunTime:0.000374s ]
SQL: SELECT * FROM `tp_user` LIMIT 0,2   [ RunTime:0.000239s ]
INFO: [ view_parse ] --START--
INFO: ParseTemplate Behavior ::run [ RunTime:0.013206s ]
INFO: [ view_parse ] --END-- [ RunTime:0.013307s ]
INFO: [ view_filter ] --START--
INFO: ContentReplace Behavior ::run [ RunTime:0.001226s ]
INFO: TokenBuild Behavior ::run [ RunTime:0.001191s ]
INFO: WriteHtmlCache Behavior ::run [ RunTime:0.001081s ]
INFO: ShowRuntime Behavior ::run [ RunTime:0.001262s ]
INFO: [ view_filter ] --END-- [ RunTime:0.004942s ]
INFO: [ view_end ] --START--
INFO: ShowPageTrace Behavior ::run [ RunTime:0.001389s ]
INFO: [ view_end ] --END-- [ RunTime:0.001452s ]

[ 2014-11-17T18:42:09+08:00 ] 127.0.0.1 /My_Child/index.php/User/look
INFO: [ route_check ] --START--
INFO: CheckRoute Behavior ::run [ RunTime:0.001656s ]
INFO: [ route_check ] --END-- [ RunTime:0.001757s ]
INFO: [ app_begin ] --START--
INFO: ReadHtmlCache Behavior ::run [ RunTime:0.001378s ]
INFO: [ app_begin ] --END-- [ RunTime:0.001453s ]
SQL: SHOW COLUMNS FROM `tp_user` [ RunTime:0.002212s ]
SQL: SELECT COUNT(*) AS tp_count FROM `tp_user` LIMIT 1   [ RunTime:0.000218s ]
SQL: SELECT * FROM `tp_user` LIMIT 0,2   [ RunTime:0.000183s ]
INFO: [ view_parse ] --START--
INFO: ParseTemplate Behavior ::run [ RunTime:0.013163s ]
INFO: [ view_parse ] --END-- [ RunTime:0.013264s ]
INFO: [ view_filter ] --START--
INFO: ContentReplace Behavior ::run [ RunTime:0.001484s ]
INFO: TokenBuild Behavior ::run [ RunTime:0.001239s ]
INFO: WriteHtmlCache Behavior ::run [ RunTime:0.001082s ]
INFO: ShowRuntime Behavior ::run [ RunTime:0.001263s ]
INFO: [ view_filter ] --END-- [ RunTime:0.005278s ]
INFO: [ view_end ] --START--
INFO: ShowPageTrace Behavior ::run [ RunTime:0.001402s ]
INFO: [ view_end ] --END-- [ RunTime:0.001468s ]

[ 2014-11-17T18:42:12+08:00 ] 127.0.0.1 /My_Child/index.php/User/look
INFO: [ route_check ] --START--
INFO: CheckRoute Behavior ::run [ RunTime:0.001637s ]
INFO: [ route_check ] --END-- [ RunTime:0.001730s ]
INFO: [ app_begin ] --START--
INFO: ReadHtmlCache Behavior ::run [ RunTime:0.001382s ]
INFO: [ app_begin ] --END-- [ RunTime:0.001454s ]
SQL: SHOW COLUMNS FROM `tp_user` [ RunTime:0.002159s ]
SQL: SELECT COUNT(*) AS tp_count FROM `tp_user` LIMIT 1   [ RunTime:0.000247s ]
SQL: SELECT * FROM `tp_user` LIMIT 0,2   [ RunTime:0.000193s ]
INFO: [ view_parse ] --START--
INFO: ParseTemplate Behavior ::run [ RunTime:0.013392s ]
INFO: [ view_parse ] --END-- [ RunTime:0.013488s ]
INFO: [ view_filter ] --START--
INFO: ContentReplace Behavior ::run [ RunTime:0.001211s ]
INFO: TokenBuild Behavior ::run [ RunTime:0.001192s ]
INFO: WriteHtmlCache Behavior ::run [ RunTime:0.001092s ]
INFO: ShowRuntime Behavior ::run [ RunTime:0.001259s ]
INFO: [ view_filter ] --END-- [ RunTime:0.004934s ]
INFO: [ view_end ] --START--
INFO: ShowPageTrace Behavior ::run [ RunTime:0.001394s ]
INFO: [ view_end ] --END-- [ RunTime:0.001457s ]

[ 2014-11-17T18:42:13+08:00 ] 127.0.0.1 /My_Child/index.php/User/lookresult?userid=2
INFO: [ route_check ] --START--
INFO: CheckRoute Behavior ::run [ RunTime:0.002020s ]
INFO: [ route_check ] --END-- [ RunTime:0.002141s ]
INFO: [ app_begin ] --START--
INFO: ReadHtmlCache Behavior ::run [ RunTime:0.001741s ]
INFO: [ app_begin ] --END-- [ RunTime:0.001855s ]
SQL: SHOW COLUMNS FROM `tp_history` [ RunTime:0.002089s ]
SQL: SELECT * FROM `tp_history` WHERE ( `userid` = 2 )  [ RunTime:0.000566s ]
INFO: [ view_parse ] --START--
NOTIC: [8] Undefined variable: list E:\AppServ\www\My_Child\Home\Runtime\Cache\8f7200209e942683558b224b8320957a.php 第 35 行.
NOTIC: [8] Undefined variable: page E:\AppServ\www\My_Child\Home\Runtime\Cache\8f7200209e942683558b224b8320957a.php 第 44 行.
INFO: ParseTemplate Behavior ::run [ RunTime:0.013630s ]
INFO: [ view_parse ] --END-- [ RunTime:0.013717s ]
INFO: [ view_filter ] --START--
INFO: ContentReplace Behavior ::run [ RunTime:0.001202s ]
INFO: TokenBuild Behavior ::run [ RunTime:0.001210s ]
INFO: WriteHtmlCache Behavior ::run [ RunTime:0.001096s ]
INFO: ShowRuntime Behavior ::run [ RunTime:0.001257s ]
INFO: [ view_filter ] --END-- [ RunTime:0.004943s ]
INFO: [ view_end ] --START--
INFO: ShowPageTrace Behavior ::run [ RunTime:0.001423s ]
INFO: [ view_end ] --END-- [ RunTime:0.001489s ]

[ 2014-11-17T18:49:46+08:00 ] 127.0.0.1 /My_Child/index.php/Question/look
INFO: [ route_check ] --START--
INFO: CheckRoute Behavior ::run [ RunTime:0.001169s ]
INFO: [ route_check ] --END-- [ RunTime:0.001259s ]
INFO: [ app_begin ] --START--
INFO: ReadHtmlCache Behavior ::run [ RunTime:0.000967s ]
INFO: [ app_begin ] --END-- [ RunTime:0.001042s ]
SQL: SHOW COLUMNS FROM `tp_liangbiao` [ RunTime:0.002156s ]
SQL: SELECT * FROM `tp_liangbiao` WHERE ( LB_LeiBie=0 )  [ RunTime:0.000412s ]
SQL: SELECT * FROM `tp_liangbiao` WHERE ( LB_LeiBie=1 )  [ RunTime:0.000213s ]
SQL: SELECT * FROM `tp_liangbiao` WHERE ( LB_LeiBie=2 )  [ RunTime:0.000195s ]
INFO: [ view_parse ] --START--
INFO: ParseTemplate Behavior ::run [ RunTime:0.016309s ]
INFO: [ view_parse ] --END-- [ RunTime:0.016401s ]
INFO: [ view_filter ] --START--
INFO: ContentReplace Behavior ::run [ RunTime:0.000799s ]
INFO: TokenBuild Behavior ::run [ RunTime:0.000783s ]
INFO: WriteHtmlCache Behavior ::run [ RunTime:0.000653s ]
INFO: ShowRuntime Behavior ::run [ RunTime:0.000780s ]
INFO: [ view_filter ] --END-- [ RunTime:0.003182s ]
INFO: [ view_end ] --START--
INFO: ShowPageTrace Behavior ::run [ RunTime:0.000916s ]
INFO: [ view_end ] --END-- [ RunTime:0.000991s ]

[ 2014-11-17T18:49:47+08:00 ] 127.0.0.1 /My_Child/index.php/Index?type_link=2
INFO: [ route_check ] --START--
INFO: CheckRoute Behavior ::run [ RunTime:0.000799s ]
INFO: [ route_check ] --END-- [ RunTime:0.000904s ]
INFO: [ app_begin ] --START--
INFO: ReadHtmlCache Behavior ::run [ RunTime:0.000522s ]
INFO: [ app_begin ] --END-- [ RunTime:0.000604s ]
INFO: [ view_parse ] --START--
INFO: ParseTemplate Behavior ::run [ RunTime:0.011346s ]
INFO: [ view_parse ] --END-- [ RunTime:0.011450s ]
INFO: [ view_filter ] --START--
INFO: ContentReplace Behavior ::run [ RunTime:0.000337s ]
INFO: TokenBuild Behavior ::run [ RunTime:0.000327s ]
INFO: WriteHtmlCache Behavior ::run [ RunTime:0.000215s ]
INFO: ShowRuntime Behavior ::run [ RunTime:0.000390s ]
INFO: [ view_filter ] --END-- [ RunTime:0.001435s ]
INFO: [ view_end ] --START--
INFO: ShowPageTrace Behavior ::run [ RunTime:0.000517s ]
INFO: [ view_end ] --END-- [ RunTime:0.000578s ]

[ 2014-11-17T18:49:49+08:00 ] 127.0.0.1 /My_Child/index.php/Index?type_link=2
INFO: [ route_check ] --START--
INFO: CheckRoute Behavior ::run [ RunTime:0.001033s ]
INFO: [ route_check ] --END-- [ RunTime:0.001156s ]
INFO: [ app_begin ] --START--
INFO: ReadHtmlCache Behavior ::run [ RunTime:0.000654s ]
INFO: [ app_begin ] --END-- [ RunTime:0.000746s ]
INFO: [ view_parse ] --START--
INFO: ParseTemplate Behavior ::run [ RunTime:0.014385s ]
INFO: [ view_parse ] --END-- [ RunTime:0.014510s ]
INFO: [ view_filter ] --START--
INFO: ContentReplace Behavior ::run [ RunTime:0.000656s ]
INFO: TokenBuild Behavior ::run [ RunTime:0.000509s ]
INFO: WriteHtmlCache Behavior ::run [ RunTime:0.000245s ]
INFO: ShowRuntime Behavior ::run [ RunTime:0.000425s ]
INFO: [ view_filter ] --END-- [ RunTime:0.002068s ]
INFO: [ view_end ] --START--
INFO: ShowPageTrace Behavior ::run [ RunTime:0.000617s ]
INFO: [ view_end ] --END-- [ RunTime:0.000702s ]

[ 2014-11-17T18:49:51+08:00 ] 127.0.0.1 /My_Child/index.php/User/look
INFO: [ route_check ] --START--
INFO: CheckRoute Behavior ::run [ RunTime:0.000805s ]
INFO: [ route_check ] --END-- [ RunTime:0.000910s ]
INFO: [ app_begin ] --START--
INFO: ReadHtmlCache Behavior ::run [ RunTime:0.000526s ]
INFO: [ app_begin ] --END-- [ RunTime:0.000606s ]
SQL: SHOW COLUMNS FROM `tp_user` [ RunTime:0.002068s ]
SQL: SELECT COUNT(*) AS tp_count FROM `tp_user` LIMIT 1   [ RunTime:0.000230s ]
SQL: SELECT * FROM `tp_user` LIMIT 0,2   [ RunTime:0.000189s ]
INFO: [ view_parse ] --START--
INFO: ParseTemplate Behavior ::run [ RunTime:0.008871s ]
INFO: [ view_parse ] --END-- [ RunTime:0.008965s ]
INFO: [ view_filter ] --START--
INFO: ContentReplace Behavior ::run [ RunTime:0.000345s ]
INFO: TokenBuild Behavior ::run [ RunTime:0.000324s ]
INFO: WriteHtmlCache Behavior ::run [ RunTime:0.000215s ]
INFO: ShowRuntime Behavior ::run [ RunTime:0.000394s ]
INFO: [ view_filter ] --END-- [ RunTime:0.001452s ]
INFO: [ view_end ] --START--
INFO: ShowPageTrace Behavior ::run [ RunTime:0.000524s ]
INFO: [ view_end ] --END-- [ RunTime:0.000592s ]

[ 2014-11-17T18:49:54+08:00 ] 127.0.0.1 /My_Child/index.php/User/look
INFO: [ route_check ] --START--
INFO: CheckRoute Behavior ::run [ RunTime:0.000745s ]
INFO: [ route_check ] --END-- [ RunTime:0.000842s ]
INFO: [ app_begin ] --START--
INFO: ReadHtmlCache Behavior ::run [ RunTime:0.000504s ]
INFO: [ app_begin ] --END-- [ RunTime:0.000575s ]
SQL: SHOW COLUMNS FROM `tp_user` [ RunTime:0.002568s ]
SQL: SELECT COUNT(*) AS tp_count FROM `tp_user` LIMIT 1   [ RunTime:0.000245s ]
SQL: SELECT * FROM `tp_user` LIMIT 0,2   [ RunTime:0.000220s ]
INFO: [ view_parse ] --START--
INFO: ParseTemplate Behavior ::run [ RunTime:0.008607s ]
INFO: [ view_parse ] --END-- [ RunTime:0.008696s ]
INFO: [ view_filter ] --START--
INFO: ContentReplace Behavior ::run [ RunTime:0.000348s ]
INFO: TokenBuild Behavior ::run [ RunTime:0.000304s ]
INFO: WriteHtmlCache Behavior ::run [ RunTime:0.000203s ]
INFO: ShowRuntime Behavior ::run [ RunTime:0.000381s ]
INFO: [ view_filter ] --END-- [ RunTime:0.001399s ]
INFO: [ view_end ] --START--
INFO: ShowPageTrace Behavior ::run [ RunTime:0.000550s ]
INFO: [ view_end ] --END-- [ RunTime:0.000609s ]

