[ 2014-11-20T15:28:43+08:00 ] 127.0.0.1 /My_Child/index.php/Login/login.html
INFO: [ route_check ] --START--
INFO: CheckRoute Behavior ::run [ RunTime:0.003801s ]
INFO: [ route_check ] --END-- [ RunTime:0.004070s ]
INFO: [ app_begin ] --START--
INFO: ReadHtmlCache Behavior ::run [ RunTime:0.002785s ]
INFO: [ app_begin ] --END-- [ RunTime:0.002974s ]
INFO: [ view_parse ] --START--
INFO: ParseTemplate Behavior ::run [ RunTime:0.045176s ]
INFO: [ view_parse ] --END-- [ RunTime:0.045409s ]
INFO: [ view_filter ] --START--
INFO: ContentReplace Behavior ::run [ RunTime:0.002446s ]
INFO: TokenBuild Behavior ::run [ RunTime:0.002576s ]
INFO: WriteHtmlCache Behavior ::run [ RunTime:0.002269s ]
INFO: ShowRuntime Behavior ::run [ RunTime:0.002835s ]
INFO: [ view_filter ] --END-- [ RunTime:0.010574s ]
INFO: [ view_end ] --START--
INFO: ShowPageTrace Behavior ::run [ RunTime:0.003217s ]
INFO: [ view_end ] --END-- [ RunTime:0.003427s ]

[ 2014-11-20T15:28:43+08:00 ] 127.0.0.1 /My_Child/index.php/Public/code
INFO: [ route_check ] --START--
INFO: CheckRoute Behavior ::run [ RunTime:0.004522s ]
INFO: [ route_check ] --END-- [ RunTime:0.004825s ]
INFO: [ app_begin ] --START--
INFO: ReadHtmlCache Behavior ::run [ RunTime:0.003427s ]
INFO: [ app_begin ] --END-- [ RunTime:0.003685s ]
NOTIC: [8] Use of undefined constant code - assumed 'code' E:\AppServ\www\My_Child\Home\Lib\Action\PublicAction.class.php 第 5 行.

[ 2014-11-20T15:28:45+08:00 ] 127.0.0.1 /My_Child/index.php/Register/reg
INFO: [ route_check ] --START--
INFO: CheckRoute Behavior ::run [ RunTime:0.001785s ]
INFO: [ route_check ] --END-- [ RunTime:0.001989s ]
INFO: [ app_begin ] --START--
INFO: ReadHtmlCache Behavior ::run [ RunTime:0.001471s ]
INFO: [ app_begin ] --END-- [ RunTime:0.001652s ]
INFO: [ view_parse ] --START--
INFO: ParseTemplate Behavior ::run [ RunTime:0.060179s ]
INFO: [ view_parse ] --END-- [ RunTime:0.060410s ]
INFO: [ view_filter ] --START--
INFO: ContentReplace Behavior ::run [ RunTime:0.002122s ]
INFO: TokenBuild Behavior ::run [ RunTime:0.002076s ]
INFO: WriteHtmlCache Behavior ::run [ RunTime:0.001870s ]
INFO: ShowRuntime Behavior ::run [ RunTime:0.002240s ]
INFO: [ view_filter ] --END-- [ RunTime:0.008782s ]
INFO: [ view_end ] --START--
INFO: ShowPageTrace Behavior ::run [ RunTime:0.003014s ]
INFO: [ view_end ] --END-- [ RunTime:0.003188s ]

[ 2014-11-20T15:28:45+08:00 ] 127.0.0.1 /My_Child/index.php/Public/code
INFO: [ route_check ] --START--
INFO: CheckRoute Behavior ::run [ RunTime:0.002125s ]
INFO: [ route_check ] --END-- [ RunTime:0.002325s ]
INFO: [ app_begin ] --START--
INFO: ReadHtmlCache Behavior ::run [ RunTime:0.001368s ]
INFO: [ app_begin ] --END-- [ RunTime:0.001547s ]
NOTIC: [8] Use of undefined constant code - assumed 'code' E:\AppServ\www\My_Child\Home\Lib\Action\PublicAction.class.php 第 5 行.

[ 2014-11-20T15:28:51+08:00 ] 127.0.0.1 /My_Child/index.php/Register/checkName?adminname=admin
INFO: [ route_check ] --START--
INFO: CheckRoute Behavior ::run [ RunTime:0.002037s ]
INFO: [ route_check ] --END-- [ RunTime:0.002256s ]
INFO: [ app_begin ] --START--
INFO: ReadHtmlCache Behavior ::run [ RunTime:0.001700s ]
INFO: [ app_begin ] --END-- [ RunTime:0.001861s ]
SQL: SHOW COLUMNS FROM `tp_manager` [ RunTime:0.019361s ]
SQL: SELECT COUNT(*) AS tp_count FROM `tp_manager` WHERE ( `adminname` = 'admin' ) LIMIT 1   [ RunTime:0.005896s ]

[ 2014-11-20T15:52:07+08:00 ] 127.0.0.1 /My_Child/index.php/Register/reg
INFO: [ route_check ] --START--
INFO: CheckRoute Behavior ::run [ RunTime:0.003344s ]
INFO: [ route_check ] --END-- [ RunTime:0.003554s ]
INFO: [ app_begin ] --START--
INFO: ReadHtmlCache Behavior ::run [ RunTime:0.002433s ]
INFO: [ app_begin ] --END-- [ RunTime:0.002840s ]
INFO: [ view_parse ] --START--
INFO: ParseTemplate Behavior ::run [ RunTime:0.024712s ]
INFO: [ view_parse ] --END-- [ RunTime:0.024929s ]
INFO: [ view_filter ] --START--
INFO: ContentReplace Behavior ::run [ RunTime:0.002947s ]
INFO: TokenBuild Behavior ::run [ RunTime:0.002141s ]
INFO: WriteHtmlCache Behavior ::run [ RunTime:0.001762s ]
INFO: ShowRuntime Behavior ::run [ RunTime:0.003363s ]
INFO: [ view_filter ] --END-- [ RunTime:0.010687s ]
INFO: [ view_end ] --START--
INFO: ShowPageTrace Behavior ::run [ RunTime:0.002655s ]
INFO: [ view_end ] --END-- [ RunTime:0.002812s ]

[ 2014-11-20T15:52:07+08:00 ] 127.0.0.1 /My_Child/index.php/Public/code
INFO: [ route_check ] --START--
INFO: CheckRoute Behavior ::run [ RunTime:0.004243s ]
INFO: [ route_check ] --END-- [ RunTime:0.004467s ]
INFO: [ app_begin ] --START--
INFO: ReadHtmlCache Behavior ::run [ RunTime:0.002426s ]
INFO: [ app_begin ] --END-- [ RunTime:0.002624s ]
NOTIC: [8] Use of undefined constant code - assumed 'code' E:\AppServ\www\My_Child\Home\Lib\Action\PublicAction.class.php 第 5 行.

[ 2014-11-20T15:52:09+08:00 ] 127.0.0.1 /My_Child/index.php/Register/doReg
INFO: [ route_check ] --START--
INFO: CheckRoute Behavior ::run [ RunTime:0.001949s ]
INFO: [ route_check ] --END-- [ RunTime:0.002158s ]
INFO: [ app_begin ] --START--
INFO: ReadHtmlCache Behavior ::run [ RunTime:0.001298s ]
INFO: [ app_begin ] --END-- [ RunTime:0.001464s ]
SQL: SHOW COLUMNS FROM `tp_manager` [ RunTime:0.006410s ]
NOTIC: [8] Undefined variable: data E:\AppServ\www\My_Child\Home\Lib\Action\RegisterAction.class.php 第 28 行.
SQL: INSERT INTO `tp_manager` (`adminname`,`adminpwd`) VALUES ('','') [ RunTime:0.005071s ]
INFO: [ view_parse ] --START--
INFO: ParseTemplate Behavior ::run [ RunTime:0.024918s ]
INFO: [ view_parse ] --END-- [ RunTime:0.025146s ]
INFO: [ view_filter ] --START--
INFO: ContentReplace Behavior ::run [ RunTime:0.002509s ]
INFO: TokenBuild Behavior ::run [ RunTime:0.002330s ]
INFO: WriteHtmlCache Behavior ::run [ RunTime:0.001734s ]
INFO: ShowRuntime Behavior ::run [ RunTime:0.002135s ]
INFO: [ view_filter ] --END-- [ RunTime:0.009206s ]
INFO: [ view_end ] --START--
INFO: ShowPageTrace Behavior ::run [ RunTime:0.002500s ]
INFO: [ view_end ] --END-- [ RunTime:0.002660s ]

[ 2014-11-20T15:52:10+08:00 ] 127.0.0.1 /My_Child/index.php/Index/index.html
INFO: [ route_check ] --START--
INFO: CheckRoute Behavior ::run [ RunTime:0.001866s ]
INFO: [ route_check ] --END-- [ RunTime:0.002074s ]
INFO: [ app_begin ] --START--
INFO: ReadHtmlCache Behavior ::run [ RunTime:0.001143s ]
INFO: [ app_begin ] --END-- [ RunTime:0.001302s ]

[ 2014-11-20T15:52:10+08:00 ] 127.0.0.1 /My_Child/index.php/Login/login.html
INFO: [ route_check ] --START--
INFO: CheckRoute Behavior ::run [ RunTime:0.001860s ]
INFO: [ route_check ] --END-- [ RunTime:0.002065s ]
INFO: [ app_begin ] --START--
INFO: ReadHtmlCache Behavior ::run [ RunTime:0.001211s ]
INFO: [ app_begin ] --END-- [ RunTime:0.001397s ]
INFO: [ view_parse ] --START--
INFO: ParseTemplate Behavior ::run [ RunTime:0.018054s ]
INFO: [ view_parse ] --END-- [ RunTime:0.018295s ]
INFO: [ view_filter ] --START--
INFO: ContentReplace Behavior ::run [ RunTime:0.000818s ]
INFO: TokenBuild Behavior ::run [ RunTime:0.001152s ]
INFO: WriteHtmlCache Behavior ::run [ RunTime:0.000688s ]
INFO: ShowRuntime Behavior ::run [ RunTime:0.001113s ]
INFO: [ view_filter ] --END-- [ RunTime:0.004212s ]
INFO: [ view_end ] --START--
INFO: ShowPageTrace Behavior ::run [ RunTime:0.001361s ]
INFO: [ view_end ] --END-- [ RunTime:0.001525s ]

[ 2014-11-20T15:52:10+08:00 ] 127.0.0.1 /My_Child/index.php/Public/code
INFO: [ route_check ] --START--
INFO: CheckRoute Behavior ::run [ RunTime:0.001651s ]
INFO: [ route_check ] --END-- [ RunTime:0.001838s ]
INFO: [ app_begin ] --START--
INFO: ReadHtmlCache Behavior ::run [ RunTime:0.001100s ]
INFO: [ app_begin ] --END-- [ RunTime:0.001248s ]
NOTIC: [8] Use of undefined constant code - assumed 'code' E:\AppServ\www\My_Child\Home\Lib\Action\PublicAction.class.php 第 5 行.

[ 2014-11-20T15:52:11+08:00 ] 127.0.0.1 /My_Child/index.php/Register/reg
INFO: [ route_check ] --START--
INFO: CheckRoute Behavior ::run [ RunTime:0.002590s ]
INFO: [ route_check ] --END-- [ RunTime:0.002815s ]
INFO: [ app_begin ] --START--
INFO: ReadHtmlCache Behavior ::run [ RunTime:0.001417s ]
INFO: [ app_begin ] --END-- [ RunTime:0.001608s ]
INFO: [ view_parse ] --START--
INFO: ParseTemplate Behavior ::run [ RunTime:0.018425s ]
INFO: [ view_parse ] --END-- [ RunTime:0.018658s ]
INFO: [ view_filter ] --START--
INFO: ContentReplace Behavior ::run [ RunTime:0.001278s ]
INFO: TokenBuild Behavior ::run [ RunTime:0.000790s ]
INFO: WriteHtmlCache Behavior ::run [ RunTime:0.000537s ]
INFO: ShowRuntime Behavior ::run [ RunTime:0.000948s ]
INFO: [ view_filter ] --END-- [ RunTime:0.004006s ]
INFO: [ view_end ] --START--
INFO: ShowPageTrace Behavior ::run [ RunTime:0.001336s ]
INFO: [ view_end ] --END-- [ RunTime:0.001508s ]

[ 2014-11-20T15:52:11+08:00 ] 127.0.0.1 /My_Child/index.php/Public/code
INFO: [ route_check ] --START--
INFO: CheckRoute Behavior ::run [ RunTime:0.002461s ]
INFO: [ route_check ] --END-- [ RunTime:0.002675s ]
INFO: [ app_begin ] --START--
INFO: ReadHtmlCache Behavior ::run [ RunTime:0.001177s ]
INFO: [ app_begin ] --END-- [ RunTime:0.001338s ]
NOTIC: [8] Use of undefined constant code - assumed 'code' E:\AppServ\www\My_Child\Home\Lib\Action\PublicAction.class.php 第 5 行.

[ 2014-11-20T15:52:17+08:00 ] 127.0.0.1 /My_Child/index.php/Register/doReg
INFO: [ route_check ] --START--
INFO: CheckRoute Behavior ::run [ RunTime:0.001880s ]
INFO: [ route_check ] --END-- [ RunTime:0.002157s ]
INFO: [ app_begin ] --START--
INFO: ReadHtmlCache Behavior ::run [ RunTime:0.001352s ]
INFO: [ app_begin ] --END-- [ RunTime:0.001593s ]
SQL: SHOW COLUMNS FROM `tp_manager` [ RunTime:0.006288s ]
NOTIC: [8] Undefined variable: data E:\AppServ\www\My_Child\Home\Lib\Action\RegisterAction.class.php 第 28 行.
SQL: INSERT INTO `tp_manager` (`adminname`,`adminpwd`) VALUES ('','') [ RunTime:0.001519s ]
INFO: [ view_parse ] --START--
INFO: ParseTemplate Behavior ::run [ RunTime:0.017495s ]
INFO: [ view_parse ] --END-- [ RunTime:0.017701s ]
INFO: [ view_filter ] --START--
INFO: ContentReplace Behavior ::run [ RunTime:0.000682s ]
INFO: TokenBuild Behavior ::run [ RunTime:0.000767s ]
INFO: WriteHtmlCache Behavior ::run [ RunTime:0.000564s ]
INFO: ShowRuntime Behavior ::run [ RunTime:0.000894s ]
INFO: [ view_filter ] --END-- [ RunTime:0.003305s ]
INFO: [ view_end ] --START--
INFO: ShowPageTrace Behavior ::run [ RunTime:0.001237s ]
INFO: [ view_end ] --END-- [ RunTime:0.001380s ]

[ 2014-11-20T15:52:18+08:00 ] 127.0.0.1 /My_Child/index.php/Index/index.html
INFO: [ route_check ] --START--
INFO: CheckRoute Behavior ::run [ RunTime:0.002266s ]
INFO: [ route_check ] --END-- [ RunTime:0.002481s ]
INFO: [ app_begin ] --START--
INFO: ReadHtmlCache Behavior ::run [ RunTime:0.001157s ]
INFO: [ app_begin ] --END-- [ RunTime:0.001323s ]

[ 2014-11-20T15:52:18+08:00 ] 127.0.0.1 /My_Child/index.php/Login/login.html
INFO: [ route_check ] --START--
INFO: CheckRoute Behavior ::run [ RunTime:0.001892s ]
INFO: [ route_check ] --END-- [ RunTime:0.002112s ]
INFO: [ app_begin ] --START--
INFO: ReadHtmlCache Behavior ::run [ RunTime:0.001245s ]
INFO: [ app_begin ] --END-- [ RunTime:0.001419s ]
INFO: [ view_parse ] --START--
INFO: ParseTemplate Behavior ::run [ RunTime:0.017101s ]
INFO: [ view_parse ] --END-- [ RunTime:0.019306s ]
INFO: [ view_filter ] --START--
INFO: ContentReplace Behavior ::run [ RunTime:0.000913s ]
INFO: TokenBuild Behavior ::run [ RunTime:0.000907s ]
INFO: WriteHtmlCache Behavior ::run [ RunTime:0.000597s ]
INFO: ShowRuntime Behavior ::run [ RunTime:0.001048s ]
INFO: [ view_filter ] --END-- [ RunTime:0.003908s ]
INFO: [ view_end ] --START--
INFO: ShowPageTrace Behavior ::run [ RunTime:0.001273s ]
INFO: [ view_end ] --END-- [ RunTime:0.001428s ]

[ 2014-11-20T15:52:18+08:00 ] 127.0.0.1 /My_Child/index.php/Public/code
INFO: [ route_check ] --START--
INFO: CheckRoute Behavior ::run [ RunTime:0.009059s ]
INFO: [ route_check ] --END-- [ RunTime:0.009279s ]
INFO: [ app_begin ] --START--
INFO: ReadHtmlCache Behavior ::run [ RunTime:0.002137s ]
INFO: [ app_begin ] --END-- [ RunTime:0.002333s ]
NOTIC: [8] Use of undefined constant code - assumed 'code' E:\AppServ\www\My_Child\Home\Lib\Action\PublicAction.class.php 第 5 行.

[ 2014-11-20T15:52:22+08:00 ] 127.0.0.1 /My_Child/index.php/Login/doLogin
INFO: [ route_check ] --START--
INFO: CheckRoute Behavior ::run [ RunTime:0.007005s ]
INFO: [ route_check ] --END-- [ RunTime:0.007242s ]
INFO: [ app_begin ] --START--
INFO: ReadHtmlCache Behavior ::run [ RunTime:0.002673s ]
INFO: [ app_begin ] --END-- [ RunTime:0.002861s ]
NOTIC: [8] Undefined index:  adminpwd E:\AppServ\www\My_Child\Home\Lib\Action\LoginAction.class.php 第 9 行.
INFO: [ view_parse ] --START--
INFO: ParseTemplate Behavior ::run [ RunTime:0.019351s ]
INFO: [ view_parse ] --END-- [ RunTime:0.019579s ]
INFO: [ view_filter ] --START--
INFO: ContentReplace Behavior ::run [ RunTime:0.000873s ]
INFO: TokenBuild Behavior ::run [ RunTime:0.000844s ]
INFO: WriteHtmlCache Behavior ::run [ RunTime:0.000568s ]
INFO: ShowRuntime Behavior ::run [ RunTime:0.001031s ]
INFO: [ view_filter ] --END-- [ RunTime:0.003767s ]
INFO: [ view_end ] --START--
INFO: ShowPageTrace Behavior ::run [ RunTime:0.001281s ]
INFO: [ view_end ] --END-- [ RunTime:0.001434s ]

[ 2014-11-20T15:52:29+08:00 ] 127.0.0.1 /My_Child/index.php/Login/doLogin
INFO: [ route_check ] --START--
INFO: CheckRoute Behavior ::run [ RunTime:0.004633s ]
INFO: [ route_check ] --END-- [ RunTime:0.004851s ]
INFO: [ app_begin ] --START--
INFO: ReadHtmlCache Behavior ::run [ RunTime:0.003791s ]
INFO: [ app_begin ] --END-- [ RunTime:0.003991s ]
NOTIC: [8] Undefined index:  adminpwd E:\AppServ\www\My_Child\Home\Lib\Action\LoginAction.class.php 第 9 行.
SQL: SHOW COLUMNS FROM `tp_manager` [ RunTime:0.007975s ]
SQL: SELECT `adminid` FROM `tp_manager` WHERE ( `adminname` = '' ) LIMIT 1   [ RunTime:0.002163s ]
NOTIC: [8] A session had already been started - ignoring session_start() E:\AppServ\www\My_Child\Home\Lib\Action\LoginAction.class.php 第 20 行.
NOTIC: [8] Undefined index:  id E:\AppServ\www\My_Child\Home\Lib\Action\LoginAction.class.php 第 22 行.
INFO: [ view_parse ] --START--
INFO: ParseTemplate Behavior ::run [ RunTime:0.046010s ]
INFO: [ view_parse ] --END-- [ RunTime:0.046229s ]
INFO: [ view_filter ] --START--
INFO: ContentReplace Behavior ::run [ RunTime:0.003485s ]
INFO: TokenBuild Behavior ::run [ RunTime:0.003485s ]
INFO: WriteHtmlCache Behavior ::run [ RunTime:0.002967s ]
INFO: ShowRuntime Behavior ::run [ RunTime:0.003383s ]
INFO: [ view_filter ] --END-- [ RunTime:0.013798s ]
INFO: [ view_end ] --START--
INFO: ShowPageTrace Behavior ::run [ RunTime:0.004025s ]
INFO: [ view_end ] --END-- [ RunTime:0.004200s ]

[ 2014-11-20T15:52:30+08:00 ] 127.0.0.1 /My_Child/index.php/Index/index.html
INFO: [ route_check ] --START--
INFO: CheckRoute Behavior ::run [ RunTime:0.004139s ]
INFO: [ route_check ] --END-- [ RunTime:0.004353s ]
INFO: [ app_begin ] --START--
INFO: ReadHtmlCache Behavior ::run [ RunTime:0.003603s ]
INFO: [ app_begin ] --END-- [ RunTime:0.003780s ]

[ 2014-11-20T15:52:30+08:00 ] 127.0.0.1 /My_Child/index.php/Login/login.html
INFO: [ route_check ] --START--
INFO: CheckRoute Behavior ::run [ RunTime:0.004527s ]
INFO: [ route_check ] --END-- [ RunTime:0.004741s ]
INFO: [ app_begin ] --START--
INFO: ReadHtmlCache Behavior ::run [ RunTime:0.003729s ]
INFO: [ app_begin ] --END-- [ RunTime:0.003921s ]
INFO: [ view_parse ] --START--
INFO: ParseTemplate Behavior ::run [ RunTime:0.028433s ]
INFO: [ view_parse ] --END-- [ RunTime:0.028656s ]
INFO: [ view_filter ] --START--
INFO: ContentReplace Behavior ::run [ RunTime:0.003320s ]
INFO: TokenBuild Behavior ::run [ RunTime:0.003258s ]
INFO: WriteHtmlCache Behavior ::run [ RunTime:0.003280s ]
INFO: ShowRuntime Behavior ::run [ RunTime:0.003625s ]
INFO: [ view_filter ] --END-- [ RunTime:0.013971s ]
INFO: [ view_end ] --START--
INFO: ShowPageTrace Behavior ::run [ RunTime:0.003679s ]
INFO: [ view_end ] --END-- [ RunTime:0.003842s ]

[ 2014-11-20T15:52:31+08:00 ] 127.0.0.1 /My_Child/index.php/Public/code
INFO: [ route_check ] --START--
INFO: CheckRoute Behavior ::run [ RunTime:0.004204s ]
INFO: [ route_check ] --END-- [ RunTime:0.004428s ]
INFO: [ app_begin ] --START--
INFO: ReadHtmlCache Behavior ::run [ RunTime:0.003541s ]
INFO: [ app_begin ] --END-- [ RunTime:0.003770s ]
NOTIC: [8] Use of undefined constant code - assumed 'code' E:\AppServ\www\My_Child\Home\Lib\Action\PublicAction.class.php 第 5 行.

[ 2014-11-20T17:41:35+08:00 ] 127.0.0.1 /My_Child/index.php/Question/
INFO: [ route_check ] --START--
INFO: CheckRoute Behavior ::run [ RunTime:0.004083s ]
INFO: [ route_check ] --END-- [ RunTime:0.004318s ]
INFO: [ app_begin ] --START--
INFO: ReadHtmlCache Behavior ::run [ RunTime:0.004219s ]
INFO: [ app_begin ] --END-- [ RunTime:0.004442s ]
ERR: 非法操作:index

[ 2014-11-20T17:41:40+08:00 ] 127.0.0.1 /My_Child/index.php/Login/login.html
INFO: [ route_check ] --START--
INFO: CheckRoute Behavior ::run [ RunTime:0.005087s ]
INFO: [ route_check ] --END-- [ RunTime:0.005323s ]
INFO: [ app_begin ] --START--
INFO: ReadHtmlCache Behavior ::run [ RunTime:0.004314s ]
INFO: [ app_begin ] --END-- [ RunTime:0.004907s ]
INFO: [ view_parse ] --START--
INFO: ParseTemplate Behavior ::run [ RunTime:0.056730s ]
INFO: [ view_parse ] --END-- [ RunTime:0.056972s ]
INFO: [ view_filter ] --START--
INFO: ContentReplace Behavior ::run [ RunTime:0.003393s ]
INFO: TokenBuild Behavior ::run [ RunTime:0.003207s ]
INFO: WriteHtmlCache Behavior ::run [ RunTime:0.002974s ]
INFO: ShowRuntime Behavior ::run [ RunTime:0.003334s ]
INFO: [ view_filter ] --END-- [ RunTime:0.013374s ]
INFO: [ view_end ] --START--
INFO: ShowPageTrace Behavior ::run [ RunTime:0.003938s ]
INFO: [ view_end ] --END-- [ RunTime:0.004106s ]

[ 2014-11-20T17:41:40+08:00 ] 127.0.0.1 /My_Child/index.php/Public/code
INFO: [ route_check ] --START--
INFO: CheckRoute Behavior ::run [ RunTime:0.004331s ]
INFO: [ route_check ] --END-- [ RunTime:0.004556s ]
INFO: [ app_begin ] --START--
INFO: ReadHtmlCache Behavior ::run [ RunTime:0.003758s ]
INFO: [ app_begin ] --END-- [ RunTime:0.003967s ]
NOTIC: [8] Use of undefined constant code - assumed 'code' E:\AppServ\www\My_Child\Home\Lib\Action\PublicAction.class.php 第 5 行.

[ 2014-11-20T17:41:51+08:00 ] 127.0.0.1 /My_Child/index.php/Login/doLogin
INFO: [ route_check ] --START--
INFO: CheckRoute Behavior ::run [ RunTime:0.004824s ]
INFO: [ route_check ] --END-- [ RunTime:0.005034s ]
INFO: [ app_begin ] --START--
INFO: ReadHtmlCache Behavior ::run [ RunTime:0.003513s ]
INFO: [ app_begin ] --END-- [ RunTime:0.003686s ]
NOTIC: [8] Undefined index:  adminpwd E:\AppServ\www\My_Child\Home\Lib\Action\LoginAction.class.php 第 9 行.
SQL: SHOW COLUMNS FROM `tp_manager` [ RunTime:0.006244s ]
SQL: SELECT `adminid` FROM `tp_manager` WHERE ( `adminname` = 'admin' ) LIMIT 1   [ RunTime:0.001428s ]
NOTIC: [8] A session had already been started - ignoring session_start() E:\AppServ\www\My_Child\Home\Lib\Action\LoginAction.class.php 第 20 行.
NOTIC: [8] Undefined index:  id E:\AppServ\www\My_Child\Home\Lib\Action\LoginAction.class.php 第 22 行.
INFO: [ view_parse ] --START--
INFO: ParseTemplate Behavior ::run [ RunTime:0.029917s ]
INFO: [ view_parse ] --END-- [ RunTime:0.030163s ]
INFO: [ view_filter ] --START--
INFO: ContentReplace Behavior ::run [ RunTime:0.003180s ]
INFO: TokenBuild Behavior ::run [ RunTime:0.003438s ]
INFO: WriteHtmlCache Behavior ::run [ RunTime:0.003322s ]
INFO: ShowRuntime Behavior ::run [ RunTime:0.003433s ]
INFO: [ view_filter ] --END-- [ RunTime:0.013873s ]
INFO: [ view_end ] --START--
INFO: ShowPageTrace Behavior ::run [ RunTime:0.003935s ]
INFO: [ view_end ] --END-- [ RunTime:0.004103s ]

[ 2014-11-20T17:41:53+08:00 ] 127.0.0.1 /My_Child/index.php/Index/index.html
INFO: [ route_check ] --START--
INFO: CheckRoute Behavior ::run [ RunTime:0.004767s ]
INFO: [ route_check ] --END-- [ RunTime:0.005001s ]
INFO: [ app_begin ] --START--
INFO: ReadHtmlCache Behavior ::run [ RunTime:0.003558s ]
INFO: [ app_begin ] --END-- [ RunTime:0.003772s ]
INFO: [ view_parse ] --START--
NOTIC: [8] Undefined index:  type_link E:\AppServ\www\My_Child\Home\Runtime\Cache\7e4848229090366086cc7eeb3bfc0798.php 第 26 行.
INFO: ParseTemplate Behavior ::run [ RunTime:0.043773s ]
INFO: [ view_parse ] --END-- [ RunTime:0.044001s ]
INFO: [ view_filter ] --START--
INFO: ContentReplace Behavior ::run [ RunTime:0.002891s ]
INFO: TokenBuild Behavior ::run [ RunTime:0.003114s ]
INFO: WriteHtmlCache Behavior ::run [ RunTime:0.002787s ]
INFO: ShowRuntime Behavior ::run [ RunTime:0.003541s ]
INFO: [ view_filter ] --END-- [ RunTime:0.012952s ]
INFO: [ view_end ] --START--
INFO: ShowPageTrace Behavior ::run [ RunTime:0.003292s ]
INFO: [ view_end ] --END-- [ RunTime:0.003439s ]

[ 2014-11-20T17:48:36+08:00 ] 127.0.0.1 /My_Child/index.php/Index/index.html
INFO: [ route_check ] --START--
INFO: CheckRoute Behavior ::run [ RunTime:0.004327s ]
INFO: [ route_check ] --END-- [ RunTime:0.004538s ]
INFO: [ app_begin ] --START--
INFO: ReadHtmlCache Behavior ::run [ RunTime:0.003473s ]
INFO: [ app_begin ] --END-- [ RunTime:0.003641s ]
INFO: [ view_parse ] --START--
NOTIC: [8] Undefined index:  type_link E:\AppServ\www\My_Child\Home\Runtime\Cache\7e4848229090366086cc7eeb3bfc0798.php 第 25 行.
NOTIC: [8] Undefined variable: result E:\AppServ\www\My_Child\Home\Runtime\Cache\7e4848229090366086cc7eeb3bfc0798.php 第 168 行.
NOTIC: [8] Undefined variable: result E:\AppServ\www\My_Child\Home\Runtime\Cache\7e4848229090366086cc7eeb3bfc0798.php 第 169 行.
NOTIC: [8] Undefined variable: result E:\AppServ\www\My_Child\Home\Runtime\Cache\7e4848229090366086cc7eeb3bfc0798.php 第 170 行.
NOTIC: [8] Undefined variable: result E:\AppServ\www\My_Child\Home\Runtime\Cache\7e4848229090366086cc7eeb3bfc0798.php 第 171 行.
INFO: ParseTemplate Behavior ::run [ RunTime:0.040173s ]
INFO: [ view_parse ] --END-- [ RunTime:0.040360s ]
INFO: [ view_filter ] --START--
INFO: ContentReplace Behavior ::run [ RunTime:0.003052s ]
INFO: TokenBuild Behavior ::run [ RunTime:0.003300s ]
INFO: WriteHtmlCache Behavior ::run [ RunTime:0.002961s ]
INFO: ShowRuntime Behavior ::run [ RunTime:0.003337s ]
INFO: [ view_filter ] --END-- [ RunTime:0.013201s ]
INFO: [ view_end ] --START--
INFO: ShowPageTrace Behavior ::run [ RunTime:0.003584s ]
INFO: [ view_end ] --END-- [ RunTime:0.003742s ]

[ 2014-11-20T23:16:02+08:00 ] 127.0.0.1 /My_Child/index.php/Question/look_LB
INFO: [ route_check ] --START--
INFO: CheckRoute Behavior ::run [ RunTime:0.004223s ]
INFO: [ route_check ] --END-- [ RunTime:0.004444s ]
INFO: [ app_begin ] --START--
INFO: ReadHtmlCache Behavior ::run [ RunTime:0.003665s ]
INFO: [ app_begin ] --END-- [ RunTime:0.003865s ]
ERR: 非法操作:look_LB

[ 2014-11-20T23:16:06+08:00 ] 127.0.0.1 /My_Child/index.php/Login/login.html
INFO: [ route_check ] --START--
INFO: CheckRoute Behavior ::run [ RunTime:0.006153s ]
INFO: [ route_check ] --END-- [ RunTime:0.006465s ]
INFO: [ app_begin ] --START--
INFO: ReadHtmlCache Behavior ::run [ RunTime:0.003933s ]
INFO: [ app_begin ] --END-- [ RunTime:0.004150s ]
INFO: [ view_parse ] --START--
INFO: ParseTemplate Behavior ::run [ RunTime:0.033935s ]
INFO: [ view_parse ] --END-- [ RunTime:0.034171s ]
INFO: [ view_filter ] --START--
INFO: ContentReplace Behavior ::run [ RunTime:0.003746s ]
INFO: TokenBuild Behavior ::run [ RunTime:0.003619s ]
INFO: WriteHtmlCache Behavior ::run [ RunTime:0.004183s ]
INFO: ShowRuntime Behavior ::run [ RunTime:0.003832s ]
INFO: [ view_filter ] --END-- [ RunTime:0.015869s ]
INFO: [ view_end ] --START--
INFO: ShowPageTrace Behavior ::run [ RunTime:0.004206s ]
INFO: [ view_end ] --END-- [ RunTime:0.004375s ]

[ 2014-11-20T23:16:06+08:00 ] 127.0.0.1 /My_Child/index.php/Public/code
INFO: [ route_check ] --START--
INFO: CheckRoute Behavior ::run [ RunTime:0.003962s ]
INFO: [ route_check ] --END-- [ RunTime:0.004203s ]
INFO: [ app_begin ] --START--
INFO: ReadHtmlCache Behavior ::run [ RunTime:0.003182s ]
INFO: [ app_begin ] --END-- [ RunTime:0.003363s ]
NOTIC: [8] Use of undefined constant code - assumed 'code' E:\AppServ\www\My_Child\Home\Lib\Action\PublicAction.class.php 第 5 行.

[ 2014-11-20T23:16:11+08:00 ] 127.0.0.1 /My_Child/index.php/Login/doLogin
INFO: [ route_check ] --START--
INFO: CheckRoute Behavior ::run [ RunTime:0.004672s ]
INFO: [ route_check ] --END-- [ RunTime:0.004893s ]
INFO: [ app_begin ] --START--
INFO: ReadHtmlCache Behavior ::run [ RunTime:0.003398s ]
INFO: [ app_begin ] --END-- [ RunTime:0.003569s ]
NOTIC: [8] Undefined index:  adminpwd E:\AppServ\www\My_Child\Home\Lib\Action\LoginAction.class.php 第 9 行.
SQL: SHOW COLUMNS FROM `tp_manager` [ RunTime:0.005643s ]
SQL: SELECT `adminid` FROM `tp_manager` WHERE ( `adminname` = '' ) LIMIT 1   [ RunTime:0.001068s ]
NOTIC: [8] A session had already been started - ignoring session_start() E:\AppServ\www\My_Child\Home\Lib\Action\LoginAction.class.php 第 20 行.
NOTIC: [8] Undefined index:  id E:\AppServ\www\My_Child\Home\Lib\Action\LoginAction.class.php 第 22 行.
INFO: [ view_parse ] --START--
INFO: ParseTemplate Behavior ::run [ RunTime:0.030693s ]
INFO: [ view_parse ] --END-- [ RunTime:0.030988s ]
INFO: [ view_filter ] --START--
INFO: ContentReplace Behavior ::run [ RunTime:0.003506s ]
INFO: TokenBuild Behavior ::run [ RunTime:0.003602s ]
INFO: WriteHtmlCache Behavior ::run [ RunTime:0.003305s ]
INFO: ShowRuntime Behavior ::run [ RunTime:0.003399s ]
INFO: [ view_filter ] --END-- [ RunTime:0.014295s ]
INFO: [ view_end ] --START--
INFO: ShowPageTrace Behavior ::run [ RunTime:0.003690s ]
INFO: [ view_end ] --END-- [ RunTime:0.003859s ]

[ 2014-11-20T23:16:12+08:00 ] 127.0.0.1 /My_Child/index.php/Index/index.html
INFO: [ route_check ] --START--
INFO: CheckRoute Behavior ::run [ RunTime:0.004737s ]
INFO: [ route_check ] --END-- [ RunTime:0.004988s ]
INFO: [ app_begin ] --START--
INFO: ReadHtmlCache Behavior ::run [ RunTime:0.003991s ]
INFO: [ app_begin ] --END-- [ RunTime:0.004200s ]

[ 2014-11-20T23:16:12+08:00 ] 127.0.0.1 /My_Child/index.php/Login/login.html
INFO: [ route_check ] --START--
INFO: CheckRoute Behavior ::run [ RunTime:0.004148s ]
INFO: [ route_check ] --END-- [ RunTime:0.004420s ]
INFO: [ app_begin ] --START--
INFO: ReadHtmlCache Behavior ::run [ RunTime:0.003824s ]
INFO: [ app_begin ] --END-- [ RunTime:0.004017s ]
INFO: [ view_parse ] --START--
INFO: ParseTemplate Behavior ::run [ RunTime:0.027888s ]
INFO: [ view_parse ] --END-- [ RunTime:0.028104s ]
INFO: [ view_filter ] --START--
INFO: ContentReplace Behavior ::run [ RunTime:0.003031s ]
INFO: TokenBuild Behavior ::run [ RunTime:0.003285s ]
INFO: WriteHtmlCache Behavior ::run [ RunTime:0.002818s ]
INFO: ShowRuntime Behavior ::run [ RunTime:0.003430s ]
INFO: [ view_filter ] --END-- [ RunTime:0.013023s ]
INFO: [ view_end ] --START--
INFO: ShowPageTrace Behavior ::run [ RunTime:0.003847s ]
INFO: [ view_end ] --END-- [ RunTime:0.004021s ]

[ 2014-11-20T23:16:12+08:00 ] 127.0.0.1 /My_Child/index.php/Public/code
INFO: [ route_check ] --START--
INFO: CheckRoute Behavior ::run [ RunTime:0.006457s ]
INFO: [ route_check ] --END-- [ RunTime:0.006710s ]
INFO: [ app_begin ] --START--
INFO: ReadHtmlCache Behavior ::run [ RunTime:0.003217s ]
INFO: [ app_begin ] --END-- [ RunTime:0.003397s ]
NOTIC: [8] Use of undefined constant code - assumed 'code' E:\AppServ\www\My_Child\Home\Lib\Action\PublicAction.class.php 第 5 行.

[ 2014-11-20T23:16:32+08:00 ] 127.0.0.1 /My_Child/index.php/Login/doLogin
INFO: [ route_check ] --START--
INFO: CheckRoute Behavior ::run [ RunTime:0.004669s ]
INFO: [ route_check ] --END-- [ RunTime:0.004893s ]
INFO: [ app_begin ] --START--
INFO: ReadHtmlCache Behavior ::run [ RunTime:0.003500s ]
INFO: [ app_begin ] --END-- [ RunTime:0.003671s ]
NOTIC: [8] Undefined index:  adminpwd E:\AppServ\www\My_Child\Home\Lib\Action\LoginAction.class.php 第 9 行.
SQL: SHOW COLUMNS FROM `tp_manager` [ RunTime:0.004912s ]
SQL: SELECT `adminid` FROM `tp_manager` WHERE ( `adminname` = 'admin' ) LIMIT 1   [ RunTime:0.001668s ]
NOTIC: [8] A session had already been started - ignoring session_start() E:\AppServ\www\My_Child\Home\Lib\Action\LoginAction.class.php 第 20 行.
NOTIC: [8] Undefined index:  id E:\AppServ\www\My_Child\Home\Lib\Action\LoginAction.class.php 第 22 行.
INFO: [ view_parse ] --START--
INFO: ParseTemplate Behavior ::run [ RunTime:0.028829s ]
INFO: [ view_parse ] --END-- [ RunTime:0.029056s ]
INFO: [ view_filter ] --START--
INFO: ContentReplace Behavior ::run [ RunTime:0.003060s ]
INFO: TokenBuild Behavior ::run [ RunTime:0.003253s ]
INFO: WriteHtmlCache Behavior ::run [ RunTime:0.002857s ]
INFO: ShowRuntime Behavior ::run [ RunTime:0.004262s ]
INFO: [ view_filter ] --END-- [ RunTime:0.013891s ]
INFO: [ view_end ] --START--
INFO: ShowPageTrace Behavior ::run [ RunTime:0.003551s ]
INFO: [ view_end ] --END-- [ RunTime:0.003725s ]

[ 2014-11-20T23:16:34+08:00 ] 127.0.0.1 /My_Child/index.php/Index/index.html
INFO: [ route_check ] --START--
INFO: CheckRoute Behavior ::run [ RunTime:0.004826s ]
INFO: [ route_check ] --END-- [ RunTime:0.005050s ]
INFO: [ app_begin ] --START--
INFO: ReadHtmlCache Behavior ::run [ RunTime:0.003431s ]
INFO: [ app_begin ] --END-- [ RunTime:0.003615s ]
INFO: [ view_parse ] --START--
NOTIC: [8] Undefined index:  type_link E:\AppServ\www\My_Child\Home\Runtime\Cache\7e4848229090366086cc7eeb3bfc0798.php 第 25 行.
NOTIC: [8] Undefined variable: result E:\AppServ\www\My_Child\Home\Runtime\Cache\7e4848229090366086cc7eeb3bfc0798.php 第 168 行.
NOTIC: [8] Undefined variable: result E:\AppServ\www\My_Child\Home\Runtime\Cache\7e4848229090366086cc7eeb3bfc0798.php 第 169 行.
NOTIC: [8] Undefined variable: result E:\AppServ\www\My_Child\Home\Runtime\Cache\7e4848229090366086cc7eeb3bfc0798.php 第 170 行.
NOTIC: [8] Undefined variable: result E:\AppServ\www\My_Child\Home\Runtime\Cache\7e4848229090366086cc7eeb3bfc0798.php 第 171 行.
INFO: ParseTemplate Behavior ::run [ RunTime:0.043403s ]
INFO: [ view_parse ] --END-- [ RunTime:0.043599s ]
INFO: [ view_filter ] --START--
INFO: ContentReplace Behavior ::run [ RunTime:0.003182s ]
INFO: TokenBuild Behavior ::run [ RunTime:0.003428s ]
INFO: WriteHtmlCache Behavior ::run [ RunTime:0.002878s ]
INFO: ShowRuntime Behavior ::run [ RunTime:0.003378s ]
INFO: [ view_filter ] --END-- [ RunTime:0.013924s ]
INFO: [ view_end ] --START--
INFO: ShowPageTrace Behavior ::run [ RunTime:0.003809s ]
INFO: [ view_end ] --END-- [ RunTime:0.003988s ]

[ 2014-11-20T23:16:37+08:00 ] 127.0.0.1 /My_Child/index.php/Index?type_link=2
INFO: [ route_check ] --START--
INFO: CheckRoute Behavior ::run [ RunTime:0.004069s ]
INFO: [ route_check ] --END-- [ RunTime:0.004272s ]
INFO: [ app_begin ] --START--
INFO: ReadHtmlCache Behavior ::run [ RunTime:0.003459s ]
INFO: [ app_begin ] --END-- [ RunTime:0.003627s ]
INFO: [ view_parse ] --START--
NOTIC: [8] Undefined variable: result E:\AppServ\www\My_Child\Home\Runtime\Cache\7e4848229090366086cc7eeb3bfc0798.php 第 168 行.
NOTIC: [8] Undefined variable: result E:\AppServ\www\My_Child\Home\Runtime\Cache\7e4848229090366086cc7eeb3bfc0798.php 第 169 行.
NOTIC: [8] Undefined variable: result E:\AppServ\www\My_Child\Home\Runtime\Cache\7e4848229090366086cc7eeb3bfc0798.php 第 170 行.
NOTIC: [8] Undefined variable: result E:\AppServ\www\My_Child\Home\Runtime\Cache\7e4848229090366086cc7eeb3bfc0798.php 第 171 行.
INFO: ParseTemplate Behavior ::run [ RunTime:0.036991s ]
INFO: [ view_parse ] --END-- [ RunTime:0.037170s ]
INFO: [ view_filter ] --START--
INFO: ContentReplace Behavior ::run [ RunTime:0.002989s ]
INFO: TokenBuild Behavior ::run [ RunTime:0.004032s ]
INFO: WriteHtmlCache Behavior ::run [ RunTime:0.002843s ]
INFO: ShowRuntime Behavior ::run [ RunTime:0.002910s ]
INFO: [ view_filter ] --END-- [ RunTime:0.013220s ]
INFO: [ view_end ] --START--
INFO: ShowPageTrace Behavior ::run [ RunTime:0.003214s ]
INFO: [ view_end ] --END-- [ RunTime:0.003367s ]

[ 2014-11-20T23:16:51+08:00 ] 127.0.0.1 /My_Child/index.php/Index?type_link=2
INFO: [ route_check ] --START--
INFO: CheckRoute Behavior ::run [ RunTime:0.003985s ]
INFO: [ route_check ] --END-- [ RunTime:0.004187s ]
INFO: [ app_begin ] --START--
INFO: ReadHtmlCache Behavior ::run [ RunTime:0.003573s ]
INFO: [ app_begin ] --END-- [ RunTime:0.003746s ]
INFO: [ view_parse ] --START--
NOTIC: [8] Undefined variable: result E:\AppServ\www\My_Child\Home\Runtime\Cache\7e4848229090366086cc7eeb3bfc0798.php 第 168 行.
NOTIC: [8] Undefined variable: result E:\AppServ\www\My_Child\Home\Runtime\Cache\7e4848229090366086cc7eeb3bfc0798.php 第 169 行.
NOTIC: [8] Undefined variable: result E:\AppServ\www\My_Child\Home\Runtime\Cache\7e4848229090366086cc7eeb3bfc0798.php 第 170 行.
NOTIC: [8] Undefined variable: result E:\AppServ\www\My_Child\Home\Runtime\Cache\7e4848229090366086cc7eeb3bfc0798.php 第 171 行.
INFO: ParseTemplate Behavior ::run [ RunTime:0.043113s ]
INFO: [ view_parse ] --END-- [ RunTime:0.043312s ]
INFO: [ view_filter ] --START--
INFO: ContentReplace Behavior ::run [ RunTime:0.003249s ]
INFO: TokenBuild Behavior ::run [ RunTime:0.003040s ]
INFO: WriteHtmlCache Behavior ::run [ RunTime:0.003268s ]
INFO: ShowRuntime Behavior ::run [ RunTime:0.003964s ]
INFO: [ view_filter ] --END-- [ RunTime:0.014062s ]
INFO: [ view_end ] --START--
INFO: ShowPageTrace Behavior ::run [ RunTime:0.003794s ]
INFO: [ view_end ] --END-- [ RunTime:0.003978s ]

[ 2014-11-20T23:18:35+08:00 ] 127.0.0.1 /My_Child/index.php/Index?type_link=2
INFO: [ route_check ] --START--
INFO: CheckRoute Behavior ::run [ RunTime:0.003156s ]
INFO: [ route_check ] --END-- [ RunTime:0.003375s ]
INFO: [ app_begin ] --START--
INFO: ReadHtmlCache Behavior ::run [ RunTime:0.002391s ]
INFO: [ app_begin ] --END-- [ RunTime:0.002557s ]
INFO: [ view_parse ] --START--
NOTIC: [8] Undefined variable: result E:\AppServ\www\My_Child\Home\Runtime\Cache\7e4848229090366086cc7eeb3bfc0798.php 第 168 行.
NOTIC: [8] Undefined variable: result E:\AppServ\www\My_Child\Home\Runtime\Cache\7e4848229090366086cc7eeb3bfc0798.php 第 169 行.
NOTIC: [8] Undefined variable: result E:\AppServ\www\My_Child\Home\Runtime\Cache\7e4848229090366086cc7eeb3bfc0798.php 第 170 行.
NOTIC: [8] Undefined variable: result E:\AppServ\www\My_Child\Home\Runtime\Cache\7e4848229090366086cc7eeb3bfc0798.php 第 171 行.
INFO: ParseTemplate Behavior ::run [ RunTime:0.034348s ]
INFO: [ view_parse ] --END-- [ RunTime:0.034546s ]
INFO: [ view_filter ] --START--
INFO: ContentReplace Behavior ::run [ RunTime:0.002175s ]
INFO: TokenBuild Behavior ::run [ RunTime:0.003055s ]
INFO: WriteHtmlCache Behavior ::run [ RunTime:0.003664s ]
INFO: ShowRuntime Behavior ::run [ RunTime:0.003334s ]
INFO: [ view_filter ] --END-- [ RunTime:0.012696s ]
INFO: [ view_end ] --START--
INFO: ShowPageTrace Behavior ::run [ RunTime:0.003596s ]
INFO: [ view_end ] --END-- [ RunTime:0.003756s ]

[ 2014-11-20T23:19:49+08:00 ] 127.0.0.1 /My_Child/index.php/Login/login.html
INFO: [ route_check ] --START--
INFO: CheckRoute Behavior ::run [ RunTime:0.003390s ]
INFO: [ route_check ] --END-- [ RunTime:0.003566s ]
INFO: [ app_begin ] --START--
INFO: ReadHtmlCache Behavior ::run [ RunTime:0.002294s ]
INFO: [ app_begin ] --END-- [ RunTime:0.002405s ]
INFO: [ view_parse ] --START--
INFO: ParseTemplate Behavior ::run [ RunTime:0.020200s ]
INFO: [ view_parse ] --END-- [ RunTime:0.020384s ]
INFO: [ view_filter ] --START--
INFO: ContentReplace Behavior ::run [ RunTime:0.002146s ]
INFO: TokenBuild Behavior ::run [ RunTime:0.002008s ]
INFO: WriteHtmlCache Behavior ::run [ RunTime:0.001869s ]
INFO: ShowRuntime Behavior ::run [ RunTime:0.002287s ]
INFO: [ view_filter ] --END-- [ RunTime:0.008626s ]
INFO: [ view_end ] --START--
INFO: ShowPageTrace Behavior ::run [ RunTime:0.002312s ]
INFO: [ view_end ] --END-- [ RunTime:0.002417s ]

[ 2014-11-20T23:19:49+08:00 ] 127.0.0.1 /My_Child/index.php/Public/code
INFO: [ route_check ] --START--
INFO: CheckRoute Behavior ::run [ RunTime:0.005008s ]
INFO: [ route_check ] --END-- [ RunTime:0.005240s ]
INFO: [ app_begin ] --START--
INFO: ReadHtmlCache Behavior ::run [ RunTime:0.004232s ]
INFO: [ app_begin ] --END-- [ RunTime:0.004443s ]
NOTIC: [8] Use of undefined constant code - assumed 'code' E:\AppServ\www\My_Child\Home\Lib\Action\PublicAction.class.php 第 5 行.

[ 2014-11-20T23:20:04+08:00 ] 127.0.0.1 /My_Child/index.php/Login/doLogin
INFO: [ route_check ] --START--
INFO: CheckRoute Behavior ::run [ RunTime:0.003769s ]
INFO: [ route_check ] --END-- [ RunTime:0.004079s ]
INFO: [ app_begin ] --START--
INFO: ReadHtmlCache Behavior ::run [ RunTime:0.002460s ]
INFO: [ app_begin ] --END-- [ RunTime:0.002660s ]
NOTIC: [8] Undefined index:  adminpwd E:\AppServ\www\My_Child\Home\Lib\Action\LoginAction.class.php 第 9 行.
SQL: SHOW COLUMNS FROM `tp_manager` [ RunTime:0.004660s ]
SQL: SELECT `adminid` FROM `tp_manager` WHERE ( `adminname` = '唐文博' ) LIMIT 1   [ RunTime:0.002927s ]
NOTIC: [8] A session had already been started - ignoring session_start() E:\AppServ\www\My_Child\Home\Lib\Action\LoginAction.class.php 第 20 行.
NOTIC: [8] Undefined index:  id E:\AppServ\www\My_Child\Home\Lib\Action\LoginAction.class.php 第 22 行.
INFO: [ view_parse ] --START--
INFO: ParseTemplate Behavior ::run [ RunTime:0.039220s ]
INFO: [ view_parse ] --END-- [ RunTime:0.039459s ]
INFO: [ view_filter ] --START--
INFO: ContentReplace Behavior ::run [ RunTime:0.001952s ]
INFO: TokenBuild Behavior ::run [ RunTime:0.002081s ]
INFO: WriteHtmlCache Behavior ::run [ RunTime:0.001668s ]
INFO: ShowRuntime Behavior ::run [ RunTime:0.002233s ]
INFO: [ view_filter ] --END-- [ RunTime:0.008380s ]
INFO: [ view_end ] --START--
INFO: ShowPageTrace Behavior ::run [ RunTime:0.002525s ]
INFO: [ view_end ] --END-- [ RunTime:0.002696s ]

[ 2014-11-20T23:20:05+08:00 ] 127.0.0.1 /My_Child/index.php/Index/index.html
INFO: [ route_check ] --START--
INFO: CheckRoute Behavior ::run [ RunTime:0.003481s ]
INFO: [ route_check ] --END-- [ RunTime:0.003694s ]
INFO: [ app_begin ] --START--
INFO: ReadHtmlCache Behavior ::run [ RunTime:0.001239s ]
INFO: [ app_begin ] --END-- [ RunTime:0.001411s ]
INFO: [ view_parse ] --START--
NOTIC: [8] Undefined index:  type_link E:\AppServ\www\My_Child\Home\Runtime\Cache\7e4848229090366086cc7eeb3bfc0798.php 第 25 行.
NOTIC: [8] Undefined variable: result E:\AppServ\www\My_Child\Home\Runtime\Cache\7e4848229090366086cc7eeb3bfc0798.php 第 168 行.
NOTIC: [8] Undefined variable: result E:\AppServ\www\My_Child\Home\Runtime\Cache\7e4848229090366086cc7eeb3bfc0798.php 第 169 行.
NOTIC: [8] Undefined variable: result E:\AppServ\www\My_Child\Home\Runtime\Cache\7e4848229090366086cc7eeb3bfc0798.php 第 170 行.
NOTIC: [8] Undefined variable: result E:\AppServ\www\My_Child\Home\Runtime\Cache\7e4848229090366086cc7eeb3bfc0798.php 第 171 行.
INFO: ParseTemplate Behavior ::run [ RunTime:0.028915s ]
INFO: [ view_parse ] --END-- [ RunTime:0.029117s ]
INFO: [ view_filter ] --START--
INFO: ContentReplace Behavior ::run [ RunTime:0.000914s ]
INFO: TokenBuild Behavior ::run [ RunTime:0.000890s ]
INFO: WriteHtmlCache Behavior ::run [ RunTime:0.000576s ]
INFO: ShowRuntime Behavior ::run [ RunTime:0.001362s ]
INFO: [ view_filter ] --END-- [ RunTime:0.004196s ]
INFO: [ view_end ] --START--
INFO: ShowPageTrace Behavior ::run [ RunTime:0.001401s ]
INFO: [ view_end ] --END-- [ RunTime:0.001579s ]

[ 2014-11-20T23:20:08+08:00 ] 127.0.0.1 /My_Child/index.php/Index?type_link=2
INFO: [ route_check ] --START--
INFO: CheckRoute Behavior ::run [ RunTime:0.003732s ]
INFO: [ route_check ] --END-- [ RunTime:0.004003s ]
INFO: [ app_begin ] --START--
INFO: ReadHtmlCache Behavior ::run [ RunTime:0.001183s ]
INFO: [ app_begin ] --END-- [ RunTime:0.001341s ]
INFO: [ view_parse ] --START--
NOTIC: [8] Undefined variable: result E:\AppServ\www\My_Child\Home\Runtime\Cache\7e4848229090366086cc7eeb3bfc0798.php 第 168 行.
NOTIC: [8] Undefined variable: result E:\AppServ\www\My_Child\Home\Runtime\Cache\7e4848229090366086cc7eeb3bfc0798.php 第 169 行.
NOTIC: [8] Undefined variable: result E:\AppServ\www\My_Child\Home\Runtime\Cache\7e4848229090366086cc7eeb3bfc0798.php 第 170 行.
NOTIC: [8] Undefined variable: result E:\AppServ\www\My_Child\Home\Runtime\Cache\7e4848229090366086cc7eeb3bfc0798.php 第 171 行.
INFO: ParseTemplate Behavior ::run [ RunTime:0.026502s ]
INFO: [ view_parse ] --END-- [ RunTime:0.026683s ]
INFO: [ view_filter ] --START--
INFO: ContentReplace Behavior ::run [ RunTime:0.000996s ]
INFO: TokenBuild Behavior ::run [ RunTime:0.000842s ]
INFO: WriteHtmlCache Behavior ::run [ RunTime:0.000663s ]
INFO: ShowRuntime Behavior ::run [ RunTime:0.000979s ]
INFO: [ view_filter ] --END-- [ RunTime:0.003928s ]
INFO: [ view_end ] --START--
INFO: ShowPageTrace Behavior ::run [ RunTime:0.001253s ]
INFO: [ view_end ] --END-- [ RunTime:0.001436s ]

[ 2014-11-20T23:22:55+08:00 ] 127.0.0.1 /My_Child/index.php/Question/look
INFO: [ route_check ] --START--
INFO: CheckRoute Behavior ::run [ RunTime:0.002900s ]
INFO: [ route_check ] --END-- [ RunTime:0.003102s ]
INFO: [ app_begin ] --START--
INFO: ReadHtmlCache Behavior ::run [ RunTime:0.002322s ]
INFO: [ app_begin ] --END-- [ RunTime:0.002489s ]
SQL: SHOW COLUMNS FROM `tp_liangbiao` [ RunTime:0.006046s ]
SQL: SELECT * FROM `tp_liangbiao` WHERE ( LB_LeiBie=0 )  [ RunTime:0.002611s ]
SQL: SELECT * FROM `tp_liangbiao` WHERE ( LB_LeiBie=1 )  [ RunTime:0.000645s ]
SQL: SELECT * FROM `tp_liangbiao` WHERE ( LB_LeiBie=2 )  [ RunTime:0.000547s ]
INFO: [ view_parse ] --START--
INFO: ParseTemplate Behavior ::run [ RunTime:0.028845s ]
INFO: [ view_parse ] --END-- [ RunTime:0.029055s ]
INFO: [ view_filter ] --START--
INFO: ContentReplace Behavior ::run [ RunTime:0.001908s ]
INFO: TokenBuild Behavior ::run [ RunTime:0.002181s ]
INFO: WriteHtmlCache Behavior ::run [ RunTime:0.001668s ]
INFO: ShowRuntime Behavior ::run [ RunTime:0.002095s ]
INFO: [ view_filter ] --END-- [ RunTime:0.008329s ]
INFO: [ view_end ] --START--
INFO: ShowPageTrace Behavior ::run [ RunTime:0.002760s ]
INFO: [ view_end ] --END-- [ RunTime:0.002916s ]

[ 2014-11-20T23:22:57+08:00 ] 127.0.0.1 /My_Child/index.php/Index?type_link=2
INFO: [ route_check ] --START--
INFO: CheckRoute Behavior ::run [ RunTime:0.003053s ]
INFO: [ route_check ] --END-- [ RunTime:0.003277s ]
INFO: [ app_begin ] --START--
INFO: ReadHtmlCache Behavior ::run [ RunTime:0.001901s ]
INFO: [ app_begin ] --END-- [ RunTime:0.002149s ]
INFO: [ view_parse ] --START--
NOTIC: [8] Undefined variable: result E:\AppServ\www\My_Child\Home\Runtime\Cache\7e4848229090366086cc7eeb3bfc0798.php 第 168 行.
NOTIC: [8] Undefined variable: result E:\AppServ\www\My_Child\Home\Runtime\Cache\7e4848229090366086cc7eeb3bfc0798.php 第 169 行.
NOTIC: [8] Undefined variable: result E:\AppServ\www\My_Child\Home\Runtime\Cache\7e4848229090366086cc7eeb3bfc0798.php 第 170 行.
NOTIC: [8] Undefined variable: result E:\AppServ\www\My_Child\Home\Runtime\Cache\7e4848229090366086cc7eeb3bfc0798.php 第 171 行.
INFO: ParseTemplate Behavior ::run [ RunTime:0.029584s ]
INFO: [ view_parse ] --END-- [ RunTime:0.029778s ]
INFO: [ view_filter ] --START--
INFO: ContentReplace Behavior ::run [ RunTime:0.000874s ]
INFO: TokenBuild Behavior ::run [ RunTime:0.000878s ]
INFO: WriteHtmlCache Behavior ::run [ RunTime:0.000548s ]
INFO: ShowRuntime Behavior ::run [ RunTime:0.001194s ]
INFO: [ view_filter ] --END-- [ RunTime:0.003922s ]
INFO: [ view_end ] --START--
INFO: ShowPageTrace Behavior ::run [ RunTime:0.001277s ]
INFO: [ view_end ] --END-- [ RunTime:0.001426s ]

[ 2014-11-20T23:25:11+08:00 ] 127.0.0.1 /My_Child/index.php/Index?type_link=2
INFO: [ route_check ] --START--
INFO: CheckRoute Behavior ::run [ RunTime:0.004470s ]
INFO: [ route_check ] --END-- [ RunTime:0.004676s ]
INFO: [ app_begin ] --START--
INFO: ReadHtmlCache Behavior ::run [ RunTime:0.003497s ]
INFO: [ app_begin ] --END-- [ RunTime:0.003668s ]
INFO: [ view_parse ] --START--
NOTIC: [8] Undefined variable: result E:\AppServ\www\My_Child\Home\Runtime\Cache\7e4848229090366086cc7eeb3bfc0798.php 第 115 行.
NOTIC: [8] Undefined variable: result E:\AppServ\www\My_Child\Home\Runtime\Cache\7e4848229090366086cc7eeb3bfc0798.php 第 116 行.
NOTIC: [8] Undefined variable: result E:\AppServ\www\My_Child\Home\Runtime\Cache\7e4848229090366086cc7eeb3bfc0798.php 第 117 行.
NOTIC: [8] Undefined variable: result E:\AppServ\www\My_Child\Home\Runtime\Cache\7e4848229090366086cc7eeb3bfc0798.php 第 118 行.
INFO: ParseTemplate Behavior ::run [ RunTime:0.036689s ]
INFO: [ view_parse ] --END-- [ RunTime:0.036878s ]
INFO: [ view_filter ] --START--
INFO: ContentReplace Behavior ::run [ RunTime:0.003433s ]
INFO: TokenBuild Behavior ::run [ RunTime:0.002986s ]
INFO: WriteHtmlCache Behavior ::run [ RunTime:0.002695s ]
INFO: ShowRuntime Behavior ::run [ RunTime:0.003220s ]
INFO: [ view_filter ] --END-- [ RunTime:0.012768s ]
INFO: [ view_end ] --START--
INFO: ShowPageTrace Behavior ::run [ RunTime:0.003780s ]
INFO: [ view_end ] --END-- [ RunTime:0.004278s ]

[ 2014-11-20T23:27:13+08:00 ] 127.0.0.1 /My_Child/index.php/Index?type_link=2
INFO: [ route_check ] --START--
INFO: CheckRoute Behavior ::run [ RunTime:0.004163s ]
INFO: [ route_check ] --END-- [ RunTime:0.004384s ]
INFO: [ app_begin ] --START--
INFO: ReadHtmlCache Behavior ::run [ RunTime:0.004045s ]
INFO: [ app_begin ] --END-- [ RunTime:0.004253s ]
INFO: [ view_parse ] --START--
NOTIC: [8] Undefined variable: result E:\AppServ\www\My_Child\Home\Runtime\Cache\7e4848229090366086cc7eeb3bfc0798.php 第 115 行.
NOTIC: [8] Undefined variable: result E:\AppServ\www\My_Child\Home\Runtime\Cache\7e4848229090366086cc7eeb3bfc0798.php 第 116 行.
NOTIC: [8] Undefined variable: result E:\AppServ\www\My_Child\Home\Runtime\Cache\7e4848229090366086cc7eeb3bfc0798.php 第 117 行.
NOTIC: [8] Undefined variable: result E:\AppServ\www\My_Child\Home\Runtime\Cache\7e4848229090366086cc7eeb3bfc0798.php 第 118 行.
INFO: ParseTemplate Behavior ::run [ RunTime:0.039377s ]
INFO: [ view_parse ] --END-- [ RunTime:0.039590s ]
INFO: [ view_filter ] --START--
INFO: ContentReplace Behavior ::run [ RunTime:0.003294s ]
INFO: TokenBuild Behavior ::run [ RunTime:0.003104s ]
INFO: WriteHtmlCache Behavior ::run [ RunTime:0.004231s ]
INFO: ShowRuntime Behavior ::run [ RunTime:0.003633s ]
INFO: [ view_filter ] --END-- [ RunTime:0.014877s ]
INFO: [ view_end ] --START--
INFO: ShowPageTrace Behavior ::run [ RunTime:0.003836s ]
INFO: [ view_end ] --END-- [ RunTime:0.004010s ]

[ 2014-11-20T23:27:27+08:00 ] 127.0.0.1 /My_Child/index.php/Index?type_link=2
INFO: [ route_check ] --START--
INFO: CheckRoute Behavior ::run [ RunTime:0.003327s ]
INFO: [ route_check ] --END-- [ RunTime:0.003539s ]
INFO: [ app_begin ] --START--
INFO: ReadHtmlCache Behavior ::run [ RunTime:0.002349s ]
INFO: [ app_begin ] --END-- [ RunTime:0.002516s ]
INFO: [ view_parse ] --START--
NOTIC: [8] Undefined variable: result E:\AppServ\www\My_Child\Home\Runtime\Cache\7e4848229090366086cc7eeb3bfc0798.php 第 115 行.
NOTIC: [8] Undefined variable: result E:\AppServ\www\My_Child\Home\Runtime\Cache\7e4848229090366086cc7eeb3bfc0798.php 第 116 行.
NOTIC: [8] Undefined variable: result E:\AppServ\www\My_Child\Home\Runtime\Cache\7e4848229090366086cc7eeb3bfc0798.php 第 117 行.
NOTIC: [8] Undefined variable: result E:\AppServ\www\My_Child\Home\Runtime\Cache\7e4848229090366086cc7eeb3bfc0798.php 第 118 行.
INFO: ParseTemplate Behavior ::run [ RunTime:0.031087s ]
INFO: [ view_parse ] --END-- [ RunTime:0.031278s ]
INFO: [ view_filter ] --START--
INFO: ContentReplace Behavior ::run [ RunTime:0.002130s ]
INFO: TokenBuild Behavior ::run [ RunTime:0.003643s ]
INFO: WriteHtmlCache Behavior ::run [ RunTime:0.002806s ]
INFO: ShowRuntime Behavior ::run [ RunTime:0.003259s ]
INFO: [ view_filter ] --END-- [ RunTime:0.012304s ]
INFO: [ view_end ] --START--
INFO: ShowPageTrace Behavior ::run [ RunTime:0.003511s ]
INFO: [ view_end ] --END-- [ RunTime:0.003665s ]

[ 2014-11-20T23:37:31+08:00 ] 127.0.0.1 /My_Child/index.php/Question/look_LB
INFO: [ route_check ] --START--
INFO: CheckRoute Behavior ::run [ RunTime:0.001948s ]
INFO: [ route_check ] --END-- [ RunTime:0.002047s ]
INFO: [ app_begin ] --START--
INFO: ReadHtmlCache Behavior ::run [ RunTime:0.001447s ]
INFO: [ app_begin ] --END-- [ RunTime:0.001524s ]
ERR: 非法操作:look_LB

[ 2014-11-20T23:37:34+08:00 ] 127.0.0.1 /My_Child/index.php/Question/look_LB
INFO: [ route_check ] --START--
INFO: CheckRoute Behavior ::run [ RunTime:0.002309s ]
INFO: [ route_check ] --END-- [ RunTime:0.002444s ]
INFO: [ app_begin ] --START--
INFO: ReadHtmlCache Behavior ::run [ RunTime:0.001863s ]
INFO: [ app_begin ] --END-- [ RunTime:0.001969s ]
ERR: 非法操作:look_LB

[ 2014-11-20T23:37:37+08:00 ] 127.0.0.1 /My_Child/index.php/Question/look_LB
INFO: [ route_check ] --START--
INFO: CheckRoute Behavior ::run [ RunTime:0.002269s ]
INFO: [ route_check ] --END-- [ RunTime:0.002408s ]
INFO: [ app_begin ] --START--
INFO: ReadHtmlCache Behavior ::run [ RunTime:0.001638s ]
INFO: [ app_begin ] --END-- [ RunTime:0.001774s ]
ERR: 非法操作:look_LB

[ 2014-11-20T23:37:41+08:00 ] 127.0.0.1 /My_Child/index.php/Login/login.html
INFO: [ route_check ] --START--
INFO: CheckRoute Behavior ::run [ RunTime:0.002876s ]
INFO: [ route_check ] --END-- [ RunTime:0.003025s ]
INFO: [ app_begin ] --START--
INFO: ReadHtmlCache Behavior ::run [ RunTime:0.002042s ]
INFO: [ app_begin ] --END-- [ RunTime:0.002171s ]
INFO: [ view_parse ] --START--
INFO: ParseTemplate Behavior ::run [ RunTime:0.012628s ]
INFO: [ view_parse ] --END-- [ RunTime:0.012751s ]
INFO: [ view_filter ] --START--
INFO: ContentReplace Behavior ::run [ RunTime:0.001342s ]
INFO: TokenBuild Behavior ::run [ RunTime:0.001307s ]
INFO: WriteHtmlCache Behavior ::run [ RunTime:0.001190s ]
INFO: ShowRuntime Behavior ::run [ RunTime:0.001447s ]
INFO: [ view_filter ] --END-- [ RunTime:0.005549s ]
INFO: [ view_end ] --START--
INFO: ShowPageTrace Behavior ::run [ RunTime:0.001678s ]
INFO: [ view_end ] --END-- [ RunTime:0.001780s ]

[ 2014-11-20T23:37:41+08:00 ] 127.0.0.1 /My_Child/index.php/Public/code
INFO: [ route_check ] --START--
INFO: CheckRoute Behavior ::run [ RunTime:0.002329s ]
INFO: [ route_check ] --END-- [ RunTime:0.002463s ]
INFO: [ app_begin ] --START--
INFO: ReadHtmlCache Behavior ::run [ RunTime:0.001750s ]
INFO: [ app_begin ] --END-- [ RunTime:0.001857s ]
NOTIC: [8] Use of undefined constant code - assumed 'code' E:\AppServ\www\My_Child\Home\Lib\Action\PublicAction.class.php 第 5 行.

[ 2014-11-20T23:38:15+08:00 ] 127.0.0.1 /My_Child/index.php/Login/doLogin
INFO: [ route_check ] --START--
INFO: CheckRoute Behavior ::run [ RunTime:0.003852s ]
INFO: [ route_check ] --END-- [ RunTime:0.004457s ]
INFO: [ app_begin ] --START--
INFO: ReadHtmlCache Behavior ::run [ RunTime:0.003555s ]
INFO: [ app_begin ] --END-- [ RunTime:0.003739s ]
NOTIC: [8] Undefined index:  adminpwd E:\AppServ\www\My_Child\Home\Lib\Action\LoginAction.class.php 第 9 行.
SQL: SHOW COLUMNS FROM `tp_manager` [ RunTime:0.004471s ]
SQL: SELECT `adminid` FROM `tp_manager` WHERE ( `adminname` = '唐文博' ) LIMIT 1   [ RunTime:0.001886s ]
NOTIC: [8] A session had already been started - ignoring session_start() E:\AppServ\www\My_Child\Home\Lib\Action\LoginAction.class.php 第 20 行.
NOTIC: [8] Undefined index:  id E:\AppServ\www\My_Child\Home\Lib\Action\LoginAction.class.php 第 22 行.
INFO: [ view_parse ] --START--
INFO: ParseTemplate Behavior ::run [ RunTime:0.030067s ]
INFO: [ view_parse ] --END-- [ RunTime:0.030281s ]
INFO: [ view_filter ] --START--
INFO: ContentReplace Behavior ::run [ RunTime:0.002875s ]
INFO: TokenBuild Behavior ::run [ RunTime:0.003018s ]
INFO: WriteHtmlCache Behavior ::run [ RunTime:0.002720s ]
INFO: ShowRuntime Behavior ::run [ RunTime:0.003481s ]
INFO: [ view_filter ] --END-- [ RunTime:0.012679s ]
INFO: [ view_end ] --START--
INFO: ShowPageTrace Behavior ::run [ RunTime:0.003320s ]
INFO: [ view_end ] --END-- [ RunTime:0.003493s ]

[ 2014-11-20T23:38:16+08:00 ] 127.0.0.1 /My_Child/index.php/Index/index.html
INFO: [ route_check ] --START--
INFO: CheckRoute Behavior ::run [ RunTime:0.002680s ]
INFO: [ route_check ] --END-- [ RunTime:0.002826s ]
INFO: [ app_begin ] --START--
INFO: ReadHtmlCache Behavior ::run [ RunTime:0.002182s ]
INFO: [ app_begin ] --END-- [ RunTime:0.002339s ]
INFO: [ view_parse ] --START--
NOTIC: [8] Undefined index:  type_link E:\AppServ\www\My_Child\Home\Runtime\Cache\7e4848229090366086cc7eeb3bfc0798.php 第 25 行.
NOTIC: [8] Undefined variable: result E:\AppServ\www\My_Child\Home\Runtime\Cache\7e4848229090366086cc7eeb3bfc0798.php 第 115 行.
NOTIC: [8] Undefined variable: result E:\AppServ\www\My_Child\Home\Runtime\Cache\7e4848229090366086cc7eeb3bfc0798.php 第 116 行.
NOTIC: [8] Undefined variable: result E:\AppServ\www\My_Child\Home\Runtime\Cache\7e4848229090366086cc7eeb3bfc0798.php 第 117 行.
NOTIC: [8] Undefined variable: result E:\AppServ\www\My_Child\Home\Runtime\Cache\7e4848229090366086cc7eeb3bfc0798.php 第 118 行.
INFO: ParseTemplate Behavior ::run [ RunTime:0.014384s ]
INFO: [ view_parse ] --END-- [ RunTime:0.014481s ]
INFO: [ view_filter ] --START--
INFO: ContentReplace Behavior ::run [ RunTime:0.001229s ]
INFO: TokenBuild Behavior ::run [ RunTime:0.001208s ]
INFO: WriteHtmlCache Behavior ::run [ RunTime:0.001109s ]
INFO: ShowRuntime Behavior ::run [ RunTime:0.001268s ]
INFO: [ view_filter ] --END-- [ RunTime:0.004991s ]
INFO: [ view_end ] --START--
INFO: ShowPageTrace Behavior ::run [ RunTime:0.001407s ]
INFO: [ view_end ] --END-- [ RunTime:0.001471s ]

[ 2014-11-20T23:38:21+08:00 ] 127.0.0.1 /My_Child/index.php/Index?type_link=2
INFO: [ route_check ] --START--
INFO: CheckRoute Behavior ::run [ RunTime:0.002600s ]
INFO: [ route_check ] --END-- [ RunTime:0.002744s ]
INFO: [ app_begin ] --START--
INFO: ReadHtmlCache Behavior ::run [ RunTime:0.001995s ]
INFO: [ app_begin ] --END-- [ RunTime:0.002130s ]
INFO: [ view_parse ] --START--
NOTIC: [8] Undefined variable: result E:\AppServ\www\My_Child\Home\Runtime\Cache\7e4848229090366086cc7eeb3bfc0798.php 第 115 行.
NOTIC: [8] Undefined variable: result E:\AppServ\www\My_Child\Home\Runtime\Cache\7e4848229090366086cc7eeb3bfc0798.php 第 116 行.
NOTIC: [8] Undefined variable: result E:\AppServ\www\My_Child\Home\Runtime\Cache\7e4848229090366086cc7eeb3bfc0798.php 第 117 行.
NOTIC: [8] Undefined variable: result E:\AppServ\www\My_Child\Home\Runtime\Cache\7e4848229090366086cc7eeb3bfc0798.php 第 118 行.
INFO: ParseTemplate Behavior ::run [ RunTime:0.017615s ]
INFO: [ view_parse ] --END-- [ RunTime:0.017720s ]
INFO: [ view_filter ] --START--
INFO: ContentReplace Behavior ::run [ RunTime:0.001243s ]
INFO: TokenBuild Behavior ::run [ RunTime:0.001210s ]
INFO: WriteHtmlCache Behavior ::run [ RunTime:0.001108s ]
INFO: ShowRuntime Behavior ::run [ RunTime:0.001276s ]
INFO: [ view_filter ] --END-- [ RunTime:0.005016s ]
INFO: [ view_end ] --START--
INFO: ShowPageTrace Behavior ::run [ RunTime:0.001533s ]
INFO: [ view_end ] --END-- [ RunTime:0.001615s ]

[ 2014-11-20T23:38:52+08:00 ] 127.0.0.1 /My_Child/index.php/Question/qusadd
INFO: [ route_check ] --START--
INFO: CheckRoute Behavior ::run [ RunTime:0.001820s ]
INFO: [ route_check ] --END-- [ RunTime:0.001963s ]
INFO: [ app_begin ] --START--
INFO: ReadHtmlCache Behavior ::run [ RunTime:0.001407s ]
INFO: [ app_begin ] --END-- [ RunTime:0.001515s ]
SQL: SHOW COLUMNS FROM `tp_liangbiao` [ RunTime:0.002175s ]
SQL: INSERT INTO `tp_liangbiao` (`LB_title`,`LB_LeiBie`,`LB_content`) VALUES ('松岛枫松岛枫松岛枫','1','是打发斯蒂芬') [ RunTime:0.004996s ]
SQL: SHOW COLUMNS FROM `tp_answer` [ RunTime:0.002856s ]
SQL: INSERT INTO `tp_answer` (`A`,`ScoreA`,`B`,`ScoreB`,`C`,`ScoreC`,`D`,`ScoreD`,`E`,`ScoreE`,`createtime`,`LB_id`) VALUES ('发松岛枫','松岛枫松岛枫松岛枫松岛枫松岛枫等所发生的随碟附送','','','','','','','','',1416497932,17) [ RunTime:0.000663s ]
ERR: 1054:Unknown column 'createtime' in 'field list'
 [ SQL语句 ] : INSERT INTO `tp_answer` (`A`,`ScoreA`,`B`,`ScoreB`,`C`,`ScoreC`,`D`,`ScoreD`,`E`,`ScoreE`,`createtime`,`LB_id`) VALUES ('发松岛枫','松岛枫松岛枫松岛枫松岛枫松岛枫等所发生的随碟附送','','','','','','','','',1416497932,17)
SQL: SHOW COLUMNS FROM `tp_liangcontent` [ RunTime:0.002926s ]
SQL: INSERT INTO `tp_liangcontent` (`Question_1`,`Question_2`,`LB_id`) VALUES ('阿德发送到发送到','第三方随碟附送松岛枫松岛枫松岛枫松岛枫松岛枫等所发生的随碟附送是打发斯蒂芬',17) [ RunTime:0.001083s ]
INFO: [ view_parse ] --START--
INFO: ParseTemplate Behavior ::run [ RunTime:0.010400s ]
INFO: [ view_parse ] --END-- [ RunTime:0.010520s ]
INFO: [ view_filter ] --START--
INFO: ContentReplace Behavior ::run [ RunTime:0.000855s ]
INFO: TokenBuild Behavior ::run [ RunTime:0.001318s ]
INFO: WriteHtmlCache Behavior ::run [ RunTime:0.001209s ]
INFO: ShowRuntime Behavior ::run [ RunTime:0.001368s ]
INFO: [ view_filter ] --END-- [ RunTime:0.004948s ]
INFO: [ view_end ] --START--
INFO: ShowPageTrace Behavior ::run [ RunTime:0.001555s ]
INFO: [ view_end ] --END-- [ RunTime:0.001646s ]

[ 2014-11-20T23:43:06+08:00 ] 127.0.0.1 /My_Child/index.php/Index?type_link=2
INFO: [ route_check ] --START--
INFO: CheckRoute Behavior ::run [ RunTime:0.004012s ]
INFO: [ route_check ] --END-- [ RunTime:0.004220s ]
INFO: [ app_begin ] --START--
INFO: ReadHtmlCache Behavior ::run [ RunTime:0.003370s ]
INFO: [ app_begin ] --END-- [ RunTime:0.003536s ]
INFO: [ view_parse ] --START--
NOTIC: [8] Undefined variable: result E:\AppServ\www\My_Child\Home\Runtime\Cache\7e4848229090366086cc7eeb3bfc0798.php 第 123 行.
NOTIC: [8] Undefined variable: result E:\AppServ\www\My_Child\Home\Runtime\Cache\7e4848229090366086cc7eeb3bfc0798.php 第 124 行.
NOTIC: [8] Undefined variable: result E:\AppServ\www\My_Child\Home\Runtime\Cache\7e4848229090366086cc7eeb3bfc0798.php 第 125 行.
NOTIC: [8] Undefined variable: result E:\AppServ\www\My_Child\Home\Runtime\Cache\7e4848229090366086cc7eeb3bfc0798.php 第 126 行.
INFO: ParseTemplate Behavior ::run [ RunTime:0.022560s ]
INFO: [ view_parse ] --END-- [ RunTime:0.022682s ]
INFO: [ view_filter ] --START--
INFO: ContentReplace Behavior ::run [ RunTime:0.001804s ]
INFO: TokenBuild Behavior ::run [ RunTime:0.002178s ]
INFO: WriteHtmlCache Behavior ::run [ RunTime:0.001727s ]
INFO: ShowRuntime Behavior ::run [ RunTime:0.002222s ]
INFO: [ view_filter ] --END-- [ RunTime:0.008216s ]
INFO: [ view_end ] --START--
INFO: ShowPageTrace Behavior ::run [ RunTime:0.002324s ]
INFO: [ view_end ] --END-- [ RunTime:0.002434s ]

[ 2014-11-20T23:49:25+08:00 ] 127.0.0.1 /My_Child/index.php/Index?type_link=2
INFO: [ route_check ] --START--
INFO: CheckRoute Behavior ::run [ RunTime:0.002825s ]
INFO: [ route_check ] --END-- [ RunTime:0.003020s ]
INFO: [ app_begin ] --START--
INFO: ReadHtmlCache Behavior ::run [ RunTime:0.002184s ]
INFO: [ app_begin ] --END-- [ RunTime:0.002356s ]
INFO: [ view_parse ] --START--
NOTIC: [8] Undefined variable: result E:\AppServ\www\My_Child\Home\Runtime\Cache\7e4848229090366086cc7eeb3bfc0798.php 第 123 行.
NOTIC: [8] Undefined variable: result E:\AppServ\www\My_Child\Home\Runtime\Cache\7e4848229090366086cc7eeb3bfc0798.php 第 124 行.
NOTIC: [8] Undefined variable: result E:\AppServ\www\My_Child\Home\Runtime\Cache\7e4848229090366086cc7eeb3bfc0798.php 第 125 行.
NOTIC: [8] Undefined variable: result E:\AppServ\www\My_Child\Home\Runtime\Cache\7e4848229090366086cc7eeb3bfc0798.php 第 126 行.
INFO: ParseTemplate Behavior ::run [ RunTime:0.020212s ]
INFO: [ view_parse ] --END-- [ RunTime:0.020364s ]
INFO: [ view_filter ] --START--
INFO: ContentReplace Behavior ::run [ RunTime:0.001105s ]
INFO: TokenBuild Behavior ::run [ RunTime:0.001615s ]
INFO: WriteHtmlCache Behavior ::run [ RunTime:0.001753s ]
INFO: ShowRuntime Behavior ::run [ RunTime:0.001753s ]
INFO: [ view_filter ] --END-- [ RunTime:0.006475s ]
INFO: [ view_end ] --START--
INFO: ShowPageTrace Behavior ::run [ RunTime:0.001881s ]
INFO: [ view_end ] --END-- [ RunTime:0.001966s ]

[ 2014-11-20T23:49:44+08:00 ] 127.0.0.1 /My_Child/index.php/Index?type_link=2
INFO: [ route_check ] --START--
INFO: CheckRoute Behavior ::run [ RunTime:0.002687s ]
INFO: [ route_check ] --END-- [ RunTime:0.002822s ]
INFO: [ app_begin ] --START--
INFO: ReadHtmlCache Behavior ::run [ RunTime:0.002076s ]
INFO: [ app_begin ] --END-- [ RunTime:0.002185s ]
INFO: [ view_parse ] --START--
NOTIC: [8] Undefined variable: result E:\AppServ\www\My_Child\Home\Runtime\Cache\7e4848229090366086cc7eeb3bfc0798.php 第 116 行.
NOTIC: [8] Undefined variable: result E:\AppServ\www\My_Child\Home\Runtime\Cache\7e4848229090366086cc7eeb3bfc0798.php 第 117 行.
NOTIC: [8] Undefined variable: result E:\AppServ\www\My_Child\Home\Runtime\Cache\7e4848229090366086cc7eeb3bfc0798.php 第 118 行.
NOTIC: [8] Undefined variable: result E:\AppServ\www\My_Child\Home\Runtime\Cache\7e4848229090366086cc7eeb3bfc0798.php 第 119 行.
INFO: ParseTemplate Behavior ::run [ RunTime:0.020610s ]
INFO: [ view_parse ] --END-- [ RunTime:0.020709s ]
INFO: [ view_filter ] --START--
INFO: ContentReplace Behavior ::run [ RunTime:0.001237s ]
INFO: TokenBuild Behavior ::run [ RunTime:0.001615s ]
INFO: WriteHtmlCache Behavior ::run [ RunTime:0.001147s ]
INFO: ShowRuntime Behavior ::run [ RunTime:0.001403s ]
INFO: [ view_filter ] --END-- [ RunTime:0.005600s ]
INFO: [ view_end ] --START--
INFO: ShowPageTrace Behavior ::run [ RunTime:0.001507s ]
INFO: [ view_end ] --END-- [ RunTime:0.001574s ]

[ 2014-11-20T23:50:26+08:00 ] 127.0.0.1 /My_Child/index.php/Index?type_link=2
INFO: [ route_check ] --START--
INFO: CheckRoute Behavior ::run [ RunTime:0.001681s ]
INFO: [ route_check ] --END-- [ RunTime:0.001868s ]
INFO: [ app_begin ] --START--
INFO: ReadHtmlCache Behavior ::run [ RunTime:0.001157s ]
INFO: [ app_begin ] --END-- [ RunTime:0.001290s ]
INFO: [ view_parse ] --START--
NOTIC: [8] Undefined variable: result E:\AppServ\www\My_Child\Home\Runtime\Cache\7e4848229090366086cc7eeb3bfc0798.php 第 116 行.
NOTIC: [8] Undefined variable: result E:\AppServ\www\My_Child\Home\Runtime\Cache\7e4848229090366086cc7eeb3bfc0798.php 第 117 行.
NOTIC: [8] Undefined variable: result E:\AppServ\www\My_Child\Home\Runtime\Cache\7e4848229090366086cc7eeb3bfc0798.php 第 118 行.
NOTIC: [8] Undefined variable: result E:\AppServ\www\My_Child\Home\Runtime\Cache\7e4848229090366086cc7eeb3bfc0798.php 第 119 行.
INFO: ParseTemplate Behavior ::run [ RunTime:0.013201s ]
INFO: [ view_parse ] --END-- [ RunTime:0.013309s ]
INFO: [ view_filter ] --START--
INFO: ContentReplace Behavior ::run [ RunTime:0.000849s ]
INFO: TokenBuild Behavior ::run [ RunTime:0.001882s ]
INFO: WriteHtmlCache Behavior ::run [ RunTime:0.001533s ]
INFO: ShowRuntime Behavior ::run [ RunTime:0.001765s ]
INFO: [ view_filter ] --END-- [ RunTime:0.006273s ]
INFO: [ view_end ] --START--
INFO: ShowPageTrace Behavior ::run [ RunTime:0.001943s ]
INFO: [ view_end ] --END-- [ RunTime:0.002031s ]

[ 2014-11-20T23:50:38+08:00 ] 127.0.0.1 /My_Child/index.php/Index?type_link=2
INFO: [ route_check ] --START--
INFO: CheckRoute Behavior ::run [ RunTime:0.002546s ]
INFO: [ route_check ] --END-- [ RunTime:0.002679s ]
INFO: [ app_begin ] --START--
INFO: ReadHtmlCache Behavior ::run [ RunTime:0.002367s ]
INFO: [ app_begin ] --END-- [ RunTime:0.002476s ]
INFO: [ view_parse ] --START--
NOTIC: [8] Undefined variable: result E:\AppServ\www\My_Child\Home\Runtime\Cache\7e4848229090366086cc7eeb3bfc0798.php 第 116 行.
NOTIC: [8] Undefined variable: result E:\AppServ\www\My_Child\Home\Runtime\Cache\7e4848229090366086cc7eeb3bfc0798.php 第 117 行.
NOTIC: [8] Undefined variable: result E:\AppServ\www\My_Child\Home\Runtime\Cache\7e4848229090366086cc7eeb3bfc0798.php 第 118 行.
NOTIC: [8] Undefined variable: result E:\AppServ\www\My_Child\Home\Runtime\Cache\7e4848229090366086cc7eeb3bfc0798.php 第 119 行.
INFO: ParseTemplate Behavior ::run [ RunTime:0.015179s ]
INFO: [ view_parse ] --END-- [ RunTime:0.015266s ]
INFO: [ view_filter ] --START--
INFO: ContentReplace Behavior ::run [ RunTime:0.001240s ]
INFO: TokenBuild Behavior ::run [ RunTime:0.001700s ]
INFO: WriteHtmlCache Behavior ::run [ RunTime:0.001179s ]
INFO: ShowRuntime Behavior ::run [ RunTime:0.001442s ]
INFO: [ view_filter ] --END-- [ RunTime:0.005752s ]
INFO: [ view_end ] --START--
INFO: ShowPageTrace Behavior ::run [ RunTime:0.001771s ]
INFO: [ view_end ] --END-- [ RunTime:0.001849s ]

[ 2014-11-20T23:52:58+08:00 ] 127.0.0.1 /My_Child/index.php/Index?type_link=2
INFO: [ route_check ] --START--
INFO: CheckRoute Behavior ::run [ RunTime:0.003879s ]
INFO: [ route_check ] --END-- [ RunTime:0.004110s ]
INFO: [ app_begin ] --START--
INFO: ReadHtmlCache Behavior ::run [ RunTime:0.002441s ]
INFO: [ app_begin ] --END-- [ RunTime:0.002605s ]
INFO: [ view_parse ] --START--
NOTIC: [8] Undefined variable: result E:\AppServ\www\My_Child\Home\Runtime\Cache\7e4848229090366086cc7eeb3bfc0798.php 第 116 行.
NOTIC: [8] Undefined variable: result E:\AppServ\www\My_Child\Home\Runtime\Cache\7e4848229090366086cc7eeb3bfc0798.php 第 117 行.
NOTIC: [8] Undefined variable: result E:\AppServ\www\My_Child\Home\Runtime\Cache\7e4848229090366086cc7eeb3bfc0798.php 第 118 行.
NOTIC: [8] Undefined variable: result E:\AppServ\www\My_Child\Home\Runtime\Cache\7e4848229090366086cc7eeb3bfc0798.php 第 119 行.
INFO: ParseTemplate Behavior ::run [ RunTime:0.033508s ]
INFO: [ view_parse ] --END-- [ RunTime:0.033690s ]
INFO: [ view_filter ] --START--
INFO: ContentReplace Behavior ::run [ RunTime:0.002586s ]
INFO: TokenBuild Behavior ::run [ RunTime:0.002878s ]
INFO: WriteHtmlCache Behavior ::run [ RunTime:0.003223s ]
INFO: ShowRuntime Behavior ::run [ RunTime:0.002848s ]
INFO: [ view_filter ] --END-- [ RunTime:0.012058s ]
INFO: [ view_end ] --START--
INFO: ShowPageTrace Behavior ::run [ RunTime:0.003430s ]
INFO: [ view_end ] --END-- [ RunTime:0.003575s ]

[ 2014-11-20T23:56:35+08:00 ] 127.0.0.1 /My_Child/index.php/Index?type_link=2
INFO: [ route_check ] --START--
INFO: CheckRoute Behavior ::run [ RunTime:0.001729s ]
INFO: [ route_check ] --END-- [ RunTime:0.001853s ]
INFO: [ app_begin ] --START--
INFO: ReadHtmlCache Behavior ::run [ RunTime:0.001399s ]
INFO: [ app_begin ] --END-- [ RunTime:0.001503s ]
INFO: [ view_parse ] --START--
NOTIC: [8] Undefined variable: result E:\AppServ\www\My_Child\Home\Runtime\Cache\7e4848229090366086cc7eeb3bfc0798.php 第 117 行.
NOTIC: [8] Undefined variable: result E:\AppServ\www\My_Child\Home\Runtime\Cache\7e4848229090366086cc7eeb3bfc0798.php 第 118 行.
NOTIC: [8] Undefined variable: result E:\AppServ\www\My_Child\Home\Runtime\Cache\7e4848229090366086cc7eeb3bfc0798.php 第 119 行.
NOTIC: [8] Undefined variable: result E:\AppServ\www\My_Child\Home\Runtime\Cache\7e4848229090366086cc7eeb3bfc0798.php 第 120 行.
INFO: ParseTemplate Behavior ::run [ RunTime:0.018175s ]
INFO: [ view_parse ] --END-- [ RunTime:0.018293s ]
INFO: [ view_filter ] --START--
INFO: ContentReplace Behavior ::run [ RunTime:0.001252s ]
INFO: TokenBuild Behavior ::run [ RunTime:0.001906s ]
INFO: WriteHtmlCache Behavior ::run [ RunTime:0.001810s ]
INFO: ShowRuntime Behavior ::run [ RunTime:0.001870s ]
INFO: [ view_filter ] --END-- [ RunTime:0.007186s ]
INFO: [ view_end ] --START--
INFO: ShowPageTrace Behavior ::run [ RunTime:0.002126s ]
INFO: [ view_end ] --END-- [ RunTime:0.002230s ]

[ 2014-11-20T23:56:47+08:00 ] 127.0.0.1 /My_Child/index.php/Index?type_link=2
INFO: [ route_check ] --START--
INFO: CheckRoute Behavior ::run [ RunTime:0.001691s ]
INFO: [ route_check ] --END-- [ RunTime:0.001796s ]
INFO: [ app_begin ] --START--
INFO: ReadHtmlCache Behavior ::run [ RunTime:0.001404s ]
INFO: [ app_begin ] --END-- [ RunTime:0.001478s ]
INFO: [ view_parse ] --START--
NOTIC: [8] Undefined variable: result E:\AppServ\www\My_Child\Home\Runtime\Cache\7e4848229090366086cc7eeb3bfc0798.php 第 117 行.
NOTIC: [8] Undefined variable: result E:\AppServ\www\My_Child\Home\Runtime\Cache\7e4848229090366086cc7eeb3bfc0798.php 第 118 行.
NOTIC: [8] Undefined variable: result E:\AppServ\www\My_Child\Home\Runtime\Cache\7e4848229090366086cc7eeb3bfc0798.php 第 119 行.
NOTIC: [8] Undefined variable: result E:\AppServ\www\My_Child\Home\Runtime\Cache\7e4848229090366086cc7eeb3bfc0798.php 第 120 行.
INFO: ParseTemplate Behavior ::run [ RunTime:0.014324s ]
INFO: [ view_parse ] --END-- [ RunTime:0.014413s ]
INFO: [ view_filter ] --START--
INFO: ContentReplace Behavior ::run [ RunTime:0.001254s ]
INFO: TokenBuild Behavior ::run [ RunTime:0.001230s ]
INFO: WriteHtmlCache Behavior ::run [ RunTime:0.001111s ]
INFO: ShowRuntime Behavior ::run [ RunTime:0.001284s ]
INFO: [ view_filter ] --END-- [ RunTime:0.005058s ]
INFO: [ view_end ] --START--
INFO: ShowPageTrace Behavior ::run [ RunTime:0.001454s ]
INFO: [ view_end ] --END-- [ RunTime:0.001523s ]

