[ 2014-11-04T18:45:38+08:00 ] 127.0.0.1 /app4/
INFO: [ app_begin ] --START--
INFO: ReadHtmlCache Behavior ::run [ RunTime:0.003829s ]
INFO: [ app_begin ] --END-- [ RunTime:0.004696s ]
INFO: [ view_parse ] --START--
INFO: ParseTemplate Behavior ::run [ RunTime:0.036621s ]
INFO: [ view_parse ] --END-- [ RunTime:0.036858s ]
INFO: [ view_filter ] --START--
NOTIC: [8] Use of undefined constant APP_TMPL_PATH - assumed 'APP_TMPL_PATH' E:\AppServ\www\app4\ThinkPHP\Lib\Behavior\ContentReplaceBehavior.class.php 第 40 行.
NOTIC: [8] Use of undefined constant APP_TMPL_PATH - assumed 'APP_TMPL_PATH' E:\AppServ\www\app4\ThinkPHP\Lib\Behavior\ContentReplaceBehavior.class.php 第 47 行.
INFO: ContentReplace Behavior ::run [ RunTime:0.002754s ]
INFO: TokenBuild Behavior ::run [ RunTime:0.002789s ]
INFO: WriteHtmlCache Behavior ::run [ RunTime:0.002453s ]
INFO: ShowRuntime Behavior ::run [ RunTime:0.002879s ]
INFO: [ view_filter ] --END-- [ RunTime:0.011431s ]
INFO: [ view_end ] --START--
INFO: ShowPageTrace Behavior ::run [ RunTime:0.003221s ]
INFO: [ view_end ] --END-- [ RunTime:0.003412s ]

[ 2014-11-04T19:22:57+08:00 ] 127.0.0.1 /think_message/
INFO: [ app_begin ] --START--
INFO: ReadHtmlCache Behavior ::run [ RunTime:0.002700s ]
INFO: [ app_begin ] --END-- [ RunTime:0.002944s ]
SQL: SHOW COLUMNS FROM `tp_tp_user` [ RunTime:0.006577s ]
ERR: 1146:Table 'message.tp_tp_user' doesn't exist
 [ SQL语句 ] : SHOW COLUMNS FROM `tp_tp_user`
SQL: SELECT * FROM `tp_tp_user`  [ RunTime:0.000688s ]
ERR: 1146:Table 'message.tp_tp_user' doesn't exist
 [ SQL语句 ] : SELECT * FROM `tp_tp_user` 

[ 2014-11-04T19:23:38+08:00 ] 127.0.0.1 /think_message/
INFO: [ app_begin ] --START--
INFO: ReadHtmlCache Behavior ::run [ RunTime:0.008589s ]
INFO: [ app_begin ] --END-- [ RunTime:0.008810s ]
SQL: SHOW COLUMNS FROM `tp_user` [ RunTime:0.088420s ]
SQL: SELECT * FROM `tp_user`  [ RunTime:0.010299s ]

[ 2014-11-04T20:33:00+08:00 ] 127.0.0.1 /think_message/
INFO: [ app_begin ] --START--
INFO: ReadHtmlCache Behavior ::run [ RunTime:0.003373s ]
INFO: [ app_begin ] --END-- [ RunTime:0.012708s ]

[ 2014-11-04T20:33:01+08:00 ] 127.0.0.1 /think_message/index.php/Login/login.html
INFO: [ route_check ] --START--
INFO: CheckRoute Behavior ::run [ RunTime:0.008128s ]
INFO: [ route_check ] --END-- [ RunTime:0.008356s ]
INFO: [ app_begin ] --START--
INFO: ReadHtmlCache Behavior ::run [ RunTime:0.001188s ]
INFO: [ app_begin ] --END-- [ RunTime:0.001348s ]
NOTIC: [8] Constant THEME_NAME already defined E:\AppServ\www\think_message\ThinkPHP\Lib\Core\View.class.php 第 223 行.
NOTIC: [8] Constant THEME_PATH already defined E:\AppServ\www\think_message\ThinkPHP\Lib\Core\View.class.php 第 174 行.
NOTIC: [8] Constant APP_TMPL_PATH already defined E:\AppServ\www\think_message\ThinkPHP\Lib\Core\View.class.php 第 175 行.
INFO: [ view_parse ] --START--
INFO: ParseTemplate Behavior ::run [ RunTime:0.055520s ]
INFO: [ view_parse ] --END-- [ RunTime:0.055748s ]
INFO: [ view_filter ] --START--
INFO: ContentReplace Behavior ::run [ RunTime:0.002699s ]
INFO: TokenBuild Behavior ::run [ RunTime:0.002599s ]
INFO: WriteHtmlCache Behavior ::run [ RunTime:0.002846s ]
INFO: ShowRuntime Behavior ::run [ RunTime:0.003303s ]
INFO: [ view_filter ] --END-- [ RunTime:0.011946s ]
INFO: [ view_end ] --START--
INFO: ShowPageTrace Behavior ::run [ RunTime:0.005629s ]
INFO: [ view_end ] --END-- [ RunTime:0.005812s ]

[ 2014-11-04T20:37:20+08:00 ] 127.0.0.1 /think_message/index.php/Login/login.html
INFO: [ route_check ] --START--
INFO: CheckRoute Behavior ::run [ RunTime:0.002771s ]
INFO: [ route_check ] --END-- [ RunTime:0.002963s ]
INFO: [ app_begin ] --START--
INFO: ReadHtmlCache Behavior ::run [ RunTime:0.002236s ]
INFO: [ app_begin ] --END-- [ RunTime:0.002407s ]
INFO: [ view_parse ] --START--
INFO: ParseTemplate Behavior ::run [ RunTime:0.042799s ]
INFO: [ view_parse ] --END-- [ RunTime:0.043023s ]
INFO: [ view_filter ] --START--
INFO: ContentReplace Behavior ::run [ RunTime:0.002001s ]
INFO: TokenBuild Behavior ::run [ RunTime:0.002061s ]
INFO: WriteHtmlCache Behavior ::run [ RunTime:0.001707s ]
INFO: ShowRuntime Behavior ::run [ RunTime:0.002157s ]
INFO: [ view_filter ] --END-- [ RunTime:0.008387s ]
INFO: [ view_end ] --START--
INFO: ShowPageTrace Behavior ::run [ RunTime:0.003120s ]
INFO: [ view_end ] --END-- [ RunTime:0.003314s ]

[ 2014-11-04T20:39:57+08:00 ] 127.0.0.1 /think_message/index.php/Login/login.html
INFO: [ route_check ] --START--
INFO: CheckRoute Behavior ::run [ RunTime:0.003038s ]
INFO: [ route_check ] --END-- [ RunTime:0.003246s ]
INFO: [ app_begin ] --START--
INFO: ReadHtmlCache Behavior ::run [ RunTime:0.002455s ]
INFO: [ app_begin ] --END-- [ RunTime:0.002644s ]
INFO: [ view_parse ] --START--
INFO: ParseTemplate Behavior ::run [ RunTime:0.036392s ]
INFO: [ view_parse ] --END-- [ RunTime:0.036617s ]
INFO: [ view_filter ] --START--
INFO: ContentReplace Behavior ::run [ RunTime:0.002420s ]
INFO: TokenBuild Behavior ::run [ RunTime:0.002293s ]
INFO: WriteHtmlCache Behavior ::run [ RunTime:0.001773s ]
INFO: ShowRuntime Behavior ::run [ RunTime:0.002456s ]
INFO: [ view_filter ] --END-- [ RunTime:0.009464s ]
INFO: [ view_end ] --START--
INFO: ShowPageTrace Behavior ::run [ RunTime:0.002655s ]
INFO: [ view_end ] --END-- [ RunTime:0.002825s ]

[ 2014-11-04T20:40:28+08:00 ] 127.0.0.1 /think_message/index.php/Login/login.html
INFO: [ route_check ] --START--
INFO: CheckRoute Behavior ::run [ RunTime:0.002933s ]
INFO: [ route_check ] --END-- [ RunTime:0.003135s ]
INFO: [ app_begin ] --START--
INFO: ReadHtmlCache Behavior ::run [ RunTime:0.002309s ]
INFO: [ app_begin ] --END-- [ RunTime:0.002479s ]
INFO: [ view_parse ] --START--
INFO: ParseTemplate Behavior ::run [ RunTime:0.020785s ]
INFO: [ view_parse ] --END-- [ RunTime:0.020995s ]
INFO: [ view_filter ] --START--
INFO: ContentReplace Behavior ::run [ RunTime:0.001867s ]
INFO: TokenBuild Behavior ::run [ RunTime:0.001915s ]
INFO: WriteHtmlCache Behavior ::run [ RunTime:0.001671s ]
INFO: ShowRuntime Behavior ::run [ RunTime:0.002097s ]
INFO: [ view_filter ] --END-- [ RunTime:0.007968s ]
INFO: [ view_end ] --START--
INFO: ShowPageTrace Behavior ::run [ RunTime:0.002417s ]
INFO: [ view_end ] --END-- [ RunTime:0.002568s ]

[ 2014-11-04T20:50:26+08:00 ] 127.0.0.1 /think_message/index.php/Login/login.html
INFO: [ route_check ] --START--
INFO: CheckRoute Behavior ::run [ RunTime:0.002917s ]
INFO: [ route_check ] --END-- [ RunTime:0.003128s ]
INFO: [ app_begin ] --START--
INFO: ReadHtmlCache Behavior ::run [ RunTime:0.002547s ]
INFO: [ app_begin ] --END-- [ RunTime:0.002751s ]
INFO: [ view_parse ] --START--
INFO: ParseTemplate Behavior ::run [ RunTime:0.033164s ]
INFO: [ view_parse ] --END-- [ RunTime:0.033388s ]
INFO: [ view_filter ] --START--
INFO: ContentReplace Behavior ::run [ RunTime:0.001929s ]
INFO: TokenBuild Behavior ::run [ RunTime:0.002058s ]
INFO: WriteHtmlCache Behavior ::run [ RunTime:0.001683s ]
INFO: ShowRuntime Behavior ::run [ RunTime:0.002800s ]
INFO: [ view_filter ] --END-- [ RunTime:0.009204s ]
INFO: [ view_end ] --START--
INFO: ShowPageTrace Behavior ::run [ RunTime:0.002538s ]
INFO: [ view_end ] --END-- [ RunTime:0.002696s ]

[ 2014-11-04T20:50:29+08:00 ] 127.0.0.1 /think_message/index.php/Login/login.html
INFO: [ route_check ] --START--
INFO: CheckRoute Behavior ::run [ RunTime:0.002670s ]
INFO: [ route_check ] --END-- [ RunTime:0.002888s ]
INFO: [ app_begin ] --START--
INFO: ReadHtmlCache Behavior ::run [ RunTime:0.001313s ]
INFO: [ app_begin ] --END-- [ RunTime:0.001483s ]
INFO: [ view_parse ] --START--
INFO: ParseTemplate Behavior ::run [ RunTime:0.016366s ]
INFO: [ view_parse ] --END-- [ RunTime:0.016575s ]
INFO: [ view_filter ] --START--
INFO: ContentReplace Behavior ::run [ RunTime:0.000787s ]
INFO: TokenBuild Behavior ::run [ RunTime:0.000804s ]
INFO: WriteHtmlCache Behavior ::run [ RunTime:0.000536s ]
INFO: ShowRuntime Behavior ::run [ RunTime:0.000943s ]
INFO: [ view_filter ] --END-- [ RunTime:0.003478s ]
INFO: [ view_end ] --START--
INFO: ShowPageTrace Behavior ::run [ RunTime:0.001251s ]
INFO: [ view_end ] --END-- [ RunTime:0.001399s ]

[ 2014-11-04T20:51:09+08:00 ] 127.0.0.1 /think_message/index.php/Login/login.html
INFO: [ route_check ] --START--
INFO: CheckRoute Behavior ::run [ RunTime:0.002985s ]
INFO: [ route_check ] --END-- [ RunTime:0.003189s ]
INFO: [ app_begin ] --START--
INFO: ReadHtmlCache Behavior ::run [ RunTime:0.002509s ]
INFO: [ app_begin ] --END-- [ RunTime:0.002693s ]
INFO: [ view_parse ] --START--
INFO: ParseTemplate Behavior ::run [ RunTime:0.069564s ]
INFO: [ view_parse ] --END-- [ RunTime:0.069811s ]
INFO: [ view_filter ] --START--
INFO: ContentReplace Behavior ::run [ RunTime:0.002242s ]
INFO: TokenBuild Behavior ::run [ RunTime:0.002099s ]
INFO: WriteHtmlCache Behavior ::run [ RunTime:0.001729s ]
INFO: ShowRuntime Behavior ::run [ RunTime:0.002092s ]
INFO: [ view_filter ] --END-- [ RunTime:0.008609s ]
INFO: [ view_end ] --START--
INFO: ShowPageTrace Behavior ::run [ RunTime:0.002429s ]
INFO: [ view_end ] --END-- [ RunTime:0.002592s ]

[ 2014-11-04T20:51:10+08:00 ] 127.0.0.1 /think_message/index.php/Login/login.html
INFO: [ route_check ] --START--
INFO: CheckRoute Behavior ::run [ RunTime:0.001948s ]
INFO: [ route_check ] --END-- [ RunTime:0.002152s ]
INFO: [ app_begin ] --START--
INFO: ReadHtmlCache Behavior ::run [ RunTime:0.001227s ]
INFO: [ app_begin ] --END-- [ RunTime:0.001394s ]
INFO: [ view_parse ] --START--
INFO: ParseTemplate Behavior ::run [ RunTime:0.015873s ]
INFO: [ view_parse ] --END-- [ RunTime:0.016081s ]
INFO: [ view_filter ] --START--
INFO: ContentReplace Behavior ::run [ RunTime:0.000772s ]
INFO: TokenBuild Behavior ::run [ RunTime:0.000975s ]
INFO: WriteHtmlCache Behavior ::run [ RunTime:0.000596s ]
INFO: ShowRuntime Behavior ::run [ RunTime:0.000976s ]
INFO: [ view_filter ] --END-- [ RunTime:0.003737s ]
INFO: [ view_end ] --START--
INFO: ShowPageTrace Behavior ::run [ RunTime:0.001285s ]
INFO: [ view_end ] --END-- [ RunTime:0.001433s ]

[ 2014-11-04T20:59:07+08:00 ] 127.0.0.1 /think_message/index.php/Login/login.html
INFO: [ route_check ] --START--
INFO: CheckRoute Behavior ::run [ RunTime:0.003185s ]
INFO: [ route_check ] --END-- [ RunTime:0.003410s ]
INFO: [ app_begin ] --START--
INFO: ReadHtmlCache Behavior ::run [ RunTime:0.002375s ]
INFO: [ app_begin ] --END-- [ RunTime:0.002544s ]
INFO: [ view_parse ] --START--
INFO: ParseTemplate Behavior ::run [ RunTime:0.034567s ]
INFO: [ view_parse ] --END-- [ RunTime:0.034980s ]
INFO: [ view_filter ] --START--
INFO: ContentReplace Behavior ::run [ RunTime:0.001784s ]
INFO: TokenBuild Behavior ::run [ RunTime:0.002075s ]
INFO: WriteHtmlCache Behavior ::run [ RunTime:0.001804s ]
INFO: ShowRuntime Behavior ::run [ RunTime:0.001994s ]
INFO: [ view_filter ] --END-- [ RunTime:0.008063s ]
INFO: [ view_end ] --START--
INFO: ShowPageTrace Behavior ::run [ RunTime:0.002385s ]
INFO: [ view_end ] --END-- [ RunTime:0.002548s ]

[ 2014-11-04T20:59:07+08:00 ] 127.0.0.1 /think_message/index.php/Public/code
INFO: [ route_check ] --START--
INFO: CheckRoute Behavior ::run [ RunTime:0.001726s ]
INFO: [ route_check ] --END-- [ RunTime:0.001932s ]
INFO: [ app_begin ] --START--
INFO: ReadHtmlCache Behavior ::run [ RunTime:0.002540s ]
INFO: [ app_begin ] --END-- [ RunTime:0.002711s ]

[ 2014-11-04T20:59:12+08:00 ] 127.0.0.1 /think_message/index.php/Login/login.html
INFO: [ route_check ] --START--
INFO: CheckRoute Behavior ::run [ RunTime:0.002418s ]
INFO: [ route_check ] --END-- [ RunTime:0.002677s ]
INFO: [ app_begin ] --START--
INFO: ReadHtmlCache Behavior ::run [ RunTime:0.001176s ]
INFO: [ app_begin ] --END-- [ RunTime:0.001340s ]
INFO: [ view_parse ] --START--
INFO: ParseTemplate Behavior ::run [ RunTime:0.016212s ]
INFO: [ view_parse ] --END-- [ RunTime:0.016421s ]
INFO: [ view_filter ] --START--
INFO: ContentReplace Behavior ::run [ RunTime:0.000752s ]
INFO: TokenBuild Behavior ::run [ RunTime:0.000791s ]
INFO: WriteHtmlCache Behavior ::run [ RunTime:0.000568s ]
INFO: ShowRuntime Behavior ::run [ RunTime:0.000942s ]
INFO: [ view_filter ] --END-- [ RunTime:0.003467s ]
INFO: [ view_end ] --START--
INFO: ShowPageTrace Behavior ::run [ RunTime:0.001248s ]
INFO: [ view_end ] --END-- [ RunTime:0.001395s ]

[ 2014-11-04T20:59:13+08:00 ] 127.0.0.1 /think_message/index.php/Public/code
INFO: [ route_check ] --START--
INFO: CheckRoute Behavior ::run [ RunTime:0.003090s ]
INFO: [ route_check ] --END-- [ RunTime:0.003328s ]
INFO: [ app_begin ] --START--
INFO: ReadHtmlCache Behavior ::run [ RunTime:0.002402s ]
INFO: [ app_begin ] --END-- [ RunTime:0.002597s ]

[ 2014-11-04T21:01:23+08:00 ] 127.0.0.1 /think_message/index.php/Login/login.html
INFO: [ route_check ] --START--
INFO: CheckRoute Behavior ::run [ RunTime:0.003710s ]
INFO: [ route_check ] --END-- [ RunTime:0.003969s ]
INFO: [ app_begin ] --START--
INFO: ReadHtmlCache Behavior ::run [ RunTime:0.002416s ]
INFO: [ app_begin ] --END-- [ RunTime:0.002619s ]
INFO: [ view_parse ] --START--
INFO: ParseTemplate Behavior ::run [ RunTime:0.022629s ]
INFO: [ view_parse ] --END-- [ RunTime:0.022862s ]
INFO: [ view_filter ] --START--
INFO: ContentReplace Behavior ::run [ RunTime:0.001963s ]
INFO: TokenBuild Behavior ::run [ RunTime:0.002001s ]
INFO: WriteHtmlCache Behavior ::run [ RunTime:0.001688s ]
INFO: ShowRuntime Behavior ::run [ RunTime:0.002091s ]
INFO: [ view_filter ] --END-- [ RunTime:0.008179s ]
INFO: [ view_end ] --START--
INFO: ShowPageTrace Behavior ::run [ RunTime:0.002457s ]
INFO: [ view_end ] --END-- [ RunTime:0.002614s ]

[ 2014-11-04T21:01:23+08:00 ] 127.0.0.1 /think_message/index.php/Public/code
INFO: [ route_check ] --START--
INFO: CheckRoute Behavior ::run [ RunTime:0.022312s ]
INFO: [ route_check ] --END-- [ RunTime:0.022795s ]
INFO: [ app_begin ] --START--
INFO: ReadHtmlCache Behavior ::run [ RunTime:0.001308s ]
INFO: [ app_begin ] --END-- [ RunTime:0.001621s ]
NOTIC: [8] Use of undefined constant code - assumed 'code' E:\AppServ\www\think_message\Home\Lib\Action\PublicAction.class.php 第 5 行.

[ 2014-11-04T21:01:57+08:00 ] 127.0.0.1 /think_message/index.php/Login/login.html
INFO: [ route_check ] --START--
INFO: CheckRoute Behavior ::run [ RunTime:0.002945s ]
INFO: [ route_check ] --END-- [ RunTime:0.003160s ]
INFO: [ app_begin ] --START--
INFO: ReadHtmlCache Behavior ::run [ RunTime:0.002293s ]
INFO: [ app_begin ] --END-- [ RunTime:0.002460s ]
INFO: [ view_parse ] --START--
INFO: ParseTemplate Behavior ::run [ RunTime:0.021289s ]
INFO: [ view_parse ] --END-- [ RunTime:0.021509s ]
INFO: [ view_filter ] --START--
INFO: ContentReplace Behavior ::run [ RunTime:0.001904s ]
INFO: TokenBuild Behavior ::run [ RunTime:0.001924s ]
INFO: WriteHtmlCache Behavior ::run [ RunTime:0.001637s ]
INFO: ShowRuntime Behavior ::run [ RunTime:0.002854s ]
INFO: [ view_filter ] --END-- [ RunTime:0.008752s ]
INFO: [ view_end ] --START--
INFO: ShowPageTrace Behavior ::run [ RunTime:0.002493s ]
INFO: [ view_end ] --END-- [ RunTime:0.002664s ]

[ 2014-11-04T21:01:57+08:00 ] 127.0.0.1 /think_message/index.php/Public/code
INFO: [ route_check ] --START--
INFO: CheckRoute Behavior ::run [ RunTime:0.002366s ]
INFO: [ route_check ] --END-- [ RunTime:0.003706s ]
INFO: [ app_begin ] --START--
INFO: ReadHtmlCache Behavior ::run [ RunTime:0.001383s ]
INFO: [ app_begin ] --END-- [ RunTime:0.001549s ]
NOTIC: [8] Use of undefined constant code - assumed 'code' E:\AppServ\www\think_message\Home\Lib\Action\PublicAction.class.php 第 5 行.

[ 2014-11-04T21:04:47+08:00 ] 127.0.0.1 /think_message/index.php/Login/login.html
INFO: [ route_check ] --START--
INFO: CheckRoute Behavior ::run [ RunTime:0.002942s ]
INFO: [ route_check ] --END-- [ RunTime:0.003147s ]
INFO: [ app_begin ] --START--
INFO: ReadHtmlCache Behavior ::run [ RunTime:0.002357s ]
INFO: [ app_begin ] --END-- [ RunTime:0.002542s ]
INFO: [ view_parse ] --START--
INFO: ParseTemplate Behavior ::run [ RunTime:0.023715s ]
INFO: [ view_parse ] --END-- [ RunTime:0.023944s ]
INFO: [ view_filter ] --START--
INFO: ContentReplace Behavior ::run [ RunTime:0.001968s ]
INFO: TokenBuild Behavior ::run [ RunTime:0.002027s ]
INFO: WriteHtmlCache Behavior ::run [ RunTime:0.001688s ]
INFO: ShowRuntime Behavior ::run [ RunTime:0.002077s ]
INFO: [ view_filter ] --END-- [ RunTime:0.008221s ]
INFO: [ view_end ] --START--
INFO: ShowPageTrace Behavior ::run [ RunTime:0.002371s ]
INFO: [ view_end ] --END-- [ RunTime:0.002532s ]

[ 2014-11-04T21:04:47+08:00 ] 127.0.0.1 /think_message/index.php/Public/code
INFO: [ route_check ] --START--
INFO: CheckRoute Behavior ::run [ RunTime:0.002961s ]
INFO: [ route_check ] --END-- [ RunTime:0.003661s ]
INFO: [ app_begin ] --START--
INFO: ReadHtmlCache Behavior ::run [ RunTime:0.002019s ]
INFO: [ app_begin ] --END-- [ RunTime:0.002238s ]
NOTIC: [8] Use of undefined constant code - assumed 'code' E:\AppServ\www\think_message\Home\Lib\Action\PublicAction.class.php 第 5 行.

[ 2014-11-04T21:58:24+08:00 ] 127.0.0.1 /think_message/
INFO: [ app_begin ] --START--
INFO: ReadHtmlCache Behavior ::run [ RunTime:0.004535s ]
INFO: [ app_begin ] --END-- [ RunTime:0.004776s ]

[ 2014-11-04T21:58:25+08:00 ] 127.0.0.1 /think_message/index.php/Login/login.html
INFO: [ route_check ] --START--
INFO: CheckRoute Behavior ::run [ RunTime:0.003235s ]
INFO: [ route_check ] --END-- [ RunTime:0.003394s ]
INFO: [ app_begin ] --START--
INFO: ReadHtmlCache Behavior ::run [ RunTime:0.001140s ]
INFO: [ app_begin ] --END-- [ RunTime:0.001314s ]
INFO: [ view_parse ] --START--
INFO: ParseTemplate Behavior ::run [ RunTime:0.040111s ]
INFO: [ view_parse ] --END-- [ RunTime:0.040313s ]
INFO: [ view_filter ] --START--
INFO: ContentReplace Behavior ::run [ RunTime:0.002136s ]
INFO: TokenBuild Behavior ::run [ RunTime:0.002005s ]
INFO: WriteHtmlCache Behavior ::run [ RunTime:0.001739s ]
INFO: ShowRuntime Behavior ::run [ RunTime:0.002219s ]
INFO: [ view_filter ] --END-- [ RunTime:0.008484s ]
INFO: [ view_end ] --START--
INFO: ShowPageTrace Behavior ::run [ RunTime:0.003333s ]
INFO: [ view_end ] --END-- [ RunTime:0.003486s ]

[ 2014-11-04T21:58:25+08:00 ] 127.0.0.1 /think_message/index.php/Public/code
INFO: [ route_check ] --START--
INFO: CheckRoute Behavior ::run [ RunTime:0.005412s ]
INFO: [ route_check ] --END-- [ RunTime:0.005635s ]
INFO: [ app_begin ] --START--
INFO: ReadHtmlCache Behavior ::run [ RunTime:0.008739s ]
INFO: [ app_begin ] --END-- [ RunTime:0.008959s ]
NOTIC: [8] Use of undefined constant code - assumed 'code' E:\AppServ\www\think_message\Home\Lib\Action\PublicAction.class.php 第 5 行.

[ 2014-11-04T21:58:27+08:00 ] 127.0.0.1 /think_message/index.php/Public/code
INFO: [ route_check ] --START--
INFO: CheckRoute Behavior ::run [ RunTime:0.001596s ]
INFO: [ route_check ] --END-- [ RunTime:0.002364s ]
INFO: [ app_begin ] --START--
INFO: ReadHtmlCache Behavior ::run [ RunTime:0.001142s ]
INFO: [ app_begin ] --END-- [ RunTime:0.001383s ]
NOTIC: [8] Use of undefined constant code - assumed 'code' E:\AppServ\www\think_message\Home\Lib\Action\PublicAction.class.php 第 5 行.

[ 2014-11-04T21:58:31+08:00 ] 127.0.0.1 /think_message/index.php/Login/login.html
INFO: [ route_check ] --START--
INFO: CheckRoute Behavior ::run [ RunTime:0.001998s ]
INFO: [ route_check ] --END-- [ RunTime:0.002208s ]
INFO: [ app_begin ] --START--
INFO: ReadHtmlCache Behavior ::run [ RunTime:0.001843s ]
INFO: [ app_begin ] --END-- [ RunTime:0.002022s ]
INFO: [ view_parse ] --START--
INFO: ParseTemplate Behavior ::run [ RunTime:0.040775s ]
INFO: [ view_parse ] --END-- [ RunTime:0.041013s ]
INFO: [ view_filter ] --START--
INFO: ContentReplace Behavior ::run [ RunTime:0.004221s ]
INFO: TokenBuild Behavior ::run [ RunTime:0.002305s ]
INFO: WriteHtmlCache Behavior ::run [ RunTime:0.001871s ]
INFO: ShowRuntime Behavior ::run [ RunTime:0.002196s ]
INFO: [ view_filter ] --END-- [ RunTime:0.011098s ]
INFO: [ view_end ] --START--
INFO: ShowPageTrace Behavior ::run [ RunTime:0.002698s ]
INFO: [ view_end ] --END-- [ RunTime:0.002860s ]

[ 2014-11-04T21:58:31+08:00 ] 127.0.0.1 /think_message/index.php/Public/code
INFO: [ route_check ] --START--
INFO: CheckRoute Behavior ::run [ RunTime:0.002616s ]
INFO: [ route_check ] --END-- [ RunTime:0.002792s ]
INFO: [ app_begin ] --START--
INFO: ReadHtmlCache Behavior ::run [ RunTime:0.002071s ]
INFO: [ app_begin ] --END-- [ RunTime:0.002227s ]
NOTIC: [8] Use of undefined constant code - assumed 'code' E:\AppServ\www\think_message\Home\Lib\Action\PublicAction.class.php 第 5 行.

[ 2014-11-04T22:00:34+08:00 ] 127.0.0.1 /think_message/index.php/Login/login.html
INFO: [ route_check ] --START--
INFO: CheckRoute Behavior ::run [ RunTime:0.003303s ]
INFO: [ route_check ] --END-- [ RunTime:0.003539s ]
INFO: [ app_begin ] --START--
INFO: ReadHtmlCache Behavior ::run [ RunTime:0.008517s ]
INFO: [ app_begin ] --END-- [ RunTime:0.008726s ]
INFO: [ view_parse ] --START--
INFO: ParseTemplate Behavior ::run [ RunTime:0.044727s ]
INFO: [ view_parse ] --END-- [ RunTime:0.044970s ]
INFO: [ view_filter ] --START--
INFO: ContentReplace Behavior ::run [ RunTime:0.002567s ]
INFO: TokenBuild Behavior ::run [ RunTime:0.002863s ]
INFO: WriteHtmlCache Behavior ::run [ RunTime:0.007315s ]
INFO: ShowRuntime Behavior ::run [ RunTime:0.003243s ]
INFO: [ view_filter ] --END-- [ RunTime:0.016535s ]
INFO: [ view_end ] --START--
INFO: ShowPageTrace Behavior ::run [ RunTime:0.002844s ]
INFO: [ view_end ] --END-- [ RunTime:0.003034s ]

[ 2014-11-04T22:00:34+08:00 ] 127.0.0.1 /think_message/index.php/Public/code
INFO: [ route_check ] --START--
INFO: CheckRoute Behavior ::run [ RunTime:0.003565s ]
INFO: [ route_check ] --END-- [ RunTime:0.003836s ]
INFO: [ app_begin ] --START--
INFO: ReadHtmlCache Behavior ::run [ RunTime:0.002739s ]
INFO: [ app_begin ] --END-- [ RunTime:0.002962s ]
NOTIC: [8] Use of undefined constant code - assumed 'code' E:\AppServ\www\think_message\Home\Lib\Action\PublicAction.class.php 第 5 行.

[ 2014-11-04T22:00:34+08:00 ] 127.0.0.1 /think_message/index.php/Public/code?0.41598549811169505
INFO: [ route_check ] --START--
INFO: CheckRoute Behavior ::run [ RunTime:0.001932s ]
INFO: [ route_check ] --END-- [ RunTime:0.002135s ]
INFO: [ app_begin ] --START--
INFO: ReadHtmlCache Behavior ::run [ RunTime:0.001218s ]
INFO: [ app_begin ] --END-- [ RunTime:0.001386s ]
NOTIC: [8] Use of undefined constant code - assumed 'code' E:\AppServ\www\think_message\Home\Lib\Action\PublicAction.class.php 第 5 行.

[ 2014-11-04T22:00:35+08:00 ] 127.0.0.1 /think_message/index.php/Public/code?0.41598549811169505?0.05554161546751857
INFO: [ route_check ] --START--
INFO: CheckRoute Behavior ::run [ RunTime:0.003147s ]
INFO: [ route_check ] --END-- [ RunTime:0.003370s ]
INFO: [ app_begin ] --START--
INFO: ReadHtmlCache Behavior ::run [ RunTime:0.003125s ]
INFO: [ app_begin ] --END-- [ RunTime:0.003324s ]
NOTIC: [8] Use of undefined constant code - assumed 'code' E:\AppServ\www\think_message\Home\Lib\Action\PublicAction.class.php 第 5 行.

[ 2014-11-04T22:04:21+08:00 ] 127.0.0.1 /think_message/index.php/Login/login.html
INFO: [ route_check ] --START--
INFO: CheckRoute Behavior ::run [ RunTime:0.003066s ]
INFO: [ route_check ] --END-- [ RunTime:0.003274s ]
INFO: [ app_begin ] --START--
INFO: ReadHtmlCache Behavior ::run [ RunTime:0.002407s ]
INFO: [ app_begin ] --END-- [ RunTime:0.002698s ]
INFO: [ view_parse ] --START--
INFO: ParseTemplate Behavior ::run [ RunTime:0.035767s ]
INFO: [ view_parse ] --END-- [ RunTime:0.036065s ]
INFO: [ view_filter ] --START--
INFO: ContentReplace Behavior ::run [ RunTime:0.002477s ]
INFO: TokenBuild Behavior ::run [ RunTime:0.002270s ]
INFO: WriteHtmlCache Behavior ::run [ RunTime:0.001923s ]
INFO: ShowRuntime Behavior ::run [ RunTime:0.002284s ]
INFO: [ view_filter ] --END-- [ RunTime:0.009449s ]
INFO: [ view_end ] --START--
INFO: ShowPageTrace Behavior ::run [ RunTime:0.002626s ]
INFO: [ view_end ] --END-- [ RunTime:0.002793s ]

[ 2014-11-04T22:04:22+08:00 ] 127.0.0.1 /think_message/index.php/Public/code
INFO: [ route_check ] --START--
INFO: CheckRoute Behavior ::run [ RunTime:0.026824s ]
INFO: [ route_check ] --END-- [ RunTime:0.027051s ]
INFO: [ app_begin ] --START--
INFO: ReadHtmlCache Behavior ::run [ RunTime:0.001250s ]
INFO: [ app_begin ] --END-- [ RunTime:0.001417s ]
NOTIC: [8] Use of undefined constant code - assumed 'code' E:\AppServ\www\think_message\Home\Lib\Action\PublicAction.class.php 第 5 行.

[ 2014-11-04T22:08:30+08:00 ] 127.0.0.1 /think_message/index.php/Login/login.html
INFO: [ route_check ] --START--
INFO: CheckRoute Behavior ::run [ RunTime:0.003099s ]
INFO: [ route_check ] --END-- [ RunTime:0.003309s ]
INFO: [ app_begin ] --START--
INFO: ReadHtmlCache Behavior ::run [ RunTime:0.002415s ]
INFO: [ app_begin ] --END-- [ RunTime:0.002596s ]
INFO: [ view_parse ] --START--
INFO: ParseTemplate Behavior ::run [ RunTime:0.023447s ]
INFO: [ view_parse ] --END-- [ RunTime:0.023657s ]
INFO: [ view_filter ] --START--
INFO: ContentReplace Behavior ::run [ RunTime:0.001906s ]
INFO: TokenBuild Behavior ::run [ RunTime:0.002023s ]
INFO: WriteHtmlCache Behavior ::run [ RunTime:0.001711s ]
INFO: ShowRuntime Behavior ::run [ RunTime:0.002159s ]
INFO: [ view_filter ] --END-- [ RunTime:0.008274s ]
INFO: [ view_end ] --START--
INFO: ShowPageTrace Behavior ::run [ RunTime:0.003109s ]
INFO: [ view_end ] --END-- [ RunTime:0.003426s ]

[ 2014-11-04T22:08:30+08:00 ] 127.0.0.1 /think_message/index.php/Public/code
INFO: [ route_check ] --START--
INFO: CheckRoute Behavior ::run [ RunTime:0.001946s ]
INFO: [ route_check ] --END-- [ RunTime:0.002167s ]
INFO: [ app_begin ] --START--
INFO: ReadHtmlCache Behavior ::run [ RunTime:0.001305s ]
INFO: [ app_begin ] --END-- [ RunTime:0.001477s ]
NOTIC: [8] Use of undefined constant code - assumed 'code' E:\AppServ\www\think_message\Home\Lib\Action\PublicAction.class.php 第 5 行.

[ 2014-11-04T22:09:49+08:00 ] 127.0.0.1 /think_message/index.php/Login/login.html
INFO: [ route_check ] --START--
INFO: CheckRoute Behavior ::run [ RunTime:0.003013s ]
INFO: [ route_check ] --END-- [ RunTime:0.003211s ]
INFO: [ app_begin ] --START--
INFO: ReadHtmlCache Behavior ::run [ RunTime:0.002471s ]
INFO: [ app_begin ] --END-- [ RunTime:0.002640s ]
INFO: [ view_parse ] --START--
INFO: ParseTemplate Behavior ::run [ RunTime:0.034029s ]
INFO: [ view_parse ] --END-- [ RunTime:0.034248s ]
INFO: [ view_filter ] --START--
INFO: ContentReplace Behavior ::run [ RunTime:0.001950s ]
INFO: TokenBuild Behavior ::run [ RunTime:0.001944s ]
INFO: WriteHtmlCache Behavior ::run [ RunTime:0.001721s ]
INFO: ShowRuntime Behavior ::run [ RunTime:0.002179s ]
INFO: [ view_filter ] --END-- [ RunTime:0.008240s ]
INFO: [ view_end ] --START--
INFO: ShowPageTrace Behavior ::run [ RunTime:0.002511s ]
INFO: [ view_end ] --END-- [ RunTime:0.002673s ]

[ 2014-11-04T22:09:49+08:00 ] 127.0.0.1 /think_message/index.php/Public/code
INFO: [ route_check ] --START--
INFO: CheckRoute Behavior ::run [ RunTime:0.001853s ]
INFO: [ route_check ] --END-- [ RunTime:0.002067s ]
INFO: [ app_begin ] --START--
INFO: ReadHtmlCache Behavior ::run [ RunTime:0.001189s ]
INFO: [ app_begin ] --END-- [ RunTime:0.001355s ]
NOTIC: [8] Use of undefined constant code - assumed 'code' E:\AppServ\www\think_message\Home\Lib\Action\PublicAction.class.php 第 5 行.

[ 2014-11-04T22:12:01+08:00 ] 127.0.0.1 /think_message/index.php/Login/login.html
INFO: [ route_check ] --START--
INFO: CheckRoute Behavior ::run [ RunTime:0.002655s ]
INFO: [ route_check ] --END-- [ RunTime:0.002841s ]
INFO: [ app_begin ] --START--
INFO: ReadHtmlCache Behavior ::run [ RunTime:0.002297s ]
INFO: [ app_begin ] --END-- [ RunTime:0.002446s ]
INFO: [ view_parse ] --START--
INFO: ParseTemplate Behavior ::run [ RunTime:0.020396s ]
INFO: [ view_parse ] --END-- [ RunTime:0.020589s ]
INFO: [ view_filter ] --START--
INFO: ContentReplace Behavior ::run [ RunTime:0.001760s ]
INFO: TokenBuild Behavior ::run [ RunTime:0.001785s ]
INFO: WriteHtmlCache Behavior ::run [ RunTime:0.001525s ]
INFO: ShowRuntime Behavior ::run [ RunTime:0.001859s ]
INFO: [ view_filter ] --END-- [ RunTime:0.007352s ]
INFO: [ view_end ] --START--
INFO: ShowPageTrace Behavior ::run [ RunTime:0.002624s ]
INFO: [ view_end ] --END-- [ RunTime:0.002771s ]

[ 2014-11-04T22:12:01+08:00 ] 127.0.0.1 /think_message/index.php/Public/code
INFO: [ route_check ] --START--
INFO: CheckRoute Behavior ::run [ RunTime:0.002838s ]
INFO: [ route_check ] --END-- [ RunTime:0.003035s ]
INFO: [ app_begin ] --START--
INFO: ReadHtmlCache Behavior ::run [ RunTime:0.002205s ]
INFO: [ app_begin ] --END-- [ RunTime:0.002393s ]
NOTIC: [8] Use of undefined constant code - assumed 'code' E:\AppServ\www\think_message\Home\Lib\Action\PublicAction.class.php 第 5 行.

[ 2014-11-04T22:13:25+08:00 ] 127.0.0.1 /think_message/index.php/Login/login.html
INFO: [ route_check ] --START--
INFO: CheckRoute Behavior ::run [ RunTime:0.002909s ]
INFO: [ route_check ] --END-- [ RunTime:0.003111s ]
INFO: [ app_begin ] --START--
INFO: ReadHtmlCache Behavior ::run [ RunTime:0.002387s ]
INFO: [ app_begin ] --END-- [ RunTime:0.002582s ]
INFO: [ view_parse ] --START--
INFO: ParseTemplate Behavior ::run [ RunTime:0.022390s ]
INFO: [ view_parse ] --END-- [ RunTime:0.022606s ]
INFO: [ view_filter ] --START--
INFO: ContentReplace Behavior ::run [ RunTime:0.001927s ]
INFO: TokenBuild Behavior ::run [ RunTime:0.002014s ]
INFO: WriteHtmlCache Behavior ::run [ RunTime:0.001666s ]
INFO: ShowRuntime Behavior ::run [ RunTime:0.002142s ]
INFO: [ view_filter ] --END-- [ RunTime:0.008212s ]
INFO: [ view_end ] --START--
INFO: ShowPageTrace Behavior ::run [ RunTime:0.002445s ]
INFO: [ view_end ] --END-- [ RunTime:0.002601s ]

[ 2014-11-04T22:13:25+08:00 ] 127.0.0.1 /think_message/index.php/Public/code
INFO: [ route_check ] --START--
INFO: CheckRoute Behavior ::run [ RunTime:0.002803s ]
INFO: [ route_check ] --END-- [ RunTime:0.003008s ]
INFO: [ app_begin ] --START--
INFO: ReadHtmlCache Behavior ::run [ RunTime:0.002265s ]
INFO: [ app_begin ] --END-- [ RunTime:0.002451s ]
NOTIC: [8] Use of undefined constant code - assumed 'code' E:\AppServ\www\think_message\Home\Lib\Action\PublicAction.class.php 第 5 行.

[ 2014-11-04T22:13:28+08:00 ] 127.0.0.1 /think_message/index.php/Login/login.html
INFO: [ route_check ] --START--
INFO: CheckRoute Behavior ::run [ RunTime:0.001831s ]
INFO: [ route_check ] --END-- [ RunTime:0.002032s ]
INFO: [ app_begin ] --START--
INFO: ReadHtmlCache Behavior ::run [ RunTime:0.001319s ]
INFO: [ app_begin ] --END-- [ RunTime:0.001517s ]
INFO: [ view_parse ] --START--
INFO: ParseTemplate Behavior ::run [ RunTime:0.023757s ]
INFO: [ view_parse ] --END-- [ RunTime:0.023968s ]
INFO: [ view_filter ] --START--
INFO: ContentReplace Behavior ::run [ RunTime:0.002285s ]
INFO: TokenBuild Behavior ::run [ RunTime:0.004503s ]
INFO: WriteHtmlCache Behavior ::run [ RunTime:0.001876s ]
INFO: ShowRuntime Behavior ::run [ RunTime:0.002190s ]
INFO: [ view_filter ] --END-- [ RunTime:0.011338s ]
INFO: [ view_end ] --START--
INFO: ShowPageTrace Behavior ::run [ RunTime:0.003457s ]
INFO: [ view_end ] --END-- [ RunTime:0.003625s ]

[ 2014-11-04T22:13:28+08:00 ] 127.0.0.1 /think_message/index.php/Public/code
INFO: [ route_check ] --START--
INFO: CheckRoute Behavior ::run [ RunTime:0.003775s ]
INFO: [ route_check ] --END-- [ RunTime:0.004016s ]
INFO: [ app_begin ] --START--
INFO: ReadHtmlCache Behavior ::run [ RunTime:0.003779s ]
INFO: [ app_begin ] --END-- [ RunTime:0.004039s ]
NOTIC: [8] Use of undefined constant code - assumed 'code' E:\AppServ\www\think_message\Home\Lib\Action\PublicAction.class.php 第 5 行.

[ 2014-11-04T22:13:52+08:00 ] 127.0.0.1 /think_message/index.php/Login/login.html
INFO: [ route_check ] --START--
INFO: CheckRoute Behavior ::run [ RunTime:0.002940s ]
INFO: [ route_check ] --END-- [ RunTime:0.003142s ]
INFO: [ app_begin ] --START--
INFO: ReadHtmlCache Behavior ::run [ RunTime:0.002345s ]
INFO: [ app_begin ] --END-- [ RunTime:0.002513s ]
INFO: [ view_parse ] --START--
INFO: ParseTemplate Behavior ::run [ RunTime:0.033397s ]
INFO: [ view_parse ] --END-- [ RunTime:0.033615s ]
INFO: [ view_filter ] --START--
INFO: ContentReplace Behavior ::run [ RunTime:0.001896s ]
INFO: TokenBuild Behavior ::run [ RunTime:0.001937s ]
INFO: WriteHtmlCache Behavior ::run [ RunTime:0.001635s ]
INFO: ShowRuntime Behavior ::run [ RunTime:0.002063s ]
INFO: [ view_filter ] --END-- [ RunTime:0.007963s ]
INFO: [ view_end ] --START--
INFO: ShowPageTrace Behavior ::run [ RunTime:0.002638s ]
INFO: [ view_end ] --END-- [ RunTime:0.002791s ]

[ 2014-11-04T22:13:52+08:00 ] 127.0.0.1 /think_message/index.php/Public/code
INFO: [ route_check ] --START--
INFO: CheckRoute Behavior ::run [ RunTime:0.001661s ]
INFO: [ route_check ] --END-- [ RunTime:0.001857s ]
INFO: [ app_begin ] --START--
INFO: ReadHtmlCache Behavior ::run [ RunTime:0.001078s ]
INFO: [ app_begin ] --END-- [ RunTime:0.001228s ]
NOTIC: [8] Use of undefined constant code - assumed 'code' E:\AppServ\www\think_message\Home\Lib\Action\PublicAction.class.php 第 5 行.

[ 2014-11-04T22:16:20+08:00 ] 127.0.0.1 /think_message/index.php/Login/login.html
INFO: [ route_check ] --START--
INFO: CheckRoute Behavior ::run [ RunTime:0.002906s ]
INFO: [ route_check ] --END-- [ RunTime:0.003109s ]
INFO: [ app_begin ] --START--
INFO: ReadHtmlCache Behavior ::run [ RunTime:0.002294s ]
INFO: [ app_begin ] --END-- [ RunTime:0.002463s ]
INFO: [ view_parse ] --START--
INFO: ParseTemplate Behavior ::run [ RunTime:0.021767s ]
INFO: [ view_parse ] --END-- [ RunTime:0.021980s ]
INFO: [ view_filter ] --START--
INFO: ContentReplace Behavior ::run [ RunTime:0.002036s ]
INFO: TokenBuild Behavior ::run [ RunTime:0.001949s ]
INFO: WriteHtmlCache Behavior ::run [ RunTime:0.001684s ]
INFO: ShowRuntime Behavior ::run [ RunTime:0.002106s ]
INFO: [ view_filter ] --END-- [ RunTime:0.008219s ]
INFO: [ view_end ] --START--
INFO: ShowPageTrace Behavior ::run [ RunTime:0.002452s ]
INFO: [ view_end ] --END-- [ RunTime:0.002610s ]

[ 2014-11-04T22:16:20+08:00 ] 127.0.0.1 /think_message/index.php/Public/code
INFO: [ route_check ] --START--
INFO: CheckRoute Behavior ::run [ RunTime:0.002700s ]
INFO: [ route_check ] --END-- [ RunTime:0.002958s ]
INFO: [ app_begin ] --START--
INFO: ReadHtmlCache Behavior ::run [ RunTime:0.002180s ]
INFO: [ app_begin ] --END-- [ RunTime:0.002346s ]
NOTIC: [8] Use of undefined constant code - assumed 'code' E:\AppServ\www\think_message\Home\Lib\Action\PublicAction.class.php 第 5 行.

[ 2014-11-04T22:16:29+08:00 ] 127.0.0.1 /think_message/index.php
INFO: [ app_begin ] --START--
INFO: ReadHtmlCache Behavior ::run [ RunTime:0.015419s ]
INFO: [ app_begin ] --END-- [ RunTime:0.015650s ]

[ 2014-11-04T22:16:29+08:00 ] 127.0.0.1 /think_message/index.php/Login/login.html
INFO: [ route_check ] --START--
INFO: CheckRoute Behavior ::run [ RunTime:0.003622s ]
INFO: [ route_check ] --END-- [ RunTime:0.003885s ]
INFO: [ app_begin ] --START--
INFO: ReadHtmlCache Behavior ::run [ RunTime:0.001322s ]
INFO: [ app_begin ] --END-- [ RunTime:0.001494s ]
INFO: [ view_parse ] --START--
INFO: ParseTemplate Behavior ::run [ RunTime:0.027973s ]
INFO: [ view_parse ] --END-- [ RunTime:0.028198s ]
INFO: [ view_filter ] --START--
INFO: ContentReplace Behavior ::run [ RunTime:0.001917s ]
INFO: TokenBuild Behavior ::run [ RunTime:0.001940s ]
INFO: WriteHtmlCache Behavior ::run [ RunTime:0.001901s ]
INFO: ShowRuntime Behavior ::run [ RunTime:0.002872s ]
INFO: [ view_filter ] --END-- [ RunTime:0.009071s ]
INFO: [ view_end ] --START--
INFO: ShowPageTrace Behavior ::run [ RunTime:0.002665s ]
INFO: [ view_end ] --END-- [ RunTime:0.002886s ]

[ 2014-11-04T22:16:29+08:00 ] 127.0.0.1 /think_message/index.php/Public/code
INFO: [ route_check ] --START--
INFO: CheckRoute Behavior ::run [ RunTime:0.001513s ]
INFO: [ route_check ] --END-- [ RunTime:0.001690s ]
INFO: [ app_begin ] --START--
INFO: ReadHtmlCache Behavior ::run [ RunTime:0.000980s ]
INFO: [ app_begin ] --END-- [ RunTime:0.001118s ]
NOTIC: [8] Use of undefined constant code - assumed 'code' E:\AppServ\www\think_message\Home\Lib\Action\PublicAction.class.php 第 5 行.

[ 2014-11-04T22:20:37+08:00 ] 127.0.0.1 /think_message/index.php/Login/login.html
INFO: [ route_check ] --START--
INFO: CheckRoute Behavior ::run [ RunTime:0.003162s ]
INFO: [ route_check ] --END-- [ RunTime:0.003379s ]
INFO: [ app_begin ] --START--
INFO: ReadHtmlCache Behavior ::run [ RunTime:0.002635s ]
INFO: [ app_begin ] --END-- [ RunTime:0.002837s ]
INFO: [ view_parse ] --START--
INFO: ParseTemplate Behavior ::run [ RunTime:0.023112s ]
INFO: [ view_parse ] --END-- [ RunTime:0.023323s ]
INFO: [ view_filter ] --START--
INFO: ContentReplace Behavior ::run [ RunTime:0.001959s ]
INFO: TokenBuild Behavior ::run [ RunTime:0.002164s ]
INFO: WriteHtmlCache Behavior ::run [ RunTime:0.002274s ]
INFO: ShowRuntime Behavior ::run [ RunTime:0.002283s ]
INFO: [ view_filter ] --END-- [ RunTime:0.009227s ]
INFO: [ view_end ] --START--
INFO: ShowPageTrace Behavior ::run [ RunTime:0.002530s ]
INFO: [ view_end ] --END-- [ RunTime:0.002695s ]

[ 2014-11-04T22:20:38+08:00 ] 127.0.0.1 /think_message/index.php/Public/code
INFO: [ route_check ] --START--
INFO: CheckRoute Behavior ::run [ RunTime:0.003467s ]
INFO: [ route_check ] --END-- [ RunTime:0.003686s ]
INFO: [ app_begin ] --START--
INFO: ReadHtmlCache Behavior ::run [ RunTime:0.002558s ]
INFO: [ app_begin ] --END-- [ RunTime:0.002777s ]
NOTIC: [8] Use of undefined constant code - assumed 'code' E:\AppServ\www\think_message\Home\Lib\Action\PublicAction.class.php 第 5 行.

[ 2014-11-04T22:27:34+08:00 ] 127.0.0.1 /think_message/index.php/Login/login.html
INFO: [ route_check ] --START--
INFO: CheckRoute Behavior ::run [ RunTime:0.002896s ]
INFO: [ route_check ] --END-- [ RunTime:0.003100s ]
INFO: [ app_begin ] --START--
INFO: ReadHtmlCache Behavior ::run [ RunTime:0.002418s ]
INFO: [ app_begin ] --END-- [ RunTime:0.002608s ]
INFO: [ view_parse ] --START--
INFO: ParseTemplate Behavior ::run [ RunTime:0.022535s ]
INFO: [ view_parse ] --END-- [ RunTime:0.022751s ]
INFO: [ view_filter ] --START--
INFO: ContentReplace Behavior ::run [ RunTime:0.002006s ]
INFO: TokenBuild Behavior ::run [ RunTime:0.002054s ]
INFO: WriteHtmlCache Behavior ::run [ RunTime:0.001789s ]
INFO: ShowRuntime Behavior ::run [ RunTime:0.002168s ]
INFO: [ view_filter ] --END-- [ RunTime:0.008550s ]
INFO: [ view_end ] --START--
INFO: ShowPageTrace Behavior ::run [ RunTime:0.002505s ]
INFO: [ view_end ] --END-- [ RunTime:0.002675s ]

[ 2014-11-04T22:27:35+08:00 ] 127.0.0.1 /think_message/index.php/Public/code
INFO: [ route_check ] --START--
INFO: CheckRoute Behavior ::run [ RunTime:0.003102s ]
INFO: [ route_check ] --END-- [ RunTime:0.003332s ]
INFO: [ app_begin ] --START--
INFO: ReadHtmlCache Behavior ::run [ RunTime:0.002476s ]
INFO: [ app_begin ] --END-- [ RunTime:0.002666s ]
NOTIC: [8] Use of undefined constant code - assumed 'code' E:\AppServ\www\think_message\Home\Lib\Action\PublicAction.class.php 第 5 行.

[ 2014-11-04T22:27:36+08:00 ] 127.0.0.1 /think_message/index.php/Login/login.html
INFO: [ route_check ] --START--
INFO: CheckRoute Behavior ::run [ RunTime:0.002525s ]
INFO: [ route_check ] --END-- [ RunTime:0.004731s ]
INFO: [ app_begin ] --START--
INFO: ReadHtmlCache Behavior ::run [ RunTime:0.001329s ]
INFO: [ app_begin ] --END-- [ RunTime:0.001512s ]
INFO: [ view_parse ] --START--
INFO: ParseTemplate Behavior ::run [ RunTime:0.025399s ]
INFO: [ view_parse ] --END-- [ RunTime:0.025613s ]
INFO: [ view_filter ] --START--
INFO: ContentReplace Behavior ::run [ RunTime:0.004219s ]
INFO: TokenBuild Behavior ::run [ RunTime:0.002002s ]
INFO: WriteHtmlCache Behavior ::run [ RunTime:0.001957s ]
INFO: ShowRuntime Behavior ::run [ RunTime:0.002110s ]
INFO: [ view_filter ] --END-- [ RunTime:0.010752s ]
INFO: [ view_end ] --START--
INFO: ShowPageTrace Behavior ::run [ RunTime:0.002479s ]
INFO: [ view_end ] --END-- [ RunTime:0.002637s ]

[ 2014-11-04T22:27:36+08:00 ] 127.0.0.1 /think_message/index.php/Public/code
INFO: [ route_check ] --START--
INFO: CheckRoute Behavior ::run [ RunTime:0.002063s ]
INFO: [ route_check ] --END-- [ RunTime:0.002332s ]
INFO: [ app_begin ] --START--
INFO: ReadHtmlCache Behavior ::run [ RunTime:0.001394s ]
INFO: [ app_begin ] --END-- [ RunTime:0.001621s ]
NOTIC: [8] Use of undefined constant code - assumed 'code' E:\AppServ\www\think_message\Home\Lib\Action\PublicAction.class.php 第 5 行.

[ 2014-11-04T22:27:37+08:00 ] 127.0.0.1 /think_message/index.php/Login/login.html
INFO: [ route_check ] --START--
INFO: CheckRoute Behavior ::run [ RunTime:0.001819s ]
INFO: [ route_check ] --END-- [ RunTime:0.002023s ]
INFO: [ app_begin ] --START--
INFO: ReadHtmlCache Behavior ::run [ RunTime:0.001146s ]
INFO: [ app_begin ] --END-- [ RunTime:0.001307s ]
INFO: [ view_parse ] --START--
INFO: ParseTemplate Behavior ::run [ RunTime:0.016122s ]
INFO: [ view_parse ] --END-- [ RunTime:0.016330s ]
INFO: [ view_filter ] --START--
INFO: ContentReplace Behavior ::run [ RunTime:0.000771s ]
INFO: TokenBuild Behavior ::run [ RunTime:0.000805s ]
INFO: WriteHtmlCache Behavior ::run [ RunTime:0.000556s ]
INFO: ShowRuntime Behavior ::run [ RunTime:0.000962s ]
INFO: [ view_filter ] --END-- [ RunTime:0.003517s ]
INFO: [ view_end ] --START--
INFO: ShowPageTrace Behavior ::run [ RunTime:0.001373s ]
INFO: [ view_end ] --END-- [ RunTime:0.001534s ]

[ 2014-11-04T22:27:37+08:00 ] 127.0.0.1 /think_message/index.php/Public/code
INFO: [ route_check ] --START--
INFO: CheckRoute Behavior ::run [ RunTime:0.002831s ]
INFO: [ route_check ] --END-- [ RunTime:0.003047s ]
INFO: [ app_begin ] --START--
INFO: ReadHtmlCache Behavior ::run [ RunTime:0.002366s ]
INFO: [ app_begin ] --END-- [ RunTime:0.002568s ]
NOTIC: [8] Use of undefined constant code - assumed 'code' E:\AppServ\www\think_message\Home\Lib\Action\PublicAction.class.php 第 5 行.

[ 2014-11-04T22:29:56+08:00 ] 127.0.0.1 /think_message/index.php/Login/login.html
INFO: [ route_check ] --START--
INFO: CheckRoute Behavior ::run [ RunTime:0.003134s ]
INFO: [ route_check ] --END-- [ RunTime:0.003352s ]
INFO: [ app_begin ] --START--
INFO: ReadHtmlCache Behavior ::run [ RunTime:0.002423s ]
INFO: [ app_begin ] --END-- [ RunTime:0.002607s ]
INFO: [ view_parse ] --START--
INFO: ParseTemplate Behavior ::run [ RunTime:0.023404s ]
INFO: [ view_parse ] --END-- [ RunTime:0.023652s ]
INFO: [ view_filter ] --START--
INFO: ContentReplace Behavior ::run [ RunTime:0.002109s ]
INFO: TokenBuild Behavior ::run [ RunTime:0.001958s ]
INFO: WriteHtmlCache Behavior ::run [ RunTime:0.001676s ]
INFO: ShowRuntime Behavior ::run [ RunTime:0.002160s ]
INFO: [ view_filter ] --END-- [ RunTime:0.008391s ]
INFO: [ view_end ] --START--
INFO: ShowPageTrace Behavior ::run [ RunTime:0.002385s ]
INFO: [ view_end ] --END-- [ RunTime:0.002538s ]

[ 2014-11-04T22:29:56+08:00 ] 127.0.0.1 /think_message/index.php/Public/code
INFO: [ route_check ] --START--
INFO: CheckRoute Behavior ::run [ RunTime:0.003130s ]
INFO: [ route_check ] --END-- [ RunTime:0.003342s ]
INFO: [ app_begin ] --START--
INFO: ReadHtmlCache Behavior ::run [ RunTime:0.002454s ]
INFO: [ app_begin ] --END-- [ RunTime:0.002645s ]
NOTIC: [8] Use of undefined constant code - assumed 'code' E:\AppServ\www\think_message\Home\Lib\Action\PublicAction.class.php 第 5 行.

[ 2014-11-04T22:31:51+08:00 ] 127.0.0.1 /think_message/index.php/Login/login.html
INFO: [ route_check ] --START--
INFO: CheckRoute Behavior ::run [ RunTime:0.003451s ]
INFO: [ route_check ] --END-- [ RunTime:0.003705s ]
INFO: [ app_begin ] --START--
INFO: ReadHtmlCache Behavior ::run [ RunTime:0.002440s ]
INFO: [ app_begin ] --END-- [ RunTime:0.002632s ]
INFO: [ view_parse ] --START--
INFO: ParseTemplate Behavior ::run [ RunTime:0.026833s ]
INFO: [ view_parse ] --END-- [ RunTime:0.027072s ]
INFO: [ view_filter ] --START--
INFO: ContentReplace Behavior ::run [ RunTime:0.005237s ]
INFO: TokenBuild Behavior ::run [ RunTime:0.002018s ]
INFO: WriteHtmlCache Behavior ::run [ RunTime:0.001809s ]
INFO: ShowRuntime Behavior ::run [ RunTime:0.002181s ]
INFO: [ view_filter ] --END-- [ RunTime:0.011717s ]
INFO: [ view_end ] --START--
INFO: ShowPageTrace Behavior ::run [ RunTime:0.004195s ]
INFO: [ view_end ] --END-- [ RunTime:0.004392s ]

[ 2014-11-04T22:31:51+08:00 ] 127.0.0.1 /think_message/index.php/Public/code
INFO: [ route_check ] --START--
INFO: CheckRoute Behavior ::run [ RunTime:0.003100s ]
INFO: [ route_check ] --END-- [ RunTime:0.003315s ]
INFO: [ app_begin ] --START--
INFO: ReadHtmlCache Behavior ::run [ RunTime:0.010108s ]
INFO: [ app_begin ] --END-- [ RunTime:0.010324s ]
NOTIC: [8] Use of undefined constant code - assumed 'code' E:\AppServ\www\think_message\Home\Lib\Action\PublicAction.class.php 第 5 行.

[ 2014-11-04T22:32:53+08:00 ] 127.0.0.1 /think_message/index.php/Login/login.html
INFO: [ route_check ] --START--
INFO: CheckRoute Behavior ::run [ RunTime:0.003023s ]
INFO: [ route_check ] --END-- [ RunTime:0.003233s ]
INFO: [ app_begin ] --START--
INFO: ReadHtmlCache Behavior ::run [ RunTime:0.002413s ]
INFO: [ app_begin ] --END-- [ RunTime:0.002597s ]
INFO: [ view_parse ] --START--
INFO: ParseTemplate Behavior ::run [ RunTime:0.022485s ]
INFO: [ view_parse ] --END-- [ RunTime:0.022701s ]
INFO: [ view_filter ] --START--
INFO: ContentReplace Behavior ::run [ RunTime:0.001936s ]
INFO: TokenBuild Behavior ::run [ RunTime:0.002188s ]
INFO: WriteHtmlCache Behavior ::run [ RunTime:0.001768s ]
INFO: ShowRuntime Behavior ::run [ RunTime:0.002089s ]
INFO: [ view_filter ] --END-- [ RunTime:0.008454s ]
INFO: [ view_end ] --START--
INFO: ShowPageTrace Behavior ::run [ RunTime:0.002484s ]
INFO: [ view_end ] --END-- [ RunTime:0.002679s ]

[ 2014-11-04T22:32:53+08:00 ] 127.0.0.1 /think_message/index.php/Public/code
INFO: [ route_check ] --START--
INFO: CheckRoute Behavior ::run [ RunTime:0.001621s ]
INFO: [ route_check ] --END-- [ RunTime:0.001829s ]
INFO: [ app_begin ] --START--
INFO: ReadHtmlCache Behavior ::run [ RunTime:0.001036s ]
INFO: [ app_begin ] --END-- [ RunTime:0.001182s ]
NOTIC: [8] Use of undefined constant code - assumed 'code' E:\AppServ\www\think_message\Home\Lib\Action\PublicAction.class.php 第 5 行.

[ 2014-11-04T22:32:54+08:00 ] 127.0.0.1 /think_message/index.php/Login/login.html
INFO: [ route_check ] --START--
INFO: CheckRoute Behavior ::run [ RunTime:0.001979s ]
INFO: [ route_check ] --END-- [ RunTime:0.002191s ]
INFO: [ app_begin ] --START--
INFO: ReadHtmlCache Behavior ::run [ RunTime:0.001174s ]
INFO: [ app_begin ] --END-- [ RunTime:0.001344s ]
INFO: [ view_parse ] --START--
INFO: ParseTemplate Behavior ::run [ RunTime:0.023704s ]
INFO: [ view_parse ] --END-- [ RunTime:0.023942s ]
INFO: [ view_filter ] --START--
INFO: ContentReplace Behavior ::run [ RunTime:0.002257s ]
INFO: TokenBuild Behavior ::run [ RunTime:0.002753s ]
INFO: WriteHtmlCache Behavior ::run [ RunTime:0.001925s ]
INFO: ShowRuntime Behavior ::run [ RunTime:0.002215s ]
INFO: [ view_filter ] --END-- [ RunTime:0.009664s ]
INFO: [ view_end ] --START--
INFO: ShowPageTrace Behavior ::run [ RunTime:0.002558s ]
INFO: [ view_end ] --END-- [ RunTime:0.002727s ]

[ 2014-11-04T22:32:54+08:00 ] 127.0.0.1 /think_message/index.php/Public/code
INFO: [ route_check ] --START--
INFO: CheckRoute Behavior ::run [ RunTime:0.001835s ]
INFO: [ route_check ] --END-- [ RunTime:0.002051s ]
INFO: [ app_begin ] --START--
INFO: ReadHtmlCache Behavior ::run [ RunTime:0.001395s ]
INFO: [ app_begin ] --END-- [ RunTime:0.001596s ]
NOTIC: [8] Use of undefined constant code - assumed 'code' E:\AppServ\www\think_message\Home\Lib\Action\PublicAction.class.php 第 5 行.

[ 2014-11-04T22:42:02+08:00 ] 127.0.0.1 /think_message/index.php/Login/login.html
INFO: [ route_check ] --START--
INFO: CheckRoute Behavior ::run [ RunTime:0.002915s ]
INFO: [ route_check ] --END-- [ RunTime:0.003156s ]
INFO: [ app_begin ] --START--
INFO: ReadHtmlCache Behavior ::run [ RunTime:0.002320s ]
INFO: [ app_begin ] --END-- [ RunTime:0.002495s ]
INFO: [ view_parse ] --START--
INFO: ParseTemplate Behavior ::run [ RunTime:0.021779s ]
INFO: [ view_parse ] --END-- [ RunTime:0.021994s ]
INFO: [ view_filter ] --START--
INFO: ContentReplace Behavior ::run [ RunTime:0.001876s ]
INFO: TokenBuild Behavior ::run [ RunTime:0.001894s ]
INFO: WriteHtmlCache Behavior ::run [ RunTime:0.001662s ]
INFO: ShowRuntime Behavior ::run [ RunTime:0.002104s ]
INFO: [ view_filter ] --END-- [ RunTime:0.007975s ]
INFO: [ view_end ] --START--
INFO: ShowPageTrace Behavior ::run [ RunTime:0.002464s ]
INFO: [ view_end ] --END-- [ RunTime:0.002629s ]

[ 2014-11-04T22:42:03+08:00 ] 127.0.0.1 /think_message/index.php/Public/code
INFO: [ route_check ] --START--
INFO: CheckRoute Behavior ::run [ RunTime:0.002949s ]
INFO: [ route_check ] --END-- [ RunTime:0.003166s ]
INFO: [ app_begin ] --START--
INFO: ReadHtmlCache Behavior ::run [ RunTime:0.002336s ]
INFO: [ app_begin ] --END-- [ RunTime:0.002528s ]
NOTIC: [8] Use of undefined constant code - assumed 'code' E:\AppServ\www\think_message\Home\Lib\Action\PublicAction.class.php 第 5 行.

[ 2014-11-04T22:44:13+08:00 ] 127.0.0.1 /think_message/index.php/Login/login.html
INFO: [ route_check ] --START--
INFO: CheckRoute Behavior ::run [ RunTime:0.003143s ]
INFO: [ route_check ] --END-- [ RunTime:0.003372s ]
INFO: [ app_begin ] --START--
INFO: ReadHtmlCache Behavior ::run [ RunTime:0.002409s ]
INFO: [ app_begin ] --END-- [ RunTime:0.002597s ]
INFO: [ view_parse ] --START--
INFO: ParseTemplate Behavior ::run [ RunTime:0.025886s ]
INFO: [ view_parse ] --END-- [ RunTime:0.026113s ]
INFO: [ view_filter ] --START--
INFO: ContentReplace Behavior ::run [ RunTime:0.002430s ]
INFO: TokenBuild Behavior ::run [ RunTime:0.002429s ]
INFO: WriteHtmlCache Behavior ::run [ RunTime:0.001841s ]
INFO: ShowRuntime Behavior ::run [ RunTime:0.002672s ]
INFO: [ view_filter ] --END-- [ RunTime:0.009979s ]
INFO: [ view_end ] --START--
INFO: ShowPageTrace Behavior ::run [ RunTime:0.002528s ]
INFO: [ view_end ] --END-- [ RunTime:0.002697s ]

[ 2014-11-04T22:44:13+08:00 ] 127.0.0.1 /think_message/index.php/Public/code
INFO: [ route_check ] --START--
INFO: CheckRoute Behavior ::run [ RunTime:0.002864s ]
INFO: [ route_check ] --END-- [ RunTime:0.003060s ]
INFO: [ app_begin ] --START--
INFO: ReadHtmlCache Behavior ::run [ RunTime:0.004359s ]
INFO: [ app_begin ] --END-- [ RunTime:0.004549s ]
NOTIC: [8] Use of undefined constant code - assumed 'code' E:\AppServ\www\think_message\Home\Lib\Action\PublicAction.class.php 第 5 行.

[ 2014-11-04T22:47:05+08:00 ] 127.0.0.1 /think_message/index.php/Login/login.html
INFO: [ route_check ] --START--
INFO: CheckRoute Behavior ::run [ RunTime:0.002968s ]
INFO: [ route_check ] --END-- [ RunTime:0.003173s ]
INFO: [ app_begin ] --START--
INFO: ReadHtmlCache Behavior ::run [ RunTime:0.002382s ]
INFO: [ app_begin ] --END-- [ RunTime:0.002552s ]
INFO: [ view_parse ] --START--
INFO: ParseTemplate Behavior ::run [ RunTime:0.022495s ]
INFO: [ view_parse ] --END-- [ RunTime:0.022707s ]
INFO: [ view_filter ] --START--
INFO: ContentReplace Behavior ::run [ RunTime:0.002099s ]
INFO: TokenBuild Behavior ::run [ RunTime:0.001954s ]
INFO: WriteHtmlCache Behavior ::run [ RunTime:0.001801s ]
INFO: ShowRuntime Behavior ::run [ RunTime:0.002240s ]
INFO: [ view_filter ] --END-- [ RunTime:0.008597s ]
INFO: [ view_end ] --START--
INFO: ShowPageTrace Behavior ::run [ RunTime:0.002392s ]
INFO: [ view_end ] --END-- [ RunTime:0.002546s ]

[ 2014-11-04T22:47:06+08:00 ] 127.0.0.1 /think_message/index.php/Public/code
INFO: [ route_check ] --START--
INFO: CheckRoute Behavior ::run [ RunTime:0.003014s ]
INFO: [ route_check ] --END-- [ RunTime:0.003253s ]
INFO: [ app_begin ] --START--
INFO: ReadHtmlCache Behavior ::run [ RunTime:0.002492s ]
INFO: [ app_begin ] --END-- [ RunTime:0.002691s ]
NOTIC: [8] Use of undefined constant code - assumed 'code' E:\AppServ\www\think_message\Home\Lib\Action\PublicAction.class.php 第 5 行.

[ 2014-11-04T22:48:38+08:00 ] 127.0.0.1 /think_message/index.php/Login/login.html
INFO: [ route_check ] --START--
INFO: CheckRoute Behavior ::run [ RunTime:0.003315s ]
INFO: [ route_check ] --END-- [ RunTime:0.003529s ]
INFO: [ app_begin ] --START--
INFO: ReadHtmlCache Behavior ::run [ RunTime:0.002419s ]
INFO: [ app_begin ] --END-- [ RunTime:0.002622s ]
INFO: [ view_parse ] --START--
INFO: ParseTemplate Behavior ::run [ RunTime:0.028802s ]
INFO: [ view_parse ] --END-- [ RunTime:0.029028s ]
INFO: [ view_filter ] --START--
INFO: ContentReplace Behavior ::run [ RunTime:0.002108s ]
INFO: TokenBuild Behavior ::run [ RunTime:0.002049s ]
INFO: WriteHtmlCache Behavior ::run [ RunTime:0.002279s ]
INFO: ShowRuntime Behavior ::run [ RunTime:0.003086s ]
INFO: [ view_filter ] --END-- [ RunTime:0.010001s ]
INFO: [ view_end ] --START--
INFO: ShowPageTrace Behavior ::run [ RunTime:0.002884s ]
INFO: [ view_end ] --END-- [ RunTime:0.003052s ]

[ 2014-11-04T22:48:38+08:00 ] 127.0.0.1 /think_message/index.php/Public/code
INFO: [ route_check ] --START--
INFO: CheckRoute Behavior ::run [ RunTime:0.004674s ]
INFO: [ route_check ] --END-- [ RunTime:0.010045s ]
INFO: [ app_begin ] --START--
INFO: ReadHtmlCache Behavior ::run [ RunTime:0.002578s ]
INFO: [ app_begin ] --END-- [ RunTime:0.002813s ]
NOTIC: [8] Use of undefined constant code - assumed 'code' E:\AppServ\www\think_message\Home\Lib\Action\PublicAction.class.php 第 5 行.

[ 2014-11-04T22:49:59+08:00 ] 127.0.0.1 /think_message/index.php/Login/login.html
INFO: [ route_check ] --START--
INFO: CheckRoute Behavior ::run [ RunTime:0.002923s ]
INFO: [ route_check ] --END-- [ RunTime:0.003130s ]
INFO: [ app_begin ] --START--
INFO: ReadHtmlCache Behavior ::run [ RunTime:0.002345s ]
INFO: [ app_begin ] --END-- [ RunTime:0.002527s ]
INFO: [ view_parse ] --START--
INFO: ParseTemplate Behavior ::run [ RunTime:0.022376s ]
INFO: [ view_parse ] --END-- [ RunTime:0.022597s ]
INFO: [ view_filter ] --START--
INFO: ContentReplace Behavior ::run [ RunTime:0.001988s ]
INFO: TokenBuild Behavior ::run [ RunTime:0.001933s ]
INFO: WriteHtmlCache Behavior ::run [ RunTime:0.001667s ]
INFO: ShowRuntime Behavior ::run [ RunTime:0.002071s ]
INFO: [ view_filter ] --END-- [ RunTime:0.008115s ]
INFO: [ view_end ] --START--
INFO: ShowPageTrace Behavior ::run [ RunTime:0.002589s ]
INFO: [ view_end ] --END-- [ RunTime:0.002764s ]

[ 2014-11-04T22:49:59+08:00 ] 127.0.0.1 /think_message/index.php/Public/code
INFO: [ route_check ] --START--
INFO: CheckRoute Behavior ::run [ RunTime:0.003223s ]
INFO: [ route_check ] --END-- [ RunTime:0.003444s ]
INFO: [ app_begin ] --START--
INFO: ReadHtmlCache Behavior ::run [ RunTime:0.002421s ]
INFO: [ app_begin ] --END-- [ RunTime:0.002610s ]
NOTIC: [8] Use of undefined constant code - assumed 'code' E:\AppServ\www\think_message\Home\Lib\Action\PublicAction.class.php 第 5 行.

[ 2014-11-04T22:51:23+08:00 ] 127.0.0.1 /think_message/index.php/Login/login.html
INFO: [ route_check ] --START--
INFO: CheckRoute Behavior ::run [ RunTime:0.003525s ]
INFO: [ route_check ] --END-- [ RunTime:0.003757s ]
INFO: [ app_begin ] --START--
INFO: ReadHtmlCache Behavior ::run [ RunTime:0.003310s ]
INFO: [ app_begin ] --END-- [ RunTime:0.003582s ]
INFO: [ view_parse ] --START--
INFO: ParseTemplate Behavior ::run [ RunTime:0.026130s ]
INFO: [ view_parse ] --END-- [ RunTime:0.026360s ]
INFO: [ view_filter ] --START--
INFO: ContentReplace Behavior ::run [ RunTime:0.003349s ]
INFO: TokenBuild Behavior ::run [ RunTime:0.002776s ]
INFO: WriteHtmlCache Behavior ::run [ RunTime:0.001789s ]
INFO: ShowRuntime Behavior ::run [ RunTime:0.002748s ]
INFO: [ view_filter ] --END-- [ RunTime:0.011178s ]
INFO: [ view_end ] --START--
INFO: ShowPageTrace Behavior ::run [ RunTime:0.002459s ]
INFO: [ view_end ] --END-- [ RunTime:0.002616s ]

[ 2014-11-04T22:51:23+08:00 ] 127.0.0.1 /think_message/index.php/Public/code
INFO: [ route_check ] --START--
INFO: CheckRoute Behavior ::run [ RunTime:0.003666s ]
INFO: [ route_check ] --END-- [ RunTime:0.003934s ]
INFO: [ app_begin ] --START--
INFO: ReadHtmlCache Behavior ::run [ RunTime:0.003291s ]
INFO: [ app_begin ] --END-- [ RunTime:0.003852s ]
NOTIC: [8] Use of undefined constant code - assumed 'code' E:\AppServ\www\think_message\Home\Lib\Action\PublicAction.class.php 第 5 行.

[ 2014-11-04T23:02:29+08:00 ] 127.0.0.1 /think_message/index.php/Login/login.html
INFO: [ route_check ] --START--
INFO: CheckRoute Behavior ::run [ RunTime:0.001540s ]
INFO: [ route_check ] --END-- [ RunTime:0.001658s ]
INFO: [ app_begin ] --START--
INFO: ReadHtmlCache Behavior ::run [ RunTime:0.000994s ]
INFO: [ app_begin ] --END-- [ RunTime:0.001072s ]

[ 2014-11-04T23:03:10+08:00 ] 127.0.0.1 /think_message/index.php/Login/login.html
INFO: [ route_check ] --START--
INFO: CheckRoute Behavior ::run [ RunTime:0.003064s ]
INFO: [ route_check ] --END-- [ RunTime:0.003278s ]
INFO: [ app_begin ] --START--
INFO: ReadHtmlCache Behavior ::run [ RunTime:0.002426s ]
INFO: [ app_begin ] --END-- [ RunTime:0.002609s ]
INFO: [ view_parse ] --START--
INFO: ParseTemplate Behavior ::run [ RunTime:0.022838s ]
INFO: [ view_parse ] --END-- [ RunTime:0.023071s ]
INFO: [ view_filter ] --START--
INFO: ContentReplace Behavior ::run [ RunTime:0.001980s ]
INFO: TokenBuild Behavior ::run [ RunTime:0.001950s ]
INFO: WriteHtmlCache Behavior ::run [ RunTime:0.001825s ]
INFO: ShowRuntime Behavior ::run [ RunTime:0.002141s ]
INFO: [ view_filter ] --END-- [ RunTime:0.008343s ]
INFO: [ view_end ] --START--
INFO: ShowPageTrace Behavior ::run [ RunTime:0.002473s ]
INFO: [ view_end ] --END-- [ RunTime:0.002639s ]

[ 2014-11-04T23:03:10+08:00 ] 127.0.0.1 /think_message/index.php/Public/code
INFO: [ route_check ] --START--
INFO: CheckRoute Behavior ::run [ RunTime:0.002919s ]
INFO: [ route_check ] --END-- [ RunTime:0.003128s ]
INFO: [ app_begin ] --START--
INFO: ReadHtmlCache Behavior ::run [ RunTime:0.002725s ]
INFO: [ app_begin ] --END-- [ RunTime:0.002924s ]
NOTIC: [8] Use of undefined constant code - assumed 'code' E:\AppServ\www\think_message\Home\Lib\Action\PublicAction.class.php 第 5 行.

[ 2014-11-04T23:06:37+08:00 ] 127.0.0.1 /think_message/index.php/Login/login.html
INFO: [ route_check ] --START--
INFO: CheckRoute Behavior ::run [ RunTime:0.003179s ]
INFO: [ route_check ] --END-- [ RunTime:0.003395s ]
INFO: [ app_begin ] --START--
INFO: ReadHtmlCache Behavior ::run [ RunTime:0.002486s ]
INFO: [ app_begin ] --END-- [ RunTime:0.002678s ]
INFO: [ view_parse ] --START--
INFO: ParseTemplate Behavior ::run [ RunTime:0.026241s ]
INFO: [ view_parse ] --END-- [ RunTime:0.026455s ]
INFO: [ view_filter ] --START--
INFO: ContentReplace Behavior ::run [ RunTime:0.002011s ]
INFO: TokenBuild Behavior ::run [ RunTime:0.001915s ]
INFO: WriteHtmlCache Behavior ::run [ RunTime:0.002651s ]
INFO: ShowRuntime Behavior ::run [ RunTime:0.002327s ]
INFO: [ view_filter ] --END-- [ RunTime:0.009371s ]
INFO: [ view_end ] --START--
INFO: ShowPageTrace Behavior ::run [ RunTime:0.002506s ]
INFO: [ view_end ] --END-- [ RunTime:0.002660s ]

[ 2014-11-04T23:06:37+08:00 ] 127.0.0.1 /think_message/index.php/Public/code
INFO: [ route_check ] --START--
INFO: CheckRoute Behavior ::run [ RunTime:0.002962s ]
INFO: [ route_check ] --END-- [ RunTime:0.003174s ]
INFO: [ app_begin ] --START--
INFO: ReadHtmlCache Behavior ::run [ RunTime:0.002429s ]
INFO: [ app_begin ] --END-- [ RunTime:0.002612s ]
NOTIC: [8] Use of undefined constant code - assumed 'code' E:\AppServ\www\think_message\Home\Lib\Action\PublicAction.class.php 第 5 行.

[ 2014-11-04T23:09:11+08:00 ] 127.0.0.1 /think_message/index.php
INFO: [ app_begin ] --START--
INFO: ReadHtmlCache Behavior ::run [ RunTime:0.001449s ]
INFO: [ app_begin ] --END-- [ RunTime:0.001581s ]

[ 2014-11-04T23:09:11+08:00 ] 127.0.0.1 /think_message/index.php/Login/login.html
INFO: [ route_check ] --START--
INFO: CheckRoute Behavior ::run [ RunTime:0.003315s ]
INFO: [ route_check ] --END-- [ RunTime:0.003489s ]
INFO: [ app_begin ] --START--
INFO: ReadHtmlCache Behavior ::run [ RunTime:0.000883s ]
INFO: [ app_begin ] --END-- [ RunTime:0.001067s ]
INFO: [ view_parse ] --START--
INFO: ParseTemplate Behavior ::run [ RunTime:0.015733s ]
INFO: [ view_parse ] --END-- [ RunTime:0.015888s ]
INFO: [ view_filter ] --START--
INFO: ContentReplace Behavior ::run [ RunTime:0.001098s ]
INFO: TokenBuild Behavior ::run [ RunTime:0.001177s ]
INFO: WriteHtmlCache Behavior ::run [ RunTime:0.001334s ]
INFO: ShowRuntime Behavior ::run [ RunTime:0.001264s ]
INFO: [ view_filter ] --END-- [ RunTime:0.005156s ]
INFO: [ view_end ] --START--
INFO: ShowPageTrace Behavior ::run [ RunTime:0.001500s ]
INFO: [ view_end ] --END-- [ RunTime:0.001604s ]

[ 2014-11-04T23:09:11+08:00 ] 127.0.0.1 /think_message/index.php/Public/code
INFO: [ route_check ] --START--
INFO: CheckRoute Behavior ::run [ RunTime:0.001132s ]
INFO: [ route_check ] --END-- [ RunTime:0.001274s ]
INFO: [ app_begin ] --START--
INFO: ReadHtmlCache Behavior ::run [ RunTime:0.000974s ]
INFO: [ app_begin ] --END-- [ RunTime:0.001095s ]
NOTIC: [8] Use of undefined constant code - assumed 'code' E:\AppServ\www\think_message\Home\Lib\Action\PublicAction.class.php 第 5 行.

[ 2014-11-04T23:13:25+08:00 ] 127.0.0.1 /think_message/index.php/Login/login.html
INFO: [ route_check ] --START--
INFO: CheckRoute Behavior ::run [ RunTime:0.001317s ]
INFO: [ route_check ] --END-- [ RunTime:0.001414s ]
INFO: [ app_begin ] --START--
INFO: ReadHtmlCache Behavior ::run [ RunTime:0.001175s ]
INFO: [ app_begin ] --END-- [ RunTime:0.001306s ]
INFO: [ view_parse ] --START--
INFO: ParseTemplate Behavior ::run [ RunTime:0.019106s ]
INFO: [ view_parse ] --END-- [ RunTime:0.019331s ]
INFO: [ view_filter ] --START--
INFO: ContentReplace Behavior ::run [ RunTime:0.001659s ]
INFO: TokenBuild Behavior ::run [ RunTime:0.001559s ]
INFO: WriteHtmlCache Behavior ::run [ RunTime:0.001684s ]
INFO: ShowRuntime Behavior ::run [ RunTime:0.001675s ]
INFO: [ view_filter ] --END-- [ RunTime:0.006969s ]
INFO: [ view_end ] --START--
INFO: ShowPageTrace Behavior ::run [ RunTime:0.001968s ]
INFO: [ view_end ] --END-- [ RunTime:0.002093s ]

[ 2014-11-04T23:13:25+08:00 ] 127.0.0.1 /think_message/index.php/Public/code
INFO: [ route_check ] --START--
INFO: CheckRoute Behavior ::run [ RunTime:0.002155s ]
INFO: [ route_check ] --END-- [ RunTime:0.002303s ]
INFO: [ app_begin ] --START--
INFO: ReadHtmlCache Behavior ::run [ RunTime:0.007922s ]
INFO: [ app_begin ] --END-- [ RunTime:0.008081s ]
NOTIC: [8] Use of undefined constant code - assumed 'code' E:\AppServ\www\think_message\Home\Lib\Action\PublicAction.class.php 第 5 行.

[ 2014-11-04T23:15:28+08:00 ] 127.0.0.1 /think_message/index.php/Login/login.html
INFO: [ route_check ] --START--
INFO: CheckRoute Behavior ::run [ RunTime:0.001212s ]
INFO: [ route_check ] --END-- [ RunTime:0.001306s ]
INFO: [ app_begin ] --START--
INFO: ReadHtmlCache Behavior ::run [ RunTime:0.000959s ]
INFO: [ app_begin ] --END-- [ RunTime:0.001029s ]
INFO: [ view_parse ] --START--
INFO: ParseTemplate Behavior ::run [ RunTime:0.009129s ]
INFO: [ view_parse ] --END-- [ RunTime:0.009222s ]
INFO: [ view_filter ] --START--
INFO: ContentReplace Behavior ::run [ RunTime:0.000788s ]
INFO: TokenBuild Behavior ::run [ RunTime:0.000788s ]
INFO: WriteHtmlCache Behavior ::run [ RunTime:0.000693s ]
INFO: ShowRuntime Behavior ::run [ RunTime:0.000870s ]
INFO: [ view_filter ] --END-- [ RunTime:0.003314s ]
INFO: [ view_end ] --START--
INFO: ShowPageTrace Behavior ::run [ RunTime:0.001000s ]
INFO: [ view_end ] --END-- [ RunTime:0.001063s ]

[ 2014-11-04T23:15:28+08:00 ] 127.0.0.1 /think_message/index.php/Public/code
INFO: [ route_check ] --START--
INFO: CheckRoute Behavior ::run [ RunTime:0.001204s ]
INFO: [ route_check ] --END-- [ RunTime:0.001294s ]
INFO: [ app_begin ] --START--
INFO: ReadHtmlCache Behavior ::run [ RunTime:0.000942s ]
INFO: [ app_begin ] --END-- [ RunTime:0.001012s ]
NOTIC: [8] Use of undefined constant code - assumed 'code' E:\AppServ\www\think_message\Home\Lib\Action\PublicAction.class.php 第 5 行.

[ 2014-11-04T23:17:50+08:00 ] 127.0.0.1 /think_message/index.php/Login/login.html
INFO: [ route_check ] --START--
INFO: CheckRoute Behavior ::run [ RunTime:0.001881s ]
INFO: [ route_check ] --END-- [ RunTime:0.002001s ]
INFO: [ app_begin ] --START--
INFO: ReadHtmlCache Behavior ::run [ RunTime:0.001130s ]
INFO: [ app_begin ] --END-- [ RunTime:0.001228s ]
INFO: [ view_parse ] --START--
INFO: ParseTemplate Behavior ::run [ RunTime:0.010014s ]
INFO: [ view_parse ] --END-- [ RunTime:0.010125s ]
INFO: [ view_filter ] --START--
INFO: ContentReplace Behavior ::run [ RunTime:0.001427s ]
INFO: TokenBuild Behavior ::run [ RunTime:0.001008s ]
INFO: WriteHtmlCache Behavior ::run [ RunTime:0.000959s ]
INFO: ShowRuntime Behavior ::run [ RunTime:0.000892s ]
INFO: [ view_filter ] --END-- [ RunTime:0.004526s ]
INFO: [ view_end ] --START--
INFO: ShowPageTrace Behavior ::run [ RunTime:0.001001s ]
INFO: [ view_end ] --END-- [ RunTime:0.001068s ]

[ 2014-11-04T23:17:50+08:00 ] 127.0.0.1 /think_message/index.php/Public/code
INFO: [ route_check ] --START--
INFO: CheckRoute Behavior ::run [ RunTime:0.001273s ]
INFO: [ route_check ] --END-- [ RunTime:0.001380s ]
INFO: [ app_begin ] --START--
INFO: ReadHtmlCache Behavior ::run [ RunTime:0.001313s ]
INFO: [ app_begin ] --END-- [ RunTime:0.001428s ]
NOTIC: [8] Use of undefined constant code - assumed 'code' E:\AppServ\www\think_message\Home\Lib\Action\PublicAction.class.php 第 5 行.

[ 2014-11-04T23:18:17+08:00 ] 127.0.0.1 /think_message/index.php/Login/login.html
INFO: [ route_check ] --START--
INFO: CheckRoute Behavior ::run [ RunTime:0.001895s ]
INFO: [ route_check ] --END-- [ RunTime:0.001994s ]
INFO: [ app_begin ] --START--
INFO: ReadHtmlCache Behavior ::run [ RunTime:0.001144s ]
INFO: [ app_begin ] --END-- [ RunTime:0.001231s ]
INFO: [ view_parse ] --START--
INFO: ParseTemplate Behavior ::run [ RunTime:0.011321s ]
INFO: [ view_parse ] --END-- [ RunTime:0.011449s ]
INFO: [ view_filter ] --START--
INFO: ContentReplace Behavior ::run [ RunTime:0.001505s ]
INFO: TokenBuild Behavior ::run [ RunTime:0.000885s ]
INFO: WriteHtmlCache Behavior ::run [ RunTime:0.000741s ]
INFO: ShowRuntime Behavior ::run [ RunTime:0.000940s ]
INFO: [ view_filter ] --END-- [ RunTime:0.004306s ]
INFO: [ view_end ] --START--
INFO: ShowPageTrace Behavior ::run [ RunTime:0.001506s ]
INFO: [ view_end ] --END-- [ RunTime:0.001601s ]

[ 2014-11-04T23:18:17+08:00 ] 127.0.0.1 /think_message/index.php/Public/code
INFO: [ route_check ] --START--
INFO: CheckRoute Behavior ::run [ RunTime:0.001954s ]
INFO: [ route_check ] --END-- [ RunTime:0.002094s ]
INFO: [ app_begin ] --START--
INFO: ReadHtmlCache Behavior ::run [ RunTime:0.006181s ]
INFO: [ app_begin ] --END-- [ RunTime:0.006314s ]
NOTIC: [8] Use of undefined constant code - assumed 'code' E:\AppServ\www\think_message\Home\Lib\Action\PublicAction.class.php 第 5 行.

[ 2014-11-04T23:20:05+08:00 ] 127.0.0.1 /think_message/index.php/Login/login.html
INFO: [ route_check ] --START--
INFO: CheckRoute Behavior ::run [ RunTime:0.001885s ]
INFO: [ route_check ] --END-- [ RunTime:0.001994s ]
INFO: [ app_begin ] --START--
INFO: ReadHtmlCache Behavior ::run [ RunTime:0.000962s ]
INFO: [ app_begin ] --END-- [ RunTime:0.001034s ]
INFO: [ view_parse ] --START--
INFO: ParseTemplate Behavior ::run [ RunTime:0.015880s ]
INFO: [ view_parse ] --END-- [ RunTime:0.016073s ]
INFO: [ view_filter ] --START--
INFO: ContentReplace Behavior ::run [ RunTime:0.001711s ]
INFO: TokenBuild Behavior ::run [ RunTime:0.000985s ]
INFO: WriteHtmlCache Behavior ::run [ RunTime:0.000730s ]
INFO: ShowRuntime Behavior ::run [ RunTime:0.000908s ]
INFO: [ view_filter ] --END-- [ RunTime:0.004636s ]
INFO: [ view_end ] --START--
INFO: ShowPageTrace Behavior ::run [ RunTime:0.001098s ]
INFO: [ view_end ] --END-- [ RunTime:0.001162s ]

[ 2014-11-04T23:20:05+08:00 ] 127.0.0.1 /think_message/index.php/Public/code
INFO: [ route_check ] --START--
INFO: CheckRoute Behavior ::run [ RunTime:0.001866s ]
INFO: [ route_check ] --END-- [ RunTime:0.002012s ]
INFO: [ app_begin ] --START--
INFO: ReadHtmlCache Behavior ::run [ RunTime:0.003539s ]
INFO: [ app_begin ] --END-- [ RunTime:0.003675s ]
NOTIC: [8] Use of undefined constant code - assumed 'code' E:\AppServ\www\think_message\Home\Lib\Action\PublicAction.class.php 第 5 行.

[ 2014-11-04T23:22:08+08:00 ] 127.0.0.1 /think_message/index.php/Login/login.html
INFO: [ route_check ] --START--
INFO: CheckRoute Behavior ::run [ RunTime:0.001220s ]
INFO: [ route_check ] --END-- [ RunTime:0.001314s ]
INFO: [ app_begin ] --START--
INFO: ReadHtmlCache Behavior ::run [ RunTime:0.000958s ]
INFO: [ app_begin ] --END-- [ RunTime:0.001026s ]
INFO: [ view_parse ] --START--
INFO: ParseTemplate Behavior ::run [ RunTime:0.010696s ]
INFO: [ view_parse ] --END-- [ RunTime:0.010817s ]
INFO: [ view_filter ] --START--
INFO: ContentReplace Behavior ::run [ RunTime:0.000851s ]
INFO: TokenBuild Behavior ::run [ RunTime:0.000864s ]
INFO: WriteHtmlCache Behavior ::run [ RunTime:0.000741s ]
INFO: ShowRuntime Behavior ::run [ RunTime:0.000875s ]
INFO: [ view_filter ] --END-- [ RunTime:0.003528s ]
INFO: [ view_end ] --START--
INFO: ShowPageTrace Behavior ::run [ RunTime:0.001105s ]
INFO: [ view_end ] --END-- [ RunTime:0.001176s ]

[ 2014-11-04T23:22:08+08:00 ] 127.0.0.1 /think_message/index.php/Public/code
INFO: [ route_check ] --START--
INFO: CheckRoute Behavior ::run [ RunTime:0.001848s ]
INFO: [ route_check ] --END-- [ RunTime:0.001996s ]
INFO: [ app_begin ] --START--
INFO: ReadHtmlCache Behavior ::run [ RunTime:0.001388s ]
INFO: [ app_begin ] --END-- [ RunTime:0.001527s ]
NOTIC: [8] Use of undefined constant code - assumed 'code' E:\AppServ\www\think_message\Home\Lib\Action\PublicAction.class.php 第 5 行.

[ 2014-11-04T23:23:57+08:00 ] 127.0.0.1 /think_message/index.php/Login/login.html
INFO: [ route_check ] --START--
INFO: CheckRoute Behavior ::run [ RunTime:0.001246s ]
INFO: [ route_check ] --END-- [ RunTime:0.001341s ]
INFO: [ app_begin ] --START--
INFO: ReadHtmlCache Behavior ::run [ RunTime:0.001441s ]
INFO: [ app_begin ] --END-- [ RunTime:0.001553s ]
INFO: [ view_parse ] --START--
INFO: ParseTemplate Behavior ::run [ RunTime:0.010618s ]
INFO: [ view_parse ] --END-- [ RunTime:0.010825s ]
INFO: [ view_filter ] --START--
INFO: ContentReplace Behavior ::run [ RunTime:0.000806s ]
INFO: TokenBuild Behavior ::run [ RunTime:0.001212s ]
INFO: WriteHtmlCache Behavior ::run [ RunTime:0.001133s ]
INFO: ShowRuntime Behavior ::run [ RunTime:0.001219s ]
INFO: [ view_filter ] --END-- [ RunTime:0.004641s ]
INFO: [ view_end ] --START--
INFO: ShowPageTrace Behavior ::run [ RunTime:0.002276s ]
INFO: [ view_end ] --END-- [ RunTime:0.002395s ]

[ 2014-11-04T23:23:57+08:00 ] 127.0.0.1 /think_message/index.php/Public/code
INFO: [ route_check ] --START--
INFO: CheckRoute Behavior ::run [ RunTime:0.002085s ]
INFO: [ route_check ] --END-- [ RunTime:0.002230s ]
INFO: [ app_begin ] --START--
INFO: ReadHtmlCache Behavior ::run [ RunTime:0.001352s ]
INFO: [ app_begin ] --END-- [ RunTime:0.001484s ]
NOTIC: [8] Use of undefined constant code - assumed 'code' E:\AppServ\www\think_message\Home\Lib\Action\PublicAction.class.php 第 5 行.

[ 2014-11-04T23:24:14+08:00 ] 127.0.0.1 /think_message/index.php
INFO: [ app_begin ] --START--
INFO: ReadHtmlCache Behavior ::run [ RunTime:0.001368s ]
INFO: [ app_begin ] --END-- [ RunTime:0.001515s ]

[ 2014-11-04T23:24:15+08:00 ] 127.0.0.1 /think_message/index.php/Login/login.html
INFO: [ route_check ] --START--
INFO: CheckRoute Behavior ::run [ RunTime:0.001709s ]
INFO: [ route_check ] --END-- [ RunTime:0.001850s ]
INFO: [ app_begin ] --START--
INFO: ReadHtmlCache Behavior ::run [ RunTime:0.000702s ]
INFO: [ app_begin ] --END-- [ RunTime:0.000807s ]
INFO: [ view_parse ] --START--
INFO: ParseTemplate Behavior ::run [ RunTime:0.019366s ]
INFO: [ view_parse ] --END-- [ RunTime:0.019513s ]
INFO: [ view_filter ] --START--
INFO: ContentReplace Behavior ::run [ RunTime:0.001286s ]
INFO: TokenBuild Behavior ::run [ RunTime:0.001256s ]
INFO: WriteHtmlCache Behavior ::run [ RunTime:0.001106s ]
INFO: ShowRuntime Behavior ::run [ RunTime:0.001367s ]
INFO: [ view_filter ] --END-- [ RunTime:0.005295s ]
INFO: [ view_end ] --START--
INFO: ShowPageTrace Behavior ::run [ RunTime:0.001627s ]
INFO: [ view_end ] --END-- [ RunTime:0.001727s ]

[ 2014-11-04T23:24:15+08:00 ] 127.0.0.1 /think_message/index.php/Public/code
INFO: [ route_check ] --START--
INFO: CheckRoute Behavior ::run [ RunTime:0.001305s ]
INFO: [ route_check ] --END-- [ RunTime:0.001464s ]
INFO: [ app_begin ] --START--
INFO: ReadHtmlCache Behavior ::run [ RunTime:0.000860s ]
INFO: [ app_begin ] --END-- [ RunTime:0.000983s ]
NOTIC: [8] Use of undefined constant code - assumed 'code' E:\AppServ\www\think_message\Home\Lib\Action\PublicAction.class.php 第 5 行.

[ 2014-11-04T23:25:50+08:00 ] 127.0.0.1 /think_message/index.php/Login/login.html
INFO: [ route_check ] --START--
INFO: CheckRoute Behavior ::run [ RunTime:0.000741s ]
INFO: [ route_check ] --END-- [ RunTime:0.000837s ]
INFO: [ app_begin ] --START--
INFO: ReadHtmlCache Behavior ::run [ RunTime:0.000478s ]
INFO: [ app_begin ] --END-- [ RunTime:0.000540s ]
INFO: [ view_parse ] --START--
INFO: ParseTemplate Behavior ::run [ RunTime:0.007259s ]
INFO: [ view_parse ] --END-- [ RunTime:0.007355s ]
INFO: [ view_filter ] --START--
INFO: ContentReplace Behavior ::run [ RunTime:0.000320s ]
INFO: TokenBuild Behavior ::run [ RunTime:0.000328s ]
INFO: WriteHtmlCache Behavior ::run [ RunTime:0.000224s ]
INFO: ShowRuntime Behavior ::run [ RunTime:0.000393s ]
INFO: [ view_filter ] --END-- [ RunTime:0.001432s ]
INFO: [ view_end ] --START--
INFO: ShowPageTrace Behavior ::run [ RunTime:0.000527s ]
INFO: [ view_end ] --END-- [ RunTime:0.000587s ]

[ 2014-11-04T23:26:02+08:00 ] 127.0.0.1 /think_message/index.php/Login/login.html
INFO: [ route_check ] --START--
INFO: CheckRoute Behavior ::run [ RunTime:0.001793s ]
INFO: [ route_check ] --END-- [ RunTime:0.001893s ]
INFO: [ app_begin ] --START--
INFO: ReadHtmlCache Behavior ::run [ RunTime:0.001058s ]
INFO: [ app_begin ] --END-- [ RunTime:0.001145s ]
INFO: [ view_parse ] --START--
INFO: ParseTemplate Behavior ::run [ RunTime:0.012674s ]
INFO: [ view_parse ] --END-- [ RunTime:0.012818s ]
INFO: [ view_filter ] --START--
INFO: ContentReplace Behavior ::run [ RunTime:0.000918s ]
INFO: TokenBuild Behavior ::run [ RunTime:0.000795s ]
INFO: WriteHtmlCache Behavior ::run [ RunTime:0.000689s ]
INFO: ShowRuntime Behavior ::run [ RunTime:0.001110s ]
INFO: [ view_filter ] --END-- [ RunTime:0.003702s ]
INFO: [ view_end ] --START--
INFO: ShowPageTrace Behavior ::run [ RunTime:0.001008s ]
INFO: [ view_end ] --END-- [ RunTime:0.001074s ]

[ 2014-11-04T23:26:02+08:00 ] 127.0.0.1 /think_message/index.php/Public/code
INFO: [ route_check ] --START--
INFO: CheckRoute Behavior ::run [ RunTime:0.001216s ]
INFO: [ route_check ] --END-- [ RunTime:0.001310s ]
INFO: [ app_begin ] --START--
INFO: ReadHtmlCache Behavior ::run [ RunTime:0.000955s ]
INFO: [ app_begin ] --END-- [ RunTime:0.001026s ]
NOTIC: [8] Use of undefined constant code - assumed 'code' E:\AppServ\www\think_message\Home\Lib\Action\PublicAction.class.php 第 5 行.

[ 2014-11-04T23:26:35+08:00 ] 127.0.0.1 /think_message/index.php/Login/login.html
INFO: [ route_check ] --START--
INFO: CheckRoute Behavior ::run [ RunTime:0.001270s ]
INFO: [ route_check ] --END-- [ RunTime:0.001362s ]
INFO: [ app_begin ] --START--
INFO: ReadHtmlCache Behavior ::run [ RunTime:0.001072s ]
INFO: [ app_begin ] --END-- [ RunTime:0.001159s ]
INFO: [ view_parse ] --START--
INFO: ParseTemplate Behavior ::run [ RunTime:0.010232s ]
INFO: [ view_parse ] --END-- [ RunTime:0.010336s ]
INFO: [ view_filter ] --START--
INFO: ContentReplace Behavior ::run [ RunTime:0.000935s ]
INFO: TokenBuild Behavior ::run [ RunTime:0.000814s ]
INFO: WriteHtmlCache Behavior ::run [ RunTime:0.000699s ]
INFO: ShowRuntime Behavior ::run [ RunTime:0.000855s ]
INFO: [ view_filter ] --END-- [ RunTime:0.003482s ]
INFO: [ view_end ] --START--
INFO: ShowPageTrace Behavior ::run [ RunTime:0.001106s ]
INFO: [ view_end ] --END-- [ RunTime:0.001171s ]

[ 2014-11-04T23:26:35+08:00 ] 127.0.0.1 /think_message/index.php/Public/code
INFO: [ route_check ] --START--
INFO: CheckRoute Behavior ::run [ RunTime:0.002342s ]
INFO: [ route_check ] --END-- [ RunTime:0.002503s ]
INFO: [ app_begin ] --START--
INFO: ReadHtmlCache Behavior ::run [ RunTime:0.002602s ]
INFO: [ app_begin ] --END-- [ RunTime:0.002724s ]
NOTIC: [8] Use of undefined constant code - assumed 'code' E:\AppServ\www\think_message\Home\Lib\Action\PublicAction.class.php 第 5 行.

[ 2014-11-04T23:28:02+08:00 ] 127.0.0.1 /think_message/index.php/Login/login
INFO: [ route_check ] --START--
INFO: CheckRoute Behavior ::run [ RunTime:0.000952s ]
INFO: [ route_check ] --END-- [ RunTime:0.001063s ]
INFO: [ app_begin ] --START--
INFO: ReadHtmlCache Behavior ::run [ RunTime:0.000628s ]
INFO: [ app_begin ] --END-- [ RunTime:0.000715s ]
INFO: [ view_parse ] --START--
INFO: ParseTemplate Behavior ::run [ RunTime:0.011671s ]
INFO: [ view_parse ] --END-- [ RunTime:0.011780s ]
INFO: [ view_filter ] --START--
INFO: ContentReplace Behavior ::run [ RunTime:0.001016s ]
INFO: TokenBuild Behavior ::run [ RunTime:0.000962s ]
INFO: WriteHtmlCache Behavior ::run [ RunTime:0.000822s ]
INFO: ShowRuntime Behavior ::run [ RunTime:0.001102s ]
INFO: [ view_filter ] --END-- [ RunTime:0.004140s ]
INFO: [ view_end ] --START--
INFO: ShowPageTrace Behavior ::run [ RunTime:0.001289s ]
INFO: [ view_end ] --END-- [ RunTime:0.001378s ]

[ 2014-11-04T23:28:02+08:00 ] 127.0.0.1 /think_message/index.php/Public/code
INFO: [ route_check ] --START--
INFO: CheckRoute Behavior ::run [ RunTime:0.001337s ]
INFO: [ route_check ] --END-- [ RunTime:0.001622s ]
INFO: [ app_begin ] --START--
INFO: ReadHtmlCache Behavior ::run [ RunTime:0.000688s ]
INFO: [ app_begin ] --END-- [ RunTime:0.000792s ]
NOTIC: [8] Use of undefined constant code - assumed 'code' E:\AppServ\www\think_message\Home\Lib\Action\PublicAction.class.php 第 5 行.

[ 2014-11-04T23:28:25+08:00 ] 127.0.0.1 /think_message/index.php/Login/login
INFO: [ route_check ] --START--
INFO: CheckRoute Behavior ::run [ RunTime:0.000746s ]
INFO: [ route_check ] --END-- [ RunTime:0.000834s ]
INFO: [ app_begin ] --START--
INFO: ReadHtmlCache Behavior ::run [ RunTime:0.000478s ]
INFO: [ app_begin ] --END-- [ RunTime:0.000542s ]
INFO: [ view_parse ] --START--
INFO: ParseTemplate Behavior ::run [ RunTime:0.007283s ]
INFO: [ view_parse ] --END-- [ RunTime:0.007375s ]
INFO: [ view_filter ] --START--
INFO: ContentReplace Behavior ::run [ RunTime:0.000328s ]
INFO: TokenBuild Behavior ::run [ RunTime:0.000327s ]
INFO: WriteHtmlCache Behavior ::run [ RunTime:0.000222s ]
INFO: ShowRuntime Behavior ::run [ RunTime:0.000407s ]
INFO: [ view_filter ] --END-- [ RunTime:0.001479s ]
INFO: [ view_end ] --START--
INFO: ShowPageTrace Behavior ::run [ RunTime:0.000533s ]
INFO: [ view_end ] --END-- [ RunTime:0.000594s ]

[ 2014-11-04T23:28:25+08:00 ] 127.0.0.1 /think_message/index.php/Public/code
INFO: [ route_check ] --START--
INFO: CheckRoute Behavior ::run [ RunTime:0.001104s ]
INFO: [ route_check ] --END-- [ RunTime:0.001248s ]
INFO: [ app_begin ] --START--
INFO: ReadHtmlCache Behavior ::run [ RunTime:0.000757s ]
INFO: [ app_begin ] --END-- [ RunTime:0.000867s ]
NOTIC: [8] Use of undefined constant code - assumed 'code' E:\AppServ\www\think_message\Home\Lib\Action\PublicAction.class.php 第 5 行.

[ 2014-11-04T23:33:43+08:00 ] 127.0.0.1 /think_message/index.php/Login/login.html
INFO: [ route_check ] --START--
INFO: CheckRoute Behavior ::run [ RunTime:0.001632s ]
INFO: [ route_check ] --END-- [ RunTime:0.001827s ]
INFO: [ app_begin ] --START--
INFO: ReadHtmlCache Behavior ::run [ RunTime:0.001002s ]
INFO: [ app_begin ] --END-- [ RunTime:0.001076s ]
INFO: [ view_parse ] --START--
INFO: ParseTemplate Behavior ::run [ RunTime:0.009444s ]
INFO: [ view_parse ] --END-- [ RunTime:0.009536s ]
INFO: [ view_filter ] --START--
INFO: ContentReplace Behavior ::run [ RunTime:0.000842s ]
INFO: TokenBuild Behavior ::run [ RunTime:0.000803s ]
INFO: WriteHtmlCache Behavior ::run [ RunTime:0.000786s ]
INFO: ShowRuntime Behavior ::run [ RunTime:0.000891s ]
INFO: [ view_filter ] --END-- [ RunTime:0.003508s ]
INFO: [ view_end ] --START--
INFO: ShowPageTrace Behavior ::run [ RunTime:0.001007s ]
INFO: [ view_end ] --END-- [ RunTime:0.001071s ]

[ 2014-11-04T23:36:13+08:00 ] 127.0.0.1 /think_message/index.php/Login/login
INFO: [ route_check ] --START--
INFO: CheckRoute Behavior ::run [ RunTime:0.001918s ]
INFO: [ route_check ] --END-- [ RunTime:0.002065s ]
INFO: [ app_begin ] --START--
INFO: ReadHtmlCache Behavior ::run [ RunTime:0.001575s ]
INFO: [ app_begin ] --END-- [ RunTime:0.001699s ]
INFO: [ view_parse ] --START--
INFO: ParseTemplate Behavior ::run [ RunTime:0.009944s ]
INFO: [ view_parse ] --END-- [ RunTime:0.010048s ]
INFO: [ view_filter ] --START--
INFO: ContentReplace Behavior ::run [ RunTime:0.000856s ]
INFO: TokenBuild Behavior ::run [ RunTime:0.001271s ]
INFO: WriteHtmlCache Behavior ::run [ RunTime:0.001162s ]
INFO: ShowRuntime Behavior ::run [ RunTime:0.001814s ]
INFO: [ view_filter ] --END-- [ RunTime:0.005421s ]
INFO: [ view_end ] --START--
INFO: ShowPageTrace Behavior ::run [ RunTime:0.001578s ]
INFO: [ view_end ] --END-- [ RunTime:0.001692s ]

[ 2014-11-04T23:36:13+08:00 ] 127.0.0.1 /think_message/index.php/Public/code
INFO: [ route_check ] --START--
INFO: CheckRoute Behavior ::run [ RunTime:0.001974s ]
INFO: [ route_check ] --END-- [ RunTime:0.002111s ]
INFO: [ app_begin ] --START--
INFO: ReadHtmlCache Behavior ::run [ RunTime:0.003440s ]
INFO: [ app_begin ] --END-- [ RunTime:0.003559s ]
NOTIC: [8] Use of undefined constant code - assumed 'code' E:\AppServ\www\think_message\Home\Lib\Action\PublicAction.class.php 第 5 行.

[ 2014-11-04T23:42:24+08:00 ] 127.0.0.1 /think_message/index.php/Login/login
INFO: [ route_check ] --START--
INFO: CheckRoute Behavior ::run [ RunTime:0.001206s ]
INFO: [ route_check ] --END-- [ RunTime:0.001300s ]
INFO: [ app_begin ] --START--
INFO: ReadHtmlCache Behavior ::run [ RunTime:0.000973s ]
INFO: [ app_begin ] --END-- [ RunTime:0.001058s ]
INFO: [ view_parse ] --START--
INFO: ParseTemplate Behavior ::run [ RunTime:0.009833s ]
INFO: [ view_parse ] --END-- [ RunTime:0.009928s ]
INFO: [ view_filter ] --START--
INFO: ContentReplace Behavior ::run [ RunTime:0.000811s ]
INFO: TokenBuild Behavior ::run [ RunTime:0.000796s ]
INFO: WriteHtmlCache Behavior ::run [ RunTime:0.000681s ]
INFO: ShowRuntime Behavior ::run [ RunTime:0.000880s ]
INFO: [ view_filter ] --END-- [ RunTime:0.003343s ]
INFO: [ view_end ] --START--
INFO: ShowPageTrace Behavior ::run [ RunTime:0.001067s ]
INFO: [ view_end ] --END-- [ RunTime:0.001135s ]

[ 2014-11-04T23:42:24+08:00 ] 127.0.0.1 /think_message/index.php/Public/code
INFO: [ route_check ] --START--
INFO: CheckRoute Behavior ::run [ RunTime:0.001976s ]
INFO: [ route_check ] --END-- [ RunTime:0.002120s ]
INFO: [ app_begin ] --START--
INFO: ReadHtmlCache Behavior ::run [ RunTime:0.002351s ]
INFO: [ app_begin ] --END-- [ RunTime:0.002723s ]
NOTIC: [8] Use of undefined constant code - assumed 'code' E:\AppServ\www\think_message\Home\Lib\Action\PublicAction.class.php 第 5 行.

[ 2014-11-04T23:42:25+08:00 ] 127.0.0.1 /think_message/index.php/Login/doLogin
INFO: [ route_check ] --START--
INFO: CheckRoute Behavior ::run [ RunTime:0.000849s ]
INFO: [ route_check ] --END-- [ RunTime:0.000972s ]
INFO: [ app_begin ] --START--
INFO: ReadHtmlCache Behavior ::run [ RunTime:0.002093s ]
INFO: [ app_begin ] --END-- [ RunTime:0.002209s ]

[ 2014-11-04T23:46:07+08:00 ] 127.0.0.1 /think_message/index.php/Login/doLogin
INFO: [ route_check ] --START--
INFO: CheckRoute Behavior ::run [ RunTime:0.001270s ]
INFO: [ route_check ] --END-- [ RunTime:0.001359s ]
INFO: [ app_begin ] --START--
INFO: ReadHtmlCache Behavior ::run [ RunTime:0.000960s ]
INFO: [ app_begin ] --END-- [ RunTime:0.001032s ]
NOTIC: [8] Undefined index:  password E:\AppServ\www\think_message\Home\Lib\Action\LoginAction.class.php 第 7 行.
INFO: [ view_parse ] --START--
INFO: ParseTemplate Behavior ::run [ RunTime:0.011200s ]
INFO: [ view_parse ] --END-- [ RunTime:0.011299s ]
INFO: [ view_filter ] --START--
INFO: ContentReplace Behavior ::run [ RunTime:0.001194s ]
INFO: TokenBuild Behavior ::run [ RunTime:0.000796s ]
INFO: WriteHtmlCache Behavior ::run [ RunTime:0.000699s ]
INFO: ShowRuntime Behavior ::run [ RunTime:0.000877s ]
INFO: [ view_filter ] --END-- [ RunTime:0.003751s ]
NOTIC: [2] Cannot modify header information - headers already sent by (output started at E:\AppServ\www\think_message\Home\Lib\Action\LoginAction.class.php:5) E:\AppServ\www\think_message\ThinkPHP\Lib\Core\View.class.php 第 95 行.
NOTIC: [2] Cannot modify header information - headers already sent by (output started at E:\AppServ\www\think_message\Home\Lib\Action\LoginAction.class.php:5) E:\AppServ\www\think_message\ThinkPHP\Lib\Core\View.class.php 第 96 行.
NOTIC: [2] Cannot modify header information - headers already sent by (output started at E:\AppServ\www\think_message\Home\Lib\Action\LoginAction.class.php:5) E:\AppServ\www\think_message\ThinkPHP\Lib\Core\View.class.php 第 97 行.
INFO: [ view_end ] --START--
INFO: ShowPageTrace Behavior ::run [ RunTime:0.001015s ]
INFO: [ view_end ] --END-- [ RunTime:0.001078s ]

[ 2014-11-04T23:53:24+08:00 ] 127.0.0.1 /think_message/index.php/Login/doLogin
INFO: [ route_check ] --START--
INFO: CheckRoute Behavior ::run [ RunTime:0.001459s ]
INFO: [ route_check ] --END-- [ RunTime:0.001555s ]
INFO: [ app_begin ] --START--
INFO: ReadHtmlCache Behavior ::run [ RunTime:0.000960s ]
INFO: [ app_begin ] --END-- [ RunTime:0.001029s ]

[ 2014-11-04T23:54:25+08:00 ] 127.0.0.1 /think_message/index.php/Login/doLogin
INFO: [ route_check ] --START--
INFO: CheckRoute Behavior ::run [ RunTime:0.001198s ]
INFO: [ route_check ] --END-- [ RunTime:0.001290s ]
INFO: [ app_begin ] --START--
INFO: ReadHtmlCache Behavior ::run [ RunTime:0.000986s ]
INFO: [ app_begin ] --END-- [ RunTime:0.001067s ]

[ 2014-11-04T23:55:03+08:00 ] 127.0.0.1 /think_message/index.php/Login/doLogin
INFO: [ route_check ] --START--
INFO: CheckRoute Behavior ::run [ RunTime:0.000765s ]
INFO: [ route_check ] --END-- [ RunTime:0.000856s ]
INFO: [ app_begin ] --START--
INFO: ReadHtmlCache Behavior ::run [ RunTime:0.000479s ]
INFO: [ app_begin ] --END-- [ RunTime:0.000544s ]
NOTIC: [8] Undefined index:  password E:\AppServ\www\think_message\Home\Lib\Action\LoginAction.class.php 第 10 行.
SQL: SHOW COLUMNS FROM `tp_user` [ RunTime:0.020008s ]
ERR: Model:filed您所请求的方法不存在！

[ 2014-11-04T23:56:28+08:00 ] 127.0.0.1 /think_message/index.php/Login/doLogin
INFO: [ route_check ] --START--
INFO: CheckRoute Behavior ::run [ RunTime:0.002040s ]
INFO: [ route_check ] --END-- [ RunTime:0.002136s ]
INFO: [ app_begin ] --START--
INFO: ReadHtmlCache Behavior ::run [ RunTime:0.000973s ]
INFO: [ app_begin ] --END-- [ RunTime:0.001045s ]
NOTIC: [8] Undefined index:  password E:\AppServ\www\think_message\Home\Lib\Action\LoginAction.class.php 第 10 行.
SQL: SHOW COLUMNS FROM `tp_user` [ RunTime:0.002398s ]
SQL: SELECT `id` FROM `tp_user` WHERE ( `username` = 'ztz' ) AND ( `password` = null ) LIMIT 1   [ RunTime:0.004179s ]
INFO: [ view_parse ] --START--
INFO: ParseTemplate Behavior ::run [ RunTime:0.010922s ]
INFO: [ view_parse ] --END-- [ RunTime:0.011029s ]
INFO: [ view_filter ] --START--
INFO: ContentReplace Behavior ::run [ RunTime:0.000839s ]
INFO: TokenBuild Behavior ::run [ RunTime:0.000790s ]
INFO: WriteHtmlCache Behavior ::run [ RunTime:0.000715s ]
INFO: ShowRuntime Behavior ::run [ RunTime:0.000895s ]
INFO: [ view_filter ] --END-- [ RunTime:0.003417s ]
NOTIC: [2] Cannot modify header information - headers already sent by (output started at E:\AppServ\www\think_message\Home\Lib\Action\LoginAction.class.php:8) E:\AppServ\www\think_message\ThinkPHP\Lib\Core\View.class.php 第 95 行.
NOTIC: [2] Cannot modify header information - headers already sent by (output started at E:\AppServ\www\think_message\Home\Lib\Action\LoginAction.class.php:8) E:\AppServ\www\think_message\ThinkPHP\Lib\Core\View.class.php 第 96 行.
NOTIC: [2] Cannot modify header information - headers already sent by (output started at E:\AppServ\www\think_message\Home\Lib\Action\LoginAction.class.php:8) E:\AppServ\www\think_message\ThinkPHP\Lib\Core\View.class.php 第 97 行.
INFO: [ view_end ] --START--
INFO: ShowPageTrace Behavior ::run [ RunTime:0.001001s ]
INFO: [ view_end ] --END-- [ RunTime:0.001063s ]

[ 2014-11-04T23:56:40+08:00 ] 127.0.0.1 /think_message/index.php/Login/doLogin
INFO: [ route_check ] --START--
INFO: CheckRoute Behavior ::run [ RunTime:0.000756s ]
INFO: [ route_check ] --END-- [ RunTime:0.000846s ]
INFO: [ app_begin ] --START--
INFO: ReadHtmlCache Behavior ::run [ RunTime:0.000481s ]
INFO: [ app_begin ] --END-- [ RunTime:0.000544s ]
NOTIC: [8] Undefined index:  password E:\AppServ\www\think_message\Home\Lib\Action\LoginAction.class.php 第 10 行.
SQL: SHOW COLUMNS FROM `tp_user` [ RunTime:0.003181s ]
SQL: SELECT `id` FROM `tp_user` WHERE ( `username` = 'ztz2' ) AND ( `password` = null ) LIMIT 1   [ RunTime:0.001071s ]
INFO: [ view_parse ] --START--
INFO: ParseTemplate Behavior ::run [ RunTime:0.007464s ]
INFO: [ view_parse ] --END-- [ RunTime:0.007562s ]
INFO: [ view_filter ] --START--
INFO: ContentReplace Behavior ::run [ RunTime:0.000320s ]
INFO: TokenBuild Behavior ::run [ RunTime:0.000357s ]
INFO: WriteHtmlCache Behavior ::run [ RunTime:0.000224s ]
INFO: ShowRuntime Behavior ::run [ RunTime:0.000388s ]
INFO: [ view_filter ] --END-- [ RunTime:0.001460s ]
NOTIC: [2] Cannot modify header information - headers already sent by (output started at E:\AppServ\www\think_message\Home\Lib\Action\LoginAction.class.php:8) E:\AppServ\www\think_message\ThinkPHP\Lib\Core\View.class.php 第 95 行.
NOTIC: [2] Cannot modify header information - headers already sent by (output started at E:\AppServ\www\think_message\Home\Lib\Action\LoginAction.class.php:8) E:\AppServ\www\think_message\ThinkPHP\Lib\Core\View.class.php 第 96 行.
NOTIC: [2] Cannot modify header information - headers already sent by (output started at E:\AppServ\www\think_message\Home\Lib\Action\LoginAction.class.php:8) E:\AppServ\www\think_message\ThinkPHP\Lib\Core\View.class.php 第 97 行.
INFO: [ view_end ] --START--
INFO: ShowPageTrace Behavior ::run [ RunTime:0.000624s ]
INFO: [ view_end ] --END-- [ RunTime:0.000888s ]

[ 2014-11-04T23:58:28+08:00 ] 127.0.0.1 /think_message/index.php/Login/login
INFO: [ route_check ] --START--
INFO: CheckRoute Behavior ::run [ RunTime:0.001201s ]
INFO: [ route_check ] --END-- [ RunTime:0.001295s ]
INFO: [ app_begin ] --START--
INFO: ReadHtmlCache Behavior ::run [ RunTime:0.000946s ]
INFO: [ app_begin ] --END-- [ RunTime:0.001016s ]
INFO: [ view_parse ] --START--
INFO: ParseTemplate Behavior ::run [ RunTime:0.010491s ]
INFO: [ view_parse ] --END-- [ RunTime:0.010586s ]
INFO: [ view_filter ] --START--
INFO: ContentReplace Behavior ::run [ RunTime:0.000791s ]
INFO: TokenBuild Behavior ::run [ RunTime:0.000789s ]
INFO: WriteHtmlCache Behavior ::run [ RunTime:0.000685s ]
INFO: ShowRuntime Behavior ::run [ RunTime:0.000849s ]
INFO: [ view_filter ] --END-- [ RunTime:0.003290s ]
INFO: [ view_end ] --START--
INFO: ShowPageTrace Behavior ::run [ RunTime:0.001414s ]
INFO: [ view_end ] --END-- [ RunTime:0.001478s ]

[ 2014-11-04T23:58:28+08:00 ] 127.0.0.1 /think_message/index.php/Public/code
INFO: [ route_check ] --START--
INFO: CheckRoute Behavior ::run [ RunTime:0.001191s ]
INFO: [ route_check ] --END-- [ RunTime:0.001271s ]
INFO: [ app_begin ] --START--
INFO: ReadHtmlCache Behavior ::run [ RunTime:0.000936s ]
INFO: [ app_begin ] --END-- [ RunTime:0.001004s ]
NOTIC: [8] Use of undefined constant code - assumed 'code' E:\AppServ\www\think_message\Home\Lib\Action\PublicAction.class.php 第 5 行.

[ 2014-11-04T23:58:32+08:00 ] 127.0.0.1 /think_message/index.php/Login/login
INFO: [ route_check ] --START--
INFO: CheckRoute Behavior ::run [ RunTime:0.001606s ]
INFO: [ route_check ] --END-- [ RunTime:0.001692s ]
INFO: [ app_begin ] --START--
INFO: ReadHtmlCache Behavior ::run [ RunTime:0.000956s ]
INFO: [ app_begin ] --END-- [ RunTime:0.001025s ]
INFO: [ view_parse ] --START--
INFO: ParseTemplate Behavior ::run [ RunTime:0.010962s ]
INFO: [ view_parse ] --END-- [ RunTime:0.011056s ]
INFO: [ view_filter ] --START--
INFO: ContentReplace Behavior ::run [ RunTime:0.000819s ]
INFO: TokenBuild Behavior ::run [ RunTime:0.000785s ]
INFO: WriteHtmlCache Behavior ::run [ RunTime:0.000681s ]
INFO: ShowRuntime Behavior ::run [ RunTime:0.000866s ]
INFO: [ view_filter ] --END-- [ RunTime:0.003329s ]
INFO: [ view_end ] --START--
INFO: ShowPageTrace Behavior ::run [ RunTime:0.001662s ]
INFO: [ view_end ] --END-- [ RunTime:0.001728s ]

[ 2014-11-04T23:58:32+08:00 ] 127.0.0.1 /think_message/index.php/Public/code
INFO: [ route_check ] --START--
INFO: CheckRoute Behavior ::run [ RunTime:0.000796s ]
INFO: [ route_check ] --END-- [ RunTime:0.000893s ]
INFO: [ app_begin ] --START--
INFO: ReadHtmlCache Behavior ::run [ RunTime:0.000485s ]
INFO: [ app_begin ] --END-- [ RunTime:0.000552s ]
NOTIC: [8] Use of undefined constant code - assumed 'code' E:\AppServ\www\think_message\Home\Lib\Action\PublicAction.class.php 第 5 行.

[ 2014-11-04T23:58:43+08:00 ] 127.0.0.1 /think_message/index.php/Login/doLogin
INFO: [ route_check ] --START--
INFO: CheckRoute Behavior ::run [ RunTime:0.000739s ]
INFO: [ route_check ] --END-- [ RunTime:0.000831s ]
INFO: [ app_begin ] --START--
INFO: ReadHtmlCache Behavior ::run [ RunTime:0.000489s ]
INFO: [ app_begin ] --END-- [ RunTime:0.000554s ]
NOTIC: [8] Undefined index:  password E:\AppServ\www\think_message\Home\Lib\Action\LoginAction.class.php 第 10 行.
SQL: SHOW COLUMNS FROM `tp_user` [ RunTime:0.002461s ]
SQL: SELECT `id` FROM `tp_user` WHERE ( `username` = 'ztz' ) AND ( `password` = null ) LIMIT 1   [ RunTime:0.000857s ]
INFO: [ view_parse ] --START--
INFO: ParseTemplate Behavior ::run [ RunTime:0.012004s ]
INFO: [ view_parse ] --END-- [ RunTime:0.012105s ]
INFO: [ view_filter ] --START--
INFO: ContentReplace Behavior ::run [ RunTime:0.000327s ]
INFO: TokenBuild Behavior ::run [ RunTime:0.000339s ]
INFO: WriteHtmlCache Behavior ::run [ RunTime:0.000224s ]
INFO: ShowRuntime Behavior ::run [ RunTime:0.000692s ]
INFO: [ view_filter ] --END-- [ RunTime:0.001756s ]
NOTIC: [2] Cannot modify header information - headers already sent by (output started at E:\AppServ\www\think_message\Home\Lib\Action\LoginAction.class.php:8) E:\AppServ\www\think_message\ThinkPHP\Lib\Core\View.class.php 第 95 行.
NOTIC: [2] Cannot modify header information - headers already sent by (output started at E:\AppServ\www\think_message\Home\Lib\Action\LoginAction.class.php:8) E:\AppServ\www\think_message\ThinkPHP\Lib\Core\View.class.php 第 96 行.
NOTIC: [2] Cannot modify header information - headers already sent by (output started at E:\AppServ\www\think_message\Home\Lib\Action\LoginAction.class.php:8) E:\AppServ\www\think_message\ThinkPHP\Lib\Core\View.class.php 第 97 行.
INFO: [ view_end ] --START--
INFO: ShowPageTrace Behavior ::run [ RunTime:0.001436s ]
INFO: [ view_end ] --END-- [ RunTime:0.001498s ]

