[ 2014-11-10T12:43:35+08:00 ] 127.0.0.1 /think_message/index.php/Login/login.html
INFO: [ route_check ] --START--
INFO: CheckRoute Behavior ::run [ RunTime:0.003496s ]
INFO: [ route_check ] --END-- [ RunTime:0.003628s ]
INFO: [ app_begin ] --START--
INFO: ReadHtmlCache Behavior ::run [ RunTime:0.002558s ]
INFO: [ app_begin ] --END-- [ RunTime:0.002660s ]
INFO: [ view_parse ] --START--
INFO: ParseTemplate Behavior ::run [ RunTime:0.033189s ]
INFO: [ view_parse ] --END-- [ RunTime:0.033313s ]
INFO: [ view_filter ] --START--
INFO: ContentReplace Behavior ::run [ RunTime:0.001248s ]
INFO: TokenBuild Behavior ::run [ RunTime:0.001366s ]
INFO: WriteHtmlCache Behavior ::run [ RunTime:0.001233s ]
INFO: ShowRuntime Behavior ::run [ RunTime:0.001507s ]
INFO: [ view_filter ] --END-- [ RunTime:0.005578s ]
INFO: [ view_end ] --START--
INFO: ShowPageTrace Behavior ::run [ RunTime:0.001732s ]
INFO: [ view_end ] --END-- [ RunTime:0.001807s ]

[ 2014-11-10T12:43:35+08:00 ] 127.0.0.1 /think_message/index.php/Public/code
INFO: [ route_check ] --START--
INFO: CheckRoute Behavior ::run [ RunTime:0.001287s ]
INFO: [ route_check ] --END-- [ RunTime:0.001460s ]
INFO: [ app_begin ] --START--
INFO: ReadHtmlCache Behavior ::run [ RunTime:0.000766s ]
INFO: [ app_begin ] --END-- [ RunTime:0.000882s ]
NOTIC: [8] Use of undefined constant code - assumed 'code' E:\AppServ\www\think_message\Home\Lib\Action\PublicAction.class.php 第 5 行.

[ 2014-11-10T12:43:41+08:00 ] 127.0.0.1 /think_message/index.php/Register/reg
INFO: [ route_check ] --START--
INFO: CheckRoute Behavior ::run [ RunTime:0.001029s ]
INFO: [ route_check ] --END-- [ RunTime:0.001157s ]
INFO: [ app_begin ] --START--
INFO: ReadHtmlCache Behavior ::run [ RunTime:0.000629s ]
INFO: [ app_begin ] --END-- [ RunTime:0.000710s ]
INFO: [ view_parse ] --START--
INFO: ParseTemplate Behavior ::run [ RunTime:0.011339s ]
INFO: [ view_parse ] --END-- [ RunTime:0.011467s ]
INFO: [ view_filter ] --START--
INFO: ContentReplace Behavior ::run [ RunTime:0.000419s ]
INFO: TokenBuild Behavior ::run [ RunTime:0.000387s ]
INFO: WriteHtmlCache Behavior ::run [ RunTime:0.000407s ]
INFO: ShowRuntime Behavior ::run [ RunTime:0.000425s ]
INFO: [ view_filter ] --END-- [ RunTime:0.001860s ]
INFO: [ view_end ] --START--
INFO: ShowPageTrace Behavior ::run [ RunTime:0.000540s ]
INFO: [ view_end ] --END-- [ RunTime:0.000603s ]

[ 2014-11-10T12:43:41+08:00 ] 127.0.0.1 /think_message/index.php/Public/code
INFO: [ route_check ] --START--
INFO: CheckRoute Behavior ::run [ RunTime:0.001483s ]
INFO: [ route_check ] --END-- [ RunTime:0.001597s ]
INFO: [ app_begin ] --START--
INFO: ReadHtmlCache Behavior ::run [ RunTime:0.001281s ]
INFO: [ app_begin ] --END-- [ RunTime:0.001395s ]
NOTIC: [8] Use of undefined constant code - assumed 'code' E:\AppServ\www\think_message\Home\Lib\Action\PublicAction.class.php 第 5 行.

[ 2014-11-10T12:43:45+08:00 ] 127.0.0.1 /think_message/index.php/Register/checkName?username=ztz
INFO: [ route_check ] --START--
INFO: CheckRoute Behavior ::run [ RunTime:0.001739s ]
INFO: [ route_check ] --END-- [ RunTime:0.001928s ]
INFO: [ app_begin ] --START--
INFO: ReadHtmlCache Behavior ::run [ RunTime:0.001070s ]
INFO: [ app_begin ] --END-- [ RunTime:0.001204s ]
SQL: SHOW COLUMNS FROM `tp_user` [ RunTime:0.018824s ]
SQL: SELECT COUNT(*) AS tp_count FROM `tp_user` WHERE ( `username` = 'ztz' ) LIMIT 1   [ RunTime:0.005377s ]

[ 2014-11-10T12:43:45+08:00 ] 127.0.0.1 /think_message/index.php/Register/doReg
INFO: [ route_check ] --START--
INFO: CheckRoute Behavior ::run [ RunTime:0.000777s ]
INFO: [ route_check ] --END-- [ RunTime:0.000874s ]
INFO: [ app_begin ] --START--
INFO: ReadHtmlCache Behavior ::run [ RunTime:0.000501s ]
INFO: [ app_begin ] --END-- [ RunTime:0.000573s ]
NOTIC: [8] Undefined index:  sex E:\AppServ\www\think_message\Home\Lib\Action\RegisterAction.class.php 第 22 行.
SQL: SHOW COLUMNS FROM `tp_user` [ RunTime:0.002354s ]
SQL: INSERT INTO `tp_user` (`username`,`password`,`sex`) VALUES ('ztz','',null) [ RunTime:0.001699s ]
ERR: 1048:Column 'sex' cannot be null
 [ SQL语句 ] : INSERT INTO `tp_user` (`username`,`password`,`sex`) VALUES ('ztz','',null)
INFO: [ view_parse ] --START--
INFO: ParseTemplate Behavior ::run [ RunTime:0.008371s ]
INFO: [ view_parse ] --END-- [ RunTime:0.008467s ]
INFO: [ view_filter ] --START--
INFO: ContentReplace Behavior ::run [ RunTime:0.000303s ]
INFO: TokenBuild Behavior ::run [ RunTime:0.000327s ]
INFO: WriteHtmlCache Behavior ::run [ RunTime:0.000229s ]
INFO: ShowRuntime Behavior ::run [ RunTime:0.000365s ]
INFO: [ view_filter ] --END-- [ RunTime:0.001391s ]
INFO: [ view_end ] --START--
INFO: ShowPageTrace Behavior ::run [ RunTime:0.000548s ]
INFO: [ view_end ] --END-- [ RunTime:0.000610s ]

[ 2014-11-10T12:43:57+08:00 ] 127.0.0.1 /think_message/index.php/Register/checkName?username=ztz2
INFO: [ route_check ] --START--
INFO: CheckRoute Behavior ::run [ RunTime:0.000736s ]
INFO: [ route_check ] --END-- [ RunTime:0.000830s ]
INFO: [ app_begin ] --START--
INFO: ReadHtmlCache Behavior ::run [ RunTime:0.000471s ]
INFO: [ app_begin ] --END-- [ RunTime:0.000532s ]
SQL: SHOW COLUMNS FROM `tp_user` [ RunTime:0.002333s ]
SQL: SELECT COUNT(*) AS tp_count FROM `tp_user` WHERE ( `username` = 'ztz2' ) LIMIT 1   [ RunTime:0.000914s ]

[ 2014-11-10T13:00:16+08:00 ] 127.0.0.1 /think_message/index.php/Register/checkName?username=ztz2
INFO: [ route_check ] --START--
INFO: CheckRoute Behavior ::run [ RunTime:0.001422s ]
INFO: [ route_check ] --END-- [ RunTime:0.001533s ]
INFO: [ app_begin ] --START--
INFO: ReadHtmlCache Behavior ::run [ RunTime:0.001661s ]
INFO: [ app_begin ] --END-- [ RunTime:0.001750s ]
SQL: SHOW COLUMNS FROM `tp_user` [ RunTime:0.003254s ]
SQL: SELECT COUNT(*) AS tp_count FROM `tp_user` WHERE ( `username` = 'ztz2' ) LIMIT 1   [ RunTime:0.001331s ]

[ 2014-11-10T13:00:20+08:00 ] 127.0.0.1 /think_message/index.php/Register/checkName?username=ztz22
INFO: [ route_check ] --START--
INFO: CheckRoute Behavior ::run [ RunTime:0.002050s ]
INFO: [ route_check ] --END-- [ RunTime:0.002286s ]
INFO: [ app_begin ] --START--
INFO: ReadHtmlCache Behavior ::run [ RunTime:0.001163s ]
INFO: [ app_begin ] --END-- [ RunTime:0.001312s ]
SQL: SHOW COLUMNS FROM `tp_user` [ RunTime:0.002293s ]
SQL: SELECT COUNT(*) AS tp_count FROM `tp_user` WHERE ( `username` = 'ztz22' ) LIMIT 1   [ RunTime:0.001059s ]

[ 2014-11-10T13:00:23+08:00 ] 127.0.0.1 /think_message/index.php/Register/checkName?username=ztz2222
INFO: [ route_check ] --START--
INFO: CheckRoute Behavior ::run [ RunTime:0.001781s ]
INFO: [ route_check ] --END-- [ RunTime:0.001977s ]
INFO: [ app_begin ] --START--
INFO: ReadHtmlCache Behavior ::run [ RunTime:0.001193s ]
INFO: [ app_begin ] --END-- [ RunTime:0.001321s ]
SQL: SHOW COLUMNS FROM `tp_user` [ RunTime:0.003373s ]
SQL: SELECT COUNT(*) AS tp_count FROM `tp_user` WHERE ( `username` = 'ztz2222' ) LIMIT 1   [ RunTime:0.001607s ]

[ 2014-11-10T13:00:26+08:00 ] 127.0.0.1 /think_message/index.php/Register/checkName?username=ztz2222
INFO: [ route_check ] --START--
INFO: CheckRoute Behavior ::run [ RunTime:0.000936s ]
INFO: [ route_check ] --END-- [ RunTime:0.001050s ]
INFO: [ app_begin ] --START--
INFO: ReadHtmlCache Behavior ::run [ RunTime:0.000602s ]
INFO: [ app_begin ] --END-- [ RunTime:0.000678s ]
SQL: SHOW COLUMNS FROM `tp_user` [ RunTime:0.002897s ]
SQL: SELECT COUNT(*) AS tp_count FROM `tp_user` WHERE ( `username` = 'ztz2222' ) LIMIT 1   [ RunTime:0.001492s ]

[ 2014-11-10T13:00:26+08:00 ] 127.0.0.1 /think_message/index.php/Register/doReg
INFO: [ route_check ] --START--
INFO: CheckRoute Behavior ::run [ RunTime:0.000861s ]
INFO: [ route_check ] --END-- [ RunTime:0.000965s ]
INFO: [ app_begin ] --START--
INFO: ReadHtmlCache Behavior ::run [ RunTime:0.000501s ]
INFO: [ app_begin ] --END-- [ RunTime:0.000601s ]
NOTIC: [8] Undefined index:  sex E:\AppServ\www\think_message\Home\Lib\Action\RegisterAction.class.php 第 22 行.
SQL: SHOW COLUMNS FROM `tp_user` [ RunTime:0.003051s ]
SQL: INSERT INTO `tp_user` (`username`,`password`,`sex`) VALUES ('ztz2222','',null) [ RunTime:0.001017s ]
ERR: 1048:Column 'sex' cannot be null
 [ SQL语句 ] : INSERT INTO `tp_user` (`username`,`password`,`sex`) VALUES ('ztz2222','',null)
INFO: [ view_parse ] --START--
INFO: ParseTemplate Behavior ::run [ RunTime:0.014935s ]
INFO: [ view_parse ] --END-- [ RunTime:0.015040s ]
INFO: [ view_filter ] --START--
INFO: ContentReplace Behavior ::run [ RunTime:0.000818s ]
INFO: TokenBuild Behavior ::run [ RunTime:0.000813s ]
INFO: WriteHtmlCache Behavior ::run [ RunTime:0.000700s ]
INFO: ShowRuntime Behavior ::run [ RunTime:0.000867s ]
INFO: [ view_filter ] --END-- [ RunTime:0.003377s ]
INFO: [ view_end ] --START--
INFO: ShowPageTrace Behavior ::run [ RunTime:0.001014s ]
INFO: [ view_end ] --END-- [ RunTime:0.001078s ]

