[ 2014-11-11T22:32:18+08:00 ] 127.0.0.1 /think_message/index.php/Login/login.html
INFO: [ route_check ] --START--
INFO: CheckRoute Behavior ::run [ RunTime:0.002902s ]
INFO: [ route_check ] --END-- [ RunTime:0.003022s ]
INFO: [ app_begin ] --START--
INFO: ReadHtmlCache Behavior ::run [ RunTime:0.002553s ]
INFO: [ app_begin ] --END-- [ RunTime:0.002633s ]
INFO: [ view_parse ] --START--
INFO: ParseTemplate Behavior ::run [ RunTime:0.047785s ]
INFO: [ view_parse ] --END-- [ RunTime:0.047895s ]
INFO: [ view_filter ] --START--
INFO: ContentReplace Behavior ::run [ RunTime:0.001371s ]
INFO: TokenBuild Behavior ::run [ RunTime:0.001226s ]
INFO: WriteHtmlCache Behavior ::run [ RunTime:0.001134s ]
INFO: ShowRuntime Behavior ::run [ RunTime:0.001418s ]
INFO: [ view_filter ] --END-- [ RunTime:0.005357s ]
INFO: [ view_end ] --START--
INFO: ShowPageTrace Behavior ::run [ RunTime:0.001554s ]
INFO: [ view_end ] --END-- [ RunTime:0.001642s ]

[ 2014-11-11T22:32:18+08:00 ] 127.0.0.1 /think_message/index.php/Public/code
INFO: [ route_check ] --START--
INFO: CheckRoute Behavior ::run [ RunTime:0.002088s ]
INFO: [ route_check ] --END-- [ RunTime:0.002212s ]
INFO: [ app_begin ] --START--
INFO: ReadHtmlCache Behavior ::run [ RunTime:0.001116s ]
INFO: [ app_begin ] --END-- [ RunTime:0.001208s ]
NOTIC: [8] Use of undefined constant code - assumed 'code' E:\AppServ\www\think_message\Home\Lib\Action\PublicAction.class.php 第 5 行.

[ 2014-11-11T22:32:20+08:00 ] 127.0.0.1 /think_message/index.php/Register/reg
INFO: [ route_check ] --START--
INFO: CheckRoute Behavior ::run [ RunTime:0.000831s ]
INFO: [ route_check ] --END-- [ RunTime:0.000946s ]
INFO: [ app_begin ] --START--
INFO: ReadHtmlCache Behavior ::run [ RunTime:0.000560s ]
INFO: [ app_begin ] --END-- [ RunTime:0.000639s ]
INFO: [ view_parse ] --START--
INFO: ParseTemplate Behavior ::run [ RunTime:0.016234s ]
INFO: [ view_parse ] --END-- [ RunTime:0.016342s ]
INFO: [ view_filter ] --START--
INFO: ContentReplace Behavior ::run [ RunTime:0.000826s ]
INFO: TokenBuild Behavior ::run [ RunTime:0.000806s ]
INFO: WriteHtmlCache Behavior ::run [ RunTime:0.000704s ]
INFO: ShowRuntime Behavior ::run [ RunTime:0.000868s ]
INFO: [ view_filter ] --END-- [ RunTime:0.003384s ]
INFO: [ view_end ] --START--
INFO: ShowPageTrace Behavior ::run [ RunTime:0.001001s ]
INFO: [ view_end ] --END-- [ RunTime:0.001064s ]

[ 2014-11-11T22:32:20+08:00 ] 127.0.0.1 /think_message/index.php/Public/code
INFO: [ route_check ] --START--
INFO: CheckRoute Behavior ::run [ RunTime:0.000783s ]
INFO: [ route_check ] --END-- [ RunTime:0.000880s ]
INFO: [ app_begin ] --START--
INFO: ReadHtmlCache Behavior ::run [ RunTime:0.000474s ]
INFO: [ app_begin ] --END-- [ RunTime:0.000548s ]
NOTIC: [8] Use of undefined constant code - assumed 'code' E:\AppServ\www\think_message\Home\Lib\Action\PublicAction.class.php 第 5 行.

[ 2014-11-11T22:32:28+08:00 ] 127.0.0.1 /think_message/index.php/Register/checkName?username=tangwenbo
INFO: [ route_check ] --START--
INFO: CheckRoute Behavior ::run [ RunTime:0.000840s ]
INFO: [ route_check ] --END-- [ RunTime:0.000933s ]
INFO: [ app_begin ] --START--
INFO: ReadHtmlCache Behavior ::run [ RunTime:0.000507s ]
INFO: [ app_begin ] --END-- [ RunTime:0.000592s ]
SQL: SHOW COLUMNS FROM `tp_user` [ RunTime:0.015670s ]
SQL: SELECT COUNT(*) AS tp_count FROM `tp_user` WHERE ( `username` = 'tangwenbo' ) LIMIT 1   [ RunTime:0.004419s ]

[ 2014-11-11T22:32:36+08:00 ] 127.0.0.1 /think_message/index.php/Register/doReg
INFO: [ route_check ] --START--
INFO: CheckRoute Behavior ::run [ RunTime:0.001091s ]
INFO: [ route_check ] --END-- [ RunTime:0.001211s ]
INFO: [ app_begin ] --START--
INFO: ReadHtmlCache Behavior ::run [ RunTime:0.000641s ]
INFO: [ app_begin ] --END-- [ RunTime:0.000730s ]
SQL: SHOW COLUMNS FROM `tp_user` [ RunTime:0.005189s ]
SQL: INSERT INTO `tp_user` (`username`,`password`,`sex`) VALUES ('tangwenbo','12345',1) [ RunTime:0.056374s ]

[ 2014-11-11T22:32:36+08:00 ] 127.0.0.1 /think_message/index.php/Index/index.html
INFO: [ route_check ] --START--
INFO: CheckRoute Behavior ::run [ RunTime:0.000782s ]
INFO: [ route_check ] --END-- [ RunTime:0.000879s ]
INFO: [ app_begin ] --START--
INFO: ReadHtmlCache Behavior ::run [ RunTime:0.000450s ]
INFO: [ app_begin ] --END-- [ RunTime:0.000511s ]

[ 2014-11-11T22:32:36+08:00 ] 127.0.0.1 /think_message/index.php/Login/login.html
INFO: [ route_check ] --START--
INFO: CheckRoute Behavior ::run [ RunTime:0.000712s ]
INFO: [ route_check ] --END-- [ RunTime:0.000798s ]
INFO: [ app_begin ] --START--
INFO: ReadHtmlCache Behavior ::run [ RunTime:0.000476s ]
INFO: [ app_begin ] --END-- [ RunTime:0.000538s ]
INFO: [ view_parse ] --START--
INFO: ParseTemplate Behavior ::run [ RunTime:0.006810s ]
INFO: [ view_parse ] --END-- [ RunTime:0.006922s ]
INFO: [ view_filter ] --START--
INFO: ContentReplace Behavior ::run [ RunTime:0.000338s ]
INFO: TokenBuild Behavior ::run [ RunTime:0.000337s ]
INFO: WriteHtmlCache Behavior ::run [ RunTime:0.000208s ]
INFO: ShowRuntime Behavior ::run [ RunTime:0.000394s ]
INFO: [ view_filter ] --END-- [ RunTime:0.001444s ]
INFO: [ view_end ] --START--
INFO: ShowPageTrace Behavior ::run [ RunTime:0.000527s ]
INFO: [ view_end ] --END-- [ RunTime:0.000602s ]

[ 2014-11-11T22:32:36+08:00 ] 127.0.0.1 /think_message/index.php/Public/code
INFO: [ route_check ] --START--
INFO: CheckRoute Behavior ::run [ RunTime:0.001396s ]
INFO: [ route_check ] --END-- [ RunTime:0.001637s ]
INFO: [ app_begin ] --START--
INFO: ReadHtmlCache Behavior ::run [ RunTime:0.000837s ]
INFO: [ app_begin ] --END-- [ RunTime:0.000959s ]
NOTIC: [8] Use of undefined constant code - assumed 'code' E:\AppServ\www\think_message\Home\Lib\Action\PublicAction.class.php 第 5 行.

[ 2014-11-11T22:44:50+08:00 ] 127.0.0.1 /think_message/index.php/top
INFO: [ route_check ] --START--
INFO: CheckRoute Behavior ::run [ RunTime:0.001345s ]
INFO: [ route_check ] --END-- [ RunTime:0.001461s ]
INFO: [ app_begin ] --START--
INFO: ReadHtmlCache Behavior ::run [ RunTime:0.001034s ]
INFO: [ app_begin ] --END-- [ RunTime:0.001119s ]
ERR: 无法加载模块:top

[ 2014-11-11T22:45:05+08:00 ] 127.0.0.1 /think_message/index.php/Index/
INFO: [ route_check ] --START--
INFO: CheckRoute Behavior ::run [ RunTime:0.001331s ]
INFO: [ route_check ] --END-- [ RunTime:0.001452s ]
INFO: [ app_begin ] --START--
INFO: ReadHtmlCache Behavior ::run [ RunTime:0.001116s ]
INFO: [ app_begin ] --END-- [ RunTime:0.001216s ]

[ 2014-11-11T22:46:08+08:00 ] 127.0.0.1 /think_message/index.php/Index/
INFO: [ route_check ] --START--
INFO: CheckRoute Behavior ::run [ RunTime:0.000925s ]
INFO: [ route_check ] --END-- [ RunTime:0.001034s ]
INFO: [ app_begin ] --START--
INFO: ReadHtmlCache Behavior ::run [ RunTime:0.000606s ]
INFO: [ app_begin ] --END-- [ RunTime:0.000747s ]

[ 2014-11-11T22:49:46+08:00 ] 127.0.0.1 /think_message/index.php/Index/
INFO: [ route_check ] --START--
INFO: CheckRoute Behavior ::run [ RunTime:0.001232s ]
INFO: [ route_check ] --END-- [ RunTime:0.001324s ]
INFO: [ app_begin ] --START--
INFO: ReadHtmlCache Behavior ::run [ RunTime:0.000900s ]
INFO: [ app_begin ] --END-- [ RunTime:0.000968s ]
NOTIC: [8] Undefined index:  username E:\AppServ\www\think_message\Home\Lib\Action\CommonAction.class.php 第 4 行.

[ 2014-11-11T22:49:46+08:00 ] 127.0.0.1 /think_message/index.php/Login/login.html
INFO: [ route_check ] --START--
INFO: CheckRoute Behavior ::run [ RunTime:0.000701s ]
INFO: [ route_check ] --END-- [ RunTime:0.000803s ]
INFO: [ app_begin ] --START--
INFO: ReadHtmlCache Behavior ::run [ RunTime:0.000473s ]
INFO: [ app_begin ] --END-- [ RunTime:0.000533s ]
INFO: [ view_parse ] --START--
INFO: ParseTemplate Behavior ::run [ RunTime:0.014504s ]
INFO: [ view_parse ] --END-- [ RunTime:0.014606s ]
INFO: [ view_filter ] --START--
INFO: ContentReplace Behavior ::run [ RunTime:0.000800s ]
INFO: TokenBuild Behavior ::run [ RunTime:0.000845s ]
INFO: WriteHtmlCache Behavior ::run [ RunTime:0.000780s ]
INFO: ShowRuntime Behavior ::run [ RunTime:0.000858s ]
INFO: [ view_filter ] --END-- [ RunTime:0.003457s ]
INFO: [ view_end ] --START--
INFO: ShowPageTrace Behavior ::run [ RunTime:0.001033s ]
INFO: [ view_end ] --END-- [ RunTime:0.001095s ]

[ 2014-11-11T22:49:46+08:00 ] 127.0.0.1 /think_message/index.php/Public/code
INFO: [ route_check ] --START--
INFO: CheckRoute Behavior ::run [ RunTime:0.001446s ]
INFO: [ route_check ] --END-- [ RunTime:0.001559s ]
INFO: [ app_begin ] --START--
INFO: ReadHtmlCache Behavior ::run [ RunTime:0.001414s ]
INFO: [ app_begin ] --END-- [ RunTime:0.001538s ]
NOTIC: [8] Use of undefined constant code - assumed 'code' E:\AppServ\www\think_message\Home\Lib\Action\PublicAction.class.php 第 5 行.

[ 2014-11-11T22:49:51+08:00 ] 127.0.0.1 /think_message/index.php/Login/top
INFO: [ route_check ] --START--
INFO: CheckRoute Behavior ::run [ RunTime:0.001350s ]
INFO: [ route_check ] --END-- [ RunTime:0.001459s ]
INFO: [ app_begin ] --START--
INFO: ReadHtmlCache Behavior ::run [ RunTime:0.001056s ]
INFO: [ app_begin ] --END-- [ RunTime:0.001155s ]
ERR: 非法操作:top

[ 2014-11-11T22:50:01+08:00 ] 127.0.0.1 /think_message/index.php/Index/
INFO: [ route_check ] --START--
INFO: CheckRoute Behavior ::run [ RunTime:0.000776s ]
INFO: [ route_check ] --END-- [ RunTime:0.000869s ]
INFO: [ app_begin ] --START--
INFO: ReadHtmlCache Behavior ::run [ RunTime:0.000501s ]
INFO: [ app_begin ] --END-- [ RunTime:0.000571s ]
NOTIC: [8] Undefined index:  username E:\AppServ\www\think_message\Home\Lib\Action\CommonAction.class.php 第 4 行.

[ 2014-11-11T22:50:01+08:00 ] 127.0.0.1 /think_message/index.php/Login/login.html
INFO: [ route_check ] --START--
INFO: CheckRoute Behavior ::run [ RunTime:0.000782s ]
INFO: [ route_check ] --END-- [ RunTime:0.000882s ]
INFO: [ app_begin ] --START--
INFO: ReadHtmlCache Behavior ::run [ RunTime:0.000481s ]
INFO: [ app_begin ] --END-- [ RunTime:0.000553s ]
INFO: [ view_parse ] --START--
INFO: ParseTemplate Behavior ::run [ RunTime:0.015244s ]
INFO: [ view_parse ] --END-- [ RunTime:0.015375s ]
INFO: [ view_filter ] --START--
INFO: ContentReplace Behavior ::run [ RunTime:0.001200s ]
INFO: TokenBuild Behavior ::run [ RunTime:0.000832s ]
INFO: WriteHtmlCache Behavior ::run [ RunTime:0.000706s ]
INFO: ShowRuntime Behavior ::run [ RunTime:0.000907s ]
INFO: [ view_filter ] --END-- [ RunTime:0.003864s ]
INFO: [ view_end ] --START--
INFO: ShowPageTrace Behavior ::run [ RunTime:0.001027s ]
INFO: [ view_end ] --END-- [ RunTime:0.001096s ]

[ 2014-11-11T22:50:01+08:00 ] 127.0.0.1 /think_message/index.php/Public/code
INFO: [ route_check ] --START--
INFO: CheckRoute Behavior ::run [ RunTime:0.001141s ]
INFO: [ route_check ] --END-- [ RunTime:0.001295s ]
INFO: [ app_begin ] --START--
INFO: ReadHtmlCache Behavior ::run [ RunTime:0.000782s ]
INFO: [ app_begin ] --END-- [ RunTime:0.000899s ]
NOTIC: [8] Use of undefined constant code - assumed 'code' E:\AppServ\www\think_message\Home\Lib\Action\PublicAction.class.php 第 5 行.

