[ 2014-11-17T16:31:03+08:00 ] 127.0.0.1 /My_Child/admin.php/Login/doLogin
INFO: [ route_check ] --START--
INFO: CheckRoute Behavior ::run [ RunTime:0.005385s ]
INFO: [ route_check ] --END-- [ RunTime:0.005612s ]
INFO: [ app_begin ] --START--
INFO: ReadHtmlCache Behavior ::run [ RunTime:0.003179s ]
INFO: [ app_begin ] --END-- [ RunTime:0.003376s ]
NOTIC: [8] Undefined index:  username E:\AppServ\www\My_Child\Admin\Lib\Action\LoginAction.class.php 第 12 行.
NOTIC: [8] Undefined index:  userpwd E:\AppServ\www\My_Child\Admin\Lib\Action\LoginAction.class.php 第 13 行.
SQL: SHOW COLUMNS FROM `tp_user` [ RunTime:0.010469s ]
SQL: SELECT `userid` FROM `tp_user` WHERE ( `username` = null ) LIMIT 1   [ RunTime:0.002570s ]

[ 2014-11-17T16:35:54+08:00 ] 192.168.252.12 /My_Child/admin.php/Login/doLogin
INFO: [ route_check ] --START--
INFO: CheckRoute Behavior ::run [ RunTime:0.003071s ]
INFO: [ route_check ] --END-- [ RunTime:0.003279s ]
INFO: [ app_begin ] --START--
INFO: ReadHtmlCache Behavior ::run [ RunTime:0.002227s ]
INFO: [ app_begin ] --END-- [ RunTime:0.002393s ]
NOTIC: [8] Undefined index:  username E:\AppServ\www\My_Child\Admin\Lib\Action\LoginAction.class.php 第 12 行.
NOTIC: [8] Undefined index:  userpwd E:\AppServ\www\My_Child\Admin\Lib\Action\LoginAction.class.php 第 13 行.
SQL: SHOW COLUMNS FROM `tp_user` [ RunTime:0.005072s ]
SQL: SELECT `userid` FROM `tp_user` WHERE ( `username` = null ) LIMIT 1   [ RunTime:0.001445s ]

[ 2014-11-17T16:36:24+08:00 ] 127.0.0.1 /My_Child/admin.php/Login/doLogin
INFO: [ route_check ] --START--
INFO: CheckRoute Behavior ::run [ RunTime:0.001480s ]
INFO: [ route_check ] --END-- [ RunTime:0.001651s ]
INFO: [ app_begin ] --START--
INFO: ReadHtmlCache Behavior ::run [ RunTime:0.000676s ]
INFO: [ app_begin ] --END-- [ RunTime:0.000774s ]
NOTIC: [8] Undefined index:  username E:\AppServ\www\My_Child\Admin\Lib\Action\LoginAction.class.php 第 12 行.
NOTIC: [8] Undefined index:  userpwd E:\AppServ\www\My_Child\Admin\Lib\Action\LoginAction.class.php 第 13 行.
SQL: SHOW COLUMNS FROM `tp_user` [ RunTime:0.003314s ]
SQL: SELECT `userid` FROM `tp_user` WHERE ( `username` = null ) LIMIT 1   [ RunTime:0.002055s ]

[ 2014-11-17T16:46:31+08:00 ] 127.0.0.1 /My_Child/admin.php/Login/doLogin
INFO: [ route_check ] --START--
INFO: CheckRoute Behavior ::run [ RunTime:0.001949s ]
INFO: [ route_check ] --END-- [ RunTime:0.002084s ]
INFO: [ app_begin ] --START--
INFO: ReadHtmlCache Behavior ::run [ RunTime:0.001419s ]
INFO: [ app_begin ] --END-- [ RunTime:0.001552s ]
NOTIC: [8] Undefined index:  username E:\AppServ\www\My_Child\Admin\Lib\Action\LoginAction.class.php 第 12 行.
NOTIC: [8] Undefined index:  userpwd E:\AppServ\www\My_Child\Admin\Lib\Action\LoginAction.class.php 第 13 行.
SQL: SHOW COLUMNS FROM `tp_user` [ RunTime:0.003104s ]
SQL: SELECT `userid` FROM `tp_user` WHERE ( `username` = null ) LIMIT 1   [ RunTime:0.000865s ]

[ 2014-11-17T16:46:32+08:00 ] 127.0.0.1 /My_Child/admin.php/Login/doLogin
INFO: [ route_check ] --START--
INFO: CheckRoute Behavior ::run [ RunTime:0.003660s ]
INFO: [ route_check ] --END-- [ RunTime:0.003898s ]
INFO: [ app_begin ] --START--
INFO: ReadHtmlCache Behavior ::run [ RunTime:0.001152s ]
INFO: [ app_begin ] --END-- [ RunTime:0.001304s ]
NOTIC: [8] Undefined index:  username E:\AppServ\www\My_Child\Admin\Lib\Action\LoginAction.class.php 第 12 行.
NOTIC: [8] Undefined index:  userpwd E:\AppServ\www\My_Child\Admin\Lib\Action\LoginAction.class.php 第 13 行.
SQL: SHOW COLUMNS FROM `tp_user` [ RunTime:0.002715s ]
SQL: SELECT `userid` FROM `tp_user` WHERE ( `username` = null ) LIMIT 1   [ RunTime:0.001353s ]

[ 2014-11-17T16:47:10+08:00 ] 127.0.0.1 /My_Child/admin.php/Login/doLogin
INFO: [ route_check ] --START--
INFO: CheckRoute Behavior ::run [ RunTime:0.002696s ]
INFO: [ route_check ] --END-- [ RunTime:0.002897s ]
INFO: [ app_begin ] --START--
INFO: ReadHtmlCache Behavior ::run [ RunTime:0.002146s ]
INFO: [ app_begin ] --END-- [ RunTime:0.002316s ]
NOTIC: [8] Undefined index:  username E:\AppServ\www\My_Child\Admin\Lib\Action\LoginAction.class.php 第 12 行.
NOTIC: [8] Undefined index:  userpwd E:\AppServ\www\My_Child\Admin\Lib\Action\LoginAction.class.php 第 13 行.
SQL: SHOW COLUMNS FROM `tp_user` [ RunTime:0.002623s ]
SQL: SELECT `userid` FROM `tp_user` WHERE ( `username` = null ) LIMIT 1   [ RunTime:0.000795s ]

[ 2014-11-17T16:47:14+08:00 ] 127.0.0.1 /My_Child/admin.php/Login/doLogin
INFO: [ route_check ] --START--
INFO: CheckRoute Behavior ::run [ RunTime:0.001071s ]
INFO: [ route_check ] --END-- [ RunTime:0.001202s ]
INFO: [ app_begin ] --START--
INFO: ReadHtmlCache Behavior ::run [ RunTime:0.000718s ]
INFO: [ app_begin ] --END-- [ RunTime:0.000827s ]
NOTIC: [8] Undefined index:  username E:\AppServ\www\My_Child\Admin\Lib\Action\LoginAction.class.php 第 12 行.
NOTIC: [8] Undefined index:  userpwd E:\AppServ\www\My_Child\Admin\Lib\Action\LoginAction.class.php 第 13 行.
SQL: SHOW COLUMNS FROM `tp_user` [ RunTime:0.002307s ]
SQL: SELECT `userid` FROM `tp_user` WHERE ( `username` = null ) LIMIT 1   [ RunTime:0.000647s ]

[ 2014-11-17T16:49:50+08:00 ] 127.0.0.1 /My_Child/admin.php/Login/doLogin
INFO: [ route_check ] --START--
INFO: CheckRoute Behavior ::run [ RunTime:0.002755s ]
INFO: [ route_check ] --END-- [ RunTime:0.002958s ]
INFO: [ app_begin ] --START--
INFO: ReadHtmlCache Behavior ::run [ RunTime:0.002224s ]
INFO: [ app_begin ] --END-- [ RunTime:0.002402s ]
NOTIC: [8] Undefined index:  username E:\AppServ\www\My_Child\Admin\Lib\Action\LoginAction.class.php 第 12 行.
NOTIC: [8] Undefined index:  userpwd E:\AppServ\www\My_Child\Admin\Lib\Action\LoginAction.class.php 第 13 行.
SQL: SHOW COLUMNS FROM `tp_user` [ RunTime:0.002699s ]
SQL: SELECT `userid` FROM `tp_user` WHERE ( `username` = null ) LIMIT 1   [ RunTime:0.001046s ]

[ 2014-11-17T16:49:51+08:00 ] 127.0.0.1 /My_Child/admin.php/Login/doLogin
INFO: [ route_check ] --START--
INFO: CheckRoute Behavior ::run [ RunTime:0.001223s ]
INFO: [ route_check ] --END-- [ RunTime:0.001394s ]
INFO: [ app_begin ] --START--
INFO: ReadHtmlCache Behavior ::run [ RunTime:0.000745s ]
INFO: [ app_begin ] --END-- [ RunTime:0.000859s ]
NOTIC: [8] Undefined index:  username E:\AppServ\www\My_Child\Admin\Lib\Action\LoginAction.class.php 第 12 行.
NOTIC: [8] Undefined index:  userpwd E:\AppServ\www\My_Child\Admin\Lib\Action\LoginAction.class.php 第 13 行.
SQL: SHOW COLUMNS FROM `tp_user` [ RunTime:0.002161s ]
SQL: SELECT `userid` FROM `tp_user` WHERE ( `username` = null ) LIMIT 1   [ RunTime:0.000873s ]

[ 2014-11-17T16:49:52+08:00 ] 127.0.0.1 /My_Child/admin.php/Login/doLogin
INFO: [ route_check ] --START--
INFO: CheckRoute Behavior ::run [ RunTime:0.000959s ]
INFO: [ route_check ] --END-- [ RunTime:0.001073s ]
INFO: [ app_begin ] --START--
INFO: ReadHtmlCache Behavior ::run [ RunTime:0.000627s ]
INFO: [ app_begin ] --END-- [ RunTime:0.000714s ]
NOTIC: [8] Undefined index:  username E:\AppServ\www\My_Child\Admin\Lib\Action\LoginAction.class.php 第 12 行.
NOTIC: [8] Undefined index:  userpwd E:\AppServ\www\My_Child\Admin\Lib\Action\LoginAction.class.php 第 13 行.
SQL: SHOW COLUMNS FROM `tp_user` [ RunTime:0.002960s ]
SQL: SELECT `userid` FROM `tp_user` WHERE ( `username` = null ) LIMIT 1   [ RunTime:0.001149s ]

[ 2014-11-17T16:49:55+08:00 ] 127.0.0.1 /My_Child/admin.php/Login/doLogin
INFO: [ route_check ] --START--
INFO: CheckRoute Behavior ::run [ RunTime:0.001637s ]
INFO: [ route_check ] --END-- [ RunTime:0.001834s ]
INFO: [ app_begin ] --START--
INFO: ReadHtmlCache Behavior ::run [ RunTime:0.000641s ]
INFO: [ app_begin ] --END-- [ RunTime:0.000735s ]
NOTIC: [8] Undefined index:  username E:\AppServ\www\My_Child\Admin\Lib\Action\LoginAction.class.php 第 12 行.
NOTIC: [8] Undefined index:  userpwd E:\AppServ\www\My_Child\Admin\Lib\Action\LoginAction.class.php 第 13 行.
SQL: SHOW COLUMNS FROM `tp_user` [ RunTime:0.003109s ]
SQL: SELECT `userid` FROM `tp_user` WHERE ( `username` = null ) LIMIT 1   [ RunTime:0.000933s ]

[ 2014-11-17T16:55:26+08:00 ] 192.168.252.12 /My_Child/admin.php/Login/doLogin
INFO: [ route_check ] --START--
INFO: CheckRoute Behavior ::run [ RunTime:0.001632s ]
INFO: [ route_check ] --END-- [ RunTime:0.001775s ]
INFO: [ app_begin ] --START--
INFO: ReadHtmlCache Behavior ::run [ RunTime:0.001300s ]
INFO: [ app_begin ] --END-- [ RunTime:0.001420s ]
NOTIC: [8] Undefined index:  username E:\AppServ\www\My_Child\Admin\Lib\Action\LoginAction.class.php 第 12 行.
NOTIC: [8] Undefined index:  userpwd E:\AppServ\www\My_Child\Admin\Lib\Action\LoginAction.class.php 第 13 行.
SQL: SHOW COLUMNS FROM `tp_user` [ RunTime:0.002345s ]
SQL: SELECT `userid` FROM `tp_user` WHERE ( `username` = null ) LIMIT 1   [ RunTime:0.000945s ]

[ 2014-11-17T16:56:46+08:00 ] 192.168.252.12 /My_Child/admin.php/Login/doLogin
INFO: [ route_check ] --START--
INFO: CheckRoute Behavior ::run [ RunTime:0.002346s ]
INFO: [ route_check ] --END-- [ RunTime:0.002602s ]
INFO: [ app_begin ] --START--
INFO: ReadHtmlCache Behavior ::run [ RunTime:0.001060s ]
INFO: [ app_begin ] --END-- [ RunTime:0.001218s ]
NOTIC: [8] Undefined index:  username E:\AppServ\www\My_Child\Admin\Lib\Action\LoginAction.class.php 第 12 行.
NOTIC: [8] Undefined index:  userpwd E:\AppServ\www\My_Child\Admin\Lib\Action\LoginAction.class.php 第 13 行.
SQL: SHOW COLUMNS FROM `tp_user` [ RunTime:0.005219s ]
SQL: SELECT `userid` FROM `tp_user` WHERE ( `username` = null ) LIMIT 1   [ RunTime:0.002491s ]

[ 2014-11-17T16:56:49+08:00 ] 192.168.252.12 /My_Child/admin.php/Login/doLogin
INFO: [ route_check ] --START--
INFO: CheckRoute Behavior ::run [ RunTime:0.001112s ]
INFO: [ route_check ] --END-- [ RunTime:0.001246s ]
INFO: [ app_begin ] --START--
INFO: ReadHtmlCache Behavior ::run [ RunTime:0.000694s ]
INFO: [ app_begin ] --END-- [ RunTime:0.000794s ]
NOTIC: [8] Undefined index:  username E:\AppServ\www\My_Child\Admin\Lib\Action\LoginAction.class.php 第 12 行.
NOTIC: [8] Undefined index:  userpwd E:\AppServ\www\My_Child\Admin\Lib\Action\LoginAction.class.php 第 13 行.
SQL: SHOW COLUMNS FROM `tp_user` [ RunTime:0.002362s ]
SQL: SELECT `userid` FROM `tp_user` WHERE ( `username` = null ) LIMIT 1   [ RunTime:0.000659s ]

[ 2014-11-17T20:34:44+08:00 ] 127.0.0.1 /My_Child/admin.php/Login/doLogin
INFO: [ route_check ] --START--
INFO: CheckRoute Behavior ::run [ RunTime:0.002663s ]
INFO: [ route_check ] --END-- [ RunTime:0.002769s ]
INFO: [ app_begin ] --START--
INFO: ReadHtmlCache Behavior ::run [ RunTime:0.001792s ]
INFO: [ app_begin ] --END-- [ RunTime:0.001884s ]
NOTIC: [8] Undefined index:  username E:\AppServ\www\My_Child\Admin\Lib\Action\LoginAction.class.php 第 6 行.
NOTIC: [8] Undefined index:  userpwd E:\AppServ\www\My_Child\Admin\Lib\Action\LoginAction.class.php 第 7 行.
SQL: SHOW COLUMNS FROM `tp_user` [ RunTime:0.030544s ]
SQL: SELECT `userid` FROM `tp_user` WHERE ( `username` = null ) LIMIT 1   [ RunTime:0.001286s ]

[ 2014-11-17T20:38:32+08:00 ] 192.168.252.14 /My_Child/admin.php/Login/doLogin
INFO: [ route_check ] --START--
INFO: CheckRoute Behavior ::run [ RunTime:0.002212s ]
INFO: [ route_check ] --END-- [ RunTime:0.002325s ]
INFO: [ app_begin ] --START--
INFO: ReadHtmlCache Behavior ::run [ RunTime:0.001763s ]
INFO: [ app_begin ] --END-- [ RunTime:0.001868s ]
NOTIC: [8] Undefined index:  userpwd E:\AppServ\www\My_Child\Admin\Lib\Action\LoginAction.class.php 第 7 行.
SQL: SHOW COLUMNS FROM `tp_user` [ RunTime:0.003143s ]
SQL: SELECT `userid` FROM `tp_user` WHERE ( `username` = 'ssw' ) LIMIT 1   [ RunTime:0.000750s ]

[ 2014-11-17T20:38:39+08:00 ] 127.0.0.1 /My_Child/admin.php/Login/doLogin
INFO: [ route_check ] --START--
INFO: CheckRoute Behavior ::run [ RunTime:0.001614s ]
INFO: [ route_check ] --END-- [ RunTime:0.001707s ]
INFO: [ app_begin ] --START--
INFO: ReadHtmlCache Behavior ::run [ RunTime:0.001369s ]
INFO: [ app_begin ] --END-- [ RunTime:0.001442s ]
NOTIC: [8] Undefined index:  username E:\AppServ\www\My_Child\Admin\Lib\Action\LoginAction.class.php 第 6 行.
NOTIC: [8] Undefined index:  userpwd E:\AppServ\www\My_Child\Admin\Lib\Action\LoginAction.class.php 第 7 行.
SQL: SHOW COLUMNS FROM `tp_user` [ RunTime:0.002117s ]
SQL: SELECT `userid` FROM `tp_user` WHERE ( `username` = null ) LIMIT 1   [ RunTime:0.000286s ]

[ 2014-11-17T20:38:40+08:00 ] 127.0.0.1 /My_Child/admin.php/Login/doLogin
INFO: [ route_check ] --START--
INFO: CheckRoute Behavior ::run [ RunTime:0.001659s ]
INFO: [ route_check ] --END-- [ RunTime:0.001754s ]
INFO: [ app_begin ] --START--
INFO: ReadHtmlCache Behavior ::run [ RunTime:0.001366s ]
INFO: [ app_begin ] --END-- [ RunTime:0.001435s ]
NOTIC: [8] Undefined index:  username E:\AppServ\www\My_Child\Admin\Lib\Action\LoginAction.class.php 第 6 行.
NOTIC: [8] Undefined index:  userpwd E:\AppServ\www\My_Child\Admin\Lib\Action\LoginAction.class.php 第 7 行.
SQL: SHOW COLUMNS FROM `tp_user` [ RunTime:0.001971s ]
SQL: SELECT `userid` FROM `tp_user` WHERE ( `username` = null ) LIMIT 1   [ RunTime:0.000804s ]

[ 2014-11-17T20:39:58+08:00 ] 192.168.252.14 /My_Child/admin.php/Login/doLogin
INFO: [ route_check ] --START--
INFO: CheckRoute Behavior ::run [ RunTime:0.002203s ]
INFO: [ route_check ] --END-- [ RunTime:0.002358s ]
INFO: [ app_begin ] --START--
INFO: ReadHtmlCache Behavior ::run [ RunTime:0.001719s ]
INFO: [ app_begin ] --END-- [ RunTime:0.001806s ]
NOTIC: [8] Undefined index:  userpwd E:\AppServ\www\My_Child\Admin\Lib\Action\LoginAction.class.php 第 7 行.
SQL: SHOW COLUMNS FROM `tp_user` [ RunTime:0.002367s ]
SQL: SELECT `userid` FROM `tp_user` WHERE ( `username` = 'admin' ) LIMIT 1   [ RunTime:0.000666s ]
NOTIC: [8] A session had already been started - ignoring session_start() E:\AppServ\www\My_Child\Admin\Lib\Action\LoginAction.class.php 第 16 行.

[ 2014-11-17T20:41:16+08:00 ] 127.0.0.1 /My_Child/admin.php/Login/doLogin
INFO: [ route_check ] --START--
INFO: CheckRoute Behavior ::run [ RunTime:0.001800s ]
INFO: [ route_check ] --END-- [ RunTime:0.001951s ]
INFO: [ app_begin ] --START--
INFO: ReadHtmlCache Behavior ::run [ RunTime:0.001774s ]
INFO: [ app_begin ] --END-- [ RunTime:0.001900s ]
NOTIC: [8] Undefined index:  username E:\AppServ\www\My_Child\Admin\Lib\Action\LoginAction.class.php 第 6 行.
NOTIC: [8] Undefined index:  userpwd E:\AppServ\www\My_Child\Admin\Lib\Action\LoginAction.class.php 第 7 行.
SQL: SHOW COLUMNS FROM `tp_user` [ RunTime:0.017028s ]
SQL: SELECT `userid` FROM `tp_user` WHERE ( `username` = null ) LIMIT 1   [ RunTime:0.000812s ]

[ 2014-11-17T20:41:38+08:00 ] 127.0.0.1 /My_Child/admin.php/Login/doLogin
INFO: [ route_check ] --START--
INFO: CheckRoute Behavior ::run [ RunTime:0.001932s ]
INFO: [ route_check ] --END-- [ RunTime:0.002037s ]
INFO: [ app_begin ] --START--
INFO: ReadHtmlCache Behavior ::run [ RunTime:0.002060s ]
INFO: [ app_begin ] --END-- [ RunTime:0.002165s ]
NOTIC: [8] Undefined index:  username E:\AppServ\www\My_Child\Admin\Lib\Action\LoginAction.class.php 第 6 行.
NOTIC: [8] Undefined index:  userpwd E:\AppServ\www\My_Child\Admin\Lib\Action\LoginAction.class.php 第 7 行.
NOTIC: [8] Undefined index:  username E:\AppServ\www\My_Child\Admin\Lib\Action\LoginAction.class.php 第 8 行.
SQL: SHOW COLUMNS FROM `tp_user` [ RunTime:0.002025s ]
SQL: SELECT `userid` FROM `tp_user` WHERE ( `username` = null ) LIMIT 1   [ RunTime:0.000652s ]

[ 2014-11-17T21:08:13+08:00 ] 192.168.252.12 /My_Child/admin.php/Login/doLogin
INFO: [ route_check ] --START--
INFO: CheckRoute Behavior ::run [ RunTime:0.004532s ]
INFO: [ route_check ] --END-- [ RunTime:0.004727s ]
INFO: [ app_begin ] --START--
INFO: ReadHtmlCache Behavior ::run [ RunTime:0.003131s ]
INFO: [ app_begin ] --END-- [ RunTime:0.003306s ]
SQL: SHOW COLUMNS FROM `tp_user` [ RunTime:0.002733s ]
SQL: SELECT `userid` FROM `tp_user` WHERE ( `username` = 'df' ) LIMIT 1   [ RunTime:0.000789s ]

[ 2014-11-17T21:09:26+08:00 ] 127.0.0.1 /My_Child/admin.php/Login/doLogin
INFO: [ route_check ] --START--
INFO: CheckRoute Behavior ::run [ RunTime:0.001614s ]
INFO: [ route_check ] --END-- [ RunTime:0.001706s ]
INFO: [ app_begin ] --START--
INFO: ReadHtmlCache Behavior ::run [ RunTime:0.001363s ]
INFO: [ app_begin ] --END-- [ RunTime:0.001434s ]
NOTIC: [8] Undefined index:  username E:\AppServ\www\My_Child\Admin\Lib\Action\LoginAction.class.php 第 6 行.
NOTIC: [8] Undefined index:  userpwd E:\AppServ\www\My_Child\Admin\Lib\Action\LoginAction.class.php 第 7 行.
NOTIC: [8] Undefined index:  username E:\AppServ\www\My_Child\Admin\Lib\Action\LoginAction.class.php 第 8 行.
SQL: SHOW COLUMNS FROM `tp_user` [ RunTime:0.001969s ]
SQL: SELECT `userid` FROM `tp_user` WHERE ( `username` = null ) LIMIT 1   [ RunTime:0.000910s ]

[ 2014-11-17T21:09:52+08:00 ] 127.0.0.1 /My_Child/admin.php/Login/doLogin
INFO: [ route_check ] --START--
INFO: CheckRoute Behavior ::run [ RunTime:0.001868s ]
INFO: [ route_check ] --END-- [ RunTime:0.001973s ]
INFO: [ app_begin ] --START--
INFO: ReadHtmlCache Behavior ::run [ RunTime:0.001584s ]
INFO: [ app_begin ] --END-- [ RunTime:0.001671s ]
NOTIC: [8] Undefined index:  username E:\AppServ\www\My_Child\Admin\Lib\Action\LoginAction.class.php 第 6 行.
NOTIC: [8] Undefined index:  userpwd E:\AppServ\www\My_Child\Admin\Lib\Action\LoginAction.class.php 第 7 行.
NOTIC: [8] Undefined index:  username E:\AppServ\www\My_Child\Admin\Lib\Action\LoginAction.class.php 第 8 行.
SQL: SHOW COLUMNS FROM `tp_user` [ RunTime:0.001993s ]
SQL: SELECT `userid` FROM `tp_user` WHERE ( `username` = null ) LIMIT 1   [ RunTime:0.000698s ]

[ 2014-11-17T21:20:37+08:00 ] 127.0.0.1 /My_Child/admin.php/Login/dologin
INFO: [ route_check ] --START--
INFO: CheckRoute Behavior ::run [ RunTime:0.002202s ]
INFO: [ route_check ] --END-- [ RunTime:0.002328s ]
INFO: [ app_begin ] --START--
INFO: ReadHtmlCache Behavior ::run [ RunTime:0.002243s ]
INFO: [ app_begin ] --END-- [ RunTime:0.002371s ]

[ 2014-11-17T21:21:55+08:00 ] 127.0.0.1 /My_Child/admin.php/Login/dologin
INFO: [ route_check ] --START--
INFO: CheckRoute Behavior ::run [ RunTime:0.001556s ]
INFO: [ route_check ] --END-- [ RunTime:0.001659s ]
INFO: [ app_begin ] --START--
INFO: ReadHtmlCache Behavior ::run [ RunTime:0.001488s ]
INFO: [ app_begin ] --END-- [ RunTime:0.001555s ]

[ 2014-11-17T21:22:16+08:00 ] 127.0.0.1 /My_Child/admin.php/Login/doLogin/Dlogin
INFO: [ route_check ] --START--
INFO: CheckRoute Behavior ::run [ RunTime:0.001575s ]
INFO: [ route_check ] --END-- [ RunTime:0.001663s ]
INFO: [ app_begin ] --START--
INFO: ReadHtmlCache Behavior ::run [ RunTime:0.001284s ]
INFO: [ app_begin ] --END-- [ RunTime:0.001349s ]

[ 2014-11-17T21:23:17+08:00 ] 127.0.0.1 /My_Child/admin.php/Login/doLogin/doLogin
INFO: [ route_check ] --START--
INFO: CheckRoute Behavior ::run [ RunTime:0.001946s ]
INFO: [ route_check ] --END-- [ RunTime:0.002054s ]
INFO: [ app_begin ] --START--
INFO: ReadHtmlCache Behavior ::run [ RunTime:0.001631s ]
INFO: [ app_begin ] --END-- [ RunTime:0.001714s ]

[ 2014-11-17T21:23:22+08:00 ] 127.0.0.1 /My_Child/admin.php/Login/doLogin/doLogin
INFO: [ route_check ] --START--
INFO: CheckRoute Behavior ::run [ RunTime:0.001688s ]
INFO: [ route_check ] --END-- [ RunTime:0.001798s ]
INFO: [ app_begin ] --START--
INFO: ReadHtmlCache Behavior ::run [ RunTime:0.001383s ]
INFO: [ app_begin ] --END-- [ RunTime:0.001459s ]

[ 2014-11-17T21:23:42+08:00 ] 127.0.0.1 /My_Child/admin.php/Login/doLogin/doLogin
INFO: [ route_check ] --START--
INFO: CheckRoute Behavior ::run [ RunTime:0.002076s ]
INFO: [ route_check ] --END-- [ RunTime:0.002187s ]
INFO: [ app_begin ] --START--
INFO: ReadHtmlCache Behavior ::run [ RunTime:0.001472s ]
INFO: [ app_begin ] --END-- [ RunTime:0.001563s ]

[ 2014-11-17T21:24:12+08:00 ] 127.0.0.1 /My_Child/admin.php/Login/doLogin/doLogin
INFO: [ route_check ] --START--
INFO: CheckRoute Behavior ::run [ RunTime:0.001176s ]
INFO: [ route_check ] --END-- [ RunTime:0.001260s ]
INFO: [ app_begin ] --START--
INFO: ReadHtmlCache Behavior ::run [ RunTime:0.000915s ]
INFO: [ app_begin ] --END-- [ RunTime:0.000983s ]
NOTIC: [8] Undefined index:  username E:\AppServ\www\My_Child\Admin\Lib\Action\LoginAction.class.php 第 6 行.
NOTIC: [8] Undefined index:  userpwd E:\AppServ\www\My_Child\Admin\Lib\Action\LoginAction.class.php 第 7 行.
SQL: SHOW COLUMNS FROM `tp_user` [ RunTime:0.002394s ]
SQL: SELECT `userid` FROM `tp_user` WHERE ( `username` = null ) LIMIT 1   [ RunTime:0.000460s ]

[ 2014-11-17T21:24:46+08:00 ] 192.168.252.12 /My_Child/admin.php/Login/doLogin
INFO: [ route_check ] --START--
INFO: CheckRoute Behavior ::run [ RunTime:0.002340s ]
INFO: [ route_check ] --END-- [ RunTime:0.002467s ]
INFO: [ app_begin ] --START--
INFO: ReadHtmlCache Behavior ::run [ RunTime:0.002024s ]
INFO: [ app_begin ] --END-- [ RunTime:0.002125s ]
NOTIC: [8] Undefined index:  username E:\AppServ\www\My_Child\Admin\Lib\Action\LoginAction.class.php 第 6 行.
NOTIC: [8] Undefined index:  userpwd E:\AppServ\www\My_Child\Admin\Lib\Action\LoginAction.class.php 第 7 行.
SQL: SHOW COLUMNS FROM `tp_user` [ RunTime:0.002856s ]
SQL: SELECT `userid` FROM `tp_user` WHERE ( `username` = null ) LIMIT 1   [ RunTime:0.000908s ]

[ 2014-11-17T21:24:59+08:00 ] 192.168.252.12 /My_Child/admin.php/Login/doLogin
INFO: [ route_check ] --START--
INFO: CheckRoute Behavior ::run [ RunTime:0.002715s ]
INFO: [ route_check ] --END-- [ RunTime:0.002853s ]
INFO: [ app_begin ] --START--
INFO: ReadHtmlCache Behavior ::run [ RunTime:0.002063s ]
INFO: [ app_begin ] --END-- [ RunTime:0.002172s ]
NOTIC: [8] Undefined index:  username E:\AppServ\www\My_Child\Admin\Lib\Action\LoginAction.class.php 第 6 行.
NOTIC: [8] Undefined index:  userpwd E:\AppServ\www\My_Child\Admin\Lib\Action\LoginAction.class.php 第 7 行.
SQL: SHOW COLUMNS FROM `tp_user` [ RunTime:0.001985s ]
SQL: SELECT `userid` FROM `tp_user` WHERE ( `username` = null ) LIMIT 1   [ RunTime:0.000848s ]

[ 2014-11-17T21:27:50+08:00 ] 192.168.252.12 /My_Child/admin.php/Login/doLogin
INFO: [ route_check ] --START--
INFO: CheckRoute Behavior ::run [ RunTime:0.002306s ]
INFO: [ route_check ] --END-- [ RunTime:0.002428s ]
INFO: [ app_begin ] --START--
INFO: ReadHtmlCache Behavior ::run [ RunTime:0.001855s ]
INFO: [ app_begin ] --END-- [ RunTime:0.001949s ]
NOTIC: [8] Undefined index:  username E:\AppServ\www\My_Child\Admin\Lib\Action\LoginAction.class.php 第 6 行.
NOTIC: [8] Undefined index:  userpwd E:\AppServ\www\My_Child\Admin\Lib\Action\LoginAction.class.php 第 7 行.
SQL: SHOW COLUMNS FROM `tp_user` [ RunTime:0.002721s ]
SQL: SELECT `userid` FROM `tp_user` WHERE ( `username` = null ) LIMIT 1   [ RunTime:0.001721s ]

[ 2014-11-17T21:28:15+08:00 ] 192.168.252.12 /My_Child/admin.php/Login/doLogin
INFO: [ route_check ] --START--
INFO: CheckRoute Behavior ::run [ RunTime:0.002114s ]
INFO: [ route_check ] --END-- [ RunTime:0.002221s ]
INFO: [ app_begin ] --START--
INFO: ReadHtmlCache Behavior ::run [ RunTime:0.001797s ]
INFO: [ app_begin ] --END-- [ RunTime:0.001893s ]
NOTIC: [8] Undefined index:  username E:\AppServ\www\My_Child\Admin\Lib\Action\LoginAction.class.php 第 6 行.
NOTIC: [8] Undefined index:  userpwd E:\AppServ\www\My_Child\Admin\Lib\Action\LoginAction.class.php 第 7 行.
SQL: SHOW COLUMNS FROM `tp_user` [ RunTime:0.002072s ]
SQL: SELECT `userid` FROM `tp_user` WHERE ( `username` = null ) LIMIT 1   [ RunTime:0.000689s ]

[ 2014-11-17T21:29:11+08:00 ] 127.0.0.1 /My_Child/admin.php/Login/doLogin/doLogin
INFO: [ route_check ] --START--
INFO: CheckRoute Behavior ::run [ RunTime:0.002246s ]
INFO: [ route_check ] --END-- [ RunTime:0.002447s ]
INFO: [ app_begin ] --START--
INFO: ReadHtmlCache Behavior ::run [ RunTime:0.002194s ]
INFO: [ app_begin ] --END-- [ RunTime:0.002306s ]
NOTIC: [8] Undefined index:  username E:\AppServ\www\My_Child\Admin\Lib\Action\LoginAction.class.php 第 6 行.
NOTIC: [8] Undefined index:  userpwd E:\AppServ\www\My_Child\Admin\Lib\Action\LoginAction.class.php 第 7 行.
SQL: SHOW COLUMNS FROM `tp_user` [ RunTime:0.002028s ]
SQL: SELECT `userid` FROM `tp_user` WHERE ( `username` = null ) LIMIT 1   [ RunTime:0.000726s ]

[ 2014-11-17T21:29:19+08:00 ] 192.168.252.12 /My_Child/admin.php/Login/doLogin
INFO: [ route_check ] --START--
INFO: CheckRoute Behavior ::run [ RunTime:0.004049s ]
INFO: [ route_check ] --END-- [ RunTime:0.004248s ]
INFO: [ app_begin ] --START--
INFO: ReadHtmlCache Behavior ::run [ RunTime:0.001937s ]
INFO: [ app_begin ] --END-- [ RunTime:0.002061s ]
SQL: SHOW COLUMNS FROM `tp_user` [ RunTime:0.002376s ]
SQL: SELECT `userid` FROM `tp_user` WHERE ( `username` = 'dsf' ) LIMIT 1   [ RunTime:0.001014s ]

[ 2014-11-17T21:29:31+08:00 ] 192.168.252.12 /My_Child/admin.php/Login/doLogin
INFO: [ route_check ] --START--
INFO: CheckRoute Behavior ::run [ RunTime:0.002072s ]
INFO: [ route_check ] --END-- [ RunTime:0.002184s ]
INFO: [ app_begin ] --START--
INFO: ReadHtmlCache Behavior ::run [ RunTime:0.001633s ]
INFO: [ app_begin ] --END-- [ RunTime:0.001721s ]
SQL: SHOW COLUMNS FROM `tp_user` [ RunTime:0.002358s ]
SQL: SELECT `userid` FROM `tp_user` WHERE ( `username` = 'admin' ) LIMIT 1   [ RunTime:0.001055s ]
NOTIC: [8] A session had already been started - ignoring session_start() E:\AppServ\www\My_Child\Admin\Lib\Action\LoginAction.class.php 第 14 行.

[ 2014-11-17T21:32:50+08:00 ] 192.168.252.12 /My_Child/admin.php/Login/doLogin
INFO: [ route_check ] --START--
INFO: CheckRoute Behavior ::run [ RunTime:0.001585s ]
INFO: [ route_check ] --END-- [ RunTime:0.001673s ]
INFO: [ app_begin ] --START--
INFO: ReadHtmlCache Behavior ::run [ RunTime:0.001284s ]
INFO: [ app_begin ] --END-- [ RunTime:0.001350s ]
SQL: SHOW COLUMNS FROM `tp_user` [ RunTime:0.002078s ]
SQL: SELECT `userid` FROM `tp_user` WHERE ( `username` = 'admin' ) LIMIT 1   [ RunTime:0.000727s ]
NOTIC: [8] A session had already been started - ignoring session_start() E:\AppServ\www\My_Child\Admin\Lib\Action\LoginAction.class.php 第 14 行.

[ 2014-11-17T21:33:09+08:00 ] 192.168.252.12 /My_Child/admin.php/Login/doLogin
INFO: [ route_check ] --START--
INFO: CheckRoute Behavior ::run [ RunTime:0.003959s ]
INFO: [ route_check ] --END-- [ RunTime:0.004173s ]
INFO: [ app_begin ] --START--
INFO: ReadHtmlCache Behavior ::run [ RunTime:0.003070s ]
INFO: [ app_begin ] --END-- [ RunTime:0.003231s ]
SQL: SHOW COLUMNS FROM `tp_user` [ RunTime:0.008232s ]
SQL: SELECT `userid` FROM `tp_user` WHERE ( `username` = 'admin' ) LIMIT 1   [ RunTime:0.000727s ]
NOTIC: [8] A session had already been started - ignoring session_start() E:\AppServ\www\My_Child\Admin\Lib\Action\LoginAction.class.php 第 14 行.

[ 2014-11-17T21:33:42+08:00 ] 192.168.252.12 /My_Child/admin.php/Login/doLogin
INFO: [ route_check ] --START--
INFO: CheckRoute Behavior ::run [ RunTime:0.001675s ]
INFO: [ route_check ] --END-- [ RunTime:0.001762s ]
INFO: [ app_begin ] --START--
INFO: ReadHtmlCache Behavior ::run [ RunTime:0.001323s ]
INFO: [ app_begin ] --END-- [ RunTime:0.001394s ]
SQL: SHOW COLUMNS FROM `tp_user` [ RunTime:0.002899s ]
SQL: SELECT `userid` FROM `tp_user` WHERE ( `username` = 'admin' ) AND ( `userpwd` = 'admin' ) LIMIT 1   [ RunTime:0.000835s ]
NOTIC: [8] A session had already been started - ignoring session_start() E:\AppServ\www\My_Child\Admin\Lib\Action\LoginAction.class.php 第 14 行.

[ 2014-11-17T21:34:03+08:00 ] 192.168.252.12 /My_Child/admin.php/Login/doLogin
INFO: [ route_check ] --START--
INFO: CheckRoute Behavior ::run [ RunTime:0.002430s ]
INFO: [ route_check ] --END-- [ RunTime:0.002554s ]
INFO: [ app_begin ] --START--
INFO: ReadHtmlCache Behavior ::run [ RunTime:0.002011s ]
INFO: [ app_begin ] --END-- [ RunTime:0.002124s ]
SQL: SHOW COLUMNS FROM `tp_user` [ RunTime:0.002089s ]
SQL: SELECT `userid` FROM `tp_user` WHERE ( `username` = 'sdafsasa' ) AND ( `userpwd` = 'da' ) LIMIT 1   [ RunTime:0.000718s ]

[ 2014-11-17T21:38:39+08:00 ] 127.0.0.1 /My_Child/admin.php/Login/doLogin/doLogin
INFO: [ route_check ] --START--
INFO: CheckRoute Behavior ::run [ RunTime:0.001400s ]
INFO: [ route_check ] --END-- [ RunTime:0.001507s ]
INFO: [ app_begin ] --START--
INFO: ReadHtmlCache Behavior ::run [ RunTime:0.001078s ]
INFO: [ app_begin ] --END-- [ RunTime:0.001165s ]
NOTIC: [8] Undefined index:  username E:\AppServ\www\My_Child\Admin\Lib\Action\LoginAction.class.php 第 8 行.
NOTIC: [8] Undefined index:  userpwd E:\AppServ\www\My_Child\Admin\Lib\Action\LoginAction.class.php 第 9 行.
SQL: SHOW COLUMNS FROM `tp_user` [ RunTime:0.002339s ]
SQL: SELECT `userid` FROM `tp_user` WHERE ( `username` = null ) AND ( `userpwd` = null ) LIMIT 1   [ RunTime:0.000863s ]

[ 2014-11-17T21:39:04+08:00 ] 127.0.0.1 /My_Child/admin.php/Login/doLogin/doLogin
INFO: [ route_check ] --START--
INFO: CheckRoute Behavior ::run [ RunTime:0.002307s ]
INFO: [ route_check ] --END-- [ RunTime:0.002439s ]
INFO: [ app_begin ] --START--
INFO: ReadHtmlCache Behavior ::run [ RunTime:0.001905s ]
INFO: [ app_begin ] --END-- [ RunTime:0.002001s ]
NOTIC: [8] Undefined index:  username E:\AppServ\www\My_Child\Admin\Lib\Action\LoginAction.class.php 第 8 行.
NOTIC: [8] Undefined index:  userpwd E:\AppServ\www\My_Child\Admin\Lib\Action\LoginAction.class.php 第 9 行.
SQL: SHOW COLUMNS FROM `tp_user` [ RunTime:0.002185s ]
SQL: SELECT `userid` FROM `tp_user` WHERE ( `username` = null ) AND ( `userpwd` = null ) LIMIT 1   [ RunTime:0.000439s ]

[ 2014-11-17T21:39:04+08:00 ] 127.0.0.1 /My_Child/admin.php/Login/doLogin/doLogin
INFO: [ route_check ] --START--
INFO: CheckRoute Behavior ::run [ RunTime:0.002418s ]
INFO: [ route_check ] --END-- [ RunTime:0.002550s ]
INFO: [ app_begin ] --START--
INFO: ReadHtmlCache Behavior ::run [ RunTime:0.001748s ]
INFO: [ app_begin ] --END-- [ RunTime:0.001867s ]
NOTIC: [8] Undefined index:  username E:\AppServ\www\My_Child\Admin\Lib\Action\LoginAction.class.php 第 8 行.
NOTIC: [8] Undefined index:  userpwd E:\AppServ\www\My_Child\Admin\Lib\Action\LoginAction.class.php 第 9 行.
SQL: SHOW COLUMNS FROM `tp_user` [ RunTime:0.002002s ]
SQL: SELECT `userid` FROM `tp_user` WHERE ( `username` = null ) AND ( `userpwd` = null ) LIMIT 1   [ RunTime:0.000818s ]

[ 2014-11-17T21:39:15+08:00 ] 127.0.0.1 /My_Child/admin.php/Register/doReg
INFO: [ route_check ] --START--
INFO: CheckRoute Behavior ::run [ RunTime:0.001660s ]
INFO: [ route_check ] --END-- [ RunTime:0.001760s ]
INFO: [ app_begin ] --START--
INFO: ReadHtmlCache Behavior ::run [ RunTime:0.001355s ]
INFO: [ app_begin ] --END-- [ RunTime:0.001428s ]
SQL: SHOW COLUMNS FROM `tp_user` [ RunTime:0.002144s ]
NOTIC: [8] Undefined index:  username E:\AppServ\www\My_Child\Admin\Lib\Action\RegisterAction.class.php 第 21 行.
SQL: SELECT COUNT(*) AS tp_count FROM `tp_user` WHERE ( `username` = null ) LIMIT 1   [ RunTime:0.000847s ]

[ 2014-11-17T21:44:21+08:00 ] 192.168.252.12 /My_Child/admin.php/Register/doReg
INFO: [ route_check ] --START--
INFO: CheckRoute Behavior ::run [ RunTime:0.002241s ]
INFO: [ route_check ] --END-- [ RunTime:0.002370s ]
INFO: [ app_begin ] --START--
INFO: ReadHtmlCache Behavior ::run [ RunTime:0.001921s ]
INFO: [ app_begin ] --END-- [ RunTime:0.002024s ]
SQL: SHOW COLUMNS FROM `tp_user` [ RunTime:0.001990s ]
SQL: SELECT COUNT(*) AS tp_count FROM `tp_user` WHERE ( `username` = 'dsfe' ) LIMIT 1   [ RunTime:0.000895s ]

[ 2014-11-17T21:46:39+08:00 ] 192.168.252.12 /My_Child/admin.php/Register/doReg
INFO: [ route_check ] --START--
INFO: CheckRoute Behavior ::run [ RunTime:0.002283s ]
INFO: [ route_check ] --END-- [ RunTime:0.002413s ]
INFO: [ app_begin ] --START--
INFO: ReadHtmlCache Behavior ::run [ RunTime:0.001886s ]
INFO: [ app_begin ] --END-- [ RunTime:0.001982s ]
SQL: SHOW COLUMNS FROM `tp_user` [ RunTime:0.002410s ]
SQL: SELECT COUNT(*) AS tp_count FROM `tp_user` WHERE ( `username` = 'sdafe' ) LIMIT 1   [ RunTime:0.000638s ]
SQL: INSERT INTO `tp_user` (`userpwd`,`username`) VALUES ('dsafef','sdafe') [ RunTime:0.000296s ]

[ 2014-11-17T21:47:15+08:00 ] 192.168.252.12 /My_Child/admin.php/Login/doLogin
INFO: [ route_check ] --START--
INFO: CheckRoute Behavior ::run [ RunTime:0.003023s ]
INFO: [ route_check ] --END-- [ RunTime:0.003229s ]
INFO: [ app_begin ] --START--
INFO: ReadHtmlCache Behavior ::run [ RunTime:0.002749s ]
INFO: [ app_begin ] --END-- [ RunTime:0.002885s ]
SQL: SHOW COLUMNS FROM `tp_user` [ RunTime:0.002541s ]
SQL: SELECT `userid` FROM `tp_user` WHERE ( `username` = 'sdafe' ) AND ( `userpwd` = 'dsafef' ) LIMIT 1   [ RunTime:0.000817s ]
NOTIC: [8] A session had already been started - ignoring session_start() E:\AppServ\www\My_Child\Admin\Lib\Action\LoginAction.class.php 第 16 行.

[ 2014-11-17T21:48:51+08:00 ] 192.168.252.12 /My_Child/admin.php/Login/doLogin
INFO: [ route_check ] --START--
INFO: CheckRoute Behavior ::run [ RunTime:0.001830s ]
INFO: [ route_check ] --END-- [ RunTime:0.002036s ]
INFO: [ app_begin ] --START--
INFO: ReadHtmlCache Behavior ::run [ RunTime:0.001173s ]
INFO: [ app_begin ] --END-- [ RunTime:0.001341s ]
SQL: SHOW COLUMNS FROM `tp_user` [ RunTime:0.002670s ]
SQL: SELECT `userid` FROM `tp_user` WHERE ( `username` = 'admin' ) AND ( `userpwd` = 'admin' ) LIMIT 1   [ RunTime:0.002041s ]
NOTIC: [8] A session had already been started - ignoring session_start() E:\AppServ\www\My_Child\Admin\Lib\Action\LoginAction.class.php 第 16 行.

