[ 2014-11-16T00:12:16+08:00 ] 127.0.0.1 /My_Child/admin.php/Login/doLogin
INFO: [ route_check ] --START--
INFO: CheckRoute Behavior ::run [ RunTime:0.000956s ]
INFO: [ route_check ] --END-- [ RunTime:0.001068s ]
INFO: [ app_begin ] --START--
INFO: ReadHtmlCache Behavior ::run [ RunTime:0.000596s ]
INFO: [ app_begin ] --END-- [ RunTime:0.000707s ]
NOTIC: [8] Undefined index:  username E:\AppServ\www\My_Child\Admin\Lib\Action\LoginAction.class.php 第 6 行.
NOTIC: [8] Undefined index:  userpwd E:\AppServ\www\My_Child\Admin\Lib\Action\LoginAction.class.php 第 7 行.
SQL: SHOW COLUMNS FROM `tp_user` [ RunTime:0.116333s ]
SQL: SELECT `userid` FROM `tp_user` WHERE ( `username` = null ) LIMIT 1   [ RunTime:0.005077s ]

[ 2014-11-16T00:20:40+08:00 ] 127.0.0.1 /My_Child/admin.php/Register/doReg
INFO: [ route_check ] --START--
INFO: CheckRoute Behavior ::run [ RunTime:0.001424s ]
INFO: [ route_check ] --END-- [ RunTime:0.001541s ]
INFO: [ app_begin ] --START--
INFO: ReadHtmlCache Behavior ::run [ RunTime:0.000967s ]
INFO: [ app_begin ] --END-- [ RunTime:0.001047s ]

[ 2014-11-16T00:21:19+08:00 ] 127.0.0.1 /My_Child/admin.php/Register/doReg
INFO: [ route_check ] --START--
INFO: CheckRoute Behavior ::run [ RunTime:0.001396s ]
INFO: [ route_check ] --END-- [ RunTime:0.001489s ]
INFO: [ app_begin ] --START--
INFO: ReadHtmlCache Behavior ::run [ RunTime:0.000905s ]
INFO: [ app_begin ] --END-- [ RunTime:0.000970s ]

[ 2014-11-16T00:21:47+08:00 ] 127.0.0.1 /My_Child/admin.php/Register/doReg
INFO: [ route_check ] --START--
INFO: CheckRoute Behavior ::run [ RunTime:0.000860s ]
INFO: [ route_check ] --END-- [ RunTime:0.000963s ]
INFO: [ app_begin ] --START--
INFO: ReadHtmlCache Behavior ::run [ RunTime:0.000574s ]
INFO: [ app_begin ] --END-- [ RunTime:0.000651s ]
SQL: SHOW COLUMNS FROM `tp_user` [ RunTime:0.002931s ]
NOTIC: [8] Undefined index:  username E:\AppServ\www\My_Child\Admin\Lib\Action\RegisterAction.class.php 第 21 行.
SQL: SELECT COUNT(*) AS tp_count FROM `tp_user` WHERE ( `username` = null ) LIMIT 1   [ RunTime:0.001350s ]

[ 2014-11-16T22:03:29+08:00 ] 127.0.0.1 /My_Child/admin.php/Login
INFO: [ route_check ] --START--
INFO: CheckRoute Behavior ::run [ RunTime:0.002612s ]
INFO: [ route_check ] --END-- [ RunTime:0.003190s ]
INFO: [ app_begin ] --START--
INFO: ReadHtmlCache Behavior ::run [ RunTime:0.002238s ]
INFO: [ app_begin ] --END-- [ RunTime:0.002331s ]
ERR: 非法操作:index

[ 2014-11-16T22:03:52+08:00 ] 127.0.0.1 /My_Child/admin.php/Login
INFO: [ route_check ] --START--
INFO: CheckRoute Behavior ::run [ RunTime:0.001832s ]
INFO: [ route_check ] --END-- [ RunTime:0.001959s ]
INFO: [ app_begin ] --START--
INFO: ReadHtmlCache Behavior ::run [ RunTime:0.001405s ]
INFO: [ app_begin ] --END-- [ RunTime:0.001499s ]
ERR: 非法操作:index

[ 2014-11-16T22:10:46+08:00 ] 127.0.0.1 /My_Child/admin.php/Login
INFO: [ route_check ] --START--
INFO: CheckRoute Behavior ::run [ RunTime:0.001625s ]
INFO: [ route_check ] --END-- [ RunTime:0.001722s ]
INFO: [ app_begin ] --START--
INFO: ReadHtmlCache Behavior ::run [ RunTime:0.001339s ]
INFO: [ app_begin ] --END-- [ RunTime:0.001408s ]
ERR: 非法操作:index

[ 2014-11-16T22:10:56+08:00 ] 127.0.0.1 /My_Child/admin.php/Register/doReg
INFO: [ route_check ] --START--
INFO: CheckRoute Behavior ::run [ RunTime:0.001389s ]
INFO: [ route_check ] --END-- [ RunTime:0.001507s ]
INFO: [ app_begin ] --START--
INFO: ReadHtmlCache Behavior ::run [ RunTime:0.001112s ]
INFO: [ app_begin ] --END-- [ RunTime:0.001230s ]
SQL: SHOW COLUMNS FROM `tp_user` [ RunTime:0.005035s ]
NOTIC: [8] Undefined index:  username E:\AppServ\www\My_Child\Admin\Lib\Action\RegisterAction.class.php 第 21 行.
SQL: SELECT COUNT(*) AS tp_count FROM `tp_user` WHERE ( `username` = null ) LIMIT 1   [ RunTime:0.000815s ]

[ 2014-11-16T22:11:18+08:00 ] 127.0.0.1 /My_Child/admin.php/Login/doLogin
INFO: [ route_check ] --START--
INFO: CheckRoute Behavior ::run [ RunTime:0.001632s ]
INFO: [ route_check ] --END-- [ RunTime:0.001725s ]
INFO: [ app_begin ] --START--
INFO: ReadHtmlCache Behavior ::run [ RunTime:0.001373s ]
INFO: [ app_begin ] --END-- [ RunTime:0.001450s ]
NOTIC: [8] Undefined index:  username E:\AppServ\www\My_Child\Admin\Lib\Action\LoginAction.class.php 第 6 行.
NOTIC: [8] Undefined index:  userpwd E:\AppServ\www\My_Child\Admin\Lib\Action\LoginAction.class.php 第 7 行.
SQL: SHOW COLUMNS FROM `tp_user` [ RunTime:0.002275s ]
SQL: SELECT `userid` FROM `tp_user` WHERE ( `username` = null ) LIMIT 1   [ RunTime:0.000924s ]

[ 2014-11-16T22:49:44+08:00 ] 127.0.0.1 /My_Child/admin.php/Login
INFO: [ route_check ] --START--
INFO: CheckRoute Behavior ::run [ RunTime:0.003190s ]
INFO: [ route_check ] --END-- [ RunTime:0.003349s ]
INFO: [ app_begin ] --START--
INFO: ReadHtmlCache Behavior ::run [ RunTime:0.001970s ]
INFO: [ app_begin ] --END-- [ RunTime:0.002090s ]
ERR: 非法操作:index

[ 2014-11-16T22:50:19+08:00 ] 127.0.0.1 /My_Child/admin.php/Login/doLogin
INFO: [ route_check ] --START--
INFO: CheckRoute Behavior ::run [ RunTime:0.002124s ]
INFO: [ route_check ] --END-- [ RunTime:0.002287s ]
INFO: [ app_begin ] --START--
INFO: ReadHtmlCache Behavior ::run [ RunTime:0.001680s ]
INFO: [ app_begin ] --END-- [ RunTime:0.001835s ]
NOTIC: [8] Undefined index:  username E:\AppServ\www\My_Child\Admin\Lib\Action\LoginAction.class.php 第 7 行.
NOTIC: [2] mysql_connect() [<a href='function.mysql-connect'>function.mysql-connect</a>]: Can't connect to MySQL server on 'localhost' (10060) E:\AppServ\www\My_Child\ThinkPHP\Lib\Driver\Db\DbMysql.class.php 第 55 行.
ERR: Can't connect to MySQL server on 'localhost' (10060)

[ 2014-11-16T22:50:19+08:00 ] 127.0.0.1 /My_Child/admin.php/Login
INFO: [ route_check ] --START--
INFO: CheckRoute Behavior ::run [ RunTime:0.002128s ]
INFO: [ route_check ] --END-- [ RunTime:0.002256s ]
INFO: [ app_begin ] --START--
INFO: ReadHtmlCache Behavior ::run [ RunTime:0.001989s ]
INFO: [ app_begin ] --END-- [ RunTime:0.002089s ]
ERR: 非法操作:index

[ 2014-11-16T22:52:27+08:00 ] 127.0.0.1 /My_Child/admin.php/Login/doLogin
INFO: [ route_check ] --START--
INFO: CheckRoute Behavior ::run [ RunTime:0.002187s ]
INFO: [ route_check ] --END-- [ RunTime:0.002325s ]
INFO: [ app_begin ] --START--
INFO: ReadHtmlCache Behavior ::run [ RunTime:0.001967s ]
INFO: [ app_begin ] --END-- [ RunTime:0.002092s ]
NOTIC: [8] Undefined index:  username E:\AppServ\www\My_Child\Admin\Lib\Action\LoginAction.class.php 第 7 行.
SQL: SHOW COLUMNS FROM `tp_user` [ RunTime:0.004243s ]
NOTIC: [8] Undefined variable: userpwd E:\AppServ\www\My_Child\Admin\Lib\Action\LoginAction.class.php 第 16 行.
SQL: SELECT `userid` FROM `tp_user` WHERE ( `username` = null ) LIMIT 1   [ RunTime:0.001554s ]

[ 2014-11-16T22:53:13+08:00 ] 127.0.0.1 /My_Child/admin.php/Login/doLogin
INFO: [ route_check ] --START--
INFO: CheckRoute Behavior ::run [ RunTime:0.002368s ]
INFO: [ route_check ] --END-- [ RunTime:0.002512s ]
INFO: [ app_begin ] --START--
INFO: ReadHtmlCache Behavior ::run [ RunTime:0.001959s ]
INFO: [ app_begin ] --END-- [ RunTime:0.002095s ]
NOTIC: [8] Undefined index:  username E:\AppServ\www\My_Child\Admin\Lib\Action\LoginAction.class.php 第 7 行.
SQL: SHOW COLUMNS FROM `tp_user` [ RunTime:0.002554s ]
NOTIC: [8] Undefined variable: userpwd E:\AppServ\www\My_Child\Admin\Lib\Action\LoginAction.class.php 第 16 行.
SQL: SELECT `userid` FROM `tp_user` WHERE ( `username` = null ) LIMIT 1   [ RunTime:0.000860s ]

[ 2014-11-16T22:53:14+08:00 ] 127.0.0.1 /My_Child/admin.php/Login/doLogin
INFO: [ route_check ] --START--
INFO: CheckRoute Behavior ::run [ RunTime:0.001684s ]
INFO: [ route_check ] --END-- [ RunTime:0.001793s ]
INFO: [ app_begin ] --START--
INFO: ReadHtmlCache Behavior ::run [ RunTime:0.001414s ]
INFO: [ app_begin ] --END-- [ RunTime:0.001514s ]
NOTIC: [8] Undefined index:  username E:\AppServ\www\My_Child\Admin\Lib\Action\LoginAction.class.php 第 7 行.
SQL: SHOW COLUMNS FROM `tp_user` [ RunTime:0.002521s ]
NOTIC: [8] Undefined variable: userpwd E:\AppServ\www\My_Child\Admin\Lib\Action\LoginAction.class.php 第 16 行.
SQL: SELECT `userid` FROM `tp_user` WHERE ( `username` = null ) LIMIT 1   [ RunTime:0.001032s ]

[ 2014-11-16T22:53:34+08:00 ] 127.0.0.1 /My_Child/admin.php/Login/doLogin
INFO: [ route_check ] --START--
INFO: CheckRoute Behavior ::run [ RunTime:0.001691s ]
INFO: [ route_check ] --END-- [ RunTime:0.001827s ]
INFO: [ app_begin ] --START--
INFO: ReadHtmlCache Behavior ::run [ RunTime:0.001317s ]
INFO: [ app_begin ] --END-- [ RunTime:0.001442s ]
NOTIC: [8] Undefined index:  username E:\AppServ\www\My_Child\Admin\Lib\Action\LoginAction.class.php 第 7 行.
SQL: SHOW COLUMNS FROM `tp_user` [ RunTime:0.003351s ]
NOTIC: [8] Undefined variable: userpwd E:\AppServ\www\My_Child\Admin\Lib\Action\LoginAction.class.php 第 16 行.
SQL: SELECT `userid` FROM `tp_user` WHERE ( `username` = null ) LIMIT 1   [ RunTime:0.001437s ]

[ 2014-11-16T22:54:16+08:00 ] 127.0.0.1 /My_Child/admin.php/Login/doLogin
INFO: [ route_check ] --START--
INFO: CheckRoute Behavior ::run [ RunTime:0.001692s ]
INFO: [ route_check ] --END-- [ RunTime:0.001831s ]
INFO: [ app_begin ] --START--
INFO: ReadHtmlCache Behavior ::run [ RunTime:0.001510s ]
INFO: [ app_begin ] --END-- [ RunTime:0.001627s ]
NOTIC: [8] Undefined index:  username E:\AppServ\www\My_Child\Admin\Lib\Action\LoginAction.class.php 第 10 行.
SQL: SHOW COLUMNS FROM `tp_user` [ RunTime:0.002456s ]
NOTIC: [8] Undefined variable: userpwd E:\AppServ\www\My_Child\Admin\Lib\Action\LoginAction.class.php 第 19 行.
SQL: SELECT `userid` FROM `tp_user` WHERE ( `username` = null ) LIMIT 1   [ RunTime:0.000746s ]

[ 2014-11-16T22:54:27+08:00 ] 127.0.0.1 /My_Child/admin.php/Login/doLogin
INFO: [ route_check ] --START--
INFO: CheckRoute Behavior ::run [ RunTime:0.001531s ]
INFO: [ route_check ] --END-- [ RunTime:0.001673s ]
INFO: [ app_begin ] --START--
INFO: ReadHtmlCache Behavior ::run [ RunTime:0.000690s ]
INFO: [ app_begin ] --END-- [ RunTime:0.000824s ]
NOTIC: [8] Undefined index:  username E:\AppServ\www\My_Child\Admin\Lib\Action\LoginAction.class.php 第 10 行.
SQL: SHOW COLUMNS FROM `tp_user` [ RunTime:0.002382s ]
NOTIC: [8] Undefined variable: userpwd E:\AppServ\www\My_Child\Admin\Lib\Action\LoginAction.class.php 第 19 行.
SQL: SELECT `userid` FROM `tp_user` WHERE ( `username` = null ) LIMIT 1   [ RunTime:0.001385s ]

[ 2014-11-16T22:54:32+08:00 ] 127.0.0.1 /My_Child/admin.php/Login/doLogin
INFO: [ route_check ] --START--
INFO: CheckRoute Behavior ::run [ RunTime:0.001115s ]
INFO: [ route_check ] --END-- [ RunTime:0.001252s ]
INFO: [ app_begin ] --START--
INFO: ReadHtmlCache Behavior ::run [ RunTime:0.000716s ]
INFO: [ app_begin ] --END-- [ RunTime:0.000819s ]
NOTIC: [8] Undefined index:  username E:\AppServ\www\My_Child\Admin\Lib\Action\LoginAction.class.php 第 10 行.
SQL: SHOW COLUMNS FROM `tp_user` [ RunTime:0.003569s ]
NOTIC: [8] Undefined variable: userpwd E:\AppServ\www\My_Child\Admin\Lib\Action\LoginAction.class.php 第 19 行.
SQL: SELECT `userid` FROM `tp_user` WHERE ( `username` = null ) LIMIT 1   [ RunTime:0.002077s ]

[ 2014-11-16T22:54:45+08:00 ] 127.0.0.1 /My_Child/admin.php/Login/doLogin
INFO: [ route_check ] --START--
INFO: CheckRoute Behavior ::run [ RunTime:0.000940s ]
INFO: [ route_check ] --END-- [ RunTime:0.001055s ]
INFO: [ app_begin ] --START--
INFO: ReadHtmlCache Behavior ::run [ RunTime:0.000483s ]
INFO: [ app_begin ] --END-- [ RunTime:0.000552s ]
NOTIC: [8] Undefined index:  username E:\AppServ\www\My_Child\Admin\Lib\Action\LoginAction.class.php 第 10 行.
SQL: SHOW COLUMNS FROM `tp_user` [ RunTime:0.002970s ]
NOTIC: [8] Undefined variable: userpwd E:\AppServ\www\My_Child\Admin\Lib\Action\LoginAction.class.php 第 19 行.
SQL: SELECT `userid` FROM `tp_user` WHERE ( `username` = null ) LIMIT 1   [ RunTime:0.001563s ]

[ 2014-11-16T22:55:00+08:00 ] 127.0.0.1 /My_Child/admin.php/Login/doLogin
INFO: [ route_check ] --START--
INFO: CheckRoute Behavior ::run [ RunTime:0.001243s ]
INFO: [ route_check ] --END-- [ RunTime:0.001402s ]
INFO: [ app_begin ] --START--
INFO: ReadHtmlCache Behavior ::run [ RunTime:0.000755s ]
INFO: [ app_begin ] --END-- [ RunTime:0.000872s ]
NOTIC: [8] Undefined index:  username E:\AppServ\www\My_Child\Admin\Lib\Action\LoginAction.class.php 第 10 行.
SQL: SHOW COLUMNS FROM `tp_user` [ RunTime:0.002739s ]
NOTIC: [8] Undefined variable: userpwd E:\AppServ\www\My_Child\Admin\Lib\Action\LoginAction.class.php 第 19 行.
SQL: SELECT `userid` FROM `tp_user` WHERE ( `username` = null ) LIMIT 1   [ RunTime:0.001279s ]

