[ 2014-11-18T19:41:24+08:00 ] 127.0.0.1 /My_Child/admin.php/Login
INFO: [ route_check ] --START--
INFO: CheckRoute Behavior ::run [ RunTime:0.003226s ]
INFO: [ route_check ] --END-- [ RunTime:0.003440s ]
INFO: [ app_begin ] --START--
INFO: ReadHtmlCache Behavior ::run [ RunTime:0.002369s ]
INFO: [ app_begin ] --END-- [ RunTime:0.002536s ]
ERR: 非法操作:index

[ 2014-11-18T19:41:37+08:00 ] 127.0.0.1 /My_Child/admin.php/Login/doLogin
INFO: [ route_check ] --START--
INFO: CheckRoute Behavior ::run [ RunTime:0.002027s ]
INFO: [ route_check ] --END-- [ RunTime:0.002161s ]
INFO: [ app_begin ] --START--
INFO: ReadHtmlCache Behavior ::run [ RunTime:0.001488s ]
INFO: [ app_begin ] --END-- [ RunTime:0.001593s ]
NOTIC: [8] Undefined index:  username E:\AppServ\www\My_Child\Admin\Lib\Action\LoginAction.class.php 第 8 行.
NOTIC: [8] Undefined index:  userpwd E:\AppServ\www\My_Child\Admin\Lib\Action\LoginAction.class.php 第 9 行.
SQL: SHOW COLUMNS FROM `tp_user` [ RunTime:0.002761s ]
SQL: SELECT `userid` FROM `tp_user` WHERE ( `username` = null ) AND ( `userpwd` = null ) LIMIT 1   [ RunTime:0.000568s ]

[ 2014-11-18T19:42:08+08:00 ] 127.0.0.1 /My_Child/admin.php/Login/doLogin
INFO: [ route_check ] --START--
INFO: CheckRoute Behavior ::run [ RunTime:0.001623s ]
INFO: [ route_check ] --END-- [ RunTime:0.001809s ]
INFO: [ app_begin ] --START--
INFO: ReadHtmlCache Behavior ::run [ RunTime:0.001060s ]
INFO: [ app_begin ] --END-- [ RunTime:0.001206s ]
NOTIC: [8] Undefined index:  username E:\AppServ\www\My_Child\Admin\Lib\Action\LoginAction.class.php 第 8 行.
NOTIC: [8] Undefined index:  userpwd E:\AppServ\www\My_Child\Admin\Lib\Action\LoginAction.class.php 第 9 行.
SQL: SHOW COLUMNS FROM `tp_user` [ RunTime:0.004275s ]
SQL: SELECT `userid` FROM `tp_user` WHERE ( `username` = null ) AND ( `userpwd` = null ) LIMIT 1   [ RunTime:0.000946s ]

[ 2014-11-18T19:42:22+08:00 ] 127.0.0.1 /My_Child/admin.php/Login/doLogin
INFO: [ route_check ] --START--
INFO: CheckRoute Behavior ::run [ RunTime:0.001909s ]
INFO: [ route_check ] --END-- [ RunTime:0.002193s ]
INFO: [ app_begin ] --START--
INFO: ReadHtmlCache Behavior ::run [ RunTime:0.001150s ]
INFO: [ app_begin ] --END-- [ RunTime:0.001308s ]
NOTIC: [8] Undefined index:  username E:\AppServ\www\My_Child\Admin\Lib\Action\LoginAction.class.php 第 8 行.
NOTIC: [8] Undefined index:  userpwd E:\AppServ\www\My_Child\Admin\Lib\Action\LoginAction.class.php 第 9 行.
SQL: SHOW COLUMNS FROM `tp_user` [ RunTime:0.004661s ]
SQL: SELECT `userid` FROM `tp_user` WHERE ( `username` = null ) AND ( `userpwd` = null ) LIMIT 1   [ RunTime:0.001470s ]

[ 2014-11-18T19:43:34+08:00 ] 127.0.0.1 /My_Child/admin.php/Login/doLogin
INFO: [ route_check ] --START--
INFO: CheckRoute Behavior ::run [ RunTime:0.003039s ]
INFO: [ route_check ] --END-- [ RunTime:0.003237s ]
INFO: [ app_begin ] --START--
INFO: ReadHtmlCache Behavior ::run [ RunTime:0.002302s ]
INFO: [ app_begin ] --END-- [ RunTime:0.002466s ]
NOTIC: [8] Undefined index:  username E:\AppServ\www\My_Child\Admin\Lib\Action\LoginAction.class.php 第 8 行.
NOTIC: [8] Undefined index:  userpwd E:\AppServ\www\My_Child\Admin\Lib\Action\LoginAction.class.php 第 9 行.
SQL: SHOW COLUMNS FROM `tp_user` [ RunTime:0.002978s ]
SQL: SELECT `userid` FROM `tp_user` WHERE ( `username` = null ) AND ( `userpwd` = null ) LIMIT 1   [ RunTime:0.000812s ]

[ 2014-11-18T19:56:04+08:00 ] 127.0.0.1 /My_Child/admin.php/Login/doLogin
INFO: [ route_check ] --START--
INFO: CheckRoute Behavior ::run [ RunTime:0.002987s ]
INFO: [ route_check ] --END-- [ RunTime:0.003193s ]
INFO: [ app_begin ] --START--
INFO: ReadHtmlCache Behavior ::run [ RunTime:0.002338s ]
INFO: [ app_begin ] --END-- [ RunTime:0.002521s ]
NOTIC: [8] Undefined index:  username E:\AppServ\www\My_Child\Admin\Lib\Action\LoginAction.class.php 第 8 行.
NOTIC: [8] Undefined index:  userpwd E:\AppServ\www\My_Child\Admin\Lib\Action\LoginAction.class.php 第 9 行.
SQL: SHOW COLUMNS FROM `tp_user` [ RunTime:0.004685s ]
SQL: SELECT `userid` FROM `tp_user` WHERE ( `username` = null ) LIMIT 1   [ RunTime:0.001796s ]

[ 2014-11-18T19:56:22+08:00 ] 127.0.0.1 /My_Child/admin.php/Login/doLogin
INFO: [ route_check ] --START--
INFO: CheckRoute Behavior ::run [ RunTime:0.002947s ]
INFO: [ route_check ] --END-- [ RunTime:0.003150s ]
INFO: [ app_begin ] --START--
INFO: ReadHtmlCache Behavior ::run [ RunTime:0.002270s ]
INFO: [ app_begin ] --END-- [ RunTime:0.002491s ]
NOTIC: [8] Undefined index:  username E:\AppServ\www\My_Child\Admin\Lib\Action\LoginAction.class.php 第 8 行.
NOTIC: [8] Undefined index:  userpwd E:\AppServ\www\My_Child\Admin\Lib\Action\LoginAction.class.php 第 9 行.
SQL: SHOW COLUMNS FROM `tp_user` [ RunTime:0.008752s ]
SQL: SELECT `userid` FROM `tp_user` WHERE ( `username` = null ) LIMIT 1   [ RunTime:0.000641s ]

[ 2014-11-18T19:56:23+08:00 ] 127.0.0.1 /My_Child/admin.php/Login/doLogin
INFO: [ route_check ] --START--
INFO: CheckRoute Behavior ::run [ RunTime:0.001641s ]
INFO: [ route_check ] --END-- [ RunTime:0.001834s ]
INFO: [ app_begin ] --START--
INFO: ReadHtmlCache Behavior ::run [ RunTime:0.001058s ]
INFO: [ app_begin ] --END-- [ RunTime:0.001208s ]
NOTIC: [8] Undefined index:  username E:\AppServ\www\My_Child\Admin\Lib\Action\LoginAction.class.php 第 8 行.
NOTIC: [8] Undefined index:  userpwd E:\AppServ\www\My_Child\Admin\Lib\Action\LoginAction.class.php 第 9 行.
SQL: SHOW COLUMNS FROM `tp_user` [ RunTime:0.041929s ]
SQL: SELECT `userid` FROM `tp_user` WHERE ( `username` = null ) LIMIT 1   [ RunTime:0.002166s ]

[ 2014-11-18T19:56:24+08:00 ] 127.0.0.1 /My_Child/admin.php/Login/doLogin
INFO: [ route_check ] --START--
INFO: CheckRoute Behavior ::run [ RunTime:0.001814s ]
INFO: [ route_check ] --END-- [ RunTime:0.002029s ]
INFO: [ app_begin ] --START--
INFO: ReadHtmlCache Behavior ::run [ RunTime:0.001165s ]
INFO: [ app_begin ] --END-- [ RunTime:0.001321s ]
NOTIC: [8] Undefined index:  username E:\AppServ\www\My_Child\Admin\Lib\Action\LoginAction.class.php 第 8 行.
NOTIC: [8] Undefined index:  userpwd E:\AppServ\www\My_Child\Admin\Lib\Action\LoginAction.class.php 第 9 行.
SQL: SHOW COLUMNS FROM `tp_user` [ RunTime:0.006815s ]
SQL: SELECT `userid` FROM `tp_user` WHERE ( `username` = null ) LIMIT 1   [ RunTime:0.001392s ]

[ 2014-11-18T19:56:33+08:00 ] 127.0.0.1 /My_Child/admin.php/Login/doLogin
INFO: [ route_check ] --START--
INFO: CheckRoute Behavior ::run [ RunTime:0.003259s ]
INFO: [ route_check ] --END-- [ RunTime:0.003656s ]
INFO: [ app_begin ] --START--
INFO: ReadHtmlCache Behavior ::run [ RunTime:0.002304s ]
INFO: [ app_begin ] --END-- [ RunTime:0.002472s ]
NOTIC: [8] Undefined index:  username E:\AppServ\www\My_Child\Admin\Lib\Action\LoginAction.class.php 第 8 行.
NOTIC: [8] Undefined index:  userpwd E:\AppServ\www\My_Child\Admin\Lib\Action\LoginAction.class.php 第 9 行.
SQL: SHOW COLUMNS FROM `tp_user` [ RunTime:0.004548s ]
SQL: SELECT `userid` FROM `tp_user` WHERE ( `username` = null ) LIMIT 1   [ RunTime:0.001690s ]

[ 2014-11-18T19:56:52+08:00 ] 127.0.0.1 /My_Child/admin.php/Login/doLogin
INFO: [ route_check ] --START--
INFO: CheckRoute Behavior ::run [ RunTime:0.009549s ]
INFO: [ route_check ] --END-- [ RunTime:0.009779s ]
INFO: [ app_begin ] --START--
INFO: ReadHtmlCache Behavior ::run [ RunTime:0.001724s ]
INFO: [ app_begin ] --END-- [ RunTime:0.001896s ]
NOTIC: [8] Undefined index:  username E:\AppServ\www\My_Child\Admin\Lib\Action\LoginAction.class.php 第 8 行.
NOTIC: [8] Undefined index:  userpwd E:\AppServ\www\My_Child\Admin\Lib\Action\LoginAction.class.php 第 9 行.
SQL: SHOW COLUMNS FROM `tp_user` [ RunTime:0.004596s ]
SQL: SELECT `userid` FROM `tp_user` WHERE ( `username` = null ) LIMIT 1   [ RunTime:0.001774s ]

[ 2014-11-18T19:57:02+08:00 ] 127.0.0.1 /My_Child/admin.php/Login/doLogin
INFO: [ route_check ] --START--
INFO: CheckRoute Behavior ::run [ RunTime:0.002155s ]
INFO: [ route_check ] --END-- [ RunTime:0.002364s ]
INFO: [ app_begin ] --START--
INFO: ReadHtmlCache Behavior ::run [ RunTime:0.001158s ]
INFO: [ app_begin ] --END-- [ RunTime:0.001316s ]
NOTIC: [8] Undefined index:  username E:\AppServ\www\My_Child\Admin\Lib\Action\LoginAction.class.php 第 8 行.
NOTIC: [8] Undefined index:  userpwd E:\AppServ\www\My_Child\Admin\Lib\Action\LoginAction.class.php 第 9 行.
SQL: SHOW COLUMNS FROM `tp_user` [ RunTime:0.004639s ]
SQL: SELECT `userid` FROM `tp_user` WHERE ( `username` = null ) LIMIT 1   [ RunTime:0.001679s ]

[ 2014-11-18T19:57:15+08:00 ] 127.0.0.1 /My_Child/admin.php/Login/doLogin
INFO: [ route_check ] --START--
INFO: CheckRoute Behavior ::run [ RunTime:0.001756s ]
INFO: [ route_check ] --END-- [ RunTime:0.001956s ]
INFO: [ app_begin ] --START--
INFO: ReadHtmlCache Behavior ::run [ RunTime:0.001130s ]
INFO: [ app_begin ] --END-- [ RunTime:0.001283s ]
NOTIC: [8] Undefined index:  username E:\AppServ\www\My_Child\Admin\Lib\Action\LoginAction.class.php 第 8 行.
NOTIC: [8] Undefined index:  userpwd E:\AppServ\www\My_Child\Admin\Lib\Action\LoginAction.class.php 第 9 行.
SQL: SHOW COLUMNS FROM `tp_user` [ RunTime:0.004594s ]
SQL: SELECT `userid` FROM `tp_user` WHERE ( `username` = null ) LIMIT 1   [ RunTime:0.001548s ]

[ 2014-11-18T19:57:51+08:00 ] 127.0.0.1 /My_Child/admin.php/Login/doLogin
INFO: [ route_check ] --START--
INFO: CheckRoute Behavior ::run [ RunTime:0.001744s ]
INFO: [ route_check ] --END-- [ RunTime:0.001947s ]
INFO: [ app_begin ] --START--
INFO: ReadHtmlCache Behavior ::run [ RunTime:0.001417s ]
INFO: [ app_begin ] --END-- [ RunTime:0.001590s ]
NOTIC: [8] Undefined index:  username E:\AppServ\www\My_Child\Admin\Lib\Action\LoginAction.class.php 第 8 行.
NOTIC: [8] Undefined index:  userpwd E:\AppServ\www\My_Child\Admin\Lib\Action\LoginAction.class.php 第 9 行.
SQL: SHOW COLUMNS FROM `tp_user` [ RunTime:0.004579s ]
SQL: SELECT `userid` FROM `tp_user` WHERE ( `username` = null ) LIMIT 1   [ RunTime:0.001862s ]
NOTIC: [2] json_decode() expects parameter 1 to be string, array given E:\AppServ\www\My_Child\Admin\Lib\Action\LoginAction.class.php 第 26 行.

[ 2014-11-18T20:03:05+08:00 ] 127.0.0.1 /My_Child/admin.php/Login/doLogin
INFO: [ route_check ] --START--
INFO: CheckRoute Behavior ::run [ RunTime:0.002999s ]
INFO: [ route_check ] --END-- [ RunTime:0.003214s ]
INFO: [ app_begin ] --START--
INFO: ReadHtmlCache Behavior ::run [ RunTime:0.002399s ]
INFO: [ app_begin ] --END-- [ RunTime:0.002574s ]
NOTIC: [8] Undefined index:  username E:\AppServ\www\My_Child\Admin\Lib\Action\LoginAction.class.php 第 8 行.
NOTIC: [8] Undefined index:  userpwd E:\AppServ\www\My_Child\Admin\Lib\Action\LoginAction.class.php 第 9 行.
SQL: SHOW COLUMNS FROM `tp_user` [ RunTime:0.005542s ]
SQL: SELECT `userid` FROM `tp_user` WHERE ( `username` = null ) LIMIT 1   [ RunTime:0.001585s ]

[ 2014-11-18T20:03:39+08:00 ] 127.0.0.1 /My_Child/admin.php/Login/doLogin
INFO: [ route_check ] --START--
INFO: CheckRoute Behavior ::run [ RunTime:0.002899s ]
INFO: [ route_check ] --END-- [ RunTime:0.003097s ]
INFO: [ app_begin ] --START--
INFO: ReadHtmlCache Behavior ::run [ RunTime:0.002335s ]
INFO: [ app_begin ] --END-- [ RunTime:0.002513s ]
NOTIC: [8] Undefined index:  username E:\AppServ\www\My_Child\Admin\Lib\Action\LoginAction.class.php 第 8 行.
NOTIC: [8] Undefined index:  userpwd E:\AppServ\www\My_Child\Admin\Lib\Action\LoginAction.class.php 第 9 行.
SQL: SHOW COLUMNS FROM `tp_user` [ RunTime:0.007542s ]
SQL: SELECT `userid` FROM `tp_user` WHERE ( `username` = null ) LIMIT 1   [ RunTime:0.000609s ]

[ 2014-11-18T20:03:51+08:00 ] 127.0.0.1 /My_Child/admin.php/Login/doLogin
INFO: [ route_check ] --START--
INFO: CheckRoute Behavior ::run [ RunTime:0.002955s ]
INFO: [ route_check ] --END-- [ RunTime:0.003158s ]
INFO: [ app_begin ] --START--
INFO: ReadHtmlCache Behavior ::run [ RunTime:0.002281s ]
INFO: [ app_begin ] --END-- [ RunTime:0.002447s ]
NOTIC: [8] Undefined index:  username E:\AppServ\www\My_Child\Admin\Lib\Action\LoginAction.class.php 第 8 行.
NOTIC: [8] Undefined index:  userpwd E:\AppServ\www\My_Child\Admin\Lib\Action\LoginAction.class.php 第 9 行.
SQL: SHOW COLUMNS FROM `tp_user` [ RunTime:0.004617s ]
SQL: SELECT `userid` FROM `tp_user` WHERE ( `username` = null ) LIMIT 1   [ RunTime:0.001643s ]

[ 2014-11-18T20:06:11+08:00 ] 127.0.0.1 /My_Child/admin.php/Register/doReg
INFO: [ route_check ] --START--
INFO: CheckRoute Behavior ::run [ RunTime:0.003012s ]
INFO: [ route_check ] --END-- [ RunTime:0.003221s ]
INFO: [ app_begin ] --START--
INFO: ReadHtmlCache Behavior ::run [ RunTime:0.002354s ]
INFO: [ app_begin ] --END-- [ RunTime:0.002527s ]
SQL: SHOW COLUMNS FROM `tp_user` [ RunTime:0.008378s ]
NOTIC: [8] Undefined index:  username E:\AppServ\www\My_Child\Admin\Lib\Action\RegisterAction.class.php 第 21 行.
SQL: SELECT COUNT(*) AS tp_count FROM `tp_user` WHERE ( `username` = null ) LIMIT 1   [ RunTime:0.001967s ]

[ 2014-11-18T20:18:18+08:00 ] 127.0.0.1 /My_Child/admin.php/Question/look
INFO: [ route_check ] --START--
INFO: CheckRoute Behavior ::run [ RunTime:0.003000s ]
INFO: [ route_check ] --END-- [ RunTime:0.003214s ]
INFO: [ app_begin ] --START--
INFO: ReadHtmlCache Behavior ::run [ RunTime:0.002375s ]
INFO: [ app_begin ] --END-- [ RunTime:0.002566s ]
SQL: SHOW COLUMNS FROM `tp_liangbiao` [ RunTime:0.005564s ]
SQL: SELECT `LB_title` FROM `tp_liangbiao` WHERE ( LB_LeiBie=0 )  [ RunTime:0.003072s ]
SQL: SELECT `LB_title` FROM `tp_liangbiao` WHERE ( LB_LeiBie=1 )  [ RunTime:0.000824s ]
SQL: SELECT `LB_title` FROM `tp_liangbiao` WHERE ( LB_LeiBie=2 )  [ RunTime:0.000516s ]

[ 2014-11-18T20:18:26+08:00 ] 127.0.0.1 /My_Child/admin.php/Question/look
INFO: [ route_check ] --START--
INFO: CheckRoute Behavior ::run [ RunTime:0.001788s ]
INFO: [ route_check ] --END-- [ RunTime:0.001990s ]
INFO: [ app_begin ] --START--
INFO: ReadHtmlCache Behavior ::run [ RunTime:0.001133s ]
INFO: [ app_begin ] --END-- [ RunTime:0.001290s ]
SQL: SHOW COLUMNS FROM `tp_liangbiao` [ RunTime:0.004956s ]
SQL: SELECT `LB_title` FROM `tp_liangbiao` WHERE ( LB_LeiBie=0 )  [ RunTime:0.001461s ]
SQL: SELECT `LB_title` FROM `tp_liangbiao` WHERE ( LB_LeiBie=1 )  [ RunTime:0.000660s ]
SQL: SELECT `LB_title` FROM `tp_liangbiao` WHERE ( LB_LeiBie=2 )  [ RunTime:0.000550s ]

[ 2014-11-18T20:18:44+08:00 ] 127.0.0.1 /My_Child/admin.php/Question/look
INFO: [ route_check ] --START--
INFO: CheckRoute Behavior ::run [ RunTime:0.001769s ]
INFO: [ route_check ] --END-- [ RunTime:0.001971s ]
INFO: [ app_begin ] --START--
INFO: ReadHtmlCache Behavior ::run [ RunTime:0.001144s ]
INFO: [ app_begin ] --END-- [ RunTime:0.001304s ]
SQL: SHOW COLUMNS FROM `tp_liangbiao` [ RunTime:0.004775s ]
SQL: SELECT `LB_title` FROM `tp_liangbiao` WHERE ( LB_LeiBie=0 )  [ RunTime:0.001986s ]
SQL: SELECT `LB_title` FROM `tp_liangbiao` WHERE ( LB_LeiBie=1 )  [ RunTime:0.000586s ]
SQL: SELECT `LB_title` FROM `tp_liangbiao` WHERE ( LB_LeiBie=2 )  [ RunTime:0.000565s ]

[ 2014-11-18T20:18:52+08:00 ] 127.0.0.1 /My_Child/admin.php/Question/look
INFO: [ route_check ] --START--
INFO: CheckRoute Behavior ::run [ RunTime:0.002781s ]
INFO: [ route_check ] --END-- [ RunTime:0.002977s ]
INFO: [ app_begin ] --START--
INFO: ReadHtmlCache Behavior ::run [ RunTime:0.002822s ]
INFO: [ app_begin ] --END-- [ RunTime:0.002993s ]
SQL: SHOW COLUMNS FROM `tp_liangbiao` [ RunTime:0.006268s ]
SQL: SELECT `LB_title` FROM `tp_liangbiao` WHERE ( LB_LeiBie=0 )  [ RunTime:0.002769s ]
SQL: SELECT `LB_title` FROM `tp_liangbiao` WHERE ( LB_LeiBie=1 )  [ RunTime:0.000485s ]
SQL: SELECT `LB_title` FROM `tp_liangbiao` WHERE ( LB_LeiBie=2 )  [ RunTime:0.000431s ]
NOTIC: [8] Undefined index:  LB_title E:\AppServ\www\My_Child\Admin\Lib\Action\QuestionAction.class.php 第 33 行.

[ 2014-11-18T20:18:52+08:00 ] 127.0.0.1 /My_Child/admin.php/Question/look
INFO: [ route_check ] --START--
INFO: CheckRoute Behavior ::run [ RunTime:0.001463s ]
INFO: [ route_check ] --END-- [ RunTime:0.001645s ]
INFO: [ app_begin ] --START--
INFO: ReadHtmlCache Behavior ::run [ RunTime:0.000975s ]
INFO: [ app_begin ] --END-- [ RunTime:0.001109s ]
SQL: SHOW COLUMNS FROM `tp_liangbiao` [ RunTime:0.003815s ]
SQL: SELECT `LB_title` FROM `tp_liangbiao` WHERE ( LB_LeiBie=0 )  [ RunTime:0.001038s ]
SQL: SELECT `LB_title` FROM `tp_liangbiao` WHERE ( LB_LeiBie=1 )  [ RunTime:0.000446s ]
SQL: SELECT `LB_title` FROM `tp_liangbiao` WHERE ( LB_LeiBie=2 )  [ RunTime:0.000333s ]
NOTIC: [8] Undefined index:  LB_title E:\AppServ\www\My_Child\Admin\Lib\Action\QuestionAction.class.php 第 33 行.

[ 2014-11-18T20:19:11+08:00 ] 127.0.0.1 /My_Child/admin.php/Question/look
INFO: [ route_check ] --START--
INFO: CheckRoute Behavior ::run [ RunTime:0.003288s ]
INFO: [ route_check ] --END-- [ RunTime:0.003501s ]
INFO: [ app_begin ] --START--
INFO: ReadHtmlCache Behavior ::run [ RunTime:0.003014s ]
INFO: [ app_begin ] --END-- [ RunTime:0.003237s ]
SQL: SHOW COLUMNS FROM `tp_liangbiao` [ RunTime:0.005408s ]
SQL: SELECT `LB_title` FROM `tp_liangbiao` WHERE ( LB_LeiBie=0 )  [ RunTime:0.001313s ]
SQL: SELECT `LB_title` FROM `tp_liangbiao` WHERE ( LB_LeiBie=1 )  [ RunTime:0.000452s ]
SQL: SELECT `LB_title` FROM `tp_liangbiao` WHERE ( LB_LeiBie=2 )  [ RunTime:0.000386s ]

[ 2014-11-18T20:20:45+08:00 ] 127.0.0.1 /My_Child/admin.php/Question/look
INFO: [ route_check ] --START--
INFO: CheckRoute Behavior ::run [ RunTime:0.002915s ]
INFO: [ route_check ] --END-- [ RunTime:0.003116s ]
INFO: [ app_begin ] --START--
INFO: ReadHtmlCache Behavior ::run [ RunTime:0.002374s ]
INFO: [ app_begin ] --END-- [ RunTime:0.002546s ]
SQL: SHOW COLUMNS FROM `tp_liangbiao` [ RunTime:0.008457s ]
SQL: SELECT `LB_title` FROM `tp_liangbiao` WHERE ( LB_LeiBie=0 )  [ RunTime:0.000615s ]
SQL: SELECT `LB_title` FROM `tp_liangbiao` WHERE ( LB_LeiBie=1 )  [ RunTime:0.000502s ]
SQL: SELECT `LB_title` FROM `tp_liangbiao` WHERE ( LB_LeiBie=2 )  [ RunTime:0.000542s ]

[ 2014-11-18T22:08:28+08:00 ] 127.0.0.1 /My_Child/admin.php/Question/look
INFO: [ route_check ] --START--
INFO: CheckRoute Behavior ::run [ RunTime:0.003226s ]
INFO: [ route_check ] --END-- [ RunTime:0.003448s ]
INFO: [ app_begin ] --START--
INFO: ReadHtmlCache Behavior ::run [ RunTime:0.002373s ]
INFO: [ app_begin ] --END-- [ RunTime:0.002568s ]
SQL: SHOW COLUMNS FROM `tp_liangbiao` [ RunTime:0.006795s ]
SQL: SELECT `LB_title` FROM `tp_liangbiao` WHERE ( LB_LeiBie=0 )  [ RunTime:0.001842s ]
SQL: SELECT `LB_title` FROM `tp_liangbiao` WHERE ( LB_LeiBie=1 )  [ RunTime:0.000633s ]
SQL: SELECT `LB_title` FROM `tp_liangbiao` WHERE ( LB_LeiBie=2 )  [ RunTime:0.000647s ]

[ 2014-11-18T22:12:26+08:00 ] 127.0.0.1 /My_Child/admin.php/Question/look
INFO: [ route_check ] --START--
INFO: CheckRoute Behavior ::run [ RunTime:0.003778s ]
INFO: [ route_check ] --END-- [ RunTime:0.004017s ]
INFO: [ app_begin ] --START--
INFO: ReadHtmlCache Behavior ::run [ RunTime:0.002715s ]
INFO: [ app_begin ] --END-- [ RunTime:0.002962s ]
SQL: SHOW COLUMNS FROM `tp_liangbiao` [ RunTime:0.005812s ]
SQL: SELECT `LB_title` FROM `tp_liangbiao` WHERE ( LB_LeiBie=0 )  [ RunTime:0.001584s ]
SQL: SELECT `LB_title` FROM `tp_liangbiao` WHERE ( LB_LeiBie=1 )  [ RunTime:0.000677s ]
SQL: SELECT `LB_title` FROM `tp_liangbiao` WHERE ( LB_LeiBie=2 )  [ RunTime:0.000620s ]

[ 2014-11-18T22:17:22+08:00 ] 127.0.0.1 /My_Child/admin.php/Question/look
INFO: [ route_check ] --START--
INFO: CheckRoute Behavior ::run [ RunTime:0.003508s ]
INFO: [ route_check ] --END-- [ RunTime:0.003725s ]
INFO: [ app_begin ] --START--
INFO: ReadHtmlCache Behavior ::run [ RunTime:0.002273s ]
INFO: [ app_begin ] --END-- [ RunTime:0.002447s ]
SQL: SHOW COLUMNS FROM `tp_liangbiao` [ RunTime:0.005718s ]
SQL: SELECT `LB_title` FROM `tp_liangbiao` WHERE ( LB_LeiBie=0 )  [ RunTime:0.001983s ]
SQL: SELECT `LB_title` FROM `tp_liangbiao` WHERE ( LB_LeiBie=1 )  [ RunTime:0.000610s ]
SQL: SELECT `LB_title` FROM `tp_liangbiao` WHERE ( LB_LeiBie=2 )  [ RunTime:0.000710s ]
NOTIC: [8] Use of undefined constant JSON_UNESCAPED_UNICODE - assumed 'JSON_UNESCAPED_UNICODE' E:\AppServ\www\My_Child\Admin\Lib\Action\QuestionAction.class.php 第 34 行.
NOTIC: [2] json_encode() expects exactly 1 parameter, 2 given E:\AppServ\www\My_Child\Admin\Lib\Action\QuestionAction.class.php 第 34 行.

[ 2014-11-18T22:17:31+08:00 ] 127.0.0.1 /My_Child/admin.php/Question/look
INFO: [ route_check ] --START--
INFO: CheckRoute Behavior ::run [ RunTime:0.003012s ]
INFO: [ route_check ] --END-- [ RunTime:0.003520s ]
INFO: [ app_begin ] --START--
INFO: ReadHtmlCache Behavior ::run [ RunTime:0.002453s ]
INFO: [ app_begin ] --END-- [ RunTime:0.002639s ]
SQL: SHOW COLUMNS FROM `tp_liangbiao` [ RunTime:0.005109s ]
SQL: SELECT `LB_title` FROM `tp_liangbiao` WHERE ( LB_LeiBie=0 )  [ RunTime:0.001663s ]
SQL: SELECT `LB_title` FROM `tp_liangbiao` WHERE ( LB_LeiBie=1 )  [ RunTime:0.000679s ]
SQL: SELECT `LB_title` FROM `tp_liangbiao` WHERE ( LB_LeiBie=2 )  [ RunTime:0.000645s ]
NOTIC: [8] Use of undefined constant JSON_UNESCAPED_UNICODE - assumed 'JSON_UNESCAPED_UNICODE' E:\AppServ\www\My_Child\Admin\Lib\Action\QuestionAction.class.php 第 34 行.
NOTIC: [2] json_encode() expects exactly 1 parameter, 2 given E:\AppServ\www\My_Child\Admin\Lib\Action\QuestionAction.class.php 第 34 行.

[ 2014-11-18T22:17:48+08:00 ] 127.0.0.1 /My_Child/admin.php/Question/look
INFO: [ route_check ] --START--
INFO: CheckRoute Behavior ::run [ RunTime:0.001799s ]
INFO: [ route_check ] --END-- [ RunTime:0.002003s ]
INFO: [ app_begin ] --START--
INFO: ReadHtmlCache Behavior ::run [ RunTime:0.001197s ]
INFO: [ app_begin ] --END-- [ RunTime:0.001363s ]
SQL: SHOW COLUMNS FROM `tp_liangbiao` [ RunTime:0.004971s ]
SQL: SELECT `LB_title` FROM `tp_liangbiao` WHERE ( LB_LeiBie=0 )  [ RunTime:0.002124s ]
SQL: SELECT `LB_title` FROM `tp_liangbiao` WHERE ( LB_LeiBie=1 )  [ RunTime:0.000674s ]
SQL: SELECT `LB_title` FROM `tp_liangbiao` WHERE ( LB_LeiBie=2 )  [ RunTime:0.000634s ]
NOTIC: [8] Use of undefined constant JSON_UNESCAPED_UNICODE - assumed 'JSON_UNESCAPED_UNICODE' E:\AppServ\www\My_Child\Admin\Lib\Action\QuestionAction.class.php 第 34 行.
NOTIC: [2] json_encode() expects exactly 1 parameter, 2 given E:\AppServ\www\My_Child\Admin\Lib\Action\QuestionAction.class.php 第 34 行.

[ 2014-11-18T22:17:54+08:00 ] 127.0.0.1 /My_Child/admin.php/Question/look
INFO: [ route_check ] --START--
INFO: CheckRoute Behavior ::run [ RunTime:0.001847s ]
INFO: [ route_check ] --END-- [ RunTime:0.002078s ]
INFO: [ app_begin ] --START--
INFO: ReadHtmlCache Behavior ::run [ RunTime:0.001191s ]
INFO: [ app_begin ] --END-- [ RunTime:0.001359s ]
SQL: SHOW COLUMNS FROM `tp_liangbiao` [ RunTime:0.004619s ]
SQL: SELECT `LB_title` FROM `tp_liangbiao` WHERE ( LB_LeiBie=0 )  [ RunTime:0.001675s ]
SQL: SELECT `LB_title` FROM `tp_liangbiao` WHERE ( LB_LeiBie=1 )  [ RunTime:0.000457s ]
SQL: SELECT `LB_title` FROM `tp_liangbiao` WHERE ( LB_LeiBie=2 )  [ RunTime:0.000519s ]
NOTIC: [8] Use of undefined constant JSON_UNESCAPED_UNICODE - assumed 'JSON_UNESCAPED_UNICODE' E:\AppServ\www\My_Child\Admin\Lib\Action\QuestionAction.class.php 第 34 行.
NOTIC: [2] json_encode() expects exactly 1 parameter, 2 given E:\AppServ\www\My_Child\Admin\Lib\Action\QuestionAction.class.php 第 34 行.

