[ 2014-11-22T10:13:12+08:00 ] 127.0.0.1 /My_Child/admin.php/Login/doLogin
INFO: [ route_check ] --START--
INFO: CheckRoute Behavior ::run [ RunTime:0.002793s ]
INFO: [ route_check ] --END-- [ RunTime:0.002928s ]
INFO: [ app_begin ] --START--
INFO: ReadHtmlCache Behavior ::run [ RunTime:0.001537s ]
INFO: [ app_begin ] --END-- [ RunTime:0.001621s ]
NOTIC: [8] Undefined index:  username E:\AppServ\www\My_Child\Admin\Lib\Action\LoginAction.class.php 第 8 行.
NOTIC: [8] Undefined index:  userpwd E:\AppServ\www\My_Child\Admin\Lib\Action\LoginAction.class.php 第 9 行.
SQL: SHOW COLUMNS FROM `tp_user` [ RunTime:0.008721s ]
SQL: SELECT * FROM `tp_user` WHERE ( `username` = null ) LIMIT 1   [ RunTime:0.001670s ]

[ 2014-11-22T10:19:41+08:00 ] 127.0.0.1 /My_Child/admin.php/Login
INFO: [ route_check ] --START--
INFO: CheckRoute Behavior ::run [ RunTime:0.001674s ]
INFO: [ route_check ] --END-- [ RunTime:0.001802s ]
INFO: [ app_begin ] --START--
INFO: ReadHtmlCache Behavior ::run [ RunTime:0.001632s ]
INFO: [ app_begin ] --END-- [ RunTime:0.001751s ]
ERR: 非法操作:index

[ 2014-11-22T10:19:48+08:00 ] 127.0.0.1 /My_Child/admin.php/Question/look
INFO: [ route_check ] --START--
INFO: CheckRoute Behavior ::run [ RunTime:0.001505s ]
INFO: [ route_check ] --END-- [ RunTime:0.001797s ]
INFO: [ app_begin ] --START--
INFO: ReadHtmlCache Behavior ::run [ RunTime:0.001023s ]
INFO: [ app_begin ] --END-- [ RunTime:0.001113s ]
SQL: SHOW COLUMNS FROM `tp_liangbiao` [ RunTime:0.002902s ]
SQL: SELECT `LB_title` FROM `tp_liangbiao` WHERE ( LB_LeiBie=0 )  [ RunTime:0.000890s ]
SQL: SELECT `LB_title` FROM `tp_liangbiao` WHERE ( LB_LeiBie=1 )  [ RunTime:0.000349s ]
SQL: SELECT `LB_title` FROM `tp_liangbiao` WHERE ( LB_LeiBie=2 )  [ RunTime:0.000342s ]

[ 2014-11-22T10:19:57+08:00 ] 127.0.0.1 /My_Child/admin.php/Question/look
INFO: [ route_check ] --START--
INFO: CheckRoute Behavior ::run [ RunTime:0.001178s ]
INFO: [ route_check ] --END-- [ RunTime:0.001328s ]
INFO: [ app_begin ] --START--
INFO: ReadHtmlCache Behavior ::run [ RunTime:0.000720s ]
INFO: [ app_begin ] --END-- [ RunTime:0.000823s ]
SQL: SHOW COLUMNS FROM `tp_liangbiao` [ RunTime:0.002469s ]
SQL: SELECT `LB_title` FROM `tp_liangbiao` WHERE ( LB_LeiBie=0 )  [ RunTime:0.001213s ]
SQL: SELECT `LB_title` FROM `tp_liangbiao` WHERE ( LB_LeiBie=1 )  [ RunTime:0.000177s ]
SQL: SELECT `LB_title` FROM `tp_liangbiao` WHERE ( LB_LeiBie=2 )  [ RunTime:0.000187s ]

[ 2014-11-22T10:21:07+08:00 ] 127.0.0.1 /My_Child/admin.php/Question/look
INFO: [ route_check ] --START--
INFO: CheckRoute Behavior ::run [ RunTime:0.003176s ]
INFO: [ route_check ] --END-- [ RunTime:0.003319s ]
INFO: [ app_begin ] --START--
INFO: ReadHtmlCache Behavior ::run [ RunTime:0.001628s ]
INFO: [ app_begin ] --END-- [ RunTime:0.001727s ]
SQL: SHOW COLUMNS FROM `tp_liangbiao` [ RunTime:0.002538s ]
SQL: SELECT `LB_title` FROM `tp_liangbiao` WHERE ( LB_LeiBie=0 )  [ RunTime:0.001074s ]
SQL: SELECT `LB_title` FROM `tp_liangbiao` WHERE ( LB_LeiBie=1 )  [ RunTime:0.000184s ]
SQL: SELECT `LB_title` FROM `tp_liangbiao` WHERE ( LB_LeiBie=2 )  [ RunTime:0.000162s ]
NOTIC: [8] Use of undefined constant JSON_UNESCAPED_UNICODE - assumed 'JSON_UNESCAPED_UNICODE' E:\AppServ\www\My_Child\Admin\Lib\Action\QuestionAction.class.php 第 34 行.
NOTIC: [2] json_encode() expects exactly 1 parameter, 2 given E:\AppServ\www\My_Child\Admin\Lib\Action\QuestionAction.class.php 第 34 行.

[ 2014-11-22T10:21:27+08:00 ] 127.0.0.1 /My_Child/admin.php/Question/look
INFO: [ route_check ] --START--
INFO: CheckRoute Behavior ::run [ RunTime:0.000787s ]
INFO: [ route_check ] --END-- [ RunTime:0.000885s ]
INFO: [ app_begin ] --START--
INFO: ReadHtmlCache Behavior ::run [ RunTime:0.000461s ]
INFO: [ app_begin ] --END-- [ RunTime:0.000526s ]
SQL: SHOW COLUMNS FROM `tp_liangbiao` [ RunTime:0.002729s ]
SQL: SELECT `LB_title` FROM `tp_liangbiao` WHERE ( LB_LeiBie=0 )  [ RunTime:0.000953s ]
SQL: SELECT `LB_title` FROM `tp_liangbiao` WHERE ( LB_LeiBie=1 )  [ RunTime:0.000197s ]
SQL: SELECT `LB_title` FROM `tp_liangbiao` WHERE ( LB_LeiBie=2 )  [ RunTime:0.000176s ]
NOTIC: [8] Use of undefined constant JSON_UNESCAPED_UNICODE - assumed 'JSON_UNESCAPED_UNICODE' E:\AppServ\www\My_Child\Admin\Lib\Action\QuestionAction.class.php 第 34 行.
NOTIC: [2] json_encode() expects exactly 1 parameter, 2 given E:\AppServ\www\My_Child\Admin\Lib\Action\QuestionAction.class.php 第 34 行.
NOTIC: [8] Use of undefined constant JSON_UNESCAPED_UNICODE - assumed 'JSON_UNESCAPED_UNICODE' E:\AppServ\www\My_Child\Admin\Lib\Action\QuestionAction.class.php 第 35 行.
NOTIC: [2] json_encode() expects exactly 1 parameter, 2 given E:\AppServ\www\My_Child\Admin\Lib\Action\QuestionAction.class.php 第 35 行.

[ 2014-11-22T10:21:34+08:00 ] 127.0.0.1 /My_Child/admin.php/Question/look
INFO: [ route_check ] --START--
INFO: CheckRoute Behavior ::run [ RunTime:0.001795s ]
INFO: [ route_check ] --END-- [ RunTime:0.001909s ]
INFO: [ app_begin ] --START--
INFO: ReadHtmlCache Behavior ::run [ RunTime:0.001557s ]
INFO: [ app_begin ] --END-- [ RunTime:0.001653s ]
SQL: SHOW COLUMNS FROM `tp_liangbiao` [ RunTime:0.002848s ]
SQL: SELECT `LB_title` FROM `tp_liangbiao` WHERE ( LB_LeiBie=0 )  [ RunTime:0.001190s ]
SQL: SELECT `LB_title` FROM `tp_liangbiao` WHERE ( LB_LeiBie=1 )  [ RunTime:0.000237s ]
SQL: SELECT `LB_title` FROM `tp_liangbiao` WHERE ( LB_LeiBie=2 )  [ RunTime:0.000184s ]
NOTIC: [8] Use of undefined constant JSON_UNESCAPED_UNICODE - assumed 'JSON_UNESCAPED_UNICODE' E:\AppServ\www\My_Child\Admin\Lib\Action\QuestionAction.class.php 第 34 行.
NOTIC: [2] json_encode() expects exactly 1 parameter, 2 given E:\AppServ\www\My_Child\Admin\Lib\Action\QuestionAction.class.php 第 34 行.
NOTIC: [8] Use of undefined constant JSON_UNESCAPED_UNICODE - assumed 'JSON_UNESCAPED_UNICODE' E:\AppServ\www\My_Child\Admin\Lib\Action\QuestionAction.class.php 第 35 行.
NOTIC: [2] json_encode() expects exactly 1 parameter, 2 given E:\AppServ\www\My_Child\Admin\Lib\Action\QuestionAction.class.php 第 35 行.

[ 2014-11-22T10:30:59+08:00 ] 127.0.0.1 /My_Child/admin.php/Question/look
INFO: [ route_check ] --START--
INFO: CheckRoute Behavior ::run [ RunTime:0.001834s ]
INFO: [ route_check ] --END-- [ RunTime:0.001975s ]
INFO: [ app_begin ] --START--
INFO: ReadHtmlCache Behavior ::run [ RunTime:0.001459s ]
INFO: [ app_begin ] --END-- [ RunTime:0.001550s ]
SQL: SHOW COLUMNS FROM `tp_liangbiao` [ RunTime:0.002876s ]
SQL: SELECT `LB_title` FROM `tp_liangbiao` WHERE ( LB_LeiBie=0 )  [ RunTime:0.001130s ]
SQL: SELECT `LB_title` FROM `tp_liangbiao` WHERE ( LB_LeiBie=1 )  [ RunTime:0.000222s ]
SQL: SELECT `LB_title` FROM `tp_liangbiao` WHERE ( LB_LeiBie=2 )  [ RunTime:0.000216s ]

[ 2014-11-22T10:31:21+08:00 ] 127.0.0.1 /My_Child/admin.php/Question/look
INFO: [ route_check ] --START--
INFO: CheckRoute Behavior ::run [ RunTime:0.001274s ]
INFO: [ route_check ] --END-- [ RunTime:0.001373s ]
INFO: [ app_begin ] --START--
INFO: ReadHtmlCache Behavior ::run [ RunTime:0.000965s ]
INFO: [ app_begin ] --END-- [ RunTime:0.001055s ]
SQL: SHOW COLUMNS FROM `tp_liangbiao` [ RunTime:0.002549s ]
SQL: SELECT `LB_title` FROM `tp_liangbiao` WHERE ( LB_LeiBie=0 )  [ RunTime:0.001243s ]
SQL: SELECT `LB_title` FROM `tp_liangbiao` WHERE ( LB_LeiBie=1 )  [ RunTime:0.000346s ]
SQL: SELECT `LB_title` FROM `tp_liangbiao` WHERE ( LB_LeiBie=2 )  [ RunTime:0.000213s ]

[ 2014-11-22T10:39:25+08:00 ] 127.0.0.1 /My_Child/admin.php/Question/look
INFO: [ route_check ] --START--
INFO: CheckRoute Behavior ::run [ RunTime:0.001718s ]
INFO: [ route_check ] --END-- [ RunTime:0.001834s ]
INFO: [ app_begin ] --START--
INFO: ReadHtmlCache Behavior ::run [ RunTime:0.001475s ]
INFO: [ app_begin ] --END-- [ RunTime:0.001570s ]
SQL: SHOW COLUMNS FROM `tp_liangbiao` [ RunTime:0.073056s ]
SQL: SELECT `LB_title` FROM `tp_liangbiao` WHERE ( LB_LeiBie=0 )  [ RunTime:0.001350s ]
SQL: SELECT `LB_title` FROM `tp_liangbiao` WHERE ( LB_LeiBie=1 )  [ RunTime:0.000216s ]
SQL: SELECT `LB_title` FROM `tp_liangbiao` WHERE ( LB_LeiBie=2 )  [ RunTime:0.000184s ]

[ 2014-11-22T10:40:12+08:00 ] 127.0.0.1 /My_Child/admin.php/Question/look
INFO: [ route_check ] --START--
INFO: CheckRoute Behavior ::run [ RunTime:0.001233s ]
INFO: [ route_check ] --END-- [ RunTime:0.001341s ]
INFO: [ app_begin ] --START--
INFO: ReadHtmlCache Behavior ::run [ RunTime:0.001021s ]
INFO: [ app_begin ] --END-- [ RunTime:0.001112s ]

[ 2014-11-22T10:42:27+08:00 ] 127.0.0.1 /My_Child/admin.php/Question/look
INFO: [ route_check ] --START--
INFO: CheckRoute Behavior ::run [ RunTime:0.001774s ]
INFO: [ route_check ] --END-- [ RunTime:0.001898s ]
INFO: [ app_begin ] --START--
INFO: ReadHtmlCache Behavior ::run [ RunTime:0.001466s ]
INFO: [ app_begin ] --END-- [ RunTime:0.001569s ]

[ 2014-11-22T10:42:50+08:00 ] 127.0.0.1 /My_Child/admin.php/Question/look
INFO: [ route_check ] --START--
INFO: CheckRoute Behavior ::run [ RunTime:0.001225s ]
INFO: [ route_check ] --END-- [ RunTime:0.001322s ]
INFO: [ app_begin ] --START--
INFO: ReadHtmlCache Behavior ::run [ RunTime:0.000988s ]
INFO: [ app_begin ] --END-- [ RunTime:0.001066s ]

[ 2014-11-22T10:43:35+08:00 ] 127.0.0.1 /My_Child/admin.php/Question/look
INFO: [ route_check ] --START--
INFO: CheckRoute Behavior ::run [ RunTime:0.001616s ]
INFO: [ route_check ] --END-- [ RunTime:0.001708s ]
INFO: [ app_begin ] --START--
INFO: ReadHtmlCache Behavior ::run [ RunTime:0.001535s ]
INFO: [ app_begin ] --END-- [ RunTime:0.001610s ]
SQL: SHOW COLUMNS FROM `tp_liangbiao` [ RunTime:0.002991s ]
SQL: SELECT `LB_title` FROM `tp_liangbiao` WHERE ( LB_LeiBie=0 )  [ RunTime:0.000806s ]
SQL: SELECT `LB_title` FROM `tp_liangbiao` WHERE ( LB_LeiBie=1 )  [ RunTime:0.000226s ]
SQL: SELECT `LB_title` FROM `tp_liangbiao` WHERE ( LB_LeiBie=2 )  [ RunTime:0.000194s ]

[ 2014-11-22T10:43:36+08:00 ] 127.0.0.1 /My_Child/admin.php/Question/look
INFO: [ route_check ] --START--
INFO: CheckRoute Behavior ::run [ RunTime:0.001967s ]
INFO: [ route_check ] --END-- [ RunTime:0.002084s ]
INFO: [ app_begin ] --START--
INFO: ReadHtmlCache Behavior ::run [ RunTime:0.001508s ]
INFO: [ app_begin ] --END-- [ RunTime:0.001593s ]
SQL: SHOW COLUMNS FROM `tp_liangbiao` [ RunTime:0.002796s ]
SQL: SELECT `LB_title` FROM `tp_liangbiao` WHERE ( LB_LeiBie=0 )  [ RunTime:0.000940s ]
SQL: SELECT `LB_title` FROM `tp_liangbiao` WHERE ( LB_LeiBie=1 )  [ RunTime:0.000205s ]
SQL: SELECT `LB_title` FROM `tp_liangbiao` WHERE ( LB_LeiBie=2 )  [ RunTime:0.000174s ]

[ 2014-11-22T10:43:37+08:00 ] 127.0.0.1 /My_Child/admin.php/Question/look
INFO: [ route_check ] --START--
INFO: CheckRoute Behavior ::run [ RunTime:0.002809s ]
INFO: [ route_check ] --END-- [ RunTime:0.002935s ]
INFO: [ app_begin ] --START--
INFO: ReadHtmlCache Behavior ::run [ RunTime:0.001565s ]
INFO: [ app_begin ] --END-- [ RunTime:0.001669s ]
SQL: SHOW COLUMNS FROM `tp_liangbiao` [ RunTime:0.002145s ]
SQL: SELECT `LB_title` FROM `tp_liangbiao` WHERE ( LB_LeiBie=0 )  [ RunTime:0.000548s ]
SQL: SELECT `LB_title` FROM `tp_liangbiao` WHERE ( LB_LeiBie=1 )  [ RunTime:0.000243s ]
SQL: SELECT `LB_title` FROM `tp_liangbiao` WHERE ( LB_LeiBie=2 )  [ RunTime:0.000175s ]

[ 2014-11-22T10:44:04+08:00 ] 127.0.0.1 /My_Child/admin.php/Question/look
INFO: [ route_check ] --START--
INFO: CheckRoute Behavior ::run [ RunTime:0.001124s ]
INFO: [ route_check ] --END-- [ RunTime:0.001291s ]
INFO: [ app_begin ] --START--
INFO: ReadHtmlCache Behavior ::run [ RunTime:0.000709s ]
INFO: [ app_begin ] --END-- [ RunTime:0.000809s ]
SQL: SHOW COLUMNS FROM `tp_liangbiao` [ RunTime:0.002053s ]
SQL: SELECT `LB_title` FROM `tp_liangbiao` WHERE ( LB_LeiBie=0 )  [ RunTime:0.000667s ]
SQL: SELECT `LB_title` FROM `tp_liangbiao` WHERE ( LB_LeiBie=1 )  [ RunTime:0.000228s ]
SQL: SELECT `LB_title` FROM `tp_liangbiao` WHERE ( LB_LeiBie=2 )  [ RunTime:0.000229s ]

[ 2014-11-22T10:44:06+08:00 ] 127.0.0.1 /My_Child/admin.php/Question/look
INFO: [ route_check ] --START--
INFO: CheckRoute Behavior ::run [ RunTime:0.000832s ]
INFO: [ route_check ] --END-- [ RunTime:0.000939s ]
INFO: [ app_begin ] --START--
INFO: ReadHtmlCache Behavior ::run [ RunTime:0.000557s ]
INFO: [ app_begin ] --END-- [ RunTime:0.000631s ]
SQL: SHOW COLUMNS FROM `tp_liangbiao` [ RunTime:0.002393s ]
SQL: SELECT `LB_title` FROM `tp_liangbiao` WHERE ( LB_LeiBie=0 )  [ RunTime:0.000353s ]
SQL: SELECT `LB_title` FROM `tp_liangbiao` WHERE ( LB_LeiBie=1 )  [ RunTime:0.000246s ]
SQL: SELECT `LB_title` FROM `tp_liangbiao` WHERE ( LB_LeiBie=2 )  [ RunTime:0.000226s ]

[ 2014-11-22T10:44:15+08:00 ] 127.0.0.1 /My_Child/admin.php/Question/look
INFO: [ route_check ] --START--
INFO: CheckRoute Behavior ::run [ RunTime:0.001721s ]
INFO: [ route_check ] --END-- [ RunTime:0.001831s ]
INFO: [ app_begin ] --START--
INFO: ReadHtmlCache Behavior ::run [ RunTime:0.001483s ]
INFO: [ app_begin ] --END-- [ RunTime:0.001564s ]
SQL: SHOW COLUMNS FROM `tp_liangbiao` [ RunTime:0.003577s ]
SQL: SELECT `LB_title` FROM `tp_liangbiao` WHERE ( LB_LeiBie=0 )  [ RunTime:0.000813s ]
SQL: SELECT `LB_title` FROM `tp_liangbiao` WHERE ( LB_LeiBie=1 )  [ RunTime:0.000933s ]
SQL: SELECT `LB_title` FROM `tp_liangbiao` WHERE ( LB_LeiBie=2 )  [ RunTime:0.000374s ]

[ 2014-11-22T10:47:00+08:00 ] 127.0.0.1 /My_Child/admin.php/Question/look
INFO: [ route_check ] --START--
INFO: CheckRoute Behavior ::run [ RunTime:0.001885s ]
INFO: [ route_check ] --END-- [ RunTime:0.002016s ]
INFO: [ app_begin ] --START--
INFO: ReadHtmlCache Behavior ::run [ RunTime:0.001392s ]
INFO: [ app_begin ] --END-- [ RunTime:0.001466s ]
SQL: SHOW COLUMNS FROM `tp_liangbiao` [ RunTime:0.002056s ]
SQL: SELECT `LB_title` FROM `tp_liangbiao` WHERE ( LB_LeiBie=0 )  [ RunTime:0.000813s ]
SQL: SELECT `LB_title` FROM `tp_liangbiao` WHERE ( LB_LeiBie=1 )  [ RunTime:0.000190s ]
SQL: SELECT `LB_title` FROM `tp_liangbiao` WHERE ( LB_LeiBie=2 )  [ RunTime:0.000161s ]

[ 2014-11-22T10:47:15+08:00 ] 127.0.0.1 /My_Child/admin.php/Question/look
INFO: [ route_check ] --START--
INFO: CheckRoute Behavior ::run [ RunTime:0.001291s ]
INFO: [ route_check ] --END-- [ RunTime:0.001395s ]
INFO: [ app_begin ] --START--
INFO: ReadHtmlCache Behavior ::run [ RunTime:0.001074s ]
INFO: [ app_begin ] --END-- [ RunTime:0.001186s ]
SQL: SHOW COLUMNS FROM `tp_liangbiao` [ RunTime:0.004700s ]
SQL: SELECT `LB_title` FROM `tp_liangbiao` WHERE ( LB_LeiBie=0 )  [ RunTime:0.000394s ]
SQL: SELECT `LB_title` FROM `tp_liangbiao` WHERE ( LB_LeiBie=1 )  [ RunTime:0.000279s ]
SQL: SELECT `LB_title` FROM `tp_liangbiao` WHERE ( LB_LeiBie=2 )  [ RunTime:0.000266s ]

[ 2014-11-22T10:47:16+08:00 ] 127.0.0.1 /My_Child/admin.php/Question/look
INFO: [ route_check ] --START--
INFO: CheckRoute Behavior ::run [ RunTime:0.000815s ]
INFO: [ route_check ] --END-- [ RunTime:0.000927s ]
INFO: [ app_begin ] --START--
INFO: ReadHtmlCache Behavior ::run [ RunTime:0.000565s ]
INFO: [ app_begin ] --END-- [ RunTime:0.000645s ]
SQL: SHOW COLUMNS FROM `tp_liangbiao` [ RunTime:0.004361s ]
SQL: SELECT `LB_title` FROM `tp_liangbiao` WHERE ( LB_LeiBie=0 )  [ RunTime:0.000566s ]
SQL: SELECT `LB_title` FROM `tp_liangbiao` WHERE ( LB_LeiBie=1 )  [ RunTime:0.000378s ]
SQL: SELECT `LB_title` FROM `tp_liangbiao` WHERE ( LB_LeiBie=2 )  [ RunTime:0.000215s ]

[ 2014-11-22T10:47:29+08:00 ] 127.0.0.1 /My_Child/admin.php/Question/look
INFO: [ route_check ] --START--
INFO: CheckRoute Behavior ::run [ RunTime:0.000809s ]
INFO: [ route_check ] --END-- [ RunTime:0.000913s ]
INFO: [ app_begin ] --START--
INFO: ReadHtmlCache Behavior ::run [ RunTime:0.000511s ]
INFO: [ app_begin ] --END-- [ RunTime:0.000591s ]
SQL: SHOW COLUMNS FROM `tp_liangbiao` [ RunTime:0.002351s ]
SQL: SELECT `LB_title` FROM `tp_liangbiao` WHERE ( LB_LeiBie=0 )  [ RunTime:0.000735s ]
SQL: SELECT `LB_title` FROM `tp_liangbiao` WHERE ( LB_LeiBie=1 )  [ RunTime:0.000224s ]
SQL: SELECT `LB_title` FROM `tp_liangbiao` WHERE ( LB_LeiBie=2 )  [ RunTime:0.000178s ]
NOTIC: [2] urlencode() expects parameter 1 to be string, array given E:\AppServ\www\My_Child\Admin\Lib\Action\QuestionAction.class.php 第 35 行.

[ 2014-11-22T10:47:38+08:00 ] 127.0.0.1 /My_Child/admin.php/Question/look
INFO: [ route_check ] --START--
INFO: CheckRoute Behavior ::run [ RunTime:0.002143s ]
INFO: [ route_check ] --END-- [ RunTime:0.002261s ]
INFO: [ app_begin ] --START--
INFO: ReadHtmlCache Behavior ::run [ RunTime:0.001050s ]
INFO: [ app_begin ] --END-- [ RunTime:0.001158s ]
SQL: SHOW COLUMNS FROM `tp_liangbiao` [ RunTime:0.003158s ]
SQL: SELECT `LB_title` FROM `tp_liangbiao` WHERE ( LB_LeiBie=0 )  [ RunTime:0.000862s ]
SQL: SELECT `LB_title` FROM `tp_liangbiao` WHERE ( LB_LeiBie=1 )  [ RunTime:0.000305s ]
SQL: SELECT `LB_title` FROM `tp_liangbiao` WHERE ( LB_LeiBie=2 )  [ RunTime:0.000203s ]
NOTIC: [8] Undefined offset:  1 E:\AppServ\www\My_Child\Admin\Lib\Action\QuestionAction.class.php 第 35 行.

[ 2014-11-22T10:47:40+08:00 ] 127.0.0.1 /My_Child/admin.php/Question/look
INFO: [ route_check ] --START--
INFO: CheckRoute Behavior ::run [ RunTime:0.000814s ]
INFO: [ route_check ] --END-- [ RunTime:0.000924s ]
INFO: [ app_begin ] --START--
INFO: ReadHtmlCache Behavior ::run [ RunTime:0.000481s ]
INFO: [ app_begin ] --END-- [ RunTime:0.000548s ]
SQL: SHOW COLUMNS FROM `tp_liangbiao` [ RunTime:0.004413s ]
SQL: SELECT `LB_title` FROM `tp_liangbiao` WHERE ( LB_LeiBie=0 )  [ RunTime:0.000381s ]
SQL: SELECT `LB_title` FROM `tp_liangbiao` WHERE ( LB_LeiBie=1 )  [ RunTime:0.000269s ]
SQL: SELECT `LB_title` FROM `tp_liangbiao` WHERE ( LB_LeiBie=2 )  [ RunTime:0.000244s ]
NOTIC: [8] Undefined offset:  1 E:\AppServ\www\My_Child\Admin\Lib\Action\QuestionAction.class.php 第 35 行.

[ 2014-11-22T10:48:04+08:00 ] 127.0.0.1 /My_Child/admin.php/Question/look
INFO: [ route_check ] --START--
INFO: CheckRoute Behavior ::run [ RunTime:0.000982s ]
INFO: [ route_check ] --END-- [ RunTime:0.001117s ]
INFO: [ app_begin ] --START--
INFO: ReadHtmlCache Behavior ::run [ RunTime:0.000532s ]
INFO: [ app_begin ] --END-- [ RunTime:0.000609s ]
SQL: SHOW COLUMNS FROM `tp_liangbiao` [ RunTime:0.002134s ]
SQL: SELECT `LB_title` FROM `tp_liangbiao` WHERE ( LB_LeiBie=0 )  [ RunTime:0.001289s ]
SQL: SELECT `LB_title` FROM `tp_liangbiao` WHERE ( LB_LeiBie=1 )  [ RunTime:0.000357s ]
SQL: SELECT `LB_title` FROM `tp_liangbiao` WHERE ( LB_LeiBie=2 )  [ RunTime:0.000390s ]

[ 2014-11-22T10:48:35+08:00 ] 127.0.0.1 /My_Child/admin.php/Question/look
INFO: [ route_check ] --START--
INFO: CheckRoute Behavior ::run [ RunTime:0.000793s ]
INFO: [ route_check ] --END-- [ RunTime:0.000897s ]
INFO: [ app_begin ] --START--
INFO: ReadHtmlCache Behavior ::run [ RunTime:0.000543s ]
INFO: [ app_begin ] --END-- [ RunTime:0.000619s ]
SQL: SHOW COLUMNS FROM `tp_liangbiao` [ RunTime:0.002695s ]
SQL: SELECT `LB_title` FROM `tp_liangbiao` WHERE ( LB_LeiBie=0 )  [ RunTime:0.000348s ]
SQL: SELECT `LB_title` FROM `tp_liangbiao` WHERE ( LB_LeiBie=1 )  [ RunTime:0.000284s ]
SQL: SELECT `LB_title` FROM `tp_liangbiao` WHERE ( LB_LeiBie=2 )  [ RunTime:0.000176s ]

[ 2014-11-22T10:48:43+08:00 ] 127.0.0.1 /My_Child/admin.php/Question/look
INFO: [ route_check ] --START--
INFO: CheckRoute Behavior ::run [ RunTime:0.003137s ]
INFO: [ route_check ] --END-- [ RunTime:0.003324s ]
INFO: [ app_begin ] --START--
INFO: ReadHtmlCache Behavior ::run [ RunTime:0.001643s ]
INFO: [ app_begin ] --END-- [ RunTime:0.001765s ]
SQL: SHOW COLUMNS FROM `tp_liangbiao` [ RunTime:0.002144s ]
SQL: SELECT `LB_title` FROM `tp_liangbiao` WHERE ( LB_LeiBie=0 )  [ RunTime:0.001026s ]
SQL: SELECT `LB_title` FROM `tp_liangbiao` WHERE ( LB_LeiBie=1 )  [ RunTime:0.000195s ]
SQL: SELECT `LB_title` FROM `tp_liangbiao` WHERE ( LB_LeiBie=2 )  [ RunTime:0.000207s ]
NOTIC: [8] Use of undefined constant LB_title - assumed 'LB_title' E:\AppServ\www\My_Child\Admin\Lib\Action\QuestionAction.class.php 第 36 行.

[ 2014-11-22T11:12:54+08:00 ] 127.0.0.1 /My_Child/admin.php/Login
INFO: [ route_check ] --START--
INFO: CheckRoute Behavior ::run [ RunTime:0.000881s ]
INFO: [ route_check ] --END-- [ RunTime:0.001031s ]
INFO: [ app_begin ] --START--
INFO: ReadHtmlCache Behavior ::run [ RunTime:0.000807s ]
INFO: [ app_begin ] --END-- [ RunTime:0.000903s ]
ERR: 非法操作:index

[ 2014-11-22T11:13:54+08:00 ] 127.0.0.1 /My_Child/admin.php/Question/look
INFO: [ route_check ] --START--
INFO: CheckRoute Behavior ::run [ RunTime:0.001222s ]
INFO: [ route_check ] --END-- [ RunTime:0.001332s ]
INFO: [ app_begin ] --START--
INFO: ReadHtmlCache Behavior ::run [ RunTime:0.000936s ]
INFO: [ app_begin ] --END-- [ RunTime:0.001004s ]

[ 2014-11-22T11:21:29+08:00 ] 127.0.0.1 /My_Child/admin.php/Login/dologin
INFO: [ route_check ] --START--
INFO: CheckRoute Behavior ::run [ RunTime:0.002223s ]
INFO: [ route_check ] --END-- [ RunTime:0.002856s ]
INFO: [ app_begin ] --START--
INFO: ReadHtmlCache Behavior ::run [ RunTime:0.003396s ]
INFO: [ app_begin ] --END-- [ RunTime:0.003837s ]
NOTIC: [8] Undefined index: username E:\AppServ\www\My_Child\Admin\Lib\Action\LoginAction.class.php 第 8 行.
NOTIC: [8] Undefined index: userpwd E:\AppServ\www\My_Child\Admin\Lib\Action\LoginAction.class.php 第 9 行.

[ 2014-11-22T11:23:29+08:00 ] 127.0.0.1 /My_Child/admin.php/Login/doLogin/doLogin
INFO: [ route_check ] --START--
INFO: CheckRoute Behavior ::run [ RunTime:0.001664s ]
INFO: [ route_check ] --END-- [ RunTime:0.001775s ]
INFO: [ app_begin ] --START--
INFO: ReadHtmlCache Behavior ::run [ RunTime:0.001554s ]
INFO: [ app_begin ] --END-- [ RunTime:0.001628s ]
NOTIC: [8] Undefined index: username E:\AppServ\www\My_Child\Admin\Lib\Action\LoginAction.class.php 第 8 行.
NOTIC: [8] Undefined index: userpwd E:\AppServ\www\My_Child\Admin\Lib\Action\LoginAction.class.php 第 9 行.

[ 2014-11-22T11:23:29+08:00 ] 127.0.0.1 /My_Child/admin.php
INFO: [ app_begin ] --START--
INFO: ReadHtmlCache Behavior ::run [ RunTime:0.000968s ]
INFO: [ app_begin ] --END-- [ RunTime:0.001060s ]

[ 2014-11-22T11:34:14+08:00 ] 127.0.0.1 /My_Child/admin.php/Question/look
INFO: [ route_check ] --START--
INFO: CheckRoute Behavior ::run [ RunTime:0.001727s ]
INFO: [ route_check ] --END-- [ RunTime:0.001841s ]
INFO: [ app_begin ] --START--
INFO: ReadHtmlCache Behavior ::run [ RunTime:0.001674s ]
INFO: [ app_begin ] --END-- [ RunTime:0.001790s ]
SQL: SHOW COLUMNS FROM `tp_liangbiao` [ RunTime:0.002508s ]
SQL: SELECT `LB_title` FROM `tp_liangbiao` WHERE ( LB_LeiBie=0 )  [ RunTime:0.000371s ]
SQL: SELECT `LB_title` FROM `tp_liangbiao` WHERE ( LB_LeiBie=1 )  [ RunTime:0.000188s ]
SQL: SELECT `LB_title` FROM `tp_liangbiao` WHERE ( LB_LeiBie=2 )  [ RunTime:0.000174s ]
NOTIC: [8] Use of undefined constant LB_title - assumed 'LB_title' E:\AppServ\www\My_Child\Admin\Lib\Action\QuestionAction.class.php 第 36 行.

[ 2014-11-22T11:34:35+08:00 ] 127.0.0.1 /My_Child/admin.php/Login/doLogin
INFO: [ route_check ] --START--
INFO: CheckRoute Behavior ::run [ RunTime:0.001927s ]
INFO: [ route_check ] --END-- [ RunTime:0.002100s ]
INFO: [ app_begin ] --START--
INFO: ReadHtmlCache Behavior ::run [ RunTime:0.001563s ]
INFO: [ app_begin ] --END-- [ RunTime:0.001698s ]
NOTIC: [8] Undefined index: username E:\AppServ\www\My_Child\Admin\Lib\Action\LoginAction.class.php 第 8 行.
NOTIC: [8] Undefined index: userpwd E:\AppServ\www\My_Child\Admin\Lib\Action\LoginAction.class.php 第 9 行.
SQL: SHOW COLUMNS FROM `tp_user` [ RunTime:0.002243s ]
SQL: SELECT * FROM `tp_user` WHERE ( `username` = null ) LIMIT 1   [ RunTime:0.000482s ]

[ 2014-11-22T11:52:36+08:00 ] 127.0.0.1 /My_Child/admin.php/Login/doLogin
INFO: [ route_check ] --START--
INFO: CheckRoute Behavior ::run [ RunTime:0.001730s ]
INFO: [ route_check ] --END-- [ RunTime:0.001824s ]
INFO: [ app_begin ] --START--
INFO: ReadHtmlCache Behavior ::run [ RunTime:0.001306s ]
INFO: [ app_begin ] --END-- [ RunTime:0.001388s ]
NOTIC: [8] Undefined index:  username E:\AppServ\www\My_Child\Admin\Lib\Action\LoginAction.class.php 第 8 行.
NOTIC: [8] Undefined index:  userpwd E:\AppServ\www\My_Child\Admin\Lib\Action\LoginAction.class.php 第 9 行.
NOTIC: [2] mysql_connect() [<a href='function.mysql-connect'>function.mysql-connect</a>]: Can't connect to MySQL server on 'localhost' (10061) E:\AppServ\www\My_Child\ThinkPHP\Lib\Driver\Db\DbMysql.class.php 第 55 行.
ERR: Can't connect to MySQL server on 'localhost' (10061)

[ 2014-11-22T12:06:24+08:00 ] 127.0.0.1 /My_Child/admin.php/Login/doLogin
INFO: [ route_check ] --START--
INFO: CheckRoute Behavior ::run [ RunTime:0.001897s ]
INFO: [ route_check ] --END-- [ RunTime:0.002056s ]
INFO: [ app_begin ] --START--
INFO: ReadHtmlCache Behavior ::run [ RunTime:0.001508s ]
INFO: [ app_begin ] --END-- [ RunTime:0.001648s ]
NOTIC: [8] Undefined index:  username E:\AppServ\www\My_Child\Admin\Lib\Action\LoginAction.class.php 第 8 行.
NOTIC: [8] Undefined index:  userpwd E:\AppServ\www\My_Child\Admin\Lib\Action\LoginAction.class.php 第 9 行.
NOTIC: [2] mysql_connect() [<a href='function.mysql-connect'>function.mysql-connect</a>]: Access denied for user 'root'@'localhost' (using password: YES) E:\AppServ\www\My_Child\ThinkPHP\Lib\Driver\Db\DbMysql.class.php 第 55 行.
ERR: Access denied for user 'root'@'localhost' (using password: YES)

[ 2014-11-22T12:44:08+08:00 ] 127.0.0.1 /My_Child/admin.php/Login/doLogin
INFO: [ route_check ] --START--
INFO: CheckRoute Behavior ::run [ RunTime:0.001931s ]
INFO: [ route_check ] --END-- [ RunTime:0.002045s ]
INFO: [ app_begin ] --START--
INFO: ReadHtmlCache Behavior ::run [ RunTime:0.002240s ]
INFO: [ app_begin ] --END-- [ RunTime:0.002362s ]
NOTIC: [8] Undefined index:  username E:\AppServ\www\My_Child\Admin\Lib\Action\LoginAction.class.php 第 8 行.
NOTIC: [8] Undefined index:  userpwd E:\AppServ\www\My_Child\Admin\Lib\Action\LoginAction.class.php 第 9 行.
NOTIC: [2] mysql_connect() [<a href='function.mysql-connect'>function.mysql-connect</a>]: Access denied for user 'root'@'localhost' (using password: YES) E:\AppServ\www\My_Child\ThinkPHP\Lib\Driver\Db\DbMysql.class.php 第 55 行.
ERR: Access denied for user 'root'@'localhost' (using password: YES)

[ 2014-11-22T15:59:53+08:00 ] 127.0.0.1 /My_Child/admin.php/Login/doLogin
INFO: [ route_check ] --START--
INFO: CheckRoute Behavior ::run [ RunTime:0.002433s ]
INFO: [ route_check ] --END-- [ RunTime:0.002896s ]
INFO: [ app_begin ] --START--
INFO: ReadHtmlCache Behavior ::run [ RunTime:0.001591s ]
INFO: [ app_begin ] --END-- [ RunTime:0.001724s ]
NOTIC: [8] Undefined index:  username E:\AppServ\www\My_Child\Admin\Lib\Action\LoginAction.class.php 第 8 行.
NOTIC: [8] Undefined index:  userpwd E:\AppServ\www\My_Child\Admin\Lib\Action\LoginAction.class.php 第 9 行.
NOTIC: [2] mysql_connect() [<a href='function.mysql-connect'>function.mysql-connect</a>]: Access denied for user 'root'@'localhost' (using password: YES) E:\AppServ\www\My_Child\ThinkPHP\Lib\Driver\Db\DbMysql.class.php 第 55 行.
ERR: Access denied for user 'root'@'localhost' (using password: YES)

[ 2014-11-22T16:00:27+08:00 ] 127.0.0.1 /My_Child/admin.php/Login/doLogin
INFO: [ route_check ] --START--
INFO: CheckRoute Behavior ::run [ RunTime:0.001328s ]
INFO: [ route_check ] --END-- [ RunTime:0.001427s ]
INFO: [ app_begin ] --START--
INFO: ReadHtmlCache Behavior ::run [ RunTime:0.000991s ]
INFO: [ app_begin ] --END-- [ RunTime:0.001063s ]
NOTIC: [8] Undefined index:  username E:\AppServ\www\My_Child\Admin\Lib\Action\LoginAction.class.php 第 8 行.
NOTIC: [8] Undefined index:  userpwd E:\AppServ\www\My_Child\Admin\Lib\Action\LoginAction.class.php 第 9 行.
SQL: SHOW COLUMNS FROM `tp_user` [ RunTime:0.009760s ]
SQL: SELECT * FROM `tp_user` WHERE ( `username` = null ) LIMIT 1   [ RunTime:0.000563s ]

[ 2014-11-22T16:00:33+08:00 ] 127.0.0.1 /My_Child/admin.php/Question/look
INFO: [ route_check ] --START--
INFO: CheckRoute Behavior ::run [ RunTime:0.001495s ]
INFO: [ route_check ] --END-- [ RunTime:0.001680s ]
INFO: [ app_begin ] --START--
INFO: ReadHtmlCache Behavior ::run [ RunTime:0.001002s ]
INFO: [ app_begin ] --END-- [ RunTime:0.001178s ]
SQL: SHOW COLUMNS FROM `tp_liangbiao` [ RunTime:0.006447s ]
SQL: SELECT `LB_title` FROM `tp_liangbiao` WHERE ( LB_LeiBie=0 )  [ RunTime:0.001071s ]
SQL: SELECT `LB_title` FROM `tp_liangbiao` WHERE ( LB_LeiBie=1 )  [ RunTime:0.000256s ]
SQL: SELECT `LB_title` FROM `tp_liangbiao` WHERE ( LB_LeiBie=2 )  [ RunTime:0.000189s ]
NOTIC: [2] urlencode() expects parameter 1 to be string, array given E:\AppServ\www\My_Child\Admin\Lib\Action\QuestionAction.class.php 第 37 行.

[ 2014-11-22T16:00:56+08:00 ] 127.0.0.1 /My_Child/admin.php/Question/look
INFO: [ route_check ] --START--
INFO: CheckRoute Behavior ::run [ RunTime:0.001145s ]
INFO: [ route_check ] --END-- [ RunTime:0.001302s ]
INFO: [ app_begin ] --START--
INFO: ReadHtmlCache Behavior ::run [ RunTime:0.000791s ]
INFO: [ app_begin ] --END-- [ RunTime:0.000908s ]
SQL: SHOW COLUMNS FROM `tp_liangbiao` [ RunTime:0.002772s ]
SQL: SELECT `LB_title` FROM `tp_liangbiao` WHERE ( LB_LeiBie=0 )  [ RunTime:0.000975s ]
SQL: SELECT `LB_title` FROM `tp_liangbiao` WHERE ( LB_LeiBie=1 )  [ RunTime:0.000249s ]
SQL: SELECT `LB_title` FROM `tp_liangbiao` WHERE ( LB_LeiBie=2 )  [ RunTime:0.000234s ]

[ 2014-11-22T16:04:02+08:00 ] 127.0.0.1 /My_Child/admin.php/Question/look
INFO: [ route_check ] --START--
INFO: CheckRoute Behavior ::run [ RunTime:0.001313s ]
INFO: [ route_check ] --END-- [ RunTime:0.001421s ]
INFO: [ app_begin ] --START--
INFO: ReadHtmlCache Behavior ::run [ RunTime:0.001021s ]
INFO: [ app_begin ] --END-- [ RunTime:0.001107s ]
SQL: SHOW COLUMNS FROM `tp_liangbiao` [ RunTime:0.002997s ]
SQL: SELECT `LB_title` FROM `tp_liangbiao` WHERE ( LB_LeiBie=0 )  [ RunTime:0.000938s ]
SQL: SELECT `LB_title` FROM `tp_liangbiao` WHERE ( LB_LeiBie=1 )  [ RunTime:0.000298s ]
SQL: SELECT `LB_title` FROM `tp_liangbiao` WHERE ( LB_LeiBie=2 )  [ RunTime:0.000344s ]

[ 2014-11-22T16:06:26+08:00 ] 127.0.0.1 /My_Child/admin.php/Question/look
INFO: [ route_check ] --START--
INFO: CheckRoute Behavior ::run [ RunTime:0.001449s ]
INFO: [ route_check ] --END-- [ RunTime:0.001557s ]
INFO: [ app_begin ] --START--
INFO: ReadHtmlCache Behavior ::run [ RunTime:0.001126s ]
INFO: [ app_begin ] --END-- [ RunTime:0.001205s ]
SQL: SHOW COLUMNS FROM `tp_liangbiao` [ RunTime:0.002435s ]
SQL: SELECT `LB_title` FROM `tp_liangbiao` WHERE ( LB_LeiBie=0 )  [ RunTime:0.000855s ]
SQL: SELECT `LB_title` FROM `tp_liangbiao` WHERE ( LB_LeiBie=1 )  [ RunTime:0.001253s ]
SQL: SELECT `LB_title` FROM `tp_liangbiao` WHERE ( LB_LeiBie=2 )  [ RunTime:0.000462s ]
NOTIC: [2] Invalid argument supplied for foreach() E:\AppServ\www\My_Child\Admin\Lib\Action\QuestionAction.class.php 第 44 行.

[ 2014-11-22T16:07:01+08:00 ] 127.0.0.1 /My_Child/admin.php/Question/look
INFO: [ route_check ] --START--
INFO: CheckRoute Behavior ::run [ RunTime:0.000779s ]
INFO: [ route_check ] --END-- [ RunTime:0.000903s ]
INFO: [ app_begin ] --START--
INFO: ReadHtmlCache Behavior ::run [ RunTime:0.000522s ]
INFO: [ app_begin ] --END-- [ RunTime:0.000594s ]
SQL: SHOW COLUMNS FROM `tp_liangbiao` [ RunTime:0.002162s ]
SQL: SELECT `LB_title` FROM `tp_liangbiao` WHERE ( LB_LeiBie=0 )  [ RunTime:0.000557s ]
SQL: SELECT `LB_title` FROM `tp_liangbiao` WHERE ( LB_LeiBie=1 )  [ RunTime:0.000188s ]
SQL: SELECT `LB_title` FROM `tp_liangbiao` WHERE ( LB_LeiBie=2 )  [ RunTime:0.000218s ]
NOTIC: [2] Invalid argument supplied for foreach() E:\AppServ\www\My_Child\Admin\Lib\Action\QuestionAction.class.php 第 44 行.

